[2.296s] Invoking command in '/home/sunrise/ros2_ws/build/ydlidar': CMAKE_PREFIX_PATH=${CMAKE_PREFIX_PATH}:/home/sunrise/ros2_ws/install/nav2_simple_commander:/home/sunrise/ros2_ws/install/fishbot_description:/opt/ros/humble /usr/bin/cmake --build /home/sunrise/ros2_ws/build/ydlidar -- -j8 -l8
[2.586s] [ 18%] Built target ydlidar_client
[2.604s] [100%] Built target ydlidar_node
[2.665s] Invoked command in '/home/sunrise/ros2_ws/build/ydlidar' returned '0': CMAKE_PREFIX_PATH=${CMAKE_PREFIX_PATH}:/home/sunrise/ros2_ws/install/nav2_simple_commander:/home/sunrise/ros2_ws/install/fishbot_description:/opt/ros/humble /usr/bin/cmake --build /home/sunrise/ros2_ws/build/ydlidar -- -j8 -l8
[2.673s] Invoking command in '/home/sunrise/ros2_ws/build/ydlidar': CMAKE_PREFIX_PATH=${CMAKE_PREFIX_PATH}:/home/sunrise/ros2_ws/install/nav2_simple_commander:/home/sunrise/ros2_ws/install/fishbot_description:/opt/ros/humble /usr/bin/cmake --install /home/sunrise/ros2_ws/build/ydlidar
[2.715s] -- Install configuration: ""
[2.716s] -- Up-to-date: /home/sunrise/ros2_ws/install/ydlidar/lib/ydlidar/ydlidar_node
[2.717s] -- Up-to-date: /home/sunrise/ros2_ws/install/ydlidar/lib/ydlidar/ydlidar_client
[2.718s] -- Up-to-date: /home/sunrise/ros2_ws/install/ydlidar/share/ydlidar/launch
[2.718s] -- Up-to-date: /home/sunrise/ros2_ws/install/ydlidar/share/ydlidar/launch/ydlidar_launch.py
[2.719s] -- Up-to-date: /home/sunrise/ros2_ws/install/ydlidar/share/ydlidar/launch/ydlidar.py
[2.720s] -- Up-to-date: /home/sunrise/ros2_ws/install/ydlidar/share/ydlidar/params
[2.721s] -- Up-to-date: /home/sunrise/ros2_ws/install/ydlidar/share/ydlidar/params/ydlidar.yaml
[2.721s] -- Up-to-date: /home/sunrise/ros2_ws/install/ydlidar/share/ydlidar/startup
[2.722s] -- Up-to-date: /home/sunrise/ros2_ws/install/ydlidar/share/ydlidar/startup/initenv.sh
[2.722s] -- Up-to-date: /home/sunrise/ros2_ws/install/ydlidar/share/ament_index/resource_index/package_run_dependencies/ydlidar
[2.723s] -- Up-to-date: /home/sunrise/ros2_ws/install/ydlidar/share/ament_index/resource_index/parent_prefix_path/ydlidar
[2.724s] -- Up-to-date: /home/sunrise/ros2_ws/install/ydlidar/share/ydlidar/environment/ament_prefix_path.sh
[2.724s] -- Up-to-date: /home/sunrise/ros2_ws/install/ydlidar/share/ydlidar/environment/ament_prefix_path.dsv
[2.726s] -- Up-to-date: /home/sunrise/ros2_ws/install/ydlidar/share/ydlidar/environment/path.sh
[2.727s] -- Up-to-date: /home/sunrise/ros2_ws/install/ydlidar/share/ydlidar/environment/path.dsv
[2.729s] -- Up-to-date: /home/sunrise/ros2_ws/install/ydlidar/share/ydlidar/local_setup.bash
[2.734s] -- Up-to-date: /home/sunrise/ros2_ws/install/ydlidar/share/ydlidar/local_setup.sh
[2.737s] -- Up-to-date: /home/sunrise/ros2_ws/install/ydlidar/share/ydlidar/local_setup.zsh
[2.738s] -- Up-to-date: /home/sunrise/ros2_ws/install/ydlidar/share/ydlidar/local_setup.dsv
[2.740s] -- Installing: /home/sunrise/ros2_ws/install/ydlidar/share/ydlidar/package.dsv
[2.741s] -- Up-to-date: /home/sunrise/ros2_ws/install/ydlidar/share/ament_index/resource_index/packages/ydlidar
[2.742s] -- Up-to-date: /home/sunrise/ros2_ws/install/ydlidar/share/ydlidar/cmake/ydlidarConfig.cmake
[2.744s] -- Up-to-date: /home/sunrise/ros2_ws/install/ydlidar/share/ydlidar/cmake/ydlidarConfig-version.cmake
[2.746s] -- Up-to-date: /home/sunrise/ros2_ws/install/ydlidar/share/ydlidar/package.xml
[2.748s] Invoked command in '/home/sunrise/ros2_ws/build/ydlidar' returned '0': CMAKE_PREFIX_PATH=${CMAKE_PREFIX_PATH}:/home/sunrise/ros2_ws/install/nav2_simple_commander:/home/sunrise/ros2_ws/install/fishbot_description:/opt/ros/humble /usr/bin/cmake --install /home/sunrise/ros2_ws/build/ydlidar
