[0.622s] DEBUG:colcon:Command line arguments: ['/usr/bin/colcon', 'build']
[0.623s] DEBUG:colcon:Parsed command line arguments: Namespace(log_base=None, log_level=None, verb_name='build', build_base='build', install_base='install', merge_install=False, symlink_install=False, test_result_base=None, continue_on_error=False, executor='parallel', parallel_workers=8, event_handlers=None, ignore_user_meta=False, metas=['./colcon.meta'], base_paths=['.'], packages_ignore=None, packages_ignore_regex=None, paths=None, packages_up_to=None, packages_up_to_regex=None, packages_above=None, packages_above_and_dependencies=None, packages_above_depth=None, packages_select_by_dep=None, packages_skip_by_dep=None, packages_skip_up_to=None, packages_select_build_failed=False, packages_skip_build_finished=False, packages_select_test_failures=False, packages_skip_test_passed=False, packages_select=None, packages_skip=None, packages_select_regex=None, packages_skip_regex=None, packages_start=None, packages_end=None, allow_overriding=[], cmake_args=None, cmake_target=None, cmake_target_skip_unavailable=False, cmake_clean_cache=False, cmake_clean_first=False, cmake_force_configure=False, ament_cmake_args=None, catkin_cmake_args=None, catkin_skip_building_tests=False, verb_parser=<colcon_defaults.argument_parser.defaults.DefaultArgumentsDecorator object at 0xffff8e395bd0>, verb_extension=<colcon_core.verb.build.BuildVerb object at 0xffff8e395720>, main=<bound method BuildVerb.main of <colcon_core.verb.build.BuildVerb object at 0xffff8e395720>>)
[1.761s] Level 1:colcon.colcon_core.package_discovery:discover_packages(colcon_meta) check parameters
[1.762s] Level 1:colcon.colcon_core.package_discovery:discover_packages(recursive) check parameters
[1.762s] Level 1:colcon.colcon_core.package_discovery:discover_packages(ignore) check parameters
[1.763s] Level 1:colcon.colcon_core.package_discovery:discover_packages(path) check parameters
[1.763s] Level 1:colcon.colcon_core.package_discovery:discover_packages(colcon_meta) discover
[1.763s] Level 1:colcon.colcon_core.package_discovery:discover_packages(recursive) discover
[1.763s] INFO:colcon.colcon_core.package_discovery:Crawling recursively for packages in '/home/sunrise/ros2_ws'
[1.764s] Level 1:colcon.colcon_core.package_identification:_identify(.) by extensions ['ignore', 'ignore_ament_install']
[1.764s] Level 1:colcon.colcon_core.package_identification:_identify(.) by extension 'ignore'
[1.765s] Level 1:colcon.colcon_core.package_identification:_identify(.) by extension 'ignore_ament_install'
[1.765s] Level 1:colcon.colcon_core.package_identification:_identify(.) by extensions ['colcon_pkg']
[1.765s] Level 1:colcon.colcon_core.package_identification:_identify(.) by extension 'colcon_pkg'
[1.765s] Level 1:colcon.colcon_core.package_identification:_identify(.) by extensions ['colcon_meta']
[1.765s] Level 1:colcon.colcon_core.package_identification:_identify(.) by extension 'colcon_meta'
[1.766s] Level 1:colcon.colcon_core.package_identification:_identify(.) by extensions ['ros']
[1.766s] Level 1:colcon.colcon_core.package_identification:_identify(.) by extension 'ros'
[1.828s] Level 1:colcon.colcon_core.package_identification:_identify(.) by extensions ['cmake', 'python']
[1.829s] Level 1:colcon.colcon_core.package_identification:_identify(.) by extension 'cmake'
[1.829s] Level 1:colcon.colcon_core.package_identification:_identify(.) by extension 'python'
[1.829s] Level 1:colcon.colcon_core.package_identification:_identify(.) by extensions ['python_setup_py']
[1.830s] Level 1:colcon.colcon_core.package_identification:_identify(.) by extension 'python_setup_py'
[1.830s] Level 1:colcon.colcon_core.package_identification:_identify(build) by extensions ['ignore', 'ignore_ament_install']
[1.831s] Level 1:colcon.colcon_core.package_identification:_identify(build) by extension 'ignore'
[1.831s] Level 1:colcon.colcon_core.package_identification:_identify(build) ignored
[1.832s] Level 1:colcon.colcon_core.package_identification:_identify(install) by extensions ['ignore', 'ignore_ament_install']
[1.832s] Level 1:colcon.colcon_core.package_identification:_identify(install) by extension 'ignore'
[1.832s] Level 1:colcon.colcon_core.package_identification:_identify(install) ignored
[1.833s] Level 1:colcon.colcon_core.package_identification:_identify(log) by extensions ['ignore', 'ignore_ament_install']
[1.833s] Level 1:colcon.colcon_core.package_identification:_identify(log) by extension 'ignore'
[1.833s] Level 1:colcon.colcon_core.package_identification:_identify(log) ignored
[1.834s] Level 1:colcon.colcon_core.package_identification:_identify(src) by extensions ['ignore', 'ignore_ament_install']
[1.834s] Level 1:colcon.colcon_core.package_identification:_identify(src) by extension 'ignore'
[1.834s] Level 1:colcon.colcon_core.package_identification:_identify(src) by extension 'ignore_ament_install'
[1.835s] Level 1:colcon.colcon_core.package_identification:_identify(src) by extensions ['colcon_pkg']
[1.835s] Level 1:colcon.colcon_core.package_identification:_identify(src) by extension 'colcon_pkg'
[1.835s] Level 1:colcon.colcon_core.package_identification:_identify(src) by extensions ['colcon_meta']
[1.835s] Level 1:colcon.colcon_core.package_identification:_identify(src) by extension 'colcon_meta'
[1.836s] Level 1:colcon.colcon_core.package_identification:_identify(src) by extensions ['ros']
[1.836s] Level 1:colcon.colcon_core.package_identification:_identify(src) by extension 'ros'
[1.836s] Level 1:colcon.colcon_core.package_identification:_identify(src) by extensions ['cmake', 'python']
[1.836s] Level 1:colcon.colcon_core.package_identification:_identify(src) by extension 'cmake'
[1.837s] Level 1:colcon.colcon_core.package_identification:_identify(src) by extension 'python'
[1.837s] Level 1:colcon.colcon_core.package_identification:_identify(src) by extensions ['python_setup_py']
[1.837s] Level 1:colcon.colcon_core.package_identification:_identify(src) by extension 'python_setup_py'
[1.838s] Level 1:colcon.colcon_core.package_identification:_identify(src/Micro-XRCE-DDS-Agent) by extensions ['ignore', 'ignore_ament_install']
[1.838s] Level 1:colcon.colcon_core.package_identification:_identify(src/Micro-XRCE-DDS-Agent) by extension 'ignore'
[1.838s] Level 1:colcon.colcon_core.package_identification:_identify(src/Micro-XRCE-DDS-Agent) by extension 'ignore_ament_install'
[1.839s] Level 1:colcon.colcon_core.package_identification:_identify(src/Micro-XRCE-DDS-Agent) by extensions ['colcon_pkg']
[1.839s] Level 1:colcon.colcon_core.package_identification:_identify(src/Micro-XRCE-DDS-Agent) by extension 'colcon_pkg'
[1.845s] INFO:colcon.colcon_metadata.metadata.colcon_pkg:Setting type 'cmake' of package 'src/Micro-XRCE-DDS-Agent' from colcon.pkg
[1.846s] INFO:colcon.colcon_metadata.metadata.colcon_pkg:Setting name 'microxrcedds_agent' of package 'src/Micro-XRCE-DDS-Agent' from colcon.pkg
[1.846s] DEBUG:colcon.colcon_core.package_identification:Package 'src/Micro-XRCE-DDS-Agent' with type 'cmake' and name 'microxrcedds_agent'
[1.846s] Level 1:colcon.colcon_core.package_identification:_identify(src/fishbot_bringup) by extensions ['ignore', 'ignore_ament_install']
[1.847s] Level 1:colcon.colcon_core.package_identification:_identify(src/fishbot_bringup) by extension 'ignore'
[1.847s] Level 1:colcon.colcon_core.package_identification:_identify(src/fishbot_bringup) by extension 'ignore_ament_install'
[1.847s] Level 1:colcon.colcon_core.package_identification:_identify(src/fishbot_bringup) by extensions ['colcon_pkg']
[1.848s] Level 1:colcon.colcon_core.package_identification:_identify(src/fishbot_bringup) by extension 'colcon_pkg'
[1.848s] Level 1:colcon.colcon_core.package_identification:_identify(src/fishbot_bringup) by extensions ['colcon_meta']
[1.848s] Level 1:colcon.colcon_core.package_identification:_identify(src/fishbot_bringup) by extension 'colcon_meta'
[1.848s] Level 1:colcon.colcon_core.package_identification:_identify(src/fishbot_bringup) by extensions ['ros']
[1.848s] Level 1:colcon.colcon_core.package_identification:_identify(src/fishbot_bringup) by extension 'ros'
[1.860s] DEBUG:colcon.colcon_core.package_identification:Package 'src/fishbot_bringup' with type 'ros.ament_cmake' and name 'fishbot_bringup'
[1.861s] Level 1:colcon.colcon_core.package_identification:_identify(src/fishbot_description) by extensions ['ignore', 'ignore_ament_install']
[1.861s] Level 1:colcon.colcon_core.package_identification:_identify(src/fishbot_description) by extension 'ignore'
[1.861s] Level 1:colcon.colcon_core.package_identification:_identify(src/fishbot_description) by extension 'ignore_ament_install'
[1.862s] Level 1:colcon.colcon_core.package_identification:_identify(src/fishbot_description) by extensions ['colcon_pkg']
[1.862s] Level 1:colcon.colcon_core.package_identification:_identify(src/fishbot_description) by extension 'colcon_pkg'
[1.862s] Level 1:colcon.colcon_core.package_identification:_identify(src/fishbot_description) by extensions ['colcon_meta']
[1.862s] Level 1:colcon.colcon_core.package_identification:_identify(src/fishbot_description) by extension 'colcon_meta'
[1.863s] Level 1:colcon.colcon_core.package_identification:_identify(src/fishbot_description) by extensions ['ros']
[1.863s] Level 1:colcon.colcon_core.package_identification:_identify(src/fishbot_description) by extension 'ros'
[1.866s] DEBUG:colcon.colcon_core.package_identification:Package 'src/fishbot_description' with type 'ros.ament_python' and name 'fishbot_description'
[1.866s] Level 1:colcon.colcon_core.package_identification:_identify(src/fishbot_navigation2) by extensions ['ignore', 'ignore_ament_install']
[1.867s] Level 1:colcon.colcon_core.package_identification:_identify(src/fishbot_navigation2) by extension 'ignore'
[1.867s] Level 1:colcon.colcon_core.package_identification:_identify(src/fishbot_navigation2) by extension 'ignore_ament_install'
[1.867s] Level 1:colcon.colcon_core.package_identification:_identify(src/fishbot_navigation2) by extensions ['colcon_pkg']
[1.868s] Level 1:colcon.colcon_core.package_identification:_identify(src/fishbot_navigation2) by extension 'colcon_pkg'
[1.868s] Level 1:colcon.colcon_core.package_identification:_identify(src/fishbot_navigation2) by extensions ['colcon_meta']
[1.868s] Level 1:colcon.colcon_core.package_identification:_identify(src/fishbot_navigation2) by extension 'colcon_meta'
[1.868s] Level 1:colcon.colcon_core.package_identification:_identify(src/fishbot_navigation2) by extensions ['ros']
[1.868s] Level 1:colcon.colcon_core.package_identification:_identify(src/fishbot_navigation2) by extension 'ros'
[1.871s] DEBUG:colcon.colcon_core.package_identification:Package 'src/fishbot_navigation2' with type 'ros.ament_cmake' and name 'fishbot_navigation2'
[1.872s] Level 1:colcon.colcon_core.package_identification:_identify(src/micro-ROS-Agent) by extensions ['ignore', 'ignore_ament_install']
[1.872s] Level 1:colcon.colcon_core.package_identification:_identify(src/micro-ROS-Agent) by extension 'ignore'
[1.872s] Level 1:colcon.colcon_core.package_identification:_identify(src/micro-ROS-Agent) by extension 'ignore_ament_install'
[1.873s] Level 1:colcon.colcon_core.package_identification:_identify(src/micro-ROS-Agent) by extensions ['colcon_pkg']
[1.873s] Level 1:colcon.colcon_core.package_identification:_identify(src/micro-ROS-Agent) by extension 'colcon_pkg'
[1.873s] Level 1:colcon.colcon_core.package_identification:_identify(src/micro-ROS-Agent) by extensions ['colcon_meta']
[1.873s] Level 1:colcon.colcon_core.package_identification:_identify(src/micro-ROS-Agent) by extension 'colcon_meta'
[1.874s] Level 1:colcon.colcon_core.package_identification:_identify(src/micro-ROS-Agent) by extensions ['ros']
[1.874s] Level 1:colcon.colcon_core.package_identification:_identify(src/micro-ROS-Agent) by extension 'ros'
[1.874s] Level 1:colcon.colcon_core.package_identification:_identify(src/micro-ROS-Agent) by extensions ['cmake', 'python']
[1.874s] Level 1:colcon.colcon_core.package_identification:_identify(src/micro-ROS-Agent) by extension 'cmake'
[1.875s] Level 1:colcon.colcon_core.package_identification:_identify(src/micro-ROS-Agent) by extension 'python'
[1.875s] Level 1:colcon.colcon_core.package_identification:_identify(src/micro-ROS-Agent) by extensions ['python_setup_py']
[1.875s] Level 1:colcon.colcon_core.package_identification:_identify(src/micro-ROS-Agent) by extension 'python_setup_py'
[1.876s] Level 1:colcon.colcon_core.package_identification:_identify(src/micro-ROS-Agent/micro_ros_agent) by extensions ['ignore', 'ignore_ament_install']
[1.877s] Level 1:colcon.colcon_core.package_identification:_identify(src/micro-ROS-Agent/micro_ros_agent) by extension 'ignore'
[1.877s] Level 1:colcon.colcon_core.package_identification:_identify(src/micro-ROS-Agent/micro_ros_agent) by extension 'ignore_ament_install'
[1.877s] Level 1:colcon.colcon_core.package_identification:_identify(src/micro-ROS-Agent/micro_ros_agent) by extensions ['colcon_pkg']
[1.877s] Level 1:colcon.colcon_core.package_identification:_identify(src/micro-ROS-Agent/micro_ros_agent) by extension 'colcon_pkg'
[1.878s] Level 1:colcon.colcon_core.package_identification:_identify(src/micro-ROS-Agent/micro_ros_agent) by extensions ['colcon_meta']
[1.878s] Level 1:colcon.colcon_core.package_identification:_identify(src/micro-ROS-Agent/micro_ros_agent) by extension 'colcon_meta'
[1.878s] Level 1:colcon.colcon_core.package_identification:_identify(src/micro-ROS-Agent/micro_ros_agent) by extensions ['ros']
[1.878s] Level 1:colcon.colcon_core.package_identification:_identify(src/micro-ROS-Agent/micro_ros_agent) by extension 'ros'
[1.884s] DEBUG:colcon.colcon_core.package_identification:Package 'src/micro-ROS-Agent/micro_ros_agent' with type 'ros.ament_cmake' and name 'micro_ros_agent'
[1.885s] Level 1:colcon.colcon_core.package_identification:_identify(src/micro-ROS-Agent/snap) by extensions ['ignore', 'ignore_ament_install']
[1.885s] Level 1:colcon.colcon_core.package_identification:_identify(src/micro-ROS-Agent/snap) by extension 'ignore'
[1.885s] Level 1:colcon.colcon_core.package_identification:_identify(src/micro-ROS-Agent/snap) by extension 'ignore_ament_install'
[1.886s] Level 1:colcon.colcon_core.package_identification:_identify(src/micro-ROS-Agent/snap) by extensions ['colcon_pkg']
[1.886s] Level 1:colcon.colcon_core.package_identification:_identify(src/micro-ROS-Agent/snap) by extension 'colcon_pkg'
[1.886s] Level 1:colcon.colcon_core.package_identification:_identify(src/micro-ROS-Agent/snap) by extensions ['colcon_meta']
[1.886s] Level 1:colcon.colcon_core.package_identification:_identify(src/micro-ROS-Agent/snap) by extension 'colcon_meta'
[1.886s] Level 1:colcon.colcon_core.package_identification:_identify(src/micro-ROS-Agent/snap) by extensions ['ros']
[1.887s] Level 1:colcon.colcon_core.package_identification:_identify(src/micro-ROS-Agent/snap) by extension 'ros'
[1.887s] Level 1:colcon.colcon_core.package_identification:_identify(src/micro-ROS-Agent/snap) by extensions ['cmake', 'python']
[1.887s] Level 1:colcon.colcon_core.package_identification:_identify(src/micro-ROS-Agent/snap) by extension 'cmake'
[1.888s] Level 1:colcon.colcon_core.package_identification:_identify(src/micro-ROS-Agent/snap) by extension 'python'
[1.888s] Level 1:colcon.colcon_core.package_identification:_identify(src/micro-ROS-Agent/snap) by extensions ['python_setup_py']
[1.888s] Level 1:colcon.colcon_core.package_identification:_identify(src/micro-ROS-Agent/snap) by extension 'python_setup_py'
[1.888s] Level 1:colcon.colcon_core.package_identification:_identify(src/micro-ROS-Agent/snap/hooks) by extensions ['ignore', 'ignore_ament_install']
[1.889s] Level 1:colcon.colcon_core.package_identification:_identify(src/micro-ROS-Agent/snap/hooks) by extension 'ignore'
[1.889s] Level 1:colcon.colcon_core.package_identification:_identify(src/micro-ROS-Agent/snap/hooks) by extension 'ignore_ament_install'
[1.889s] Level 1:colcon.colcon_core.package_identification:_identify(src/micro-ROS-Agent/snap/hooks) by extensions ['colcon_pkg']
[1.890s] Level 1:colcon.colcon_core.package_identification:_identify(src/micro-ROS-Agent/snap/hooks) by extension 'colcon_pkg'
[1.890s] Level 1:colcon.colcon_core.package_identification:_identify(src/micro-ROS-Agent/snap/hooks) by extensions ['colcon_meta']
[1.890s] Level 1:colcon.colcon_core.package_identification:_identify(src/micro-ROS-Agent/snap/hooks) by extension 'colcon_meta'
[1.890s] Level 1:colcon.colcon_core.package_identification:_identify(src/micro-ROS-Agent/snap/hooks) by extensions ['ros']
[1.891s] Level 1:colcon.colcon_core.package_identification:_identify(src/micro-ROS-Agent/snap/hooks) by extension 'ros'
[1.891s] Level 1:colcon.colcon_core.package_identification:_identify(src/micro-ROS-Agent/snap/hooks) by extensions ['cmake', 'python']
[1.891s] Level 1:colcon.colcon_core.package_identification:_identify(src/micro-ROS-Agent/snap/hooks) by extension 'cmake'
[1.891s] Level 1:colcon.colcon_core.package_identification:_identify(src/micro-ROS-Agent/snap/hooks) by extension 'python'
[1.892s] Level 1:colcon.colcon_core.package_identification:_identify(src/micro-ROS-Agent/snap/hooks) by extensions ['python_setup_py']
[1.892s] Level 1:colcon.colcon_core.package_identification:_identify(src/micro-ROS-Agent/snap/hooks) by extension 'python_setup_py'
[1.892s] Level 1:colcon.colcon_core.package_identification:_identify(src/micro-ROS-Agent/snap/local) by extensions ['ignore', 'ignore_ament_install']
[1.893s] Level 1:colcon.colcon_core.package_identification:_identify(src/micro-ROS-Agent/snap/local) by extension 'ignore'
[1.893s] Level 1:colcon.colcon_core.package_identification:_identify(src/micro-ROS-Agent/snap/local) by extension 'ignore_ament_install'
[1.893s] Level 1:colcon.colcon_core.package_identification:_identify(src/micro-ROS-Agent/snap/local) by extensions ['colcon_pkg']
[1.894s] Level 1:colcon.colcon_core.package_identification:_identify(src/micro-ROS-Agent/snap/local) by extension 'colcon_pkg'
[1.894s] Level 1:colcon.colcon_core.package_identification:_identify(src/micro-ROS-Agent/snap/local) by extensions ['colcon_meta']
[1.894s] Level 1:colcon.colcon_core.package_identification:_identify(src/micro-ROS-Agent/snap/local) by extension 'colcon_meta'
[1.894s] Level 1:colcon.colcon_core.package_identification:_identify(src/micro-ROS-Agent/snap/local) by extensions ['ros']
[1.894s] Level 1:colcon.colcon_core.package_identification:_identify(src/micro-ROS-Agent/snap/local) by extension 'ros'
[1.895s] Level 1:colcon.colcon_core.package_identification:_identify(src/micro-ROS-Agent/snap/local) by extensions ['cmake', 'python']
[1.895s] Level 1:colcon.colcon_core.package_identification:_identify(src/micro-ROS-Agent/snap/local) by extension 'cmake'
[1.895s] Level 1:colcon.colcon_core.package_identification:_identify(src/micro-ROS-Agent/snap/local) by extension 'python'
[1.896s] Level 1:colcon.colcon_core.package_identification:_identify(src/micro-ROS-Agent/snap/local) by extensions ['python_setup_py']
[1.896s] Level 1:colcon.colcon_core.package_identification:_identify(src/micro-ROS-Agent/snap/local) by extension 'python_setup_py'
[1.896s] Level 1:colcon.colcon_core.package_identification:_identify(src/micro_ros_msgs) by extensions ['ignore', 'ignore_ament_install']
[1.897s] Level 1:colcon.colcon_core.package_identification:_identify(src/micro_ros_msgs) by extension 'ignore'
[1.897s] Level 1:colcon.colcon_core.package_identification:_identify(src/micro_ros_msgs) by extension 'ignore_ament_install'
[1.897s] Level 1:colcon.colcon_core.package_identification:_identify(src/micro_ros_msgs) by extensions ['colcon_pkg']
[1.897s] Level 1:colcon.colcon_core.package_identification:_identify(src/micro_ros_msgs) by extension 'colcon_pkg'
[1.898s] Level 1:colcon.colcon_core.package_identification:_identify(src/micro_ros_msgs) by extensions ['colcon_meta']
[1.898s] Level 1:colcon.colcon_core.package_identification:_identify(src/micro_ros_msgs) by extension 'colcon_meta'
[1.898s] Level 1:colcon.colcon_core.package_identification:_identify(src/micro_ros_msgs) by extensions ['ros']
[1.898s] Level 1:colcon.colcon_core.package_identification:_identify(src/micro_ros_msgs) by extension 'ros'
[1.901s] DEBUG:colcon.colcon_core.package_identification:Package 'src/micro_ros_msgs' with type 'ros.ament_cmake' and name 'micro_ros_msgs'
[1.902s] Level 1:colcon.colcon_core.package_identification:_identify(src/ydlidar_ros2-1.0.0-fishbot) by extensions ['ignore', 'ignore_ament_install']
[1.902s] Level 1:colcon.colcon_core.package_identification:_identify(src/ydlidar_ros2-1.0.0-fishbot) by extension 'ignore'
[1.903s] Level 1:colcon.colcon_core.package_identification:_identify(src/ydlidar_ros2-1.0.0-fishbot) by extension 'ignore_ament_install'
[1.903s] Level 1:colcon.colcon_core.package_identification:_identify(src/ydlidar_ros2-1.0.0-fishbot) by extensions ['colcon_pkg']
[1.903s] Level 1:colcon.colcon_core.package_identification:_identify(src/ydlidar_ros2-1.0.0-fishbot) by extension 'colcon_pkg'
[1.903s] Level 1:colcon.colcon_core.package_identification:_identify(src/ydlidar_ros2-1.0.0-fishbot) by extensions ['colcon_meta']
[1.904s] Level 1:colcon.colcon_core.package_identification:_identify(src/ydlidar_ros2-1.0.0-fishbot) by extension 'colcon_meta'
[1.904s] Level 1:colcon.colcon_core.package_identification:_identify(src/ydlidar_ros2-1.0.0-fishbot) by extensions ['ros']
[1.904s] Level 1:colcon.colcon_core.package_identification:_identify(src/ydlidar_ros2-1.0.0-fishbot) by extension 'ros'
[1.907s] DEBUG:colcon.colcon_core.package_identification:Package 'src/ydlidar_ros2-1.0.0-fishbot' with type 'ros.ament_cmake' and name 'ydlidar'
[1.908s] Level 1:colcon.colcon_core.package_discovery:discover_packages(recursive) using defaults
[1.908s] Level 1:colcon.colcon_core.package_discovery:discover_packages(ignore) discover
[1.908s] Level 1:colcon.colcon_core.package_discovery:discover_packages(ignore) using defaults
[1.908s] Level 1:colcon.colcon_core.package_discovery:discover_packages(path) discover
[1.909s] Level 1:colcon.colcon_core.package_discovery:discover_packages(path) using defaults
[2.103s] INFO:colcon.colcon_metadata.metadata.colcon_pkg:Updating descriptor of package 'src/Micro-XRCE-DDS-Agent' from colcon.pkg: {'name': 'microxrcedds_agent', 'type': 'cmake', 'dependencies': ['fastcdr', 'fastrtps'], 'cmake-args': ['-DUAGENT_ISOLATED_INSTALL=OFF', '-DUAGENT_USE_SYSTEM_FASTCDR=ON', '-DUAGENT_USE_SYSTEM_FASTDDS=ON']}
[2.113s] Level 1:colcon.colcon_core.package_discovery:discover_packages(prefix_path) check parameters
[2.114s] Level 1:colcon.colcon_core.package_discovery:discover_packages(prefix_path) discover
[2.127s] DEBUG:colcon.colcon_installed_package_information.package_discovery:Found 14 installed packages in /home/sunrise/ros2_ws/install
[2.137s] DEBUG:colcon.colcon_installed_package_information.package_discovery:Found 340 installed packages in /opt/ros/humble
[2.153s] Level 1:colcon.colcon_core.package_discovery:discover_packages(prefix_path) using defaults
[2.468s] Level 5:colcon.colcon_core.verb:set package 'fishbot_bringup' build argument 'cmake_args' from command line to 'None'
[2.469s] Level 5:colcon.colcon_core.verb:set package 'fishbot_bringup' build argument 'cmake_target' from command line to 'None'
[2.469s] Level 5:colcon.colcon_core.verb:set package 'fishbot_bringup' build argument 'cmake_target_skip_unavailable' from command line to 'False'
[2.469s] Level 5:colcon.colcon_core.verb:set package 'fishbot_bringup' build argument 'cmake_clean_cache' from command line to 'False'
[2.469s] Level 5:colcon.colcon_core.verb:set package 'fishbot_bringup' build argument 'cmake_clean_first' from command line to 'False'
[2.469s] Level 5:colcon.colcon_core.verb:set package 'fishbot_bringup' build argument 'cmake_force_configure' from command line to 'False'
[2.470s] Level 5:colcon.colcon_core.verb:set package 'fishbot_bringup' build argument 'ament_cmake_args' from command line to 'None'
[2.470s] Level 5:colcon.colcon_core.verb:set package 'fishbot_bringup' build argument 'catkin_cmake_args' from command line to 'None'
[2.470s] Level 5:colcon.colcon_core.verb:set package 'fishbot_bringup' build argument 'catkin_skip_building_tests' from command line to 'False'
[2.470s] DEBUG:colcon.colcon_core.verb:Building package 'fishbot_bringup' with the following arguments: {'ament_cmake_args': None, 'build_base': '/home/sunrise/ros2_ws/build/fishbot_bringup', 'catkin_cmake_args': None, 'catkin_skip_building_tests': False, 'cmake_args': None, 'cmake_clean_cache': False, 'cmake_clean_first': False, 'cmake_force_configure': False, 'cmake_target': None, 'cmake_target_skip_unavailable': False, 'install_base': '/home/sunrise/ros2_ws/install/fishbot_bringup', 'merge_install': False, 'path': '/home/sunrise/ros2_ws/src/fishbot_bringup', 'symlink_install': False, 'test_result_base': None}
[2.473s] Level 5:colcon.colcon_core.verb:set package 'fishbot_description' build argument 'cmake_args' from command line to 'None'
[2.473s] Level 5:colcon.colcon_core.verb:set package 'fishbot_description' build argument 'cmake_target' from command line to 'None'
[2.473s] Level 5:colcon.colcon_core.verb:set package 'fishbot_description' build argument 'cmake_target_skip_unavailable' from command line to 'False'
[2.473s] Level 5:colcon.colcon_core.verb:set package 'fishbot_description' build argument 'cmake_clean_cache' from command line to 'False'
[2.473s] Level 5:colcon.colcon_core.verb:set package 'fishbot_description' build argument 'cmake_clean_first' from command line to 'False'
[2.474s] Level 5:colcon.colcon_core.verb:set package 'fishbot_description' build argument 'cmake_force_configure' from command line to 'False'
[2.474s] Level 5:colcon.colcon_core.verb:set package 'fishbot_description' build argument 'ament_cmake_args' from command line to 'None'
[2.474s] Level 5:colcon.colcon_core.verb:set package 'fishbot_description' build argument 'catkin_cmake_args' from command line to 'None'
[2.474s] Level 5:colcon.colcon_core.verb:set package 'fishbot_description' build argument 'catkin_skip_building_tests' from command line to 'False'
[2.474s] DEBUG:colcon.colcon_core.verb:Building package 'fishbot_description' with the following arguments: {'ament_cmake_args': None, 'build_base': '/home/sunrise/ros2_ws/build/fishbot_description', 'catkin_cmake_args': None, 'catkin_skip_building_tests': False, 'cmake_args': None, 'cmake_clean_cache': False, 'cmake_clean_first': False, 'cmake_force_configure': False, 'cmake_target': None, 'cmake_target_skip_unavailable': False, 'install_base': '/home/sunrise/ros2_ws/install/fishbot_description', 'merge_install': False, 'path': '/home/sunrise/ros2_ws/src/fishbot_description', 'symlink_install': False, 'test_result_base': None}
[2.477s] Level 5:colcon.colcon_core.verb:set package 'fishbot_navigation2' build argument 'cmake_args' from command line to 'None'
[2.477s] Level 5:colcon.colcon_core.verb:set package 'fishbot_navigation2' build argument 'cmake_target' from command line to 'None'
[2.477s] Level 5:colcon.colcon_core.verb:set package 'fishbot_navigation2' build argument 'cmake_target_skip_unavailable' from command line to 'False'
[2.477s] Level 5:colcon.colcon_core.verb:set package 'fishbot_navigation2' build argument 'cmake_clean_cache' from command line to 'False'
[2.477s] Level 5:colcon.colcon_core.verb:set package 'fishbot_navigation2' build argument 'cmake_clean_first' from command line to 'False'
[2.478s] Level 5:colcon.colcon_core.verb:set package 'fishbot_navigation2' build argument 'cmake_force_configure' from command line to 'False'
[2.478s] Level 5:colcon.colcon_core.verb:set package 'fishbot_navigation2' build argument 'ament_cmake_args' from command line to 'None'
[2.478s] Level 5:colcon.colcon_core.verb:set package 'fishbot_navigation2' build argument 'catkin_cmake_args' from command line to 'None'
[2.478s] Level 5:colcon.colcon_core.verb:set package 'fishbot_navigation2' build argument 'catkin_skip_building_tests' from command line to 'False'
[2.478s] DEBUG:colcon.colcon_core.verb:Building package 'fishbot_navigation2' with the following arguments: {'ament_cmake_args': None, 'build_base': '/home/sunrise/ros2_ws/build/fishbot_navigation2', 'catkin_cmake_args': None, 'catkin_skip_building_tests': False, 'cmake_args': None, 'cmake_clean_cache': False, 'cmake_clean_first': False, 'cmake_force_configure': False, 'cmake_target': None, 'cmake_target_skip_unavailable': False, 'install_base': '/home/sunrise/ros2_ws/install/fishbot_navigation2', 'merge_install': False, 'path': '/home/sunrise/ros2_ws/src/fishbot_navigation2', 'symlink_install': False, 'test_result_base': None}
[2.481s] Level 5:colcon.colcon_core.verb:set package 'micro_ros_msgs' build argument 'cmake_args' from command line to 'None'
[2.481s] Level 5:colcon.colcon_core.verb:set package 'micro_ros_msgs' build argument 'cmake_target' from command line to 'None'
[2.481s] Level 5:colcon.colcon_core.verb:set package 'micro_ros_msgs' build argument 'cmake_target_skip_unavailable' from command line to 'False'
[2.481s] Level 5:colcon.colcon_core.verb:set package 'micro_ros_msgs' build argument 'cmake_clean_cache' from command line to 'False'
[2.481s] Level 5:colcon.colcon_core.verb:set package 'micro_ros_msgs' build argument 'cmake_clean_first' from command line to 'False'
[2.481s] Level 5:colcon.colcon_core.verb:set package 'micro_ros_msgs' build argument 'cmake_force_configure' from command line to 'False'
[2.482s] Level 5:colcon.colcon_core.verb:set package 'micro_ros_msgs' build argument 'ament_cmake_args' from command line to 'None'
[2.482s] Level 5:colcon.colcon_core.verb:set package 'micro_ros_msgs' build argument 'catkin_cmake_args' from command line to 'None'
[2.482s] Level 5:colcon.colcon_core.verb:set package 'micro_ros_msgs' build argument 'catkin_skip_building_tests' from command line to 'False'
[2.482s] DEBUG:colcon.colcon_core.verb:Building package 'micro_ros_msgs' with the following arguments: {'ament_cmake_args': None, 'build_base': '/home/sunrise/ros2_ws/build/micro_ros_msgs', 'catkin_cmake_args': None, 'catkin_skip_building_tests': False, 'cmake_args': None, 'cmake_clean_cache': False, 'cmake_clean_first': False, 'cmake_force_configure': False, 'cmake_target': None, 'cmake_target_skip_unavailable': False, 'install_base': '/home/sunrise/ros2_ws/install/micro_ros_msgs', 'merge_install': False, 'path': '/home/sunrise/ros2_ws/src/micro_ros_msgs', 'symlink_install': False, 'test_result_base': None}
[2.484s] Level 5:colcon.colcon_core.verb:set package 'microxrcedds_agent' build argument 'cmake_args' from command line to 'None'
[2.485s] Level 5:colcon.colcon_core.verb:overwrite package 'microxrcedds_agent' build argument 'cmake_args' from package metadata with '['-DUAGENT_ISOLATED_INSTALL=OFF', '-DUAGENT_USE_SYSTEM_FASTCDR=ON', '-DUAGENT_USE_SYSTEM_FASTDDS=ON']' (before: 'None')
[2.485s] Level 5:colcon.colcon_core.verb:set package 'microxrcedds_agent' build argument 'cmake_target' from command line to 'None'
[2.485s] Level 5:colcon.colcon_core.verb:set package 'microxrcedds_agent' build argument 'cmake_target_skip_unavailable' from command line to 'False'
[2.485s] Level 5:colcon.colcon_core.verb:set package 'microxrcedds_agent' build argument 'cmake_clean_cache' from command line to 'False'
[2.485s] Level 5:colcon.colcon_core.verb:set package 'microxrcedds_agent' build argument 'cmake_clean_first' from command line to 'False'
[2.485s] Level 5:colcon.colcon_core.verb:set package 'microxrcedds_agent' build argument 'cmake_force_configure' from command line to 'False'
[2.486s] Level 5:colcon.colcon_core.verb:set package 'microxrcedds_agent' build argument 'ament_cmake_args' from command line to 'None'
[2.486s] Level 5:colcon.colcon_core.verb:set package 'microxrcedds_agent' build argument 'catkin_cmake_args' from command line to 'None'
[2.486s] Level 5:colcon.colcon_core.verb:set package 'microxrcedds_agent' build argument 'catkin_skip_building_tests' from command line to 'False'
[2.486s] DEBUG:colcon.colcon_core.verb:Building package 'microxrcedds_agent' with the following arguments: {'ament_cmake_args': None, 'build_base': '/home/sunrise/ros2_ws/build/microxrcedds_agent', 'catkin_cmake_args': None, 'catkin_skip_building_tests': False, 'cmake_args': ['-DUAGENT_ISOLATED_INSTALL=OFF', '-DUAGENT_USE_SYSTEM_FASTCDR=ON', '-DUAGENT_USE_SYSTEM_FASTDDS=ON'], 'cmake_clean_cache': False, 'cmake_clean_first': False, 'cmake_force_configure': False, 'cmake_target': None, 'cmake_target_skip_unavailable': False, 'install_base': '/home/sunrise/ros2_ws/install/microxrcedds_agent', 'merge_install': False, 'path': '/home/sunrise/ros2_ws/src/Micro-XRCE-DDS-Agent', 'symlink_install': False, 'test_result_base': None}
[2.488s] Level 5:colcon.colcon_core.verb:set package 'ydlidar' build argument 'cmake_args' from command line to 'None'
[2.489s] Level 5:colcon.colcon_core.verb:set package 'ydlidar' build argument 'cmake_target' from command line to 'None'
[2.489s] Level 5:colcon.colcon_core.verb:set package 'ydlidar' build argument 'cmake_target_skip_unavailable' from command line to 'False'
[2.489s] Level 5:colcon.colcon_core.verb:set package 'ydlidar' build argument 'cmake_clean_cache' from command line to 'False'
[2.489s] Level 5:colcon.colcon_core.verb:set package 'ydlidar' build argument 'cmake_clean_first' from command line to 'False'
[2.489s] Level 5:colcon.colcon_core.verb:set package 'ydlidar' build argument 'cmake_force_configure' from command line to 'False'
[2.489s] Level 5:colcon.colcon_core.verb:set package 'ydlidar' build argument 'ament_cmake_args' from command line to 'None'
[2.490s] Level 5:colcon.colcon_core.verb:set package 'ydlidar' build argument 'catkin_cmake_args' from command line to 'None'
[2.490s] Level 5:colcon.colcon_core.verb:set package 'ydlidar' build argument 'catkin_skip_building_tests' from command line to 'False'
[2.490s] DEBUG:colcon.colcon_core.verb:Building package 'ydlidar' with the following arguments: {'ament_cmake_args': None, 'build_base': '/home/sunrise/ros2_ws/build/ydlidar', 'catkin_cmake_args': None, 'catkin_skip_building_tests': False, 'cmake_args': None, 'cmake_clean_cache': False, 'cmake_clean_first': False, 'cmake_force_configure': False, 'cmake_target': None, 'cmake_target_skip_unavailable': False, 'install_base': '/home/sunrise/ros2_ws/install/ydlidar', 'merge_install': False, 'path': '/home/sunrise/ros2_ws/src/ydlidar_ros2-1.0.0-fishbot', 'symlink_install': False, 'test_result_base': None}
[2.492s] Level 5:colcon.colcon_core.verb:set package 'micro_ros_agent' build argument 'cmake_args' from command line to 'None'
[2.492s] Level 5:colcon.colcon_core.verb:set package 'micro_ros_agent' build argument 'cmake_target' from command line to 'None'
[2.493s] Level 5:colcon.colcon_core.verb:set package 'micro_ros_agent' build argument 'cmake_target_skip_unavailable' from command line to 'False'
[2.493s] Level 5:colcon.colcon_core.verb:set package 'micro_ros_agent' build argument 'cmake_clean_cache' from command line to 'False'
[2.493s] Level 5:colcon.colcon_core.verb:set package 'micro_ros_agent' build argument 'cmake_clean_first' from command line to 'False'
[2.493s] Level 5:colcon.colcon_core.verb:set package 'micro_ros_agent' build argument 'cmake_force_configure' from command line to 'False'
[2.493s] Level 5:colcon.colcon_core.verb:set package 'micro_ros_agent' build argument 'ament_cmake_args' from command line to 'None'
[2.493s] Level 5:colcon.colcon_core.verb:set package 'micro_ros_agent' build argument 'catkin_cmake_args' from command line to 'None'
[2.494s] Level 5:colcon.colcon_core.verb:set package 'micro_ros_agent' build argument 'catkin_skip_building_tests' from command line to 'False'
[2.494s] DEBUG:colcon.colcon_core.verb:Building package 'micro_ros_agent' with the following arguments: {'ament_cmake_args': None, 'build_base': '/home/sunrise/ros2_ws/build/micro_ros_agent', 'catkin_cmake_args': None, 'catkin_skip_building_tests': False, 'cmake_args': None, 'cmake_clean_cache': False, 'cmake_clean_first': False, 'cmake_force_configure': False, 'cmake_target': None, 'cmake_target_skip_unavailable': False, 'install_base': '/home/sunrise/ros2_ws/install/micro_ros_agent', 'merge_install': False, 'path': '/home/sunrise/ros2_ws/src/micro-ROS-Agent/micro_ros_agent', 'symlink_install': False, 'test_result_base': None}
[2.495s] INFO:colcon.colcon_core.executor:Executing jobs using 'parallel' executor
[2.499s] DEBUG:colcon.colcon_parallel_executor.executor.parallel:run_until_complete
[2.501s] INFO:colcon.colcon_ros.task.ament_cmake.build:Building ROS package in '/home/sunrise/ros2_ws/src/micro_ros_msgs' with build type 'ament_cmake'
[2.502s] INFO:colcon.colcon_cmake.task.cmake.build:Building CMake package in '/home/sunrise/ros2_ws/src/micro_ros_msgs'
[2.514s] INFO:colcon.colcon_core.plugin_system:Skipping extension 'colcon_core.shell.bat': Not used on non-Windows systems
[2.515s] INFO:colcon.colcon_core.shell:Skip shell extension 'powershell' for command environment: Not usable outside of PowerShell
[2.516s] DEBUG:colcon.colcon_core.shell:Skip shell extension 'dsv' for command environment
[2.539s] INFO:colcon.colcon_ros.task.ament_cmake.build:Building ROS package in '/home/sunrise/ros2_ws/src/fishbot_bringup' with build type 'ament_cmake'
[2.540s] INFO:colcon.colcon_cmake.task.cmake.build:Building CMake package in '/home/sunrise/ros2_ws/src/fishbot_bringup'
[2.542s] INFO:colcon.colcon_core.shell:Skip shell extension 'powershell' for command environment: Not usable outside of PowerShell
[2.542s] DEBUG:colcon.colcon_core.shell:Skip shell extension 'dsv' for command environment
[2.564s] INFO:colcon.colcon_ros.task.ament_python.build:Building ROS package in '/home/sunrise/ros2_ws/src/fishbot_description' with build type 'ament_python'
[2.565s] Level 1:colcon.colcon_core.shell:create_environment_hook('fishbot_description', 'ament_prefix_path')
[2.567s] INFO:colcon.colcon_core.shell:Creating environment hook '/home/sunrise/ros2_ws/install/fishbot_description/share/fishbot_description/hook/ament_prefix_path.ps1'
[2.571s] INFO:colcon.colcon_core.shell:Creating environment descriptor '/home/sunrise/ros2_ws/install/fishbot_description/share/fishbot_description/hook/ament_prefix_path.dsv'
[2.574s] INFO:colcon.colcon_core.shell:Creating environment hook '/home/sunrise/ros2_ws/install/fishbot_description/share/fishbot_description/hook/ament_prefix_path.sh'
[2.578s] INFO:colcon.colcon_core.shell:Skip shell extension 'powershell' for command environment: Not usable outside of PowerShell
[2.579s] DEBUG:colcon.colcon_core.shell:Skip shell extension 'dsv' for command environment
[2.600s] INFO:colcon.colcon_ros.task.ament_cmake.build:Building ROS package in '/home/sunrise/ros2_ws/src/fishbot_navigation2' with build type 'ament_cmake'
[2.601s] INFO:colcon.colcon_cmake.task.cmake.build:Building CMake package in '/home/sunrise/ros2_ws/src/fishbot_navigation2'
[2.603s] INFO:colcon.colcon_core.shell:Skip shell extension 'powershell' for command environment: Not usable outside of PowerShell
[2.603s] DEBUG:colcon.colcon_core.shell:Skip shell extension 'dsv' for command environment
[2.625s] INFO:colcon.colcon_cmake.task.cmake.build:Building CMake package in '/home/sunrise/ros2_ws/src/Micro-XRCE-DDS-Agent'
[2.627s] INFO:colcon.colcon_core.shell:Skip shell extension 'powershell' for command environment: Not usable outside of PowerShell
[2.627s] DEBUG:colcon.colcon_core.shell:Skip shell extension 'dsv' for command environment
[2.650s] INFO:colcon.colcon_ros.task.ament_cmake.build:Building ROS package in '/home/sunrise/ros2_ws/src/ydlidar_ros2-1.0.0-fishbot' with build type 'ament_cmake'
[2.651s] INFO:colcon.colcon_cmake.task.cmake.build:Building CMake package in '/home/sunrise/ros2_ws/src/ydlidar_ros2-1.0.0-fishbot'
[2.653s] INFO:colcon.colcon_core.shell:Skip shell extension 'powershell' for command environment: Not usable outside of PowerShell
[2.653s] DEBUG:colcon.colcon_core.shell:Skip shell extension 'dsv' for command environment
[2.697s] DEBUG:colcon.colcon_core.event_handler.log_command:Invoking command in '/home/sunrise/ros2_ws/build/micro_ros_msgs': CMAKE_PREFIX_PATH=${CMAKE_PREFIX_PATH}:/home/sunrise/ros2_ws/install/nav2_simple_commander:/home/sunrise/ros2_ws/install/fishbot_description:/opt/ros/humble /usr/bin/cmake --build /home/sunrise/ros2_ws/build/micro_ros_msgs -- -j8 -l8
[2.717s] DEBUG:colcon.colcon_core.event_handler.log_command:Invoking command in '/home/sunrise/ros2_ws/build/fishbot_bringup': CMAKE_PREFIX_PATH=${CMAKE_PREFIX_PATH}:/home/sunrise/ros2_ws/install/nav2_simple_commander:/home/sunrise/ros2_ws/install/fishbot_description:/opt/ros/humble /usr/bin/cmake --build /home/sunrise/ros2_ws/build/fishbot_bringup -- -j8 -l8
[4.638s] INFO:colcon.colcon_core.task.python.build:Building Python package in '/home/sunrise/ros2_ws/src/fishbot_description'
[4.640s] INFO:colcon.colcon_core.shell:Skip shell extension 'powershell' for command environment: Not usable outside of PowerShell
[4.640s] DEBUG:colcon.colcon_core.shell:Skip shell extension 'dsv' for command environment
[4.677s] DEBUG:colcon.colcon_core.event_handler.log_command:Invoking command in '/home/sunrise/ros2_ws/build/fishbot_navigation2': CMAKE_PREFIX_PATH=${CMAKE_PREFIX_PATH}:/home/sunrise/ros2_ws/install/nav2_simple_commander:/home/sunrise/ros2_ws/install/fishbot_description:/opt/ros/humble /usr/bin/cmake --build /home/sunrise/ros2_ws/build/fishbot_navigation2 -- -j8 -l8
[4.690s] DEBUG:colcon.colcon_core.event_handler.log_command:Invoking command in '/home/sunrise/ros2_ws/build/microxrcedds_agent': /usr/bin/cmake --build /home/sunrise/ros2_ws/build/microxrcedds_agent -- -j8 -l8
[4.738s] DEBUG:colcon.colcon_core.event_handler.log_command:Invoking command in '/home/sunrise/ros2_ws/build/ydlidar': CMAKE_PREFIX_PATH=${CMAKE_PREFIX_PATH}:/home/sunrise/ros2_ws/install/nav2_simple_commander:/home/sunrise/ros2_ws/install/fishbot_description:/opt/ros/humble /usr/bin/cmake --build /home/sunrise/ros2_ws/build/ydlidar -- -j8 -l8
[4.740s] DEBUG:colcon.colcon_core.event_handler.log_command:Invoked command in '/home/sunrise/ros2_ws/build/fishbot_bringup' returned '0': CMAKE_PREFIX_PATH=${CMAKE_PREFIX_PATH}:/home/sunrise/ros2_ws/install/nav2_simple_commander:/home/sunrise/ros2_ws/install/fishbot_description:/opt/ros/humble /usr/bin/cmake --build /home/sunrise/ros2_ws/build/fishbot_bringup -- -j8 -l8
[4.779s] DEBUG:colcon.colcon_core.event_handler.log_command:Invoking command in '/home/sunrise/ros2_ws/build/fishbot_bringup': CMAKE_PREFIX_PATH=${CMAKE_PREFIX_PATH}:/home/sunrise/ros2_ws/install/nav2_simple_commander:/home/sunrise/ros2_ws/install/fishbot_description:/opt/ros/humble /usr/bin/cmake --install /home/sunrise/ros2_ws/build/fishbot_bringup
[4.834s] Level 1:colcon.colcon_core.environment:create_environment_scripts_only(fishbot_bringup)
[4.841s] DEBUG:colcon.colcon_core.event_handler.log_command:Invoked command in '/home/sunrise/ros2_ws/build/fishbot_bringup' returned '0': CMAKE_PREFIX_PATH=${CMAKE_PREFIX_PATH}:/home/sunrise/ros2_ws/install/nav2_simple_commander:/home/sunrise/ros2_ws/install/fishbot_description:/opt/ros/humble /usr/bin/cmake --install /home/sunrise/ros2_ws/build/fishbot_bringup
[4.858s] Level 1:colcon.colcon_core.environment:checking '/home/sunrise/ros2_ws/install/fishbot_bringup' for CMake module files
[4.862s] Level 1:colcon.colcon_core.environment:checking '/home/sunrise/ros2_ws/install/fishbot_bringup' for CMake config files
[4.863s] Level 1:colcon.colcon_core.shell:create_environment_hook('fishbot_bringup', 'cmake_prefix_path')
[4.865s] INFO:colcon.colcon_core.shell:Creating environment hook '/home/sunrise/ros2_ws/install/fishbot_bringup/share/fishbot_bringup/hook/cmake_prefix_path.ps1'
[4.868s] INFO:colcon.colcon_core.shell:Creating environment descriptor '/home/sunrise/ros2_ws/install/fishbot_bringup/share/fishbot_bringup/hook/cmake_prefix_path.dsv'
[4.870s] INFO:colcon.colcon_core.shell:Creating environment hook '/home/sunrise/ros2_ws/install/fishbot_bringup/share/fishbot_bringup/hook/cmake_prefix_path.sh'
[4.877s] Level 1:colcon.colcon_core.environment:checking '/home/sunrise/ros2_ws/install/fishbot_bringup/lib'
[4.878s] Level 1:colcon.colcon_core.environment:checking '/home/sunrise/ros2_ws/install/fishbot_bringup/bin'
[4.879s] Level 1:colcon.colcon_core.environment:checking '/home/sunrise/ros2_ws/install/fishbot_bringup/lib/pkgconfig/fishbot_bringup.pc'
[4.880s] Level 1:colcon.colcon_core.environment:checking '/home/sunrise/ros2_ws/install/fishbot_bringup/lib/python3.10/site-packages'
[4.882s] Level 1:colcon.colcon_core.environment:checking '/home/sunrise/ros2_ws/install/fishbot_bringup/bin'
[4.884s] INFO:colcon.colcon_core.shell:Creating package script '/home/sunrise/ros2_ws/install/fishbot_bringup/share/fishbot_bringup/package.ps1'
[4.890s] INFO:colcon.colcon_core.shell:Creating package descriptor '/home/sunrise/ros2_ws/install/fishbot_bringup/share/fishbot_bringup/package.dsv'
[4.894s] INFO:colcon.colcon_core.shell:Creating package script '/home/sunrise/ros2_ws/install/fishbot_bringup/share/fishbot_bringup/package.sh'
[4.899s] INFO:colcon.colcon_core.shell:Creating package script '/home/sunrise/ros2_ws/install/fishbot_bringup/share/fishbot_bringup/package.bash'
[4.905s] INFO:colcon.colcon_core.shell:Creating package script '/home/sunrise/ros2_ws/install/fishbot_bringup/share/fishbot_bringup/package.zsh'
[4.910s] Level 1:colcon.colcon_core.environment:create_file_with_runtime_dependencies(/home/sunrise/ros2_ws/install/fishbot_bringup/share/colcon-core/packages/fishbot_bringup)
[4.914s] Level 1:colcon.colcon_core.environment:create_environment_scripts_only(fishbot_bringup)
[4.916s] Level 1:colcon.colcon_core.environment:checking '/home/sunrise/ros2_ws/install/fishbot_bringup' for CMake module files
[4.921s] Level 1:colcon.colcon_core.environment:checking '/home/sunrise/ros2_ws/install/fishbot_bringup' for CMake config files
[4.922s] Level 1:colcon.colcon_core.shell:create_environment_hook('fishbot_bringup', 'cmake_prefix_path')
[4.924s] INFO:colcon.colcon_core.shell:Creating environment hook '/home/sunrise/ros2_ws/install/fishbot_bringup/share/fishbot_bringup/hook/cmake_prefix_path.ps1'
[4.927s] INFO:colcon.colcon_core.shell:Creating environment descriptor '/home/sunrise/ros2_ws/install/fishbot_bringup/share/fishbot_bringup/hook/cmake_prefix_path.dsv'
[4.930s] INFO:colcon.colcon_core.shell:Creating environment hook '/home/sunrise/ros2_ws/install/fishbot_bringup/share/fishbot_bringup/hook/cmake_prefix_path.sh'
[4.934s] Level 1:colcon.colcon_core.environment:checking '/home/sunrise/ros2_ws/install/fishbot_bringup/lib'
[4.935s] Level 1:colcon.colcon_core.environment:checking '/home/sunrise/ros2_ws/install/fishbot_bringup/bin'
[4.935s] Level 1:colcon.colcon_core.environment:checking '/home/sunrise/ros2_ws/install/fishbot_bringup/lib/pkgconfig/fishbot_bringup.pc'
[4.937s] Level 1:colcon.colcon_core.environment:checking '/home/sunrise/ros2_ws/install/fishbot_bringup/lib/python3.10/site-packages'
[4.939s] Level 1:colcon.colcon_core.environment:checking '/home/sunrise/ros2_ws/install/fishbot_bringup/bin'
[4.941s] INFO:colcon.colcon_core.shell:Creating package script '/home/sunrise/ros2_ws/install/fishbot_bringup/share/fishbot_bringup/package.ps1'
[4.946s] INFO:colcon.colcon_core.shell:Creating package descriptor '/home/sunrise/ros2_ws/install/fishbot_bringup/share/fishbot_bringup/package.dsv'
[4.950s] INFO:colcon.colcon_core.shell:Creating package script '/home/sunrise/ros2_ws/install/fishbot_bringup/share/fishbot_bringup/package.sh'
[4.954s] INFO:colcon.colcon_core.shell:Creating package script '/home/sunrise/ros2_ws/install/fishbot_bringup/share/fishbot_bringup/package.bash'
[4.957s] INFO:colcon.colcon_core.shell:Creating package script '/home/sunrise/ros2_ws/install/fishbot_bringup/share/fishbot_bringup/package.zsh'
[4.960s] Level 1:colcon.colcon_core.environment:create_file_with_runtime_dependencies(/home/sunrise/ros2_ws/install/fishbot_bringup/share/colcon-core/packages/fishbot_bringup)
[4.968s] DEBUG:colcon.colcon_core.event_handler.log_command:Invoked command in '/home/sunrise/ros2_ws/build/fishbot_navigation2' returned '0': CMAKE_PREFIX_PATH=${CMAKE_PREFIX_PATH}:/home/sunrise/ros2_ws/install/nav2_simple_commander:/home/sunrise/ros2_ws/install/fishbot_description:/opt/ros/humble /usr/bin/cmake --build /home/sunrise/ros2_ws/build/fishbot_navigation2 -- -j8 -l8
[4.976s] DEBUG:colcon.colcon_core.event_handler.log_command:Invoking command in '/home/sunrise/ros2_ws/build/fishbot_navigation2': CMAKE_PREFIX_PATH=${CMAKE_PREFIX_PATH}:/home/sunrise/ros2_ws/install/nav2_simple_commander:/home/sunrise/ros2_ws/install/fishbot_description:/opt/ros/humble /usr/bin/cmake --install /home/sunrise/ros2_ws/build/fishbot_navigation2
[5.001s] DEBUG:colcon.colcon_core.event_handler.log_command:Invoked command in '/home/sunrise/ros2_ws/build/micro_ros_msgs' returned '0': CMAKE_PREFIX_PATH=${CMAKE_PREFIX_PATH}:/home/sunrise/ros2_ws/install/nav2_simple_commander:/home/sunrise/ros2_ws/install/fishbot_description:/opt/ros/humble /usr/bin/cmake --build /home/sunrise/ros2_ws/build/micro_ros_msgs -- -j8 -l8
[5.011s] DEBUG:colcon.colcon_core.event_handler.log_command:Invoking command in '/home/sunrise/ros2_ws/build/micro_ros_msgs': CMAKE_PREFIX_PATH=${CMAKE_PREFIX_PATH}:/home/sunrise/ros2_ws/install/nav2_simple_commander:/home/sunrise/ros2_ws/install/fishbot_description:/opt/ros/humble /usr/bin/cmake --install /home/sunrise/ros2_ws/build/micro_ros_msgs
[5.028s] Level 1:colcon.colcon_core.environment:create_environment_scripts_only(fishbot_navigation2)
[5.030s] Level 1:colcon.colcon_core.environment:checking '/home/sunrise/ros2_ws/install/fishbot_navigation2' for CMake module files
[5.039s] Level 1:colcon.colcon_core.environment:checking '/home/sunrise/ros2_ws/install/fishbot_navigation2' for CMake config files
[5.043s] Level 1:colcon.colcon_core.shell:create_environment_hook('fishbot_navigation2', 'cmake_prefix_path')
[5.045s] INFO:colcon.colcon_core.shell:Creating environment hook '/home/sunrise/ros2_ws/install/fishbot_navigation2/share/fishbot_navigation2/hook/cmake_prefix_path.ps1'
[5.050s] DEBUG:colcon.colcon_core.event_handler.log_command:Invoked command in '/home/sunrise/ros2_ws/build/fishbot_navigation2' returned '0': CMAKE_PREFIX_PATH=${CMAKE_PREFIX_PATH}:/home/sunrise/ros2_ws/install/nav2_simple_commander:/home/sunrise/ros2_ws/install/fishbot_description:/opt/ros/humble /usr/bin/cmake --install /home/sunrise/ros2_ws/build/fishbot_navigation2
[5.051s] INFO:colcon.colcon_core.shell:Creating environment descriptor '/home/sunrise/ros2_ws/install/fishbot_navigation2/share/fishbot_navigation2/hook/cmake_prefix_path.dsv'
[5.056s] INFO:colcon.colcon_core.shell:Creating environment hook '/home/sunrise/ros2_ws/install/fishbot_navigation2/share/fishbot_navigation2/hook/cmake_prefix_path.sh'
[5.063s] Level 1:colcon.colcon_core.environment:checking '/home/sunrise/ros2_ws/install/fishbot_navigation2/bin'
[5.065s] Level 1:colcon.colcon_core.environment:checking '/home/sunrise/ros2_ws/install/fishbot_navigation2/lib/pkgconfig/fishbot_navigation2.pc'
[5.067s] Level 1:colcon.colcon_core.environment:checking '/home/sunrise/ros2_ws/install/fishbot_navigation2/lib/python3.10/site-packages'
[5.069s] Level 1:colcon.colcon_core.environment:checking '/home/sunrise/ros2_ws/install/fishbot_navigation2/bin'
[5.072s] INFO:colcon.colcon_core.shell:Creating package script '/home/sunrise/ros2_ws/install/fishbot_navigation2/share/fishbot_navigation2/package.ps1'
[5.078s] INFO:colcon.colcon_core.shell:Creating package descriptor '/home/sunrise/ros2_ws/install/fishbot_navigation2/share/fishbot_navigation2/package.dsv'
[5.083s] INFO:colcon.colcon_core.shell:Creating package script '/home/sunrise/ros2_ws/install/fishbot_navigation2/share/fishbot_navigation2/package.sh'
[5.088s] INFO:colcon.colcon_core.shell:Creating package script '/home/sunrise/ros2_ws/install/fishbot_navigation2/share/fishbot_navigation2/package.bash'
[5.093s] INFO:colcon.colcon_core.shell:Creating package script '/home/sunrise/ros2_ws/install/fishbot_navigation2/share/fishbot_navigation2/package.zsh'
[5.097s] Level 1:colcon.colcon_core.environment:create_file_with_runtime_dependencies(/home/sunrise/ros2_ws/install/fishbot_navigation2/share/colcon-core/packages/fishbot_navigation2)
[5.105s] Level 1:colcon.colcon_core.environment:create_environment_scripts_only(fishbot_navigation2)
[5.107s] Level 1:colcon.colcon_core.environment:checking '/home/sunrise/ros2_ws/install/fishbot_navigation2' for CMake module files
[5.116s] Level 1:colcon.colcon_core.environment:checking '/home/sunrise/ros2_ws/install/fishbot_navigation2' for CMake config files
[5.120s] Level 1:colcon.colcon_core.shell:create_environment_hook('fishbot_navigation2', 'cmake_prefix_path')
[5.122s] INFO:colcon.colcon_core.shell:Creating environment hook '/home/sunrise/ros2_ws/install/fishbot_navigation2/share/fishbot_navigation2/hook/cmake_prefix_path.ps1'
[5.127s] INFO:colcon.colcon_core.shell:Creating environment descriptor '/home/sunrise/ros2_ws/install/fishbot_navigation2/share/fishbot_navigation2/hook/cmake_prefix_path.dsv'
[5.131s] INFO:colcon.colcon_core.shell:Creating environment hook '/home/sunrise/ros2_ws/install/fishbot_navigation2/share/fishbot_navigation2/hook/cmake_prefix_path.sh'
[5.142s] Level 1:colcon.colcon_core.environment:checking '/home/sunrise/ros2_ws/install/fishbot_navigation2/bin'
[5.143s] Level 1:colcon.colcon_core.environment:checking '/home/sunrise/ros2_ws/install/fishbot_navigation2/lib/pkgconfig/fishbot_navigation2.pc'
[5.145s] Level 1:colcon.colcon_core.environment:checking '/home/sunrise/ros2_ws/install/fishbot_navigation2/lib/python3.10/site-packages'
[5.147s] Level 1:colcon.colcon_core.environment:checking '/home/sunrise/ros2_ws/install/fishbot_navigation2/bin'
[5.150s] INFO:colcon.colcon_core.shell:Creating package script '/home/sunrise/ros2_ws/install/fishbot_navigation2/share/fishbot_navigation2/package.ps1'
[5.155s] INFO:colcon.colcon_core.shell:Creating package descriptor '/home/sunrise/ros2_ws/install/fishbot_navigation2/share/fishbot_navigation2/package.dsv'
[5.161s] INFO:colcon.colcon_core.shell:Creating package script '/home/sunrise/ros2_ws/install/fishbot_navigation2/share/fishbot_navigation2/package.sh'
[5.166s] INFO:colcon.colcon_core.shell:Creating package script '/home/sunrise/ros2_ws/install/fishbot_navigation2/share/fishbot_navigation2/package.bash'
[5.171s] INFO:colcon.colcon_core.shell:Creating package script '/home/sunrise/ros2_ws/install/fishbot_navigation2/share/fishbot_navigation2/package.zsh'
[5.176s] Level 1:colcon.colcon_core.environment:create_file_with_runtime_dependencies(/home/sunrise/ros2_ws/install/fishbot_navigation2/share/colcon-core/packages/fishbot_navigation2)
[5.209s] DEBUG:colcon.colcon_core.event_handler.log_command:Invoked command in '/home/sunrise/ros2_ws/build/ydlidar' returned '0': CMAKE_PREFIX_PATH=${CMAKE_PREFIX_PATH}:/home/sunrise/ros2_ws/install/nav2_simple_commander:/home/sunrise/ros2_ws/install/fishbot_description:/opt/ros/humble /usr/bin/cmake --build /home/sunrise/ros2_ws/build/ydlidar -- -j8 -l8
[5.211s] DEBUG:colcon.colcon_core.event_handler.log_command:Invoking command in '/home/sunrise/ros2_ws/build/ydlidar': CMAKE_PREFIX_PATH=${CMAKE_PREFIX_PATH}:/home/sunrise/ros2_ws/install/nav2_simple_commander:/home/sunrise/ros2_ws/install/fishbot_description:/opt/ros/humble /usr/bin/cmake --install /home/sunrise/ros2_ws/build/ydlidar
[5.245s] Level 1:colcon.colcon_core.environment:create_environment_scripts_only(ydlidar)
[5.247s] Level 1:colcon.colcon_core.environment:checking '/home/sunrise/ros2_ws/install/ydlidar' for CMake module files
[5.252s] DEBUG:colcon.colcon_core.event_handler.log_command:Invoked command in '/home/sunrise/ros2_ws/build/ydlidar' returned '0': CMAKE_PREFIX_PATH=${CMAKE_PREFIX_PATH}:/home/sunrise/ros2_ws/install/nav2_simple_commander:/home/sunrise/ros2_ws/install/fishbot_description:/opt/ros/humble /usr/bin/cmake --install /home/sunrise/ros2_ws/build/ydlidar
[5.254s] Level 1:colcon.colcon_core.environment:checking '/home/sunrise/ros2_ws/install/ydlidar' for CMake config files
[5.256s] Level 1:colcon.colcon_core.shell:create_environment_hook('ydlidar', 'cmake_prefix_path')
[5.257s] INFO:colcon.colcon_core.shell:Creating environment hook '/home/sunrise/ros2_ws/install/ydlidar/share/ydlidar/hook/cmake_prefix_path.ps1'
[5.260s] INFO:colcon.colcon_core.shell:Creating environment descriptor '/home/sunrise/ros2_ws/install/ydlidar/share/ydlidar/hook/cmake_prefix_path.dsv'
[5.263s] INFO:colcon.colcon_core.shell:Creating environment hook '/home/sunrise/ros2_ws/install/ydlidar/share/ydlidar/hook/cmake_prefix_path.sh'
[5.267s] Level 1:colcon.colcon_core.environment:checking '/home/sunrise/ros2_ws/install/ydlidar/lib'
[5.268s] Level 1:colcon.colcon_core.environment:checking '/home/sunrise/ros2_ws/install/ydlidar/bin'
[5.268s] Level 1:colcon.colcon_core.environment:checking '/home/sunrise/ros2_ws/install/ydlidar/lib/pkgconfig/ydlidar.pc'
[5.270s] Level 1:colcon.colcon_core.environment:checking '/home/sunrise/ros2_ws/install/ydlidar/lib/python3.10/site-packages'
[5.271s] Level 1:colcon.colcon_core.environment:checking '/home/sunrise/ros2_ws/install/ydlidar/bin'
[5.273s] INFO:colcon.colcon_core.shell:Creating package script '/home/sunrise/ros2_ws/install/ydlidar/share/ydlidar/package.ps1'
[5.277s] INFO:colcon.colcon_core.shell:Creating package descriptor '/home/sunrise/ros2_ws/install/ydlidar/share/ydlidar/package.dsv'
[5.280s] INFO:colcon.colcon_core.shell:Creating package script '/home/sunrise/ros2_ws/install/ydlidar/share/ydlidar/package.sh'
[5.282s] INFO:colcon.colcon_core.shell:Creating package script '/home/sunrise/ros2_ws/install/ydlidar/share/ydlidar/package.bash'
[5.285s] INFO:colcon.colcon_core.shell:Creating package script '/home/sunrise/ros2_ws/install/ydlidar/share/ydlidar/package.zsh'
[5.288s] Level 1:colcon.colcon_core.environment:create_file_with_runtime_dependencies(/home/sunrise/ros2_ws/install/ydlidar/share/colcon-core/packages/ydlidar)
[5.291s] Level 1:colcon.colcon_core.environment:create_environment_scripts_only(ydlidar)
[5.293s] Level 1:colcon.colcon_core.environment:checking '/home/sunrise/ros2_ws/install/ydlidar' for CMake module files
[5.296s] Level 1:colcon.colcon_core.environment:checking '/home/sunrise/ros2_ws/install/ydlidar' for CMake config files
[5.298s] Level 1:colcon.colcon_core.shell:create_environment_hook('ydlidar', 'cmake_prefix_path')
[5.299s] INFO:colcon.colcon_core.shell:Creating environment hook '/home/sunrise/ros2_ws/install/ydlidar/share/ydlidar/hook/cmake_prefix_path.ps1'
[5.302s] INFO:colcon.colcon_core.shell:Creating environment descriptor '/home/sunrise/ros2_ws/install/ydlidar/share/ydlidar/hook/cmake_prefix_path.dsv'
[5.306s] INFO:colcon.colcon_core.shell:Creating environment hook '/home/sunrise/ros2_ws/install/ydlidar/share/ydlidar/hook/cmake_prefix_path.sh'
[5.310s] Level 1:colcon.colcon_core.environment:checking '/home/sunrise/ros2_ws/install/ydlidar/lib'
[5.310s] Level 1:colcon.colcon_core.environment:checking '/home/sunrise/ros2_ws/install/ydlidar/bin'
[5.311s] Level 1:colcon.colcon_core.environment:checking '/home/sunrise/ros2_ws/install/ydlidar/lib/pkgconfig/ydlidar.pc'
[5.312s] Level 1:colcon.colcon_core.environment:checking '/home/sunrise/ros2_ws/install/ydlidar/lib/python3.10/site-packages'
[5.314s] Level 1:colcon.colcon_core.environment:checking '/home/sunrise/ros2_ws/install/ydlidar/bin'
[5.316s] INFO:colcon.colcon_core.shell:Creating package script '/home/sunrise/ros2_ws/install/ydlidar/share/ydlidar/package.ps1'
[5.321s] INFO:colcon.colcon_core.shell:Creating package descriptor '/home/sunrise/ros2_ws/install/ydlidar/share/ydlidar/package.dsv'
[5.324s] INFO:colcon.colcon_core.shell:Creating package script '/home/sunrise/ros2_ws/install/ydlidar/share/ydlidar/package.sh'
[5.327s] INFO:colcon.colcon_core.shell:Creating package script '/home/sunrise/ros2_ws/install/ydlidar/share/ydlidar/package.bash'
[5.330s] INFO:colcon.colcon_core.shell:Creating package script '/home/sunrise/ros2_ws/install/ydlidar/share/ydlidar/package.zsh'
[5.333s] Level 1:colcon.colcon_core.environment:create_file_with_runtime_dependencies(/home/sunrise/ros2_ws/install/ydlidar/share/colcon-core/packages/ydlidar)
[5.341s] DEBUG:colcon.colcon_core.event_handler.log_command:Invoked command in '/home/sunrise/ros2_ws/build/microxrcedds_agent' returned '0': /usr/bin/cmake --build /home/sunrise/ros2_ws/build/microxrcedds_agent -- -j8 -l8
[5.347s] DEBUG:colcon.colcon_core.event_handler.log_command:Invoking command in '/home/sunrise/ros2_ws/build/microxrcedds_agent': /usr/bin/cmake --install /home/sunrise/ros2_ws/build/microxrcedds_agent
[5.377s] Level 1:colcon.colcon_core.environment:create_environment_scripts_only(micro_ros_msgs)
[5.379s] Level 1:colcon.colcon_core.environment:checking '/home/sunrise/ros2_ws/install/micro_ros_msgs' for CMake module files
[5.393s] DEBUG:colcon.colcon_core.event_handler.log_command:Invoked command in '/home/sunrise/ros2_ws/build/micro_ros_msgs' returned '0': CMAKE_PREFIX_PATH=${CMAKE_PREFIX_PATH}:/home/sunrise/ros2_ws/install/nav2_simple_commander:/home/sunrise/ros2_ws/install/fishbot_description:/opt/ros/humble /usr/bin/cmake --install /home/sunrise/ros2_ws/build/micro_ros_msgs
[5.399s] Level 1:colcon.colcon_core.environment:checking '/home/sunrise/ros2_ws/install/micro_ros_msgs' for CMake config files
[5.425s] Level 1:colcon.colcon_core.shell:create_environment_hook('micro_ros_msgs', 'cmake_prefix_path')
[5.427s] INFO:colcon.colcon_core.shell:Creating environment hook '/home/sunrise/ros2_ws/install/micro_ros_msgs/share/micro_ros_msgs/hook/cmake_prefix_path.ps1'
[5.431s] INFO:colcon.colcon_core.shell:Creating environment descriptor '/home/sunrise/ros2_ws/install/micro_ros_msgs/share/micro_ros_msgs/hook/cmake_prefix_path.dsv'
[5.435s] INFO:colcon.colcon_core.shell:Creating environment hook '/home/sunrise/ros2_ws/install/micro_ros_msgs/share/micro_ros_msgs/hook/cmake_prefix_path.sh'
[5.441s] Level 1:colcon.colcon_core.environment:checking '/home/sunrise/ros2_ws/install/micro_ros_msgs/lib'
[5.443s] Level 1:colcon.colcon_core.shell:create_environment_hook('micro_ros_msgs', 'ld_library_path_lib')
[5.444s] INFO:colcon.colcon_core.shell:Creating environment hook '/home/sunrise/ros2_ws/install/micro_ros_msgs/share/micro_ros_msgs/hook/ld_library_path_lib.ps1'
[5.449s] INFO:colcon.colcon_core.shell:Creating environment descriptor '/home/sunrise/ros2_ws/install/micro_ros_msgs/share/micro_ros_msgs/hook/ld_library_path_lib.dsv'
[5.453s] INFO:colcon.colcon_core.shell:Creating environment hook '/home/sunrise/ros2_ws/install/micro_ros_msgs/share/micro_ros_msgs/hook/ld_library_path_lib.sh'
[5.457s] Level 1:colcon.colcon_core.environment:checking '/home/sunrise/ros2_ws/install/micro_ros_msgs/bin'
[5.457s] Level 1:colcon.colcon_core.environment:checking '/home/sunrise/ros2_ws/install/micro_ros_msgs/lib/pkgconfig/micro_ros_msgs.pc'
[5.459s] Level 1:colcon.colcon_core.environment:checking '/home/sunrise/ros2_ws/install/micro_ros_msgs/lib/python3.10/site-packages'
[5.460s] Level 1:colcon.colcon_core.environment:checking '/home/sunrise/ros2_ws/install/micro_ros_msgs/bin'
[5.463s] INFO:colcon.colcon_core.shell:Creating package script '/home/sunrise/ros2_ws/install/micro_ros_msgs/share/micro_ros_msgs/package.ps1'
[5.468s] INFO:colcon.colcon_core.shell:Creating package descriptor '/home/sunrise/ros2_ws/install/micro_ros_msgs/share/micro_ros_msgs/package.dsv'
[5.473s] INFO:colcon.colcon_core.shell:Creating package script '/home/sunrise/ros2_ws/install/micro_ros_msgs/share/micro_ros_msgs/package.sh'
[5.477s] INFO:colcon.colcon_core.shell:Creating package script '/home/sunrise/ros2_ws/install/micro_ros_msgs/share/micro_ros_msgs/package.bash'
[5.481s] INFO:colcon.colcon_core.shell:Creating package script '/home/sunrise/ros2_ws/install/micro_ros_msgs/share/micro_ros_msgs/package.zsh'
[5.485s] Level 1:colcon.colcon_core.environment:create_file_with_runtime_dependencies(/home/sunrise/ros2_ws/install/micro_ros_msgs/share/colcon-core/packages/micro_ros_msgs)
[5.492s] Level 1:colcon.colcon_core.environment:create_environment_scripts_only(micro_ros_msgs)
[5.494s] Level 1:colcon.colcon_core.environment:checking '/home/sunrise/ros2_ws/install/micro_ros_msgs' for CMake module files
[5.506s] Level 1:colcon.colcon_core.environment:checking '/home/sunrise/ros2_ws/install/micro_ros_msgs' for CMake config files
[5.525s] Level 1:colcon.colcon_core.shell:create_environment_hook('micro_ros_msgs', 'cmake_prefix_path')
[5.526s] INFO:colcon.colcon_core.shell:Creating environment hook '/home/sunrise/ros2_ws/install/micro_ros_msgs/share/micro_ros_msgs/hook/cmake_prefix_path.ps1'
[5.531s] INFO:colcon.colcon_core.shell:Creating environment descriptor '/home/sunrise/ros2_ws/install/micro_ros_msgs/share/micro_ros_msgs/hook/cmake_prefix_path.dsv'
[5.535s] INFO:colcon.colcon_core.shell:Creating environment hook '/home/sunrise/ros2_ws/install/micro_ros_msgs/share/micro_ros_msgs/hook/cmake_prefix_path.sh'
[5.540s] Level 1:colcon.colcon_core.environment:checking '/home/sunrise/ros2_ws/install/micro_ros_msgs/lib'
[5.541s] Level 1:colcon.colcon_core.shell:create_environment_hook('micro_ros_msgs', 'ld_library_path_lib')
[5.543s] INFO:colcon.colcon_core.shell:Creating environment hook '/home/sunrise/ros2_ws/install/micro_ros_msgs/share/micro_ros_msgs/hook/ld_library_path_lib.ps1'
[5.548s] INFO:colcon.colcon_core.shell:Creating environment descriptor '/home/sunrise/ros2_ws/install/micro_ros_msgs/share/micro_ros_msgs/hook/ld_library_path_lib.dsv'
[5.552s] INFO:colcon.colcon_core.shell:Creating environment hook '/home/sunrise/ros2_ws/install/micro_ros_msgs/share/micro_ros_msgs/hook/ld_library_path_lib.sh'
[5.556s] Level 1:colcon.colcon_core.environment:checking '/home/sunrise/ros2_ws/install/micro_ros_msgs/bin'
[5.557s] Level 1:colcon.colcon_core.environment:checking '/home/sunrise/ros2_ws/install/micro_ros_msgs/lib/pkgconfig/micro_ros_msgs.pc'
[5.559s] Level 1:colcon.colcon_core.environment:checking '/home/sunrise/ros2_ws/install/micro_ros_msgs/lib/python3.10/site-packages'
[5.560s] Level 1:colcon.colcon_core.environment:checking '/home/sunrise/ros2_ws/install/micro_ros_msgs/bin'
[5.563s] INFO:colcon.colcon_core.shell:Creating package script '/home/sunrise/ros2_ws/install/micro_ros_msgs/share/micro_ros_msgs/package.ps1'
[5.568s] INFO:colcon.colcon_core.shell:Creating package descriptor '/home/sunrise/ros2_ws/install/micro_ros_msgs/share/micro_ros_msgs/package.dsv'
[5.573s] INFO:colcon.colcon_core.shell:Creating package script '/home/sunrise/ros2_ws/install/micro_ros_msgs/share/micro_ros_msgs/package.sh'
[5.578s] INFO:colcon.colcon_core.shell:Creating package script '/home/sunrise/ros2_ws/install/micro_ros_msgs/share/micro_ros_msgs/package.bash'
[5.582s] INFO:colcon.colcon_core.shell:Creating package script '/home/sunrise/ros2_ws/install/micro_ros_msgs/share/micro_ros_msgs/package.zsh'
[5.586s] Level 1:colcon.colcon_core.environment:create_file_with_runtime_dependencies(/home/sunrise/ros2_ws/install/micro_ros_msgs/share/colcon-core/packages/micro_ros_msgs)
[5.589s] INFO:colcon.colcon_ros.task.ament_cmake.build:Building ROS package in '/home/sunrise/ros2_ws/src/micro-ROS-Agent/micro_ros_agent' with build type 'ament_cmake'
[5.590s] INFO:colcon.colcon_cmake.task.cmake.build:Building CMake package in '/home/sunrise/ros2_ws/src/micro-ROS-Agent/micro_ros_agent'
[5.592s] INFO:colcon.colcon_core.shell:Skip shell extension 'powershell' for command environment: Not usable outside of PowerShell
[5.592s] DEBUG:colcon.colcon_core.shell:Skip shell extension 'dsv' for command environment
[5.644s] Level 1:colcon.colcon_core.environment:create_environment_scripts_only(microxrcedds_agent)
[5.646s] Level 1:colcon.colcon_core.environment:checking '/home/sunrise/ros2_ws/install/microxrcedds_agent' for CMake module files
[5.649s] DEBUG:colcon.colcon_core.event_handler.log_command:Invoked command in '/home/sunrise/ros2_ws/build/microxrcedds_agent' returned '0': /usr/bin/cmake --install /home/sunrise/ros2_ws/build/microxrcedds_agent
[5.650s] Level 1:colcon.colcon_core.environment:checking '/home/sunrise/ros2_ws/install/microxrcedds_agent' for CMake config files
[5.658s] Level 1:colcon.colcon_core.shell:create_environment_hook('microxrcedds_agent', 'cmake_prefix_path')
[5.660s] INFO:colcon.colcon_core.shell:Creating environment hook '/home/sunrise/ros2_ws/install/microxrcedds_agent/share/microxrcedds_agent/hook/cmake_prefix_path.ps1'
[5.662s] INFO:colcon.colcon_core.shell:Creating environment descriptor '/home/sunrise/ros2_ws/install/microxrcedds_agent/share/microxrcedds_agent/hook/cmake_prefix_path.dsv'
[5.664s] INFO:colcon.colcon_core.shell:Creating environment hook '/home/sunrise/ros2_ws/install/microxrcedds_agent/share/microxrcedds_agent/hook/cmake_prefix_path.sh'
[5.667s] Level 1:colcon.colcon_core.environment:checking '/home/sunrise/ros2_ws/install/microxrcedds_agent/lib'
[5.668s] Level 1:colcon.colcon_core.shell:create_environment_hook('microxrcedds_agent', 'ld_library_path_lib')
[5.669s] INFO:colcon.colcon_core.shell:Creating environment hook '/home/sunrise/ros2_ws/install/microxrcedds_agent/share/microxrcedds_agent/hook/ld_library_path_lib.ps1'
[5.672s] INFO:colcon.colcon_core.shell:Creating environment descriptor '/home/sunrise/ros2_ws/install/microxrcedds_agent/share/microxrcedds_agent/hook/ld_library_path_lib.dsv'
[5.674s] INFO:colcon.colcon_core.shell:Creating environment hook '/home/sunrise/ros2_ws/install/microxrcedds_agent/share/microxrcedds_agent/hook/ld_library_path_lib.sh'
[5.676s] Level 1:colcon.colcon_core.environment:checking '/home/sunrise/ros2_ws/install/microxrcedds_agent/bin'
[5.677s] Level 1:colcon.colcon_core.shell:create_environment_hook('microxrcedds_agent', 'path')
[5.678s] INFO:colcon.colcon_core.shell:Creating environment hook '/home/sunrise/ros2_ws/install/microxrcedds_agent/share/microxrcedds_agent/hook/path.ps1'
[5.681s] INFO:colcon.colcon_core.shell:Creating environment descriptor '/home/sunrise/ros2_ws/install/microxrcedds_agent/share/microxrcedds_agent/hook/path.dsv'
[5.682s] INFO:colcon.colcon_core.shell:Creating environment hook '/home/sunrise/ros2_ws/install/microxrcedds_agent/share/microxrcedds_agent/hook/path.sh'
[5.685s] Level 1:colcon.colcon_core.environment:checking '/home/sunrise/ros2_ws/install/microxrcedds_agent/lib/pkgconfig/microxrcedds_agent.pc'
[5.686s] Level 1:colcon.colcon_core.environment:checking '/home/sunrise/ros2_ws/install/microxrcedds_agent/lib/python3.10/site-packages'
[5.687s] Level 1:colcon.colcon_core.environment:checking '/home/sunrise/ros2_ws/install/microxrcedds_agent/bin'
[5.688s] Level 1:colcon.colcon_core.shell:create_environment_hook('microxrcedds_agent', 'pythonscriptspath')
[5.689s] INFO:colcon.colcon_core.shell:Creating environment hook '/home/sunrise/ros2_ws/install/microxrcedds_agent/share/microxrcedds_agent/hook/pythonscriptspath.ps1'
[5.692s] INFO:colcon.colcon_core.shell:Creating environment descriptor '/home/sunrise/ros2_ws/install/microxrcedds_agent/share/microxrcedds_agent/hook/pythonscriptspath.dsv'
[5.694s] INFO:colcon.colcon_core.shell:Creating environment hook '/home/sunrise/ros2_ws/install/microxrcedds_agent/share/microxrcedds_agent/hook/pythonscriptspath.sh'
[5.699s] INFO:colcon.colcon_core.shell:Creating package script '/home/sunrise/ros2_ws/install/microxrcedds_agent/share/microxrcedds_agent/package.ps1'
[5.702s] INFO:colcon.colcon_core.shell:Creating package descriptor '/home/sunrise/ros2_ws/install/microxrcedds_agent/share/microxrcedds_agent/package.dsv'
[5.706s] INFO:colcon.colcon_core.shell:Creating package script '/home/sunrise/ros2_ws/install/microxrcedds_agent/share/microxrcedds_agent/package.sh'
[5.710s] INFO:colcon.colcon_core.shell:Creating package script '/home/sunrise/ros2_ws/install/microxrcedds_agent/share/microxrcedds_agent/package.bash'
[5.712s] INFO:colcon.colcon_core.shell:Creating package script '/home/sunrise/ros2_ws/install/microxrcedds_agent/share/microxrcedds_agent/package.zsh'
[5.715s] Level 1:colcon.colcon_core.environment:create_file_with_runtime_dependencies(/home/sunrise/ros2_ws/install/microxrcedds_agent/share/colcon-core/packages/microxrcedds_agent)
[5.731s] DEBUG:colcon.colcon_core.event_handler.log_command:Invoking command in '/home/sunrise/ros2_ws/build/micro_ros_agent': CMAKE_PREFIX_PATH=/home/sunrise/ros2_ws/install/micro_ros_msgs:/home/sunrise/ros2_ws/install/fishbot_navigation2:/home/sunrise/ros2_ws/install/ydlidar:/home/sunrise/ros2_ws/install/dwb_msgs:/home/sunrise/ros2_ws/install/nav_2d_msgs:/home/sunrise/ros2_ws/install/nav2_voxel_grid:/home/sunrise/ros2_ws/install/nav2_msgs:/home/sunrise/ros2_ws/install/nav2_common:/home/sunrise/ros2_ws/install/microxrcedds_agent:/home/sunrise/ros2_ws/install/micro_ros_agent:/home/sunrise/ros2_ws/install/fishbot_bringup:/home/sunrise/ros2_ws/install/nav2_simple_commander:/home/sunrise/ros2_ws/install/fishbot_description:/opt/ros/humble LD_LIBRARY_PATH=/home/sunrise/ros2_ws/install/micro_ros_msgs/lib:/home/sunrise/ros2_ws/install/dwb_msgs/lib:/home/sunrise/ros2_ws/install/nav_2d_msgs/lib:/home/sunrise/ros2_ws/install/nav2_voxel_grid/lib:/home/sunrise/ros2_ws/install/nav2_msgs/lib:/home/sunrise/ros2_ws/install/microxrcedds_agent/lib:/home/sunrise/ros2_ws/install/micro_ros_agent/lib:/usr/hobot/lib:/app/lib:/app/pub/lib:/middleware/lib:/middleware/pub/lib:/usr/hobot/lib/sensor:/system/lib:/system/usr/lib:/lib:/opt/ros/humble/opt/rviz_ogre_vendor/lib:/opt/ros/humble/lib/aarch64-linux-gnu:/opt/ros/humble/lib:/usr/hobot/lib:/app/lib:/app/pub/lib:/middleware/lib:/middleware/pub/lib:/usr/hobot/lib/sensor:/system/lib:/system/usr/lib:/lib /usr/bin/cmake --build /home/sunrise/ros2_ws/build/micro_ros_agent -- -j8 -l8
[6.035s] DEBUG:colcon.colcon_core.event_handler.log_command:Invoked command in '/home/sunrise/ros2_ws/build/micro_ros_agent' returned '0': CMAKE_PREFIX_PATH=/home/sunrise/ros2_ws/install/micro_ros_msgs:/home/sunrise/ros2_ws/install/fishbot_navigation2:/home/sunrise/ros2_ws/install/ydlidar:/home/sunrise/ros2_ws/install/dwb_msgs:/home/sunrise/ros2_ws/install/nav_2d_msgs:/home/sunrise/ros2_ws/install/nav2_voxel_grid:/home/sunrise/ros2_ws/install/nav2_msgs:/home/sunrise/ros2_ws/install/nav2_common:/home/sunrise/ros2_ws/install/microxrcedds_agent:/home/sunrise/ros2_ws/install/micro_ros_agent:/home/sunrise/ros2_ws/install/fishbot_bringup:/home/sunrise/ros2_ws/install/nav2_simple_commander:/home/sunrise/ros2_ws/install/fishbot_description:/opt/ros/humble LD_LIBRARY_PATH=/home/sunrise/ros2_ws/install/micro_ros_msgs/lib:/home/sunrise/ros2_ws/install/dwb_msgs/lib:/home/sunrise/ros2_ws/install/nav_2d_msgs/lib:/home/sunrise/ros2_ws/install/nav2_voxel_grid/lib:/home/sunrise/ros2_ws/install/nav2_msgs/lib:/home/sunrise/ros2_ws/install/microxrcedds_agent/lib:/home/sunrise/ros2_ws/install/micro_ros_agent/lib:/usr/hobot/lib:/app/lib:/app/pub/lib:/middleware/lib:/middleware/pub/lib:/usr/hobot/lib/sensor:/system/lib:/system/usr/lib:/lib:/opt/ros/humble/opt/rviz_ogre_vendor/lib:/opt/ros/humble/lib/aarch64-linux-gnu:/opt/ros/humble/lib:/usr/hobot/lib:/app/lib:/app/pub/lib:/middleware/lib:/middleware/pub/lib:/usr/hobot/lib/sensor:/system/lib:/system/usr/lib:/lib /usr/bin/cmake --build /home/sunrise/ros2_ws/build/micro_ros_agent -- -j8 -l8
[6.041s] DEBUG:colcon.colcon_core.event_handler.log_command:Invoking command in '/home/sunrise/ros2_ws/build/micro_ros_agent': CMAKE_PREFIX_PATH=/home/sunrise/ros2_ws/install/micro_ros_msgs:/home/sunrise/ros2_ws/install/fishbot_navigation2:/home/sunrise/ros2_ws/install/ydlidar:/home/sunrise/ros2_ws/install/dwb_msgs:/home/sunrise/ros2_ws/install/nav_2d_msgs:/home/sunrise/ros2_ws/install/nav2_voxel_grid:/home/sunrise/ros2_ws/install/nav2_msgs:/home/sunrise/ros2_ws/install/nav2_common:/home/sunrise/ros2_ws/install/microxrcedds_agent:/home/sunrise/ros2_ws/install/micro_ros_agent:/home/sunrise/ros2_ws/install/fishbot_bringup:/home/sunrise/ros2_ws/install/nav2_simple_commander:/home/sunrise/ros2_ws/install/fishbot_description:/opt/ros/humble LD_LIBRARY_PATH=/home/sunrise/ros2_ws/install/micro_ros_msgs/lib:/home/sunrise/ros2_ws/install/dwb_msgs/lib:/home/sunrise/ros2_ws/install/nav_2d_msgs/lib:/home/sunrise/ros2_ws/install/nav2_voxel_grid/lib:/home/sunrise/ros2_ws/install/nav2_msgs/lib:/home/sunrise/ros2_ws/install/microxrcedds_agent/lib:/home/sunrise/ros2_ws/install/micro_ros_agent/lib:/usr/hobot/lib:/app/lib:/app/pub/lib:/middleware/lib:/middleware/pub/lib:/usr/hobot/lib/sensor:/system/lib:/system/usr/lib:/lib:/opt/ros/humble/opt/rviz_ogre_vendor/lib:/opt/ros/humble/lib/aarch64-linux-gnu:/opt/ros/humble/lib:/usr/hobot/lib:/app/lib:/app/pub/lib:/middleware/lib:/middleware/pub/lib:/usr/hobot/lib/sensor:/system/lib:/system/usr/lib:/lib /usr/bin/cmake --install /home/sunrise/ros2_ws/build/micro_ros_agent
[6.088s] Level 1:colcon.colcon_core.environment:create_environment_scripts_only(micro_ros_agent)
[6.090s] Level 1:colcon.colcon_core.environment:checking '/home/sunrise/ros2_ws/install/micro_ros_agent' for CMake module files
[6.092s] DEBUG:colcon.colcon_core.event_handler.log_command:Invoked command in '/home/sunrise/ros2_ws/build/micro_ros_agent' returned '0': CMAKE_PREFIX_PATH=/home/sunrise/ros2_ws/install/micro_ros_msgs:/home/sunrise/ros2_ws/install/fishbot_navigation2:/home/sunrise/ros2_ws/install/ydlidar:/home/sunrise/ros2_ws/install/dwb_msgs:/home/sunrise/ros2_ws/install/nav_2d_msgs:/home/sunrise/ros2_ws/install/nav2_voxel_grid:/home/sunrise/ros2_ws/install/nav2_msgs:/home/sunrise/ros2_ws/install/nav2_common:/home/sunrise/ros2_ws/install/microxrcedds_agent:/home/sunrise/ros2_ws/install/micro_ros_agent:/home/sunrise/ros2_ws/install/fishbot_bringup:/home/sunrise/ros2_ws/install/nav2_simple_commander:/home/sunrise/ros2_ws/install/fishbot_description:/opt/ros/humble LD_LIBRARY_PATH=/home/sunrise/ros2_ws/install/micro_ros_msgs/lib:/home/sunrise/ros2_ws/install/dwb_msgs/lib:/home/sunrise/ros2_ws/install/nav_2d_msgs/lib:/home/sunrise/ros2_ws/install/nav2_voxel_grid/lib:/home/sunrise/ros2_ws/install/nav2_msgs/lib:/home/sunrise/ros2_ws/install/microxrcedds_agent/lib:/home/sunrise/ros2_ws/install/micro_ros_agent/lib:/usr/hobot/lib:/app/lib:/app/pub/lib:/middleware/lib:/middleware/pub/lib:/usr/hobot/lib/sensor:/system/lib:/system/usr/lib:/lib:/opt/ros/humble/opt/rviz_ogre_vendor/lib:/opt/ros/humble/lib/aarch64-linux-gnu:/opt/ros/humble/lib:/usr/hobot/lib:/app/lib:/app/pub/lib:/middleware/lib:/middleware/pub/lib:/usr/hobot/lib/sensor:/system/lib:/system/usr/lib:/lib /usr/bin/cmake --install /home/sunrise/ros2_ws/build/micro_ros_agent
[6.094s] Level 1:colcon.colcon_core.environment:checking '/home/sunrise/ros2_ws/install/micro_ros_agent' for CMake config files
[6.099s] Level 1:colcon.colcon_core.shell:create_environment_hook('micro_ros_agent', 'cmake_prefix_path')
[6.101s] INFO:colcon.colcon_core.shell:Creating environment hook '/home/sunrise/ros2_ws/install/micro_ros_agent/share/micro_ros_agent/hook/cmake_prefix_path.ps1'
[6.103s] INFO:colcon.colcon_core.shell:Creating environment descriptor '/home/sunrise/ros2_ws/install/micro_ros_agent/share/micro_ros_agent/hook/cmake_prefix_path.dsv'
[6.105s] INFO:colcon.colcon_core.shell:Creating environment hook '/home/sunrise/ros2_ws/install/micro_ros_agent/share/micro_ros_agent/hook/cmake_prefix_path.sh'
[6.108s] Level 1:colcon.colcon_core.environment:checking '/home/sunrise/ros2_ws/install/micro_ros_agent/lib'
[6.109s] Level 1:colcon.colcon_core.shell:create_environment_hook('micro_ros_agent', 'ld_library_path_lib')
[6.110s] INFO:colcon.colcon_core.shell:Creating environment hook '/home/sunrise/ros2_ws/install/micro_ros_agent/share/micro_ros_agent/hook/ld_library_path_lib.ps1'
[6.113s] INFO:colcon.colcon_core.shell:Creating environment descriptor '/home/sunrise/ros2_ws/install/micro_ros_agent/share/micro_ros_agent/hook/ld_library_path_lib.dsv'
[6.116s] INFO:colcon.colcon_core.shell:Creating environment hook '/home/sunrise/ros2_ws/install/micro_ros_agent/share/micro_ros_agent/hook/ld_library_path_lib.sh'
[6.118s] Level 1:colcon.colcon_core.environment:checking '/home/sunrise/ros2_ws/install/micro_ros_agent/bin'
[6.119s] Level 1:colcon.colcon_core.environment:checking '/home/sunrise/ros2_ws/install/micro_ros_agent/lib/pkgconfig/micro_ros_agent.pc'
[6.120s] Level 1:colcon.colcon_core.environment:checking '/home/sunrise/ros2_ws/install/micro_ros_agent/lib/python3.10/site-packages'
[6.122s] Level 1:colcon.colcon_core.environment:checking '/home/sunrise/ros2_ws/install/micro_ros_agent/bin'
[6.124s] INFO:colcon.colcon_core.shell:Creating package script '/home/sunrise/ros2_ws/install/micro_ros_agent/share/micro_ros_agent/package.ps1'
[6.127s] INFO:colcon.colcon_core.shell:Creating package descriptor '/home/sunrise/ros2_ws/install/micro_ros_agent/share/micro_ros_agent/package.dsv'
[6.129s] INFO:colcon.colcon_core.shell:Creating package script '/home/sunrise/ros2_ws/install/micro_ros_agent/share/micro_ros_agent/package.sh'
[6.132s] INFO:colcon.colcon_core.shell:Creating package script '/home/sunrise/ros2_ws/install/micro_ros_agent/share/micro_ros_agent/package.bash'
[6.134s] INFO:colcon.colcon_core.shell:Creating package script '/home/sunrise/ros2_ws/install/micro_ros_agent/share/micro_ros_agent/package.zsh'
[6.136s] Level 1:colcon.colcon_core.environment:create_file_with_runtime_dependencies(/home/sunrise/ros2_ws/install/micro_ros_agent/share/colcon-core/packages/micro_ros_agent)
[6.139s] Level 1:colcon.colcon_core.environment:create_environment_scripts_only(micro_ros_agent)
[6.141s] Level 1:colcon.colcon_core.environment:checking '/home/sunrise/ros2_ws/install/micro_ros_agent' for CMake module files
[6.145s] Level 1:colcon.colcon_core.environment:checking '/home/sunrise/ros2_ws/install/micro_ros_agent' for CMake config files
[6.150s] Level 1:colcon.colcon_core.shell:create_environment_hook('micro_ros_agent', 'cmake_prefix_path')
[6.151s] INFO:colcon.colcon_core.shell:Creating environment hook '/home/sunrise/ros2_ws/install/micro_ros_agent/share/micro_ros_agent/hook/cmake_prefix_path.ps1'
[6.154s] INFO:colcon.colcon_core.shell:Creating environment descriptor '/home/sunrise/ros2_ws/install/micro_ros_agent/share/micro_ros_agent/hook/cmake_prefix_path.dsv'
[6.156s] INFO:colcon.colcon_core.shell:Creating environment hook '/home/sunrise/ros2_ws/install/micro_ros_agent/share/micro_ros_agent/hook/cmake_prefix_path.sh'
[6.158s] Level 1:colcon.colcon_core.environment:checking '/home/sunrise/ros2_ws/install/micro_ros_agent/lib'
[6.159s] Level 1:colcon.colcon_core.shell:create_environment_hook('micro_ros_agent', 'ld_library_path_lib')
[6.160s] INFO:colcon.colcon_core.shell:Creating environment hook '/home/sunrise/ros2_ws/install/micro_ros_agent/share/micro_ros_agent/hook/ld_library_path_lib.ps1'
[6.163s] INFO:colcon.colcon_core.shell:Creating environment descriptor '/home/sunrise/ros2_ws/install/micro_ros_agent/share/micro_ros_agent/hook/ld_library_path_lib.dsv'
[6.165s] INFO:colcon.colcon_core.shell:Creating environment hook '/home/sunrise/ros2_ws/install/micro_ros_agent/share/micro_ros_agent/hook/ld_library_path_lib.sh'
[6.167s] Level 1:colcon.colcon_core.environment:checking '/home/sunrise/ros2_ws/install/micro_ros_agent/bin'
[6.167s] Level 1:colcon.colcon_core.environment:checking '/home/sunrise/ros2_ws/install/micro_ros_agent/lib/pkgconfig/micro_ros_agent.pc'
[6.169s] Level 1:colcon.colcon_core.environment:checking '/home/sunrise/ros2_ws/install/micro_ros_agent/lib/python3.10/site-packages'
[6.170s] Level 1:colcon.colcon_core.environment:checking '/home/sunrise/ros2_ws/install/micro_ros_agent/bin'
[6.172s] INFO:colcon.colcon_core.shell:Creating package script '/home/sunrise/ros2_ws/install/micro_ros_agent/share/micro_ros_agent/package.ps1'
[6.175s] INFO:colcon.colcon_core.shell:Creating package descriptor '/home/sunrise/ros2_ws/install/micro_ros_agent/share/micro_ros_agent/package.dsv'
[6.178s] INFO:colcon.colcon_core.shell:Creating package script '/home/sunrise/ros2_ws/install/micro_ros_agent/share/micro_ros_agent/package.sh'
[6.181s] INFO:colcon.colcon_core.shell:Creating package script '/home/sunrise/ros2_ws/install/micro_ros_agent/share/micro_ros_agent/package.bash'
[6.184s] INFO:colcon.colcon_core.shell:Creating package script '/home/sunrise/ros2_ws/install/micro_ros_agent/share/micro_ros_agent/package.zsh'
[6.187s] Level 1:colcon.colcon_core.environment:create_file_with_runtime_dependencies(/home/sunrise/ros2_ws/install/micro_ros_agent/share/colcon-core/packages/micro_ros_agent)
[7.226s] DEBUG:colcon.colcon_core.event_handler.log_command:Invoking command in '/home/sunrise/ros2_ws/src/fishbot_description': PYTHONPATH=/home/sunrise/ros2_ws/build/fishbot_description/prefix_override:/usr/lib/python3/dist-packages/colcon_core/task/python/colcon_distutils_commands:/home/sunrise/ros2_ws/install/fishbot_description/lib/python3.10/site-packages:${PYTHONPATH} /usr/bin/python3 -W ignore:setup.py install is deprecated -W ignore:easy_install command is deprecated setup.py egg_info --egg-base ../../build/fishbot_description build --build-base /home/sunrise/ros2_ws/build/fishbot_description/build install --record /home/sunrise/ros2_ws/build/fishbot_description/install.log --single-version-externally-managed install_data
[9.152s] Level 1:colcon.colcon_core.environment:checking '/home/sunrise/ros2_ws/install/fishbot_description' for CMake module files
[9.163s] DEBUG:colcon.colcon_core.event_handler.log_command:Invoked command in '/home/sunrise/ros2_ws/src/fishbot_description' returned '0': PYTHONPATH=/home/sunrise/ros2_ws/build/fishbot_description/prefix_override:/usr/lib/python3/dist-packages/colcon_core/task/python/colcon_distutils_commands:/home/sunrise/ros2_ws/install/fishbot_description/lib/python3.10/site-packages:${PYTHONPATH} /usr/bin/python3 -W ignore:setup.py install is deprecated -W ignore:easy_install command is deprecated setup.py egg_info --egg-base ../../build/fishbot_description build --build-base /home/sunrise/ros2_ws/build/fishbot_description/build install --record /home/sunrise/ros2_ws/build/fishbot_description/install.log --single-version-externally-managed install_data
[9.167s] Level 1:colcon.colcon_core.environment:checking '/home/sunrise/ros2_ws/install/fishbot_description' for CMake config files
[9.170s] Level 1:colcon.colcon_core.environment:checking '/home/sunrise/ros2_ws/install/fishbot_description/lib'
[9.171s] Level 1:colcon.colcon_core.environment:checking '/home/sunrise/ros2_ws/install/fishbot_description/bin'
[9.171s] Level 1:colcon.colcon_core.environment:checking '/home/sunrise/ros2_ws/install/fishbot_description/lib/pkgconfig/fishbot_description.pc'
[9.172s] Level 1:colcon.colcon_core.environment:checking '/home/sunrise/ros2_ws/install/fishbot_description/lib/python3.10/site-packages'
[9.172s] Level 1:colcon.colcon_core.shell:create_environment_hook('fishbot_description', 'pythonpath')
[9.174s] INFO:colcon.colcon_core.shell:Creating environment hook '/home/sunrise/ros2_ws/install/fishbot_description/share/fishbot_description/hook/pythonpath.ps1'
[9.176s] INFO:colcon.colcon_core.shell:Creating environment descriptor '/home/sunrise/ros2_ws/install/fishbot_description/share/fishbot_description/hook/pythonpath.dsv'
[9.178s] INFO:colcon.colcon_core.shell:Creating environment hook '/home/sunrise/ros2_ws/install/fishbot_description/share/fishbot_description/hook/pythonpath.sh'
[9.184s] Level 1:colcon.colcon_core.environment:checking '/home/sunrise/ros2_ws/install/fishbot_description/bin'
[9.185s] Level 1:colcon.colcon_core.environment:create_environment_scripts_only(fishbot_description)
[9.189s] INFO:colcon.colcon_core.shell:Creating package script '/home/sunrise/ros2_ws/install/fishbot_description/share/fishbot_description/package.ps1'
[9.195s] INFO:colcon.colcon_core.shell:Creating package descriptor '/home/sunrise/ros2_ws/install/fishbot_description/share/fishbot_description/package.dsv'
[9.197s] INFO:colcon.colcon_core.shell:Creating package script '/home/sunrise/ros2_ws/install/fishbot_description/share/fishbot_description/package.sh'
[9.200s] INFO:colcon.colcon_core.shell:Creating package script '/home/sunrise/ros2_ws/install/fishbot_description/share/fishbot_description/package.bash'
[9.202s] INFO:colcon.colcon_core.shell:Creating package script '/home/sunrise/ros2_ws/install/fishbot_description/share/fishbot_description/package.zsh'
[9.204s] Level 1:colcon.colcon_core.environment:create_file_with_runtime_dependencies(/home/sunrise/ros2_ws/install/fishbot_description/share/colcon-core/packages/fishbot_description)
[9.206s] DEBUG:colcon.colcon_parallel_executor.executor.parallel:closing loop
[9.207s] DEBUG:colcon.colcon_parallel_executor.executor.parallel:loop closed
[9.207s] DEBUG:colcon.colcon_parallel_executor.executor.parallel:run_until_complete finished with '0'
[9.208s] DEBUG:colcon.colcon_core.event_reactor:joining thread
[9.240s] INFO:colcon.colcon_core.plugin_system:Skipping extension 'colcon_notification.desktop_notification.notify_send': Could not find 'notify-send'
[9.241s] INFO:colcon.colcon_core.plugin_system:Skipping extension 'colcon_notification.desktop_notification.terminal_notifier': Not used on non-Darwin systems
[9.241s] INFO:colcon.colcon_core.plugin_system:Skipping extension 'colcon_notification.desktop_notification.win32': Not used on non-Windows systems
[9.241s] INFO:colcon.colcon_notification.desktop_notification:Sending desktop notification using 'notify2'
[9.262s] DEBUG:colcon.colcon_core.event_reactor:joined thread
[9.264s] INFO:colcon.colcon_core.shell:Creating prefix script '/home/sunrise/ros2_ws/install/local_setup.ps1'
[9.271s] INFO:colcon.colcon_core.shell:Creating prefix util module '/home/sunrise/ros2_ws/install/_local_setup_util_ps1.py'
[9.282s] INFO:colcon.colcon_core.shell:Creating prefix chain script '/home/sunrise/ros2_ws/install/setup.ps1'
[9.292s] INFO:colcon.colcon_core.shell:Creating prefix script '/home/sunrise/ros2_ws/install/local_setup.sh'
[9.296s] INFO:colcon.colcon_core.shell:Creating prefix util module '/home/sunrise/ros2_ws/install/_local_setup_util_sh.py'
[9.300s] INFO:colcon.colcon_core.shell:Creating prefix chain script '/home/sunrise/ros2_ws/install/setup.sh'
[9.310s] INFO:colcon.colcon_core.shell:Creating prefix script '/home/sunrise/ros2_ws/install/local_setup.bash'
[9.313s] INFO:colcon.colcon_core.shell:Creating prefix chain script '/home/sunrise/ros2_ws/install/setup.bash'
[9.323s] INFO:colcon.colcon_core.shell:Creating prefix script '/home/sunrise/ros2_ws/install/local_setup.zsh'
[9.326s] INFO:colcon.colcon_core.shell:Creating prefix chain script '/home/sunrise/ros2_ws/install/setup.zsh'
