-- Install configuration: ""
-- Up-to-date: /home/sunrise/ros2_ws/install/fishbot_navigation2/share/fishbot_navigation2/launch
-- Up-to-date: /home/sunrise/ros2_ws/install/fishbot_navigation2/share/fishbot_navigation2/launch/navigation2.launch.py
-- Up-to-date: /home/sunrise/ros2_ws/install/fishbot_navigation2/share/fishbot_navigation2/launch/odom_ekf.launch.py
-- Up-to-date: /home/sunrise/ros2_ws/install/fishbot_navigation2/share/fishbot_navigation2/config
-- Up-to-date: /home/sunrise/ros2_ws/install/fishbot_navigation2/share/fishbot_navigation2/config/ekf.yaml
-- Up-to-date: /home/sunrise/ros2_ws/install/fishbot_navigation2/share/fishbot_navigation2/param
-- Up-to-date: /home/sunrise/ros2_ws/install/fishbot_navigation2/share/fishbot_navigation2/param/fishbot.yaml
-- Installing: /home/sunrise/ros2_ws/install/fishbot_navigation2/share/fishbot_navigation2/param/fishbot_nav2.yaml
-- Up-to-date: /home/sunrise/ros2_ws/install/fishbot_navigation2/share/fishbot_navigation2/maps
-- Up-to-date: /home/sunrise/ros2_ws/install/fishbot_navigation2/share/fishbot_navigation2/maps/fishbot_map.yaml
-- Up-to-date: /home/sunrise/ros2_ws/install/fishbot_navigation2/share/fishbot_navigation2/maps/fishbot_map.png
-- Up-to-date: /home/sunrise/ros2_ws/install/fishbot_navigation2/share/fishbot_navigation2/maps/fishbot_map.pgm
-- Up-to-date: /home/sunrise/ros2_ws/install/fishbot_navigation2/share/fishbot_navigation2/maps/show_pgm.py
-- Up-to-date: /home/sunrise/ros2_ws/install/fishbot_navigation2/share/ament_index/resource_index/package_run_dependencies/fishbot_navigation2
-- Up-to-date: /home/sunrise/ros2_ws/install/fishbot_navigation2/share/ament_index/resource_index/parent_prefix_path/fishbot_navigation2
-- Up-to-date: /home/sunrise/ros2_ws/install/fishbot_navigation2/share/fishbot_navigation2/environment/ament_prefix_path.sh
-- Up-to-date: /home/sunrise/ros2_ws/install/fishbot_navigation2/share/fishbot_navigation2/environment/ament_prefix_path.dsv
-- Up-to-date: /home/sunrise/ros2_ws/install/fishbot_navigation2/share/fishbot_navigation2/environment/path.sh
-- Up-to-date: /home/sunrise/ros2_ws/install/fishbot_navigation2/share/fishbot_navigation2/environment/path.dsv
-- Up-to-date: /home/sunrise/ros2_ws/install/fishbot_navigation2/share/fishbot_navigation2/local_setup.bash
-- Up-to-date: /home/sunrise/ros2_ws/install/fishbot_navigation2/share/fishbot_navigation2/local_setup.sh
-- Up-to-date: /home/sunrise/ros2_ws/install/fishbot_navigation2/share/fishbot_navigation2/local_setup.zsh
-- Up-to-date: /home/sunrise/ros2_ws/install/fishbot_navigation2/share/fishbot_navigation2/local_setup.dsv
-- Installing: /home/sunrise/ros2_ws/install/fishbot_navigation2/share/fishbot_navigation2/package.dsv
-- Up-to-date: /home/sunrise/ros2_ws/install/fishbot_navigation2/share/ament_index/resource_index/packages/fishbot_navigation2
-- Up-to-date: /home/sunrise/ros2_ws/install/fishbot_navigation2/share/fishbot_navigation2/cmake/fishbot_navigation2Config.cmake
-- Up-to-date: /home/sunrise/ros2_ws/install/fishbot_navigation2/share/fishbot_navigation2/cmake/fishbot_navigation2Config-version.cmake
-- Up-to-date: /home/sunrise/ros2_ws/install/fishbot_navigation2/share/fishbot_navigation2/package.xml
