[2.050s] Invoking command in '/home/sunrise/ros2_ws/build/fishbot_navigation2': CMAKE_PREFIX_PATH=${CMAKE_PREFIX_PATH}:/home/sunrise/ros2_ws/install/nav2_simple_commander:/home/sunrise/ros2_ws/install/fishbot_description:/opt/ros/humble /usr/bin/cmake --build /home/sunrise/ros2_ws/build/fishbot_navigation2 -- -j8 -l8
[2.340s] Invoked command in '/home/sunrise/ros2_ws/build/fishbot_navigation2' returned '0': CMAKE_PREFIX_PATH=${CMAKE_PREFIX_PATH}:/home/sunrise/ros2_ws/install/nav2_simple_commander:/home/sunrise/ros2_ws/install/fishbot_description:/opt/ros/humble /usr/bin/cmake --build /home/sunrise/ros2_ws/build/fishbot_navigation2 -- -j8 -l8
[2.346s] Invoking command in '/home/sunrise/ros2_ws/build/fishbot_navigation2': CMAKE_PREFIX_PATH=${CMAKE_PREFIX_PATH}:/home/sunrise/ros2_ws/install/nav2_simple_commander:/home/sunrise/ros2_ws/install/fishbot_description:/opt/ros/humble /usr/bin/cmake --install /home/sunrise/ros2_ws/build/fishbot_navigation2
[2.381s] -- Install configuration: ""
[2.382s] -- Up-to-date: /home/sunrise/ros2_ws/install/fishbot_navigation2/share/fishbot_navigation2/launch
[2.383s] -- Up-to-date: /home/sunrise/ros2_ws/install/fishbot_navigation2/share/fishbot_navigation2/launch/navigation2.launch.py
[2.384s] -- Up-to-date: /home/sunrise/ros2_ws/install/fishbot_navigation2/share/fishbot_navigation2/launch/odom_ekf.launch.py
[2.385s] -- Up-to-date: /home/sunrise/ros2_ws/install/fishbot_navigation2/share/fishbot_navigation2/config
[2.385s] -- Up-to-date: /home/sunrise/ros2_ws/install/fishbot_navigation2/share/fishbot_navigation2/config/ekf.yaml
[2.386s] -- Up-to-date: /home/sunrise/ros2_ws/install/fishbot_navigation2/share/fishbot_navigation2/param
[2.387s] -- Up-to-date: /home/sunrise/ros2_ws/install/fishbot_navigation2/share/fishbot_navigation2/param/fishbot.yaml
[2.388s] -- Installing: /home/sunrise/ros2_ws/install/fishbot_navigation2/share/fishbot_navigation2/param/fishbot_nav2.yaml
[2.388s] -- Up-to-date: /home/sunrise/ros2_ws/install/fishbot_navigation2/share/fishbot_navigation2/maps
[2.389s] -- Up-to-date: /home/sunrise/ros2_ws/install/fishbot_navigation2/share/fishbot_navigation2/maps/fishbot_map.yaml
[2.389s] -- Up-to-date: /home/sunrise/ros2_ws/install/fishbot_navigation2/share/fishbot_navigation2/maps/fishbot_map.png
[2.390s] -- Up-to-date: /home/sunrise/ros2_ws/install/fishbot_navigation2/share/fishbot_navigation2/maps/fishbot_map.pgm
[2.390s] -- Up-to-date: /home/sunrise/ros2_ws/install/fishbot_navigation2/share/fishbot_navigation2/maps/show_pgm.py
[2.391s] -- Up-to-date: /home/sunrise/ros2_ws/install/fishbot_navigation2/share/ament_index/resource_index/package_run_dependencies/fishbot_navigation2
[2.392s] -- Up-to-date: /home/sunrise/ros2_ws/install/fishbot_navigation2/share/ament_index/resource_index/parent_prefix_path/fishbot_navigation2
[2.393s] -- Up-to-date: /home/sunrise/ros2_ws/install/fishbot_navigation2/share/fishbot_navigation2/environment/ament_prefix_path.sh
[2.394s] -- Up-to-date: /home/sunrise/ros2_ws/install/fishbot_navigation2/share/fishbot_navigation2/environment/ament_prefix_path.dsv
[2.395s] -- Up-to-date: /home/sunrise/ros2_ws/install/fishbot_navigation2/share/fishbot_navigation2/environment/path.sh
[2.400s] -- Up-to-date: /home/sunrise/ros2_ws/install/fishbot_navigation2/share/fishbot_navigation2/environment/path.dsv
[2.402s] -- Up-to-date: /home/sunrise/ros2_ws/install/fishbot_navigation2/share/fishbot_navigation2/local_setup.bash
[2.403s] -- Up-to-date: /home/sunrise/ros2_ws/install/fishbot_navigation2/share/fishbot_navigation2/local_setup.sh
[2.403s] -- Up-to-date: /home/sunrise/ros2_ws/install/fishbot_navigation2/share/fishbot_navigation2/local_setup.zsh
[2.404s] -- Up-to-date: /home/sunrise/ros2_ws/install/fishbot_navigation2/share/fishbot_navigation2/local_setup.dsv
[2.405s] -- Installing: /home/sunrise/ros2_ws/install/fishbot_navigation2/share/fishbot_navigation2/package.dsv
[2.406s] -- Up-to-date: /home/sunrise/ros2_ws/install/fishbot_navigation2/share/ament_index/resource_index/packages/fishbot_navigation2
[2.407s] -- Up-to-date: /home/sunrise/ros2_ws/install/fishbot_navigation2/share/fishbot_navigation2/cmake/fishbot_navigation2Config.cmake
[2.409s] -- Up-to-date: /home/sunrise/ros2_ws/install/fishbot_navigation2/share/fishbot_navigation2/cmake/fishbot_navigation2Config-version.cmake
[2.410s] -- Up-to-date: /home/sunrise/ros2_ws/install/fishbot_navigation2/share/fishbot_navigation2/package.xml
[2.411s] Invoked command in '/home/sunrise/ros2_ws/build/fishbot_navigation2' returned '0': CMAKE_PREFIX_PATH=${CMAKE_PREFIX_PATH}:/home/sunrise/ros2_ws/install/nav2_simple_commander:/home/sunrise/ros2_ws/install/fishbot_description:/opt/ros/humble /usr/bin/cmake --install /home/sunrise/ros2_ws/build/fishbot_navigation2
