[0.092s] Invoking command in '/home/sunrise/ros2_ws/build/ydlidar': CMAKE_PREFIX_PATH=${CMAKE_PREFIX_PATH}:/opt/ros/humble:/home/sunrise/ros2_ws/install/fishbot_description /usr/bin/cmake --build /home/sunrise/ros2_ws/build/ydlidar -- -j8 -l8
[0.381s] [ 18%] Built target ydlidar_client
[0.403s] [100%] Built target ydlidar_node
[0.477s] Invoked command in '/home/sunrise/ros2_ws/build/ydlidar' returned '0': CMAKE_PREFIX_PATH=${CMAKE_PREFIX_PATH}:/opt/ros/humble:/home/sunrise/ros2_ws/install/fishbot_description /usr/bin/cmake --build /home/sunrise/ros2_ws/build/ydlidar -- -j8 -l8
[0.485s] Invoking command in '/home/sunrise/ros2_ws/build/ydlidar': CMAKE_PREFIX_PATH=${CMAKE_PREFIX_PATH}:/opt/ros/humble:/home/sunrise/ros2_ws/install/fishbot_description /usr/bin/cmake --install /home/sunrise/ros2_ws/build/ydlidar
[0.522s] -- Install configuration: ""
[0.523s] -- Up-to-date: /home/sunrise/ros2_ws/install/ydlidar/lib/ydlidar/ydlidar_node
[0.525s] -- Up-to-date: /home/sunrise/ros2_ws/install/ydlidar/lib/ydlidar/ydlidar_client
[0.527s] -- Up-to-date: /home/sunrise/ros2_ws/install/ydlidar/share/ydlidar/launch
[0.533s] -- Up-to-date: /home/sunrise/ros2_ws/install/ydlidar/share/ydlidar/launch/ydlidar_launch.py
[0.535s] -- Up-to-date: /home/sunrise/ros2_ws/install/ydlidar/share/ydlidar/launch/ydlidar.py
[0.535s] -- Up-to-date: /home/sunrise/ros2_ws/install/ydlidar/share/ydlidar/params
[0.536s] -- Up-to-date: /home/sunrise/ros2_ws/install/ydlidar/share/ydlidar/params/ydlidar.yaml
[0.537s] -- Up-to-date: /home/sunrise/ros2_ws/install/ydlidar/share/ydlidar/startup
[0.538s] -- Up-to-date: /home/sunrise/ros2_ws/install/ydlidar/share/ydlidar/startup/initenv.sh
[0.539s] -- Up-to-date: /home/sunrise/ros2_ws/install/ydlidar/share/ament_index/resource_index/package_run_dependencies/ydlidar
[0.540s] -- Up-to-date: /home/sunrise/ros2_ws/install/ydlidar/share/ament_index/resource_index/parent_prefix_path/ydlidar
[0.541s] -- Up-to-date: /home/sunrise/ros2_ws/install/ydlidar/share/ydlidar/environment/ament_prefix_path.sh
[0.542s] -- Up-to-date: /home/sunrise/ros2_ws/install/ydlidar/share/ydlidar/environment/ament_prefix_path.dsv
[0.543s] -- Up-to-date: /home/sunrise/ros2_ws/install/ydlidar/share/ydlidar/environment/path.sh
[0.543s] -- Up-to-date: /home/sunrise/ros2_ws/install/ydlidar/share/ydlidar/environment/path.dsv
[0.544s] -- Up-to-date: /home/sunrise/ros2_ws/install/ydlidar/share/ydlidar/local_setup.bash
[0.545s] -- Up-to-date: /home/sunrise/ros2_ws/install/ydlidar/share/ydlidar/local_setup.sh
[0.546s] -- Up-to-date: /home/sunrise/ros2_ws/install/ydlidar/share/ydlidar/local_setup.zsh
[0.546s] -- Up-to-date: /home/sunrise/ros2_ws/install/ydlidar/share/ydlidar/local_setup.dsv
[0.547s] -- Installing: /home/sunrise/ros2_ws/install/ydlidar/share/ydlidar/package.dsv
[0.551s] -- Up-to-date: /home/sunrise/ros2_ws/install/ydlidar/share/ament_index/resource_index/packages/ydlidar
[0.554s] -- Up-to-date: /home/sunrise/ros2_ws/install/ydlidar/share/ydlidar/cmake/ydlidarConfig.cmake
[0.555s] -- Up-to-date: /home/sunrise/ros2_ws/install/ydlidar/share/ydlidar/cmake/ydlidarConfig-version.cmake
[0.556s] -- Up-to-date: /home/sunrise/ros2_ws/install/ydlidar/share/ydlidar/package.xml
[0.660s] Invoked command in '/home/sunrise/ros2_ws/build/ydlidar' returned '0': CMAKE_PREFIX_PATH=${CMAKE_PREFIX_PATH}:/opt/ros/humble:/home/sunrise/ros2_ws/install/fishbot_description /usr/bin/cmake --install /home/sunrise/ros2_ws/build/ydlidar
