[4.338s] Invoking command in '/home/sunrise/ros2_ws/src/fishbot_description': PYTHONPATH=/home/sunrise/ros2_ws/build/fishbot_description/prefix_override:/usr/lib/python3/dist-packages/colcon_core/task/python/colcon_distutils_commands:/home/sunrise/ros2_ws/install/fishbot_description/lib/python3.10/site-packages:${PYTHONPATH} /usr/bin/python3 -W ignore:setup.py install is deprecated -W ignore:easy_install command is deprecated setup.py egg_info --egg-base ../../build/fishbot_description build --build-base /home/sunrise/ros2_ws/build/fishbot_description/build install --record /home/sunrise/ros2_ws/build/fishbot_description/install.log --single-version-externally-managed install_data
[5.770s] running egg_info
[5.774s] writing ../../build/fishbot_description/fishbot_description.egg-info/PKG-INFO
[5.775s] writing dependency_links to ../../build/fishbot_description/fishbot_description.egg-info/dependency_links.txt
[5.776s] writing entry points to ../../build/fishbot_description/fishbot_description.egg-info/entry_points.txt
[5.776s] writing requirements to ../../build/fishbot_description/fishbot_description.egg-info/requires.txt
[5.777s] writing top-level names to ../../build/fishbot_description/fishbot_description.egg-info/top_level.txt
[5.787s] reading manifest file '../../build/fishbot_description/fishbot_description.egg-info/SOURCES.txt'
[5.793s] writing manifest file '../../build/fishbot_description/fishbot_description.egg-info/SOURCES.txt'
[5.793s] running build
[5.794s] running build_py
[5.795s] copying fishbot_description/__init__.py -> /home/sunrise/ros2_ws/build/fishbot_description/build/lib/fishbot_description
[5.795s] running install
[5.797s] running install_lib
[5.801s] copying /home/sunrise/ros2_ws/build/fishbot_description/build/lib/fishbot_description/__init__.py -> /home/sunrise/ros2_ws/install/fishbot_description/lib/python3.10/site-packages/fishbot_description
[5.803s] byte-compiling /home/sunrise/ros2_ws/install/fishbot_description/lib/python3.10/site-packages/fishbot_description/__init__.py to __init__.cpython-310.pyc
[5.805s] running install_data
[5.805s] copying resource/fishbot_description -> /home/sunrise/ros2_ws/install/fishbot_description/share/ament_index/resource_index/packages
[5.806s] copying package.xml -> /home/sunrise/ros2_ws/install/fishbot_description/share/fishbot_description
[5.807s] copying urdf/fishbot_v1.0.0.urdf -> /home/sunrise/ros2_ws/install/fishbot_description/share/fishbot_description/urdf
[5.807s] running install_egg_info
[5.817s] removing '/home/sunrise/ros2_ws/install/fishbot_description/lib/python3.10/site-packages/fishbot_description-0.0.0-py3.10.egg-info' (and everything under it)
[5.819s] Copying ../../build/fishbot_description/fishbot_description.egg-info to /home/sunrise/ros2_ws/install/fishbot_description/lib/python3.10/site-packages/fishbot_description-0.0.0-py3.10.egg-info
[5.823s] running install_scripts
[5.938s] Installing rotate_wheel script to /home/sunrise/ros2_ws/install/fishbot_description/lib/fishbot_description
[5.940s] writing list of installed files to '/home/sunrise/ros2_ws/build/fishbot_description/install.log'
[6.148s] Invoked command in '/home/sunrise/ros2_ws/src/fishbot_description' returned '0': PYTHONPATH=/home/sunrise/ros2_ws/build/fishbot_description/prefix_override:/usr/lib/python3/dist-packages/colcon_core/task/python/colcon_distutils_commands:/home/sunrise/ros2_ws/install/fishbot_description/lib/python3.10/site-packages:${PYTHONPATH} /usr/bin/python3 -W ignore:setup.py install is deprecated -W ignore:easy_install command is deprecated setup.py egg_info --egg-base ../../build/fishbot_description build --build-base /home/sunrise/ros2_ws/build/fishbot_description/build install --record /home/sunrise/ros2_ws/build/fishbot_description/install.log --single-version-externally-managed install_data
