[0.176s] Invoking command in '/home/sunrise/ros2_ws/build/fishbot_bringup': CMAKE_PREFIX_PATH=${CMAKE_PREFIX_PATH}:/home/sunrise/ros2_ws/install/nav2_simple_commander:/home/sunrise/ros2_ws/install/fishbot_description:/opt/ros/humble /usr/bin/cmake --build /home/sunrise/ros2_ws/build/fishbot_bringup -- -j8 -l8
[2.194s] [100%] Built target fishbot_bringup
[2.200s] Invoked command in '/home/sunrise/ros2_ws/build/fishbot_bringup' returned '0': CMAKE_PREFIX_PATH=${CMAKE_PREFIX_PATH}:/home/sunrise/ros2_ws/install/nav2_simple_commander:/home/sunrise/ros2_ws/install/fishbot_description:/opt/ros/humble /usr/bin/cmake --build /home/sunrise/ros2_ws/build/fishbot_bringup -- -j8 -l8
[2.238s] Invoking command in '/home/sunrise/ros2_ws/build/fishbot_bringup': CMAKE_PREFIX_PATH=${CMAKE_PREFIX_PATH}:/home/sunrise/ros2_ws/install/nav2_simple_commander:/home/sunrise/ros2_ws/install/fishbot_description:/opt/ros/humble /usr/bin/cmake --install /home/sunrise/ros2_ws/build/fishbot_bringup
[2.276s] -- Install configuration: ""
[2.277s] -- Up-to-date: /home/sunrise/ros2_ws/install/fishbot_bringup/lib/fishbot_bringup/fishbot_bringup
[2.278s] -- Up-to-date: /home/sunrise/ros2_ws/install/fishbot_bringup/share/fishbot_bringup/launch
[2.280s] -- Up-to-date: /home/sunrise/ros2_ws/install/fishbot_bringup/share/fishbot_bringup/launch/fishbot_bringup.launch.py
[2.281s] -- Up-to-date: /home/sunrise/ros2_ws/install/fishbot_bringup/share/ament_index/resource_index/package_run_dependencies/fishbot_bringup
[2.282s] -- Up-to-date: /home/sunrise/ros2_ws/install/fishbot_bringup/share/ament_index/resource_index/parent_prefix_path/fishbot_bringup
[2.283s] -- Up-to-date: /home/sunrise/ros2_ws/install/fishbot_bringup/share/fishbot_bringup/environment/ament_prefix_path.sh
[2.284s] -- Up-to-date: /home/sunrise/ros2_ws/install/fishbot_bringup/share/fishbot_bringup/environment/ament_prefix_path.dsv
[2.284s] -- Up-to-date: /home/sunrise/ros2_ws/install/fishbot_bringup/share/fishbot_bringup/environment/path.sh
[2.286s] -- Up-to-date: /home/sunrise/ros2_ws/install/fishbot_bringup/share/fishbot_bringup/environment/path.dsv
[2.287s] -- Up-to-date: /home/sunrise/ros2_ws/install/fishbot_bringup/share/fishbot_bringup/local_setup.bash
[2.288s] -- Up-to-date: /home/sunrise/ros2_ws/install/fishbot_bringup/share/fishbot_bringup/local_setup.sh
[2.288s] -- Up-to-date: /home/sunrise/ros2_ws/install/fishbot_bringup/share/fishbot_bringup/local_setup.zsh
[2.289s] -- Up-to-date: /home/sunrise/ros2_ws/install/fishbot_bringup/share/fishbot_bringup/local_setup.dsv
[2.291s] -- Installing: /home/sunrise/ros2_ws/install/fishbot_bringup/share/fishbot_bringup/package.dsv
[2.293s] -- Up-to-date: /home/sunrise/ros2_ws/install/fishbot_bringup/share/ament_index/resource_index/packages/fishbot_bringup
[2.297s] -- Up-to-date: /home/sunrise/ros2_ws/install/fishbot_bringup/share/fishbot_bringup/cmake/fishbot_bringupConfig.cmake
[2.298s] -- Up-to-date: /home/sunrise/ros2_ws/install/fishbot_bringup/share/fishbot_bringup/cmake/fishbot_bringupConfig-version.cmake
[2.299s] -- Up-to-date: /home/sunrise/ros2_ws/install/fishbot_bringup/share/fishbot_bringup/package.xml
[2.300s] Invoked command in '/home/sunrise/ros2_ws/build/fishbot_bringup' returned '0': CMAKE_PREFIX_PATH=${CMAKE_PREFIX_PATH}:/home/sunrise/ros2_ws/install/nav2_simple_commander:/home/sunrise/ros2_ws/install/fishbot_description:/opt/ros/humble /usr/bin/cmake --install /home/sunrise/ros2_ws/build/fishbot_bringup
