[0.138s] Invoking command in '/home/sunrise/ros2_ws/build/micro_ros_msgs': CMAKE_PREFIX_PATH=${CMAKE_PREFIX_PATH}:/home/sunrise/ros2_ws/install/fishbot_description:/opt/ros/humble /usr/bin/cmake --build /home/sunrise/ros2_ws/build/micro_ros_msgs -- -j8 -l8
[1.938s] [  2%] Built target micro_ros_msgs__cpp
[1.940s] [ 12%] Built target micro_ros_msgs__rosidl_generator_c
[1.942s] [ 12%] Built target ament_cmake_python_copy_micro_ros_msgs
[1.946s] [ 23%] Built target micro_ros_msgs__rosidl_typesupport_introspection_cpp
[1.947s] [ 44%] Built target micro_ros_msgs__rosidl_typesupport_c
[1.948s] [ 44%] Built target micro_ros_msgs__rosidl_typesupport_cpp
[1.949s] [ 65%] Built target micro_ros_msgs__rosidl_typesupport_fastrtps_cpp
[1.951s] [ 65%] Built target micro_ros_msgs__rosidl_typesupport_fastrtps_c
[1.952s] [ 76%] Built target micro_ros_msgs__rosidl_typesupport_introspection_c
[1.952s] [ 76%] Built target micro_ros_msgs
[1.953s] [ 78%] Built target micro_ros_msgs__py
[1.954s] [ 87%] Built target micro_ros_msgs__rosidl_generator_py
[1.954s] [100%] Built target micro_ros_msgs__rosidl_typesupport_c__pyext
[1.955s] [100%] Built target micro_ros_msgs__rosidl_typesupport_introspection_c__pyext
[1.955s] [100%] Built target micro_ros_msgs__rosidl_typesupport_fastrtps_c__pyext
[1.959s] running egg_info
[1.959s] writing micro_ros_msgs.egg-info/PKG-INFO
[1.960s] writing dependency_links to micro_ros_msgs.egg-info/dependency_links.txt
[1.961s] writing top-level names to micro_ros_msgs.egg-info/top_level.txt
[1.977s] reading manifest file 'micro_ros_msgs.egg-info/SOURCES.txt'
[1.981s] writing manifest file 'micro_ros_msgs.egg-info/SOURCES.txt'
[2.224s] [100%] Built target ament_cmake_python_build_micro_ros_msgs_egg
[2.279s] Invoked command in '/home/sunrise/ros2_ws/build/micro_ros_msgs' returned '0': CMAKE_PREFIX_PATH=${CMAKE_PREFIX_PATH}:/home/sunrise/ros2_ws/install/fishbot_description:/opt/ros/humble /usr/bin/cmake --build /home/sunrise/ros2_ws/build/micro_ros_msgs -- -j8 -l8
[2.286s] Invoking command in '/home/sunrise/ros2_ws/build/micro_ros_msgs': CMAKE_PREFIX_PATH=${CMAKE_PREFIX_PATH}:/home/sunrise/ros2_ws/install/fishbot_description:/opt/ros/humble /usr/bin/cmake --install /home/sunrise/ros2_ws/build/micro_ros_msgs
[2.334s] -- Install configuration: ""
[2.335s] -- Up-to-date: /home/sunrise/ros2_ws/install/micro_ros_msgs/share/ament_index/resource_index/rosidl_interfaces/micro_ros_msgs
[2.337s] -- Up-to-date: /home/sunrise/ros2_ws/install/micro_ros_msgs/include/micro_ros_msgs/micro_ros_msgs
[2.338s] -- Up-to-date: /home/sunrise/ros2_ws/install/micro_ros_msgs/include/micro_ros_msgs/micro_ros_msgs/msg
[2.339s] -- Up-to-date: /home/sunrise/ros2_ws/install/micro_ros_msgs/include/micro_ros_msgs/micro_ros_msgs/msg/detail
[2.340s] -- Up-to-date: /home/sunrise/ros2_ws/install/micro_ros_msgs/include/micro_ros_msgs/micro_ros_msgs/msg/detail/node__struct.h
[2.342s] -- Up-to-date: /home/sunrise/ros2_ws/install/micro_ros_msgs/include/micro_ros_msgs/micro_ros_msgs/msg/detail/entity__type_support.h
[2.343s] -- Up-to-date: /home/sunrise/ros2_ws/install/micro_ros_msgs/include/micro_ros_msgs/micro_ros_msgs/msg/detail/entity__struct.h
[2.344s] -- Up-to-date: /home/sunrise/ros2_ws/install/micro_ros_msgs/include/micro_ros_msgs/micro_ros_msgs/msg/detail/graph__type_support.h
[2.345s] -- Up-to-date: /home/sunrise/ros2_ws/install/micro_ros_msgs/include/micro_ros_msgs/micro_ros_msgs/msg/detail/entity__functions.h
[2.345s] -- Up-to-date: /home/sunrise/ros2_ws/install/micro_ros_msgs/include/micro_ros_msgs/micro_ros_msgs/msg/detail/node__functions.c
[2.346s] -- Up-to-date: /home/sunrise/ros2_ws/install/micro_ros_msgs/include/micro_ros_msgs/micro_ros_msgs/msg/detail/node__functions.h
[2.347s] -- Up-to-date: /home/sunrise/ros2_ws/install/micro_ros_msgs/include/micro_ros_msgs/micro_ros_msgs/msg/detail/graph__functions.h
[2.348s] -- Up-to-date: /home/sunrise/ros2_ws/install/micro_ros_msgs/include/micro_ros_msgs/micro_ros_msgs/msg/detail/node__type_support.h
[2.349s] -- Up-to-date: /home/sunrise/ros2_ws/install/micro_ros_msgs/include/micro_ros_msgs/micro_ros_msgs/msg/detail/graph__struct.h
[2.350s] -- Up-to-date: /home/sunrise/ros2_ws/install/micro_ros_msgs/include/micro_ros_msgs/micro_ros_msgs/msg/detail/entity__functions.c
[2.353s] -- Up-to-date: /home/sunrise/ros2_ws/install/micro_ros_msgs/include/micro_ros_msgs/micro_ros_msgs/msg/detail/graph__functions.c
[2.357s] -- Up-to-date: /home/sunrise/ros2_ws/install/micro_ros_msgs/include/micro_ros_msgs/micro_ros_msgs/msg/graph.h
[2.358s] -- Up-to-date: /home/sunrise/ros2_ws/install/micro_ros_msgs/include/micro_ros_msgs/micro_ros_msgs/msg/node.h
[2.359s] -- Up-to-date: /home/sunrise/ros2_ws/install/micro_ros_msgs/include/micro_ros_msgs/micro_ros_msgs/msg/entity.h
[2.360s] -- Up-to-date: /home/sunrise/ros2_ws/install/micro_ros_msgs/include/micro_ros_msgs/micro_ros_msgs/msg/rosidl_generator_c__visibility_control.h
[2.362s] -- Up-to-date: /home/sunrise/ros2_ws/install/micro_ros_msgs/share/micro_ros_msgs/environment/library_path.sh
[2.363s] -- Up-to-date: /home/sunrise/ros2_ws/install/micro_ros_msgs/share/micro_ros_msgs/environment/library_path.dsv
[2.365s] -- Up-to-date: /home/sunrise/ros2_ws/install/micro_ros_msgs/lib/libmicro_ros_msgs__rosidl_generator_c.so
[2.367s] -- Up-to-date: /home/sunrise/ros2_ws/install/micro_ros_msgs/include/micro_ros_msgs/micro_ros_msgs
[2.368s] -- Up-to-date: /home/sunrise/ros2_ws/install/micro_ros_msgs/include/micro_ros_msgs/micro_ros_msgs/msg
[2.370s] -- Up-to-date: /home/sunrise/ros2_ws/install/micro_ros_msgs/include/micro_ros_msgs/micro_ros_msgs/msg/detail
[2.371s] -- Up-to-date: /home/sunrise/ros2_ws/install/micro_ros_msgs/include/micro_ros_msgs/micro_ros_msgs/msg/detail/node__rosidl_typesupport_fastrtps_c.h
[2.372s] -- Up-to-date: /home/sunrise/ros2_ws/install/micro_ros_msgs/include/micro_ros_msgs/micro_ros_msgs/msg/detail/entity__rosidl_typesupport_fastrtps_c.h
[2.376s] -- Up-to-date: /home/sunrise/ros2_ws/install/micro_ros_msgs/include/micro_ros_msgs/micro_ros_msgs/msg/detail/graph__rosidl_typesupport_fastrtps_c.h
[2.380s] -- Up-to-date: /home/sunrise/ros2_ws/install/micro_ros_msgs/include/micro_ros_msgs/micro_ros_msgs/msg/rosidl_typesupport_fastrtps_c__visibility_control.h
[2.382s] -- Up-to-date: /home/sunrise/ros2_ws/install/micro_ros_msgs/lib/libmicro_ros_msgs__rosidl_typesupport_fastrtps_c.so
[2.383s] -- Up-to-date: /home/sunrise/ros2_ws/install/micro_ros_msgs/include/micro_ros_msgs/micro_ros_msgs
[2.385s] -- Up-to-date: /home/sunrise/ros2_ws/install/micro_ros_msgs/include/micro_ros_msgs/micro_ros_msgs/msg
[2.385s] -- Up-to-date: /home/sunrise/ros2_ws/install/micro_ros_msgs/include/micro_ros_msgs/micro_ros_msgs/msg/detail
[2.387s] -- Up-to-date: /home/sunrise/ros2_ws/install/micro_ros_msgs/include/micro_ros_msgs/micro_ros_msgs/msg/detail/entity__rosidl_typesupport_introspection_c.h
[2.388s] -- Up-to-date: /home/sunrise/ros2_ws/install/micro_ros_msgs/include/micro_ros_msgs/micro_ros_msgs/msg/detail/graph__rosidl_typesupport_introspection_c.h
[2.390s] -- Up-to-date: /home/sunrise/ros2_ws/install/micro_ros_msgs/include/micro_ros_msgs/micro_ros_msgs/msg/detail/node__rosidl_typesupport_introspection_c.h
[2.392s] -- Up-to-date: /home/sunrise/ros2_ws/install/micro_ros_msgs/include/micro_ros_msgs/micro_ros_msgs/msg/detail/entity__type_support.c
[2.392s] -- Up-to-date: /home/sunrise/ros2_ws/install/micro_ros_msgs/include/micro_ros_msgs/micro_ros_msgs/msg/detail/graph__type_support.c
[2.394s] -- Up-to-date: /home/sunrise/ros2_ws/install/micro_ros_msgs/include/micro_ros_msgs/micro_ros_msgs/msg/detail/node__type_support.c
[2.396s] -- Up-to-date: /home/sunrise/ros2_ws/install/micro_ros_msgs/include/micro_ros_msgs/micro_ros_msgs/msg/rosidl_typesupport_introspection_c__visibility_control.h
[2.397s] -- Up-to-date: /home/sunrise/ros2_ws/install/micro_ros_msgs/lib/libmicro_ros_msgs__rosidl_typesupport_introspection_c.so
[2.399s] -- Up-to-date: /home/sunrise/ros2_ws/install/micro_ros_msgs/lib/libmicro_ros_msgs__rosidl_typesupport_c.so
[2.400s] -- Up-to-date: /home/sunrise/ros2_ws/install/micro_ros_msgs/include/micro_ros_msgs/micro_ros_msgs
[2.401s] -- Up-to-date: /home/sunrise/ros2_ws/install/micro_ros_msgs/include/micro_ros_msgs/micro_ros_msgs/msg
[2.403s] -- Up-to-date: /home/sunrise/ros2_ws/install/micro_ros_msgs/include/micro_ros_msgs/micro_ros_msgs/msg/entity.hpp
[2.404s] -- Up-to-date: /home/sunrise/ros2_ws/install/micro_ros_msgs/include/micro_ros_msgs/micro_ros_msgs/msg/detail
[2.405s] -- Up-to-date: /home/sunrise/ros2_ws/install/micro_ros_msgs/include/micro_ros_msgs/micro_ros_msgs/msg/detail/entity__traits.hpp
[2.406s] -- Up-to-date: /home/sunrise/ros2_ws/install/micro_ros_msgs/include/micro_ros_msgs/micro_ros_msgs/msg/detail/node__type_support.hpp
[2.407s] -- Up-to-date: /home/sunrise/ros2_ws/install/micro_ros_msgs/include/micro_ros_msgs/micro_ros_msgs/msg/detail/node__builder.hpp
[2.409s] -- Up-to-date: /home/sunrise/ros2_ws/install/micro_ros_msgs/include/micro_ros_msgs/micro_ros_msgs/msg/detail/graph__traits.hpp
[2.413s] -- Up-to-date: /home/sunrise/ros2_ws/install/micro_ros_msgs/include/micro_ros_msgs/micro_ros_msgs/msg/detail/entity__struct.hpp
[2.414s] -- Up-to-date: /home/sunrise/ros2_ws/install/micro_ros_msgs/include/micro_ros_msgs/micro_ros_msgs/msg/detail/graph__struct.hpp
[2.415s] -- Up-to-date: /home/sunrise/ros2_ws/install/micro_ros_msgs/include/micro_ros_msgs/micro_ros_msgs/msg/detail/entity__type_support.hpp
[2.416s] -- Up-to-date: /home/sunrise/ros2_ws/install/micro_ros_msgs/include/micro_ros_msgs/micro_ros_msgs/msg/detail/entity__builder.hpp
[2.416s] -- Up-to-date: /home/sunrise/ros2_ws/install/micro_ros_msgs/include/micro_ros_msgs/micro_ros_msgs/msg/detail/graph__builder.hpp
[2.417s] -- Up-to-date: /home/sunrise/ros2_ws/install/micro_ros_msgs/include/micro_ros_msgs/micro_ros_msgs/msg/detail/node__struct.hpp
[2.418s] -- Up-to-date: /home/sunrise/ros2_ws/install/micro_ros_msgs/include/micro_ros_msgs/micro_ros_msgs/msg/detail/graph__type_support.hpp
[2.419s] -- Up-to-date: /home/sunrise/ros2_ws/install/micro_ros_msgs/include/micro_ros_msgs/micro_ros_msgs/msg/detail/node__traits.hpp
[2.420s] -- Up-to-date: /home/sunrise/ros2_ws/install/micro_ros_msgs/include/micro_ros_msgs/micro_ros_msgs/msg/graph.hpp
[2.421s] -- Up-to-date: /home/sunrise/ros2_ws/install/micro_ros_msgs/include/micro_ros_msgs/micro_ros_msgs/msg/rosidl_generator_cpp__visibility_control.hpp
[2.423s] -- Up-to-date: /home/sunrise/ros2_ws/install/micro_ros_msgs/include/micro_ros_msgs/micro_ros_msgs/msg/node.hpp
[2.424s] -- Up-to-date: /home/sunrise/ros2_ws/install/micro_ros_msgs/include/micro_ros_msgs/micro_ros_msgs
[2.425s] -- Up-to-date: /home/sunrise/ros2_ws/install/micro_ros_msgs/include/micro_ros_msgs/micro_ros_msgs/msg
[2.425s] -- Up-to-date: /home/sunrise/ros2_ws/install/micro_ros_msgs/include/micro_ros_msgs/micro_ros_msgs/msg/rosidl_typesupport_fastrtps_cpp__visibility_control.h
[2.426s] -- Up-to-date: /home/sunrise/ros2_ws/install/micro_ros_msgs/include/micro_ros_msgs/micro_ros_msgs/msg/detail
[2.427s] -- Up-to-date: /home/sunrise/ros2_ws/install/micro_ros_msgs/include/micro_ros_msgs/micro_ros_msgs/msg/detail/node__rosidl_typesupport_fastrtps_cpp.hpp
[2.427s] -- Up-to-date: /home/sunrise/ros2_ws/install/micro_ros_msgs/include/micro_ros_msgs/micro_ros_msgs/msg/detail/dds_fastrtps
[2.428s] -- Up-to-date: /home/sunrise/ros2_ws/install/micro_ros_msgs/include/micro_ros_msgs/micro_ros_msgs/msg/detail/entity__rosidl_typesupport_fastrtps_cpp.hpp
[2.429s] -- Up-to-date: /home/sunrise/ros2_ws/install/micro_ros_msgs/include/micro_ros_msgs/micro_ros_msgs/msg/detail/graph__rosidl_typesupport_fastrtps_cpp.hpp
[2.432s] -- Up-to-date: /home/sunrise/ros2_ws/install/micro_ros_msgs/lib/libmicro_ros_msgs__rosidl_typesupport_fastrtps_cpp.so
[2.434s] -- Up-to-date: /home/sunrise/ros2_ws/install/micro_ros_msgs/include/micro_ros_msgs/micro_ros_msgs
[2.435s] -- Up-to-date: /home/sunrise/ros2_ws/install/micro_ros_msgs/include/micro_ros_msgs/micro_ros_msgs/msg
[2.437s] -- Up-to-date: /home/sunrise/ros2_ws/install/micro_ros_msgs/include/micro_ros_msgs/micro_ros_msgs/msg/detail
[2.438s] -- Up-to-date: /home/sunrise/ros2_ws/install/micro_ros_msgs/include/micro_ros_msgs/micro_ros_msgs/msg/detail/entity__type_support.cpp
[2.439s] -- Up-to-date: /home/sunrise/ros2_ws/install/micro_ros_msgs/include/micro_ros_msgs/micro_ros_msgs/msg/detail/entity__rosidl_typesupport_introspection_cpp.hpp
[2.441s] -- Up-to-date: /home/sunrise/ros2_ws/install/micro_ros_msgs/include/micro_ros_msgs/micro_ros_msgs/msg/detail/node__rosidl_typesupport_introspection_cpp.hpp
[2.443s] -- Up-to-date: /home/sunrise/ros2_ws/install/micro_ros_msgs/include/micro_ros_msgs/micro_ros_msgs/msg/detail/node__type_support.cpp
[2.444s] -- Up-to-date: /home/sunrise/ros2_ws/install/micro_ros_msgs/include/micro_ros_msgs/micro_ros_msgs/msg/detail/graph__rosidl_typesupport_introspection_cpp.hpp
[2.445s] -- Up-to-date: /home/sunrise/ros2_ws/install/micro_ros_msgs/include/micro_ros_msgs/micro_ros_msgs/msg/detail/graph__type_support.cpp
[2.446s] -- Up-to-date: /home/sunrise/ros2_ws/install/micro_ros_msgs/lib/libmicro_ros_msgs__rosidl_typesupport_introspection_cpp.so
[2.448s] -- Up-to-date: /home/sunrise/ros2_ws/install/micro_ros_msgs/lib/libmicro_ros_msgs__rosidl_typesupport_cpp.so
[2.452s] -- Up-to-date: /home/sunrise/ros2_ws/install/micro_ros_msgs/share/micro_ros_msgs/environment/pythonpath.sh
[2.455s] -- Up-to-date: /home/sunrise/ros2_ws/install/micro_ros_msgs/share/micro_ros_msgs/environment/pythonpath.dsv
[2.458s] -- Up-to-date: /home/sunrise/ros2_ws/install/micro_ros_msgs/local/lib/python3.10/dist-packages/micro_ros_msgs-3.0.1-py3.10.egg-info
[2.459s] -- Installing: /home/sunrise/ros2_ws/install/micro_ros_msgs/local/lib/python3.10/dist-packages/micro_ros_msgs-3.0.1-py3.10.egg-info/PKG-INFO
[2.460s] -- Installing: /home/sunrise/ros2_ws/install/micro_ros_msgs/local/lib/python3.10/dist-packages/micro_ros_msgs-3.0.1-py3.10.egg-info/SOURCES.txt
[2.461s] -- Installing: /home/sunrise/ros2_ws/install/micro_ros_msgs/local/lib/python3.10/dist-packages/micro_ros_msgs-3.0.1-py3.10.egg-info/top_level.txt
[2.464s] -- Installing: /home/sunrise/ros2_ws/install/micro_ros_msgs/local/lib/python3.10/dist-packages/micro_ros_msgs-3.0.1-py3.10.egg-info/dependency_links.txt
[2.465s] -- Up-to-date: /home/sunrise/ros2_ws/install/micro_ros_msgs/local/lib/python3.10/dist-packages/micro_ros_msgs
[2.466s] -- Up-to-date: /home/sunrise/ros2_ws/install/micro_ros_msgs/local/lib/python3.10/dist-packages/micro_ros_msgs/micro_ros_msgs_s__rosidl_typesupport_fastrtps_c.cpython-310-aarch64-linux-gnu.so
[2.469s] -- Up-to-date: /home/sunrise/ros2_ws/install/micro_ros_msgs/local/lib/python3.10/dist-packages/micro_ros_msgs/micro_ros_msgs_s__rosidl_typesupport_introspection_c.cpython-310-aarch64-linux-gnu.so
[2.469s] -- Up-to-date: /home/sunrise/ros2_ws/install/micro_ros_msgs/local/lib/python3.10/dist-packages/micro_ros_msgs/_micro_ros_msgs_s.ep.rosidl_typesupport_c.c
[2.471s] -- Up-to-date: /home/sunrise/ros2_ws/install/micro_ros_msgs/local/lib/python3.10/dist-packages/micro_ros_msgs/libmicro_ros_msgs__rosidl_generator_py.so
[2.473s] -- Up-to-date: /home/sunrise/ros2_ws/install/micro_ros_msgs/local/lib/python3.10/dist-packages/micro_ros_msgs/micro_ros_msgs_s__rosidl_typesupport_c.cpython-310-aarch64-linux-gnu.so
[2.474s] -- Up-to-date: /home/sunrise/ros2_ws/install/micro_ros_msgs/local/lib/python3.10/dist-packages/micro_ros_msgs/__init__.py
[2.475s] -- Up-to-date: /home/sunrise/ros2_ws/install/micro_ros_msgs/local/lib/python3.10/dist-packages/micro_ros_msgs/_micro_ros_msgs_s.ep.rosidl_typesupport_fastrtps_c.c
[2.476s] -- Up-to-date: /home/sunrise/ros2_ws/install/micro_ros_msgs/local/lib/python3.10/dist-packages/micro_ros_msgs/_micro_ros_msgs_s.ep.rosidl_typesupport_introspection_c.c
[2.478s] -- Up-to-date: /home/sunrise/ros2_ws/install/micro_ros_msgs/local/lib/python3.10/dist-packages/micro_ros_msgs/msg
[2.479s] -- Up-to-date: /home/sunrise/ros2_ws/install/micro_ros_msgs/local/lib/python3.10/dist-packages/micro_ros_msgs/msg/_node_s.c
[2.481s] -- Up-to-date: /home/sunrise/ros2_ws/install/micro_ros_msgs/local/lib/python3.10/dist-packages/micro_ros_msgs/msg/_node.py
[2.482s] -- Up-to-date: /home/sunrise/ros2_ws/install/micro_ros_msgs/local/lib/python3.10/dist-packages/micro_ros_msgs/msg/__init__.py
[2.483s] -- Up-to-date: /home/sunrise/ros2_ws/install/micro_ros_msgs/local/lib/python3.10/dist-packages/micro_ros_msgs/msg/_entity_s.c
[2.484s] -- Up-to-date: /home/sunrise/ros2_ws/install/micro_ros_msgs/local/lib/python3.10/dist-packages/micro_ros_msgs/msg/_graph.py
[2.484s] -- Up-to-date: /home/sunrise/ros2_ws/install/micro_ros_msgs/local/lib/python3.10/dist-packages/micro_ros_msgs/msg/_entity.py
[2.485s] -- Up-to-date: /home/sunrise/ros2_ws/install/micro_ros_msgs/local/lib/python3.10/dist-packages/micro_ros_msgs/msg/_graph_s.c
[2.647s] Listing '/home/sunrise/ros2_ws/install/micro_ros_msgs/local/lib/python3.10/dist-packages/micro_ros_msgs'...
[2.648s] Listing '/home/sunrise/ros2_ws/install/micro_ros_msgs/local/lib/python3.10/dist-packages/micro_ros_msgs/msg'...
[2.749s] -- Up-to-date: /home/sunrise/ros2_ws/install/micro_ros_msgs/local/lib/python3.10/dist-packages/micro_ros_msgs/micro_ros_msgs_s__rosidl_typesupport_fastrtps_c.cpython-310-aarch64-linux-gnu.so
[2.750s] -- Up-to-date: /home/sunrise/ros2_ws/install/micro_ros_msgs/local/lib/python3.10/dist-packages/micro_ros_msgs/micro_ros_msgs_s__rosidl_typesupport_introspection_c.cpython-310-aarch64-linux-gnu.so
[2.750s] -- Up-to-date: /home/sunrise/ros2_ws/install/micro_ros_msgs/local/lib/python3.10/dist-packages/micro_ros_msgs/micro_ros_msgs_s__rosidl_typesupport_c.cpython-310-aarch64-linux-gnu.so
[2.751s] -- Up-to-date: /home/sunrise/ros2_ws/install/micro_ros_msgs/lib/libmicro_ros_msgs__rosidl_generator_py.so
[2.751s] -- Up-to-date: /home/sunrise/ros2_ws/install/micro_ros_msgs/share/micro_ros_msgs/msg/Graph.idl
[2.752s] -- Up-to-date: /home/sunrise/ros2_ws/install/micro_ros_msgs/share/micro_ros_msgs/msg/Node.idl
[2.752s] -- Up-to-date: /home/sunrise/ros2_ws/install/micro_ros_msgs/share/micro_ros_msgs/msg/Entity.idl
[2.753s] -- Up-to-date: /home/sunrise/ros2_ws/install/micro_ros_msgs/share/micro_ros_msgs/msg/Graph.msg
[2.756s] -- Up-to-date: /home/sunrise/ros2_ws/install/micro_ros_msgs/share/micro_ros_msgs/msg/Node.msg
[2.758s] -- Up-to-date: /home/sunrise/ros2_ws/install/micro_ros_msgs/share/micro_ros_msgs/msg/Entity.msg
[2.758s] -- Up-to-date: /home/sunrise/ros2_ws/install/micro_ros_msgs/share/ament_index/resource_index/package_run_dependencies/micro_ros_msgs
[2.760s] -- Up-to-date: /home/sunrise/ros2_ws/install/micro_ros_msgs/share/ament_index/resource_index/parent_prefix_path/micro_ros_msgs
[2.761s] -- Up-to-date: /home/sunrise/ros2_ws/install/micro_ros_msgs/share/micro_ros_msgs/environment/ament_prefix_path.sh
[2.762s] -- Up-to-date: /home/sunrise/ros2_ws/install/micro_ros_msgs/share/micro_ros_msgs/environment/ament_prefix_path.dsv
[2.763s] -- Up-to-date: /home/sunrise/ros2_ws/install/micro_ros_msgs/share/micro_ros_msgs/environment/path.sh
[2.763s] -- Up-to-date: /home/sunrise/ros2_ws/install/micro_ros_msgs/share/micro_ros_msgs/environment/path.dsv
[2.765s] -- Up-to-date: /home/sunrise/ros2_ws/install/micro_ros_msgs/share/micro_ros_msgs/local_setup.bash
[2.766s] -- Up-to-date: /home/sunrise/ros2_ws/install/micro_ros_msgs/share/micro_ros_msgs/local_setup.sh
[2.767s] -- Up-to-date: /home/sunrise/ros2_ws/install/micro_ros_msgs/share/micro_ros_msgs/local_setup.zsh
[2.768s] -- Up-to-date: /home/sunrise/ros2_ws/install/micro_ros_msgs/share/micro_ros_msgs/local_setup.dsv
[2.769s] -- Installing: /home/sunrise/ros2_ws/install/micro_ros_msgs/share/micro_ros_msgs/package.dsv
[2.771s] -- Up-to-date: /home/sunrise/ros2_ws/install/micro_ros_msgs/share/ament_index/resource_index/packages/micro_ros_msgs
[2.773s] -- Up-to-date: /home/sunrise/ros2_ws/install/micro_ros_msgs/share/micro_ros_msgs/cmake/export_micro_ros_msgs__rosidl_generator_cExport.cmake
[2.773s] -- Up-to-date: /home/sunrise/ros2_ws/install/micro_ros_msgs/share/micro_ros_msgs/cmake/export_micro_ros_msgs__rosidl_generator_cExport-noconfig.cmake
[2.775s] -- Up-to-date: /home/sunrise/ros2_ws/install/micro_ros_msgs/share/micro_ros_msgs/cmake/export_micro_ros_msgs__rosidl_typesupport_fastrtps_cExport.cmake
[2.775s] -- Up-to-date: /home/sunrise/ros2_ws/install/micro_ros_msgs/share/micro_ros_msgs/cmake/export_micro_ros_msgs__rosidl_typesupport_fastrtps_cExport-noconfig.cmake
[2.777s] -- Up-to-date: /home/sunrise/ros2_ws/install/micro_ros_msgs/share/micro_ros_msgs/cmake/micro_ros_msgs__rosidl_typesupport_introspection_cExport.cmake
[2.777s] -- Up-to-date: /home/sunrise/ros2_ws/install/micro_ros_msgs/share/micro_ros_msgs/cmake/micro_ros_msgs__rosidl_typesupport_introspection_cExport-noconfig.cmake
[2.778s] -- Up-to-date: /home/sunrise/ros2_ws/install/micro_ros_msgs/share/micro_ros_msgs/cmake/micro_ros_msgs__rosidl_typesupport_cExport.cmake
[2.780s] -- Up-to-date: /home/sunrise/ros2_ws/install/micro_ros_msgs/share/micro_ros_msgs/cmake/micro_ros_msgs__rosidl_typesupport_cExport-noconfig.cmake
[2.781s] -- Up-to-date: /home/sunrise/ros2_ws/install/micro_ros_msgs/share/micro_ros_msgs/cmake/export_micro_ros_msgs__rosidl_generator_cppExport.cmake
[2.782s] -- Up-to-date: /home/sunrise/ros2_ws/install/micro_ros_msgs/share/micro_ros_msgs/cmake/export_micro_ros_msgs__rosidl_typesupport_fastrtps_cppExport.cmake
[2.785s] -- Up-to-date: /home/sunrise/ros2_ws/install/micro_ros_msgs/share/micro_ros_msgs/cmake/export_micro_ros_msgs__rosidl_typesupport_fastrtps_cppExport-noconfig.cmake
[2.789s] -- Up-to-date: /home/sunrise/ros2_ws/install/micro_ros_msgs/share/micro_ros_msgs/cmake/micro_ros_msgs__rosidl_typesupport_introspection_cppExport.cmake
[2.791s] -- Up-to-date: /home/sunrise/ros2_ws/install/micro_ros_msgs/share/micro_ros_msgs/cmake/micro_ros_msgs__rosidl_typesupport_introspection_cppExport-noconfig.cmake
[2.792s] -- Up-to-date: /home/sunrise/ros2_ws/install/micro_ros_msgs/share/micro_ros_msgs/cmake/micro_ros_msgs__rosidl_typesupport_cppExport.cmake
[2.793s] -- Up-to-date: /home/sunrise/ros2_ws/install/micro_ros_msgs/share/micro_ros_msgs/cmake/micro_ros_msgs__rosidl_typesupport_cppExport-noconfig.cmake
[2.795s] -- Up-to-date: /home/sunrise/ros2_ws/install/micro_ros_msgs/share/micro_ros_msgs/cmake/export_micro_ros_msgs__rosidl_generator_pyExport.cmake
[2.796s] -- Up-to-date: /home/sunrise/ros2_ws/install/micro_ros_msgs/share/micro_ros_msgs/cmake/export_micro_ros_msgs__rosidl_generator_pyExport-noconfig.cmake
[2.797s] -- Up-to-date: /home/sunrise/ros2_ws/install/micro_ros_msgs/share/micro_ros_msgs/cmake/rosidl_cmake-extras.cmake
[2.799s] -- Up-to-date: /home/sunrise/ros2_ws/install/micro_ros_msgs/share/micro_ros_msgs/cmake/ament_cmake_export_include_directories-extras.cmake
[2.800s] -- Up-to-date: /home/sunrise/ros2_ws/install/micro_ros_msgs/share/micro_ros_msgs/cmake/ament_cmake_export_libraries-extras.cmake
[2.802s] -- Up-to-date: /home/sunrise/ros2_ws/install/micro_ros_msgs/share/micro_ros_msgs/cmake/ament_cmake_export_targets-extras.cmake
[2.803s] -- Up-to-date: /home/sunrise/ros2_ws/install/micro_ros_msgs/share/micro_ros_msgs/cmake/rosidl_cmake_export_typesupport_targets-extras.cmake
[2.804s] -- Up-to-date: /home/sunrise/ros2_ws/install/micro_ros_msgs/share/micro_ros_msgs/cmake/ament_cmake_export_dependencies-extras.cmake
[2.805s] -- Up-to-date: /home/sunrise/ros2_ws/install/micro_ros_msgs/share/micro_ros_msgs/cmake/rosidl_cmake_export_typesupport_libraries-extras.cmake
[2.807s] -- Up-to-date: /home/sunrise/ros2_ws/install/micro_ros_msgs/share/micro_ros_msgs/cmake/micro_ros_msgsConfig.cmake
[2.808s] -- Up-to-date: /home/sunrise/ros2_ws/install/micro_ros_msgs/share/micro_ros_msgs/cmake/micro_ros_msgsConfig-version.cmake
[2.808s] -- Up-to-date: /home/sunrise/ros2_ws/install/micro_ros_msgs/share/micro_ros_msgs/package.xml
[2.812s] Invoked command in '/home/sunrise/ros2_ws/build/micro_ros_msgs' returned '0': CMAKE_PREFIX_PATH=${CMAKE_PREFIX_PATH}:/home/sunrise/ros2_ws/install/fishbot_description:/opt/ros/humble /usr/bin/cmake --install /home/sunrise/ros2_ws/build/micro_ros_msgs
