[0.066s] Invoking command in '/home/sunrise/ros2_ws/build/nav2_common': CMAKE_PREFIX_PATH=${CMAKE_PREFIX_PATH}:/home/sunrise/ros2_ws/install/nav2_simple_commander:/home/sunrise/ros2_ws/install/fishbot_description:/opt/ros/humble /usr/bin/cmake --build /home/sunrise/ros2_ws/build/nav2_common -- -j8 -l8
[0.322s] Built target ament_cmake_python_copy_nav2_common
[1.991s] running egg_info
[1.996s] writing nav2_common.egg-info/PKG-INFO
[1.997s] writing dependency_links to nav2_common.egg-info/dependency_links.txt
[1.998s] writing top-level names to nav2_common.egg-info/top_level.txt
[2.013s] reading manifest file 'nav2_common.egg-info/SOURCES.txt'
[2.017s] writing manifest file 'nav2_common.egg-info/SOURCES.txt'
[2.235s] Built target ament_cmake_python_build_nav2_common_egg
[2.287s] Invoked command in '/home/sunrise/ros2_ws/build/nav2_common' returned '0': CMAKE_PREFIX_PATH=${CMAKE_PREFIX_PATH}:/home/sunrise/ros2_ws/install/nav2_simple_commander:/home/sunrise/ros2_ws/install/fishbot_description:/opt/ros/humble /usr/bin/cmake --build /home/sunrise/ros2_ws/build/nav2_common -- -j8 -l8
[2.339s] Invoking command in '/home/sunrise/ros2_ws/build/nav2_common': CMAKE_PREFIX_PATH=${CMAKE_PREFIX_PATH}:/home/sunrise/ros2_ws/install/nav2_simple_commander:/home/sunrise/ros2_ws/install/fishbot_description:/opt/ros/humble /usr/bin/cmake --install /home/sunrise/ros2_ws/build/nav2_common
[2.376s] -- Install configuration: ""
[2.376s] -- Up-to-date: /home/sunrise/ros2_ws/install/nav2_common/share/nav2_common/environment/pythonpath.sh
[2.377s] -- Up-to-date: /home/sunrise/ros2_ws/install/nav2_common/share/nav2_common/environment/pythonpath.dsv
[2.377s] -- Up-to-date: /home/sunrise/ros2_ws/install/nav2_common/local/lib/python3.10/dist-packages/nav2_common-1.1.0-py3.10.egg-info
[2.378s] -- Installing: /home/sunrise/ros2_ws/install/nav2_common/local/lib/python3.10/dist-packages/nav2_common-1.1.0-py3.10.egg-info/PKG-INFO
[2.586s] -- Installing: /home/sunrise/ros2_ws/install/nav2_common/local/lib/python3.10/dist-packages/nav2_common-1.1.0-py3.10.egg-info/SOURCES.txt
[2.587s] -- Installing: /home/sunrise/ros2_ws/install/nav2_common/local/lib/python3.10/dist-packages/nav2_common-1.1.0-py3.10.egg-info/top_level.txt
[2.588s] -- Installing: /home/sunrise/ros2_ws/install/nav2_common/local/lib/python3.10/dist-packages/nav2_common-1.1.0-py3.10.egg-info/dependency_links.txt
[2.592s] -- Up-to-date: /home/sunrise/ros2_ws/install/nav2_common/local/lib/python3.10/dist-packages/nav2_common
[2.593s] -- Up-to-date: /home/sunrise/ros2_ws/install/nav2_common/local/lib/python3.10/dist-packages/nav2_common/__init__.py
[2.593s] -- Up-to-date: /home/sunrise/ros2_ws/install/nav2_common/local/lib/python3.10/dist-packages/nav2_common/launch
[2.594s] -- Up-to-date: /home/sunrise/ros2_ws/install/nav2_common/local/lib/python3.10/dist-packages/nav2_common/launch/rewritten_yaml.py
[2.594s] -- Up-to-date: /home/sunrise/ros2_ws/install/nav2_common/local/lib/python3.10/dist-packages/nav2_common/launch/replace_string.py
[2.595s] -- Up-to-date: /home/sunrise/ros2_ws/install/nav2_common/local/lib/python3.10/dist-packages/nav2_common/launch/__init__.py
[2.596s] -- Up-to-date: /home/sunrise/ros2_ws/install/nav2_common/local/lib/python3.10/dist-packages/nav2_common/launch/has_node_params.py
[2.773s] Listing '/home/sunrise/ros2_ws/install/nav2_common/local/lib/python3.10/dist-packages/nav2_common'...
[2.773s] Listing '/home/sunrise/ros2_ws/install/nav2_common/local/lib/python3.10/dist-packages/nav2_common/launch'...
[2.817s] -- Up-to-date: /home/sunrise/ros2_ws/install/nav2_common/share/ament_index/resource_index/package_run_dependencies/nav2_common
[2.818s] -- Up-to-date: /home/sunrise/ros2_ws/install/nav2_common/share/ament_index/resource_index/parent_prefix_path/nav2_common
[2.819s] -- Up-to-date: /home/sunrise/ros2_ws/install/nav2_common/share/nav2_common/environment/ament_prefix_path.sh
[2.819s] -- Up-to-date: /home/sunrise/ros2_ws/install/nav2_common/share/nav2_common/environment/ament_prefix_path.dsv
[2.820s] -- Up-to-date: /home/sunrise/ros2_ws/install/nav2_common/share/nav2_common/environment/path.sh
[2.821s] -- Up-to-date: /home/sunrise/ros2_ws/install/nav2_common/share/nav2_common/environment/path.dsv
[2.821s] -- Up-to-date: /home/sunrise/ros2_ws/install/nav2_common/share/nav2_common/local_setup.bash
[2.822s] -- Up-to-date: /home/sunrise/ros2_ws/install/nav2_common/share/nav2_common/local_setup.sh
[2.822s] -- Up-to-date: /home/sunrise/ros2_ws/install/nav2_common/share/nav2_common/local_setup.zsh
[2.823s] -- Up-to-date: /home/sunrise/ros2_ws/install/nav2_common/share/nav2_common/local_setup.dsv
[2.823s] -- Installing: /home/sunrise/ros2_ws/install/nav2_common/share/nav2_common/package.dsv
[2.823s] -- Up-to-date: /home/sunrise/ros2_ws/install/nav2_common/share/ament_index/resource_index/packages/nav2_common
[2.824s] -- Up-to-date: /home/sunrise/ros2_ws/install/nav2_common/share/nav2_common/cmake/nav2_common-extras.cmake
[2.824s] -- Up-to-date: /home/sunrise/ros2_ws/install/nav2_common/share/nav2_common/cmake/nav2_commonConfig.cmake
[2.825s] -- Up-to-date: /home/sunrise/ros2_ws/install/nav2_common/share/nav2_common/cmake/nav2_commonConfig-version.cmake
[2.825s] -- Up-to-date: /home/sunrise/ros2_ws/install/nav2_common/share/nav2_common/package.xml
[2.826s] -- Up-to-date: /home/sunrise/ros2_ws/install/nav2_common/share/nav2_common/cmake
[2.826s] -- Up-to-date: /home/sunrise/ros2_ws/install/nav2_common/share/nav2_common/cmake/nav2_package.cmake
[2.831s] Invoked command in '/home/sunrise/ros2_ws/build/nav2_common' returned '0': CMAKE_PREFIX_PATH=${CMAKE_PREFIX_PATH}:/home/sunrise/ros2_ws/install/nav2_simple_commander:/home/sunrise/ros2_ws/install/fishbot_description:/opt/ros/humble /usr/bin/cmake --install /home/sunrise/ros2_ws/build/nav2_common
