[0.211s] Invoking command in '/home/sunrise/ros2_ws/build/fishbot_bringup': CMAKE_PREFIX_PATH=${CMAKE_PREFIX_PATH}:/opt/tros/humble:/home/sunrise/ros2_ws/install/nav2_simple_commander:/home/sunrise/ros2_ws/install/fishbot_description:/opt/ros/humble /usr/bin/cmake --build /home/sunrise/ros2_ws/build/fishbot_bringup -- -j8 -l8
[3.145s] [100%] Built target fishbot_bringup
[3.152s] Invoked command in '/home/sunrise/ros2_ws/build/fishbot_bringup' returned '0': CMAKE_PREFIX_PATH=${CMAKE_PREFIX_PATH}:/opt/tros/humble:/home/sunrise/ros2_ws/install/nav2_simple_commander:/home/sunrise/ros2_ws/install/fishbot_description:/opt/ros/humble /usr/bin/cmake --build /home/sunrise/ros2_ws/build/fishbot_bringup -- -j8 -l8
[3.197s] Invoking command in '/home/sunrise/ros2_ws/build/fishbot_bringup': CMAKE_PREFIX_PATH=${CMAKE_PREFIX_PATH}:/opt/tros/humble:/home/sunrise/ros2_ws/install/nav2_simple_commander:/home/sunrise/ros2_ws/install/fishbot_description:/opt/ros/humble /usr/bin/cmake --install /home/sunrise/ros2_ws/build/fishbot_bringup
[3.234s] -- Install configuration: ""
[3.235s] -- Up-to-date: /home/sunrise/ros2_ws/install/fishbot_bringup/lib/fishbot_bringup/fishbot_bringup
[3.236s] -- Up-to-date: /home/sunrise/ros2_ws/install/fishbot_bringup/share/fishbot_bringup/launch
[3.237s] -- Up-to-date: /home/sunrise/ros2_ws/install/fishbot_bringup/share/fishbot_bringup/launch/fishbot_bringup.launch.py
[3.238s] -- Up-to-date: /home/sunrise/ros2_ws/install/fishbot_bringup/share/ament_index/resource_index/package_run_dependencies/fishbot_bringup
[3.238s] -- Up-to-date: /home/sunrise/ros2_ws/install/fishbot_bringup/share/ament_index/resource_index/parent_prefix_path/fishbot_bringup
[3.239s] -- Up-to-date: /home/sunrise/ros2_ws/install/fishbot_bringup/share/fishbot_bringup/environment/ament_prefix_path.sh
[3.240s] -- Up-to-date: /home/sunrise/ros2_ws/install/fishbot_bringup/share/fishbot_bringup/environment/ament_prefix_path.dsv
[3.241s] -- Up-to-date: /home/sunrise/ros2_ws/install/fishbot_bringup/share/fishbot_bringup/environment/path.sh
[3.241s] -- Up-to-date: /home/sunrise/ros2_ws/install/fishbot_bringup/share/fishbot_bringup/environment/path.dsv
[3.242s] -- Up-to-date: /home/sunrise/ros2_ws/install/fishbot_bringup/share/fishbot_bringup/local_setup.bash
[3.243s] -- Up-to-date: /home/sunrise/ros2_ws/install/fishbot_bringup/share/fishbot_bringup/local_setup.sh
[3.243s] -- Up-to-date: /home/sunrise/ros2_ws/install/fishbot_bringup/share/fishbot_bringup/local_setup.zsh
[3.244s] -- Up-to-date: /home/sunrise/ros2_ws/install/fishbot_bringup/share/fishbot_bringup/local_setup.dsv
[3.245s] -- Installing: /home/sunrise/ros2_ws/install/fishbot_bringup/share/fishbot_bringup/package.dsv
[3.246s] -- Up-to-date: /home/sunrise/ros2_ws/install/fishbot_bringup/share/ament_index/resource_index/packages/fishbot_bringup
[3.249s] -- Up-to-date: /home/sunrise/ros2_ws/install/fishbot_bringup/share/fishbot_bringup/cmake/fishbot_bringupConfig.cmake
[3.253s] -- Up-to-date: /home/sunrise/ros2_ws/install/fishbot_bringup/share/fishbot_bringup/cmake/fishbot_bringupConfig-version.cmake
[3.254s] -- Up-to-date: /home/sunrise/ros2_ws/install/fishbot_bringup/share/fishbot_bringup/package.xml
[3.256s] Invoked command in '/home/sunrise/ros2_ws/build/fishbot_bringup' returned '0': CMAKE_PREFIX_PATH=${CMAKE_PREFIX_PATH}:/opt/tros/humble:/home/sunrise/ros2_ws/install/nav2_simple_commander:/home/sunrise/ros2_ws/install/fishbot_description:/opt/ros/humble /usr/bin/cmake --install /home/sunrise/ros2_ws/build/fishbot_bringup
