[4.513s] Invoking command in '/home/sunrise/ros2_ws/src/fishbot_description': PYTHONPATH=/home/sunrise/ros2_ws/build/fishbot_description/prefix_override:/usr/lib/python3/dist-packages/colcon_core/task/python/colcon_distutils_commands:/home/sunrise/ros2_ws/install/fishbot_description/lib/python3.10/site-packages:${PYTHONPATH} /usr/bin/python3 -W ignore:setup.py install is deprecated -W ignore:easy_install command is deprecated setup.py egg_info --egg-base ../../build/fishbot_description build --build-base /home/sunrise/ros2_ws/build/fishbot_description/build install --record /home/sunrise/ros2_ws/build/fishbot_description/install.log --single-version-externally-managed install_data
[5.926s] running egg_info
[5.930s] writing ../../build/fishbot_description/fishbot_description.egg-info/PKG-INFO
[5.931s] writing dependency_links to ../../build/fishbot_description/fishbot_description.egg-info/dependency_links.txt
[5.931s] writing entry points to ../../build/fishbot_description/fishbot_description.egg-info/entry_points.txt
[5.932s] writing requirements to ../../build/fishbot_description/fishbot_description.egg-info/requires.txt
[5.933s] writing top-level names to ../../build/fishbot_description/fishbot_description.egg-info/top_level.txt
[5.942s] reading manifest file '../../build/fishbot_description/fishbot_description.egg-info/SOURCES.txt'
[5.948s] writing manifest file '../../build/fishbot_description/fishbot_description.egg-info/SOURCES.txt'
[5.949s] running build
[5.949s] running build_py
[5.950s] running install
[5.952s] running install_lib
[5.958s] running install_data
[5.959s] running install_egg_info
[5.969s] removing '/home/sunrise/ros2_ws/install/fishbot_description/lib/python3.10/site-packages/fishbot_description-0.0.0-py3.10.egg-info' (and everything under it)
[5.970s] Copying ../../build/fishbot_description/fishbot_description.egg-info to /home/sunrise/ros2_ws/install/fishbot_description/lib/python3.10/site-packages/fishbot_description-0.0.0-py3.10.egg-info
[5.974s] running install_scripts
[6.088s] Installing rotate_wheel script to /home/sunrise/ros2_ws/install/fishbot_description/lib/fishbot_description
[6.090s] writing list of installed files to '/home/sunrise/ros2_ws/build/fishbot_description/install.log'
[6.289s] Invoked command in '/home/sunrise/ros2_ws/src/fishbot_description' returned '0': PYTHONPATH=/home/sunrise/ros2_ws/build/fishbot_description/prefix_override:/usr/lib/python3/dist-packages/colcon_core/task/python/colcon_distutils_commands:/home/sunrise/ros2_ws/install/fishbot_description/lib/python3.10/site-packages:${PYTHONPATH} /usr/bin/python3 -W ignore:setup.py install is deprecated -W ignore:easy_install command is deprecated setup.py egg_info --egg-base ../../build/fishbot_description build --build-base /home/sunrise/ros2_ws/build/fishbot_description/build install --record /home/sunrise/ros2_ws/build/fishbot_description/install.log --single-version-externally-managed install_data
