[3.018s] Invoking command in '/home/sunrise/ros2_ws/build/fishbot_navigation2': CMAKE_PREFIX_PATH=${CMAKE_PREFIX_PATH}:/opt/tros/humble:/home/sunrise/ros2_ws/install/nav2_simple_commander:/home/sunrise/ros2_ws/install/fishbot_description:/opt/ros/humble /usr/bin/cmake --build /home/sunrise/ros2_ws/build/fishbot_navigation2 -- -j8 -l8
[3.310s] Invoked command in '/home/sunrise/ros2_ws/build/fishbot_navigation2' returned '0': CMAKE_PREFIX_PATH=${CMAKE_PREFIX_PATH}:/opt/tros/humble:/home/sunrise/ros2_ws/install/nav2_simple_commander:/home/sunrise/ros2_ws/install/fishbot_description:/opt/ros/humble /usr/bin/cmake --build /home/sunrise/ros2_ws/build/fishbot_navigation2 -- -j8 -l8
[3.317s] Invoking command in '/home/sunrise/ros2_ws/build/fishbot_navigation2': CMAKE_PREFIX_PATH=${CMAKE_PREFIX_PATH}:/opt/tros/humble:/home/sunrise/ros2_ws/install/nav2_simple_commander:/home/sunrise/ros2_ws/install/fishbot_description:/opt/ros/humble /usr/bin/cmake --install /home/sunrise/ros2_ws/build/fishbot_navigation2
[3.356s] -- Install configuration: ""
[3.357s] -- Up-to-date: /home/sunrise/ros2_ws/install/fishbot_navigation2/share/fishbot_navigation2/launch
[3.357s] -- Up-to-date: /home/sunrise/ros2_ws/install/fishbot_navigation2/share/fishbot_navigation2/launch/navigation2.launch.py
[3.358s] -- Up-to-date: /home/sunrise/ros2_ws/install/fishbot_navigation2/share/fishbot_navigation2/param
[3.359s] -- Up-to-date: /home/sunrise/ros2_ws/install/fishbot_navigation2/share/fishbot_navigation2/param/fishbot_nav2.yaml
[3.360s] -- Up-to-date: /home/sunrise/ros2_ws/install/fishbot_navigation2/share/fishbot_navigation2/maps
[3.360s] -- Up-to-date: /home/sunrise/ros2_ws/install/fishbot_navigation2/share/fishbot_navigation2/maps/fishbot_map.yaml
[3.361s] -- Up-to-date: /home/sunrise/ros2_ws/install/fishbot_navigation2/share/fishbot_navigation2/maps/fishbot_map.pgm
[3.362s] -- Up-to-date: /home/sunrise/ros2_ws/install/fishbot_navigation2/share/ament_index/resource_index/package_run_dependencies/fishbot_navigation2
[3.362s] -- Up-to-date: /home/sunrise/ros2_ws/install/fishbot_navigation2/share/ament_index/resource_index/parent_prefix_path/fishbot_navigation2
[3.363s] -- Up-to-date: /home/sunrise/ros2_ws/install/fishbot_navigation2/share/fishbot_navigation2/environment/ament_prefix_path.sh
[3.363s] -- Up-to-date: /home/sunrise/ros2_ws/install/fishbot_navigation2/share/fishbot_navigation2/environment/ament_prefix_path.dsv
[3.364s] -- Up-to-date: /home/sunrise/ros2_ws/install/fishbot_navigation2/share/fishbot_navigation2/environment/path.sh
[3.364s] -- Up-to-date: /home/sunrise/ros2_ws/install/fishbot_navigation2/share/fishbot_navigation2/environment/path.dsv
[3.365s] -- Up-to-date: /home/sunrise/ros2_ws/install/fishbot_navigation2/share/fishbot_navigation2/local_setup.bash
[3.365s] -- Up-to-date: /home/sunrise/ros2_ws/install/fishbot_navigation2/share/fishbot_navigation2/local_setup.sh
[3.366s] -- Up-to-date: /home/sunrise/ros2_ws/install/fishbot_navigation2/share/fishbot_navigation2/local_setup.zsh
[3.366s] -- Up-to-date: /home/sunrise/ros2_ws/install/fishbot_navigation2/share/fishbot_navigation2/local_setup.dsv
[3.367s] -- Installing: /home/sunrise/ros2_ws/install/fishbot_navigation2/share/fishbot_navigation2/package.dsv
[3.369s] -- Up-to-date: /home/sunrise/ros2_ws/install/fishbot_navigation2/share/ament_index/resource_index/packages/fishbot_navigation2
[3.375s] -- Up-to-date: /home/sunrise/ros2_ws/install/fishbot_navigation2/share/fishbot_navigation2/cmake/fishbot_navigation2Config.cmake
[3.376s] -- Up-to-date: /home/sunrise/ros2_ws/install/fishbot_navigation2/share/fishbot_navigation2/cmake/fishbot_navigation2Config-version.cmake
[3.377s] -- Up-to-date: /home/sunrise/ros2_ws/install/fishbot_navigation2/share/fishbot_navigation2/package.xml
[3.378s] Invoked command in '/home/sunrise/ros2_ws/build/fishbot_navigation2' returned '0': CMAKE_PREFIX_PATH=${CMAKE_PREFIX_PATH}:/opt/tros/humble:/home/sunrise/ros2_ws/install/nav2_simple_commander:/home/sunrise/ros2_ws/install/fishbot_description:/opt/ros/humble /usr/bin/cmake --install /home/sunrise/ros2_ws/build/fishbot_navigation2
