[2.041s] Invoking command in '/home/sunrise/ros2_ws/build/ydlidar': CMAKE_PREFIX_PATH=${CMAKE_PREFIX_PATH}:/home/sunrise/ros2_ws/install/nav2_simple_commander:/home/sunrise/ros2_ws/install/fishbot_description:/opt/ros/humble /usr/bin/cmake --build /home/sunrise/ros2_ws/build/ydlidar -- -j8 -l8
[2.311s] [ 18%] Built target ydlidar_client
[2.353s] [100%] Built target ydlidar_node
[2.409s] Invoked command in '/home/sunrise/ros2_ws/build/ydlidar' returned '0': CMAKE_PREFIX_PATH=${CMAKE_PREFIX_PATH}:/home/sunrise/ros2_ws/install/nav2_simple_commander:/home/sunrise/ros2_ws/install/fishbot_description:/opt/ros/humble /usr/bin/cmake --build /home/sunrise/ros2_ws/build/ydlidar -- -j8 -l8
[2.416s] Invoking command in '/home/sunrise/ros2_ws/build/ydlidar': CMAKE_PREFIX_PATH=${CMAKE_PREFIX_PATH}:/home/sunrise/ros2_ws/install/nav2_simple_commander:/home/sunrise/ros2_ws/install/fishbot_description:/opt/ros/humble /usr/bin/cmake --install /home/sunrise/ros2_ws/build/ydlidar
[2.550s] -- Install configuration: ""
[2.561s] -- Up-to-date: /home/sunrise/ros2_ws/install/ydlidar/lib/ydlidar/ydlidar_node
[2.568s] -- Up-to-date: /home/sunrise/ros2_ws/install/ydlidar/lib/ydlidar/ydlidar_client
[2.571s] -- Up-to-date: /home/sunrise/ros2_ws/install/ydlidar/share/ydlidar/launch
[2.571s] -- Up-to-date: /home/sunrise/ros2_ws/install/ydlidar/share/ydlidar/launch/ydlidar_launch.py
[2.572s] -- Up-to-date: /home/sunrise/ros2_ws/install/ydlidar/share/ydlidar/launch/ydlidar.py
[2.573s] -- Up-to-date: /home/sunrise/ros2_ws/install/ydlidar/share/ydlidar/params
[2.574s] -- Up-to-date: /home/sunrise/ros2_ws/install/ydlidar/share/ydlidar/params/ydlidar.yaml
[2.575s] -- Up-to-date: /home/sunrise/ros2_ws/install/ydlidar/share/ydlidar/startup
[2.576s] -- Up-to-date: /home/sunrise/ros2_ws/install/ydlidar/share/ydlidar/startup/initenv.sh
[2.578s] -- Up-to-date: /home/sunrise/ros2_ws/install/ydlidar/share/ament_index/resource_index/package_run_dependencies/ydlidar
[2.581s] -- Up-to-date: /home/sunrise/ros2_ws/install/ydlidar/share/ament_index/resource_index/parent_prefix_path/ydlidar
[2.583s] -- Up-to-date: /home/sunrise/ros2_ws/install/ydlidar/share/ydlidar/environment/ament_prefix_path.sh
[2.584s] -- Up-to-date: /home/sunrise/ros2_ws/install/ydlidar/share/ydlidar/environment/ament_prefix_path.dsv
[2.587s] -- Up-to-date: /home/sunrise/ros2_ws/install/ydlidar/share/ydlidar/environment/path.sh
[2.588s] -- Up-to-date: /home/sunrise/ros2_ws/install/ydlidar/share/ydlidar/environment/path.dsv
[2.590s] -- Up-to-date: /home/sunrise/ros2_ws/install/ydlidar/share/ydlidar/local_setup.bash
[2.632s] -- Up-to-date: /home/sunrise/ros2_ws/install/ydlidar/share/ydlidar/local_setup.sh
[2.633s] -- Up-to-date: /home/sunrise/ros2_ws/install/ydlidar/share/ydlidar/local_setup.zsh
[2.634s] -- Up-to-date: /home/sunrise/ros2_ws/install/ydlidar/share/ydlidar/local_setup.dsv
[2.637s] -- Installing: /home/sunrise/ros2_ws/install/ydlidar/share/ydlidar/package.dsv
[2.638s] -- Up-to-date: /home/sunrise/ros2_ws/install/ydlidar/share/ament_index/resource_index/packages/ydlidar
[2.639s] -- Up-to-date: /home/sunrise/ros2_ws/install/ydlidar/share/ydlidar/cmake/ydlidarConfig.cmake
[2.640s] -- Up-to-date: /home/sunrise/ros2_ws/install/ydlidar/share/ydlidar/cmake/ydlidarConfig-version.cmake
[2.642s] -- Up-to-date: /home/sunrise/ros2_ws/install/ydlidar/share/ydlidar/package.xml
[2.645s] Invoked command in '/home/sunrise/ros2_ws/build/ydlidar' returned '0': CMAKE_PREFIX_PATH=${CMAKE_PREFIX_PATH}:/home/sunrise/ros2_ws/install/nav2_simple_commander:/home/sunrise/ros2_ws/install/fishbot_description:/opt/ros/humble /usr/bin/cmake --install /home/sunrise/ros2_ws/build/ydlidar
