[0.081s] Invoking command in '/home/sunrise/ros2_ws/build/micro_ros_msgs': CMAKE_PREFIX_PATH=${CMAKE_PREFIX_PATH}:/opt/ros/humble /usr/bin/cmake --build /home/sunrise/ros2_ws/build/micro_ros_msgs -- -j8 -l8
[0.306s] [  2%] Built target micro_ros_msgs__cpp
[0.311s] [ 12%] Built target micro_ros_msgs__rosidl_generator_c
[0.374s] [ 12%] Built target ament_cmake_python_copy_micro_ros_msgs
[0.427s] [ 23%] Built target micro_ros_msgs__rosidl_typesupport_fastrtps_cpp
[0.431s] [ 34%] Built target micro_ros_msgs__rosidl_typesupport_introspection_c
[0.434s] [ 44%] Built target micro_ros_msgs__rosidl_typesupport_introspection_cpp
[0.441s] [ 55%] Built target micro_ros_msgs__rosidl_typesupport_fastrtps_c
[0.445s] [ 65%] Built target micro_ros_msgs__rosidl_typesupport_cpp
[0.450s] [ 76%] Built target micro_ros_msgs__rosidl_typesupport_c
[0.540s] [ 76%] Built target micro_ros_msgs
[0.635s] [ 78%] Built target micro_ros_msgs__py
[0.730s] [ 87%] Built target micro_ros_msgs__rosidl_generator_py
[0.828s] [100%] Built target micro_ros_msgs__rosidl_typesupport_introspection_c__pyext
[0.829s] [100%] Built target micro_ros_msgs__rosidl_typesupport_fastrtps_c__pyext
[0.829s] [100%] Built target micro_ros_msgs__rosidl_typesupport_c__pyext
[1.903s] running egg_info
[1.907s] writing micro_ros_msgs.egg-info/PKG-INFO
[1.909s] writing dependency_links to micro_ros_msgs.egg-info/dependency_links.txt
[1.910s] writing top-level names to micro_ros_msgs.egg-info/top_level.txt
[1.924s] reading manifest file 'micro_ros_msgs.egg-info/SOURCES.txt'
[1.927s] writing manifest file 'micro_ros_msgs.egg-info/SOURCES.txt'
[2.139s] [100%] Built target ament_cmake_python_build_micro_ros_msgs_egg
