[0.090s] Invoking command in '/home/sunrise/ros2_ws/build/micro_ros_msgs': CMAKE_PREFIX_PATH=${CMAKE_PREFIX_PATH}:/opt/ros/humble /usr/bin/cmake --build /home/sunrise/ros2_ws/build/micro_ros_msgs -- -j8 -l8
[0.322s] [  2%] Built target micro_ros_msgs__cpp
[0.325s] [ 12%] Built target micro_ros_msgs__rosidl_generator_c
[0.371s] [ 12%] Built target ament_cmake_python_copy_micro_ros_msgs
[0.450s] [ 23%] Built target micro_ros_msgs__rosidl_typesupport_cpp
[0.459s] [ 34%] Built target micro_ros_msgs__rosidl_typesupport_introspection_cpp
[0.499s] [ 44%] Built target micro_ros_msgs__rosidl_typesupport_fastrtps_c
[0.504s] [ 65%] Built target micro_ros_msgs__rosidl_typesupport_introspection_c
[0.505s] [ 65%] Built target micro_ros_msgs__rosidl_typesupport_fastrtps_cpp
[0.528s] [ 76%] Built target micro_ros_msgs__rosidl_typesupport_c
[0.624s] [ 76%] Built target micro_ros_msgs
[0.719s] [ 78%] Built target micro_ros_msgs__py
[0.823s] [ 87%] Built target micro_ros_msgs__rosidl_generator_py
[0.925s] [100%] Built target micro_ros_msgs__rosidl_typesupport_c__pyext
[0.926s] [100%] Built target micro_ros_msgs__rosidl_typesupport_fastrtps_c__pyext
[0.927s] [100%] Built target micro_ros_msgs__rosidl_typesupport_introspection_c__pyext
[2.067s] running egg_info
[2.072s] writing micro_ros_msgs.egg-info/PKG-INFO
[2.073s] writing dependency_links to micro_ros_msgs.egg-info/dependency_links.txt
[2.074s] writing top-level names to micro_ros_msgs.egg-info/top_level.txt
[2.090s] reading manifest file 'micro_ros_msgs.egg-info/SOURCES.txt'
[2.094s] writing manifest file 'micro_ros_msgs.egg-info/SOURCES.txt'
[2.321s] [100%] Built target ament_cmake_python_build_micro_ros_msgs_egg
[2.373s] Invoked command in '/home/sunrise/ros2_ws/build/micro_ros_msgs' returned '0': CMAKE_PREFIX_PATH=${CMAKE_PREFIX_PATH}:/opt/ros/humble /usr/bin/cmake --build /home/sunrise/ros2_ws/build/micro_ros_msgs -- -j8 -l8
[2.380s] Invoking command in '/home/sunrise/ros2_ws/build/micro_ros_msgs': CMAKE_PREFIX_PATH=${CMAKE_PREFIX_PATH}:/opt/ros/humble /usr/bin/cmake --install /home/sunrise/ros2_ws/build/micro_ros_msgs
[2.416s] -- Install configuration: ""
[2.417s] -- Up-to-date: /home/sunrise/ros2_ws/install/micro_ros_msgs/share/ament_index/resource_index/rosidl_interfaces/micro_ros_msgs
[2.418s] -- Up-to-date: /home/sunrise/ros2_ws/install/micro_ros_msgs/include/micro_ros_msgs/micro_ros_msgs
[2.418s] -- Up-to-date: /home/sunrise/ros2_ws/install/micro_ros_msgs/include/micro_ros_msgs/micro_ros_msgs/msg
[2.419s] -- Up-to-date: /home/sunrise/ros2_ws/install/micro_ros_msgs/include/micro_ros_msgs/micro_ros_msgs/msg/detail
[2.420s] -- Up-to-date: /home/sunrise/ros2_ws/install/micro_ros_msgs/include/micro_ros_msgs/micro_ros_msgs/msg/detail/node__struct.h
[2.421s] -- Up-to-date: /home/sunrise/ros2_ws/install/micro_ros_msgs/include/micro_ros_msgs/micro_ros_msgs/msg/detail/entity__type_support.h
[2.421s] -- Up-to-date: /home/sunrise/ros2_ws/install/micro_ros_msgs/include/micro_ros_msgs/micro_ros_msgs/msg/detail/entity__struct.h
[2.422s] -- Up-to-date: /home/sunrise/ros2_ws/install/micro_ros_msgs/include/micro_ros_msgs/micro_ros_msgs/msg/detail/graph__type_support.h
[2.423s] -- Up-to-date: /home/sunrise/ros2_ws/install/micro_ros_msgs/include/micro_ros_msgs/micro_ros_msgs/msg/detail/entity__functions.h
[2.424s] -- Up-to-date: /home/sunrise/ros2_ws/install/micro_ros_msgs/include/micro_ros_msgs/micro_ros_msgs/msg/detail/node__functions.c
[2.424s] -- Up-to-date: /home/sunrise/ros2_ws/install/micro_ros_msgs/include/micro_ros_msgs/micro_ros_msgs/msg/detail/node__functions.h
[2.425s] -- Up-to-date: /home/sunrise/ros2_ws/install/micro_ros_msgs/include/micro_ros_msgs/micro_ros_msgs/msg/detail/graph__functions.h
[2.425s] -- Up-to-date: /home/sunrise/ros2_ws/install/micro_ros_msgs/include/micro_ros_msgs/micro_ros_msgs/msg/detail/node__type_support.h
[2.426s] -- Up-to-date: /home/sunrise/ros2_ws/install/micro_ros_msgs/include/micro_ros_msgs/micro_ros_msgs/msg/detail/graph__struct.h
[2.427s] -- Up-to-date: /home/sunrise/ros2_ws/install/micro_ros_msgs/include/micro_ros_msgs/micro_ros_msgs/msg/detail/entity__functions.c
[2.428s] -- Up-to-date: /home/sunrise/ros2_ws/install/micro_ros_msgs/include/micro_ros_msgs/micro_ros_msgs/msg/detail/graph__functions.c
[2.428s] -- Up-to-date: /home/sunrise/ros2_ws/install/micro_ros_msgs/include/micro_ros_msgs/micro_ros_msgs/msg/graph.h
[2.429s] -- Up-to-date: /home/sunrise/ros2_ws/install/micro_ros_msgs/include/micro_ros_msgs/micro_ros_msgs/msg/node.h
[2.430s] -- Up-to-date: /home/sunrise/ros2_ws/install/micro_ros_msgs/include/micro_ros_msgs/micro_ros_msgs/msg/entity.h
[2.431s] -- Up-to-date: /home/sunrise/ros2_ws/install/micro_ros_msgs/include/micro_ros_msgs/micro_ros_msgs/msg/rosidl_generator_c__visibility_control.h
[2.432s] -- Up-to-date: /home/sunrise/ros2_ws/install/micro_ros_msgs/share/micro_ros_msgs/environment/library_path.sh
[2.433s] -- Up-to-date: /home/sunrise/ros2_ws/install/micro_ros_msgs/share/micro_ros_msgs/environment/library_path.dsv
[2.433s] -- Up-to-date: /home/sunrise/ros2_ws/install/micro_ros_msgs/lib/libmicro_ros_msgs__rosidl_generator_c.so
[2.434s] -- Up-to-date: /home/sunrise/ros2_ws/install/micro_ros_msgs/include/micro_ros_msgs/micro_ros_msgs
[2.435s] -- Up-to-date: /home/sunrise/ros2_ws/install/micro_ros_msgs/include/micro_ros_msgs/micro_ros_msgs/msg
[2.435s] -- Up-to-date: /home/sunrise/ros2_ws/install/micro_ros_msgs/include/micro_ros_msgs/micro_ros_msgs/msg/detail
[2.436s] -- Up-to-date: /home/sunrise/ros2_ws/install/micro_ros_msgs/include/micro_ros_msgs/micro_ros_msgs/msg/detail/node__rosidl_typesupport_fastrtps_c.h
[2.437s] -- Up-to-date: /home/sunrise/ros2_ws/install/micro_ros_msgs/include/micro_ros_msgs/micro_ros_msgs/msg/detail/entity__rosidl_typesupport_fastrtps_c.h
[2.437s] -- Up-to-date: /home/sunrise/ros2_ws/install/micro_ros_msgs/include/micro_ros_msgs/micro_ros_msgs/msg/detail/graph__rosidl_typesupport_fastrtps_c.h
[2.439s] -- Up-to-date: /home/sunrise/ros2_ws/install/micro_ros_msgs/include/micro_ros_msgs/micro_ros_msgs/msg/rosidl_typesupport_fastrtps_c__visibility_control.h
[2.439s] -- Up-to-date: /home/sunrise/ros2_ws/install/micro_ros_msgs/lib/libmicro_ros_msgs__rosidl_typesupport_fastrtps_c.so
[2.440s] -- Up-to-date: /home/sunrise/ros2_ws/install/micro_ros_msgs/include/micro_ros_msgs/micro_ros_msgs
[2.440s] -- Up-to-date: /home/sunrise/ros2_ws/install/micro_ros_msgs/include/micro_ros_msgs/micro_ros_msgs/msg
[2.441s] -- Up-to-date: /home/sunrise/ros2_ws/install/micro_ros_msgs/include/micro_ros_msgs/micro_ros_msgs/msg/detail
[2.442s] -- Up-to-date: /home/sunrise/ros2_ws/install/micro_ros_msgs/include/micro_ros_msgs/micro_ros_msgs/msg/detail/entity__rosidl_typesupport_introspection_c.h
[2.442s] -- Up-to-date: /home/sunrise/ros2_ws/install/micro_ros_msgs/include/micro_ros_msgs/micro_ros_msgs/msg/detail/graph__rosidl_typesupport_introspection_c.h
[2.443s] -- Up-to-date: /home/sunrise/ros2_ws/install/micro_ros_msgs/include/micro_ros_msgs/micro_ros_msgs/msg/detail/node__rosidl_typesupport_introspection_c.h
[2.443s] -- Up-to-date: /home/sunrise/ros2_ws/install/micro_ros_msgs/include/micro_ros_msgs/micro_ros_msgs/msg/detail/entity__type_support.c
[2.444s] -- Up-to-date: /home/sunrise/ros2_ws/install/micro_ros_msgs/include/micro_ros_msgs/micro_ros_msgs/msg/detail/graph__type_support.c
[2.444s] -- Up-to-date: /home/sunrise/ros2_ws/install/micro_ros_msgs/include/micro_ros_msgs/micro_ros_msgs/msg/detail/node__type_support.c
[2.445s] -- Up-to-date: /home/sunrise/ros2_ws/install/micro_ros_msgs/include/micro_ros_msgs/micro_ros_msgs/msg/rosidl_typesupport_introspection_c__visibility_control.h
[2.446s] -- Up-to-date: /home/sunrise/ros2_ws/install/micro_ros_msgs/lib/libmicro_ros_msgs__rosidl_typesupport_introspection_c.so
[2.446s] -- Up-to-date: /home/sunrise/ros2_ws/install/micro_ros_msgs/lib/libmicro_ros_msgs__rosidl_typesupport_c.so
[2.447s] -- Up-to-date: /home/sunrise/ros2_ws/install/micro_ros_msgs/include/micro_ros_msgs/micro_ros_msgs
[2.447s] -- Up-to-date: /home/sunrise/ros2_ws/install/micro_ros_msgs/include/micro_ros_msgs/micro_ros_msgs/msg
[2.448s] -- Up-to-date: /home/sunrise/ros2_ws/install/micro_ros_msgs/include/micro_ros_msgs/micro_ros_msgs/msg/entity.hpp
[2.448s] -- Up-to-date: /home/sunrise/ros2_ws/install/micro_ros_msgs/include/micro_ros_msgs/micro_ros_msgs/msg/detail
[2.449s] -- Up-to-date: /home/sunrise/ros2_ws/install/micro_ros_msgs/include/micro_ros_msgs/micro_ros_msgs/msg/detail/entity__traits.hpp
[2.449s] -- Up-to-date: /home/sunrise/ros2_ws/install/micro_ros_msgs/include/micro_ros_msgs/micro_ros_msgs/msg/detail/node__type_support.hpp
[2.450s] -- Up-to-date: /home/sunrise/ros2_ws/install/micro_ros_msgs/include/micro_ros_msgs/micro_ros_msgs/msg/detail/node__builder.hpp
[2.451s] -- Up-to-date: /home/sunrise/ros2_ws/install/micro_ros_msgs/include/micro_ros_msgs/micro_ros_msgs/msg/detail/graph__traits.hpp
[2.451s] -- Up-to-date: /home/sunrise/ros2_ws/install/micro_ros_msgs/include/micro_ros_msgs/micro_ros_msgs/msg/detail/entity__struct.hpp
[2.452s] -- Up-to-date: /home/sunrise/ros2_ws/install/micro_ros_msgs/include/micro_ros_msgs/micro_ros_msgs/msg/detail/graph__struct.hpp
[2.452s] -- Up-to-date: /home/sunrise/ros2_ws/install/micro_ros_msgs/include/micro_ros_msgs/micro_ros_msgs/msg/detail/entity__type_support.hpp
[2.453s] -- Up-to-date: /home/sunrise/ros2_ws/install/micro_ros_msgs/include/micro_ros_msgs/micro_ros_msgs/msg/detail/entity__builder.hpp
[2.454s] -- Up-to-date: /home/sunrise/ros2_ws/install/micro_ros_msgs/include/micro_ros_msgs/micro_ros_msgs/msg/detail/graph__builder.hpp
[2.454s] -- Up-to-date: /home/sunrise/ros2_ws/install/micro_ros_msgs/include/micro_ros_msgs/micro_ros_msgs/msg/detail/node__struct.hpp
[2.455s] -- Up-to-date: /home/sunrise/ros2_ws/install/micro_ros_msgs/include/micro_ros_msgs/micro_ros_msgs/msg/detail/graph__type_support.hpp
[2.455s] -- Up-to-date: /home/sunrise/ros2_ws/install/micro_ros_msgs/include/micro_ros_msgs/micro_ros_msgs/msg/detail/node__traits.hpp
[2.456s] -- Up-to-date: /home/sunrise/ros2_ws/install/micro_ros_msgs/include/micro_ros_msgs/micro_ros_msgs/msg/graph.hpp
[2.456s] -- Up-to-date: /home/sunrise/ros2_ws/install/micro_ros_msgs/include/micro_ros_msgs/micro_ros_msgs/msg/rosidl_generator_cpp__visibility_control.hpp
[2.457s] -- Up-to-date: /home/sunrise/ros2_ws/install/micro_ros_msgs/include/micro_ros_msgs/micro_ros_msgs/msg/node.hpp
[2.458s] -- Up-to-date: /home/sunrise/ros2_ws/install/micro_ros_msgs/include/micro_ros_msgs/micro_ros_msgs
[2.458s] -- Up-to-date: /home/sunrise/ros2_ws/install/micro_ros_msgs/include/micro_ros_msgs/micro_ros_msgs/msg
[2.459s] -- Up-to-date: /home/sunrise/ros2_ws/install/micro_ros_msgs/include/micro_ros_msgs/micro_ros_msgs/msg/rosidl_typesupport_fastrtps_cpp__visibility_control.h
[2.459s] -- Up-to-date: /home/sunrise/ros2_ws/install/micro_ros_msgs/include/micro_ros_msgs/micro_ros_msgs/msg/detail
[2.460s] -- Up-to-date: /home/sunrise/ros2_ws/install/micro_ros_msgs/include/micro_ros_msgs/micro_ros_msgs/msg/detail/node__rosidl_typesupport_fastrtps_cpp.hpp
[2.460s] -- Up-to-date: /home/sunrise/ros2_ws/install/micro_ros_msgs/include/micro_ros_msgs/micro_ros_msgs/msg/detail/dds_fastrtps
[2.461s] -- Up-to-date: /home/sunrise/ros2_ws/install/micro_ros_msgs/include/micro_ros_msgs/micro_ros_msgs/msg/detail/entity__rosidl_typesupport_fastrtps_cpp.hpp
[2.461s] -- Up-to-date: /home/sunrise/ros2_ws/install/micro_ros_msgs/include/micro_ros_msgs/micro_ros_msgs/msg/detail/graph__rosidl_typesupport_fastrtps_cpp.hpp
[2.462s] -- Up-to-date: /home/sunrise/ros2_ws/install/micro_ros_msgs/lib/libmicro_ros_msgs__rosidl_typesupport_fastrtps_cpp.so
[2.462s] -- Up-to-date: /home/sunrise/ros2_ws/install/micro_ros_msgs/include/micro_ros_msgs/micro_ros_msgs
[2.463s] -- Up-to-date: /home/sunrise/ros2_ws/install/micro_ros_msgs/include/micro_ros_msgs/micro_ros_msgs/msg
[2.463s] -- Up-to-date: /home/sunrise/ros2_ws/install/micro_ros_msgs/include/micro_ros_msgs/micro_ros_msgs/msg/detail
[2.464s] -- Up-to-date: /home/sunrise/ros2_ws/install/micro_ros_msgs/include/micro_ros_msgs/micro_ros_msgs/msg/detail/entity__type_support.cpp
[2.465s] -- Up-to-date: /home/sunrise/ros2_ws/install/micro_ros_msgs/include/micro_ros_msgs/micro_ros_msgs/msg/detail/entity__rosidl_typesupport_introspection_cpp.hpp
[2.465s] -- Up-to-date: /home/sunrise/ros2_ws/install/micro_ros_msgs/include/micro_ros_msgs/micro_ros_msgs/msg/detail/node__rosidl_typesupport_introspection_cpp.hpp
[2.466s] -- Up-to-date: /home/sunrise/ros2_ws/install/micro_ros_msgs/include/micro_ros_msgs/micro_ros_msgs/msg/detail/node__type_support.cpp
[2.466s] -- Up-to-date: /home/sunrise/ros2_ws/install/micro_ros_msgs/include/micro_ros_msgs/micro_ros_msgs/msg/detail/graph__rosidl_typesupport_introspection_cpp.hpp
[2.467s] -- Up-to-date: /home/sunrise/ros2_ws/install/micro_ros_msgs/include/micro_ros_msgs/micro_ros_msgs/msg/detail/graph__type_support.cpp
[2.467s] -- Up-to-date: /home/sunrise/ros2_ws/install/micro_ros_msgs/lib/libmicro_ros_msgs__rosidl_typesupport_introspection_cpp.so
[2.468s] -- Up-to-date: /home/sunrise/ros2_ws/install/micro_ros_msgs/lib/libmicro_ros_msgs__rosidl_typesupport_cpp.so
[2.469s] -- Up-to-date: /home/sunrise/ros2_ws/install/micro_ros_msgs/share/micro_ros_msgs/environment/pythonpath.sh
[2.469s] -- Up-to-date: /home/sunrise/ros2_ws/install/micro_ros_msgs/share/micro_ros_msgs/environment/pythonpath.dsv
[2.470s] -- Up-to-date: /home/sunrise/ros2_ws/install/micro_ros_msgs/local/lib/python3.10/dist-packages/micro_ros_msgs-3.0.1-py3.10.egg-info
[2.470s] -- Installing: /home/sunrise/ros2_ws/install/micro_ros_msgs/local/lib/python3.10/dist-packages/micro_ros_msgs-3.0.1-py3.10.egg-info/PKG-INFO
[2.471s] -- Installing: /home/sunrise/ros2_ws/install/micro_ros_msgs/local/lib/python3.10/dist-packages/micro_ros_msgs-3.0.1-py3.10.egg-info/SOURCES.txt
[2.471s] -- Installing: /home/sunrise/ros2_ws/install/micro_ros_msgs/local/lib/python3.10/dist-packages/micro_ros_msgs-3.0.1-py3.10.egg-info/top_level.txt
[2.472s] -- Installing: /home/sunrise/ros2_ws/install/micro_ros_msgs/local/lib/python3.10/dist-packages/micro_ros_msgs-3.0.1-py3.10.egg-info/dependency_links.txt
[2.472s] -- Up-to-date: /home/sunrise/ros2_ws/install/micro_ros_msgs/local/lib/python3.10/dist-packages/micro_ros_msgs
[2.473s] -- Up-to-date: /home/sunrise/ros2_ws/install/micro_ros_msgs/local/lib/python3.10/dist-packages/micro_ros_msgs/micro_ros_msgs_s__rosidl_typesupport_fastrtps_c.cpython-310-aarch64-linux-gnu.so
[2.473s] -- Up-to-date: /home/sunrise/ros2_ws/install/micro_ros_msgs/local/lib/python3.10/dist-packages/micro_ros_msgs/micro_ros_msgs_s__rosidl_typesupport_introspection_c.cpython-310-aarch64-linux-gnu.so
[2.474s] -- Up-to-date: /home/sunrise/ros2_ws/install/micro_ros_msgs/local/lib/python3.10/dist-packages/micro_ros_msgs/_micro_ros_msgs_s.ep.rosidl_typesupport_c.c
[2.475s] -- Up-to-date: /home/sunrise/ros2_ws/install/micro_ros_msgs/local/lib/python3.10/dist-packages/micro_ros_msgs/libmicro_ros_msgs__rosidl_generator_py.so
[2.475s] -- Up-to-date: /home/sunrise/ros2_ws/install/micro_ros_msgs/local/lib/python3.10/dist-packages/micro_ros_msgs/micro_ros_msgs_s__rosidl_typesupport_c.cpython-310-aarch64-linux-gnu.so
[2.476s] -- Up-to-date: /home/sunrise/ros2_ws/install/micro_ros_msgs/local/lib/python3.10/dist-packages/micro_ros_msgs/__init__.py
[2.476s] -- Up-to-date: /home/sunrise/ros2_ws/install/micro_ros_msgs/local/lib/python3.10/dist-packages/micro_ros_msgs/_micro_ros_msgs_s.ep.rosidl_typesupport_fastrtps_c.c
[2.477s] -- Up-to-date: /home/sunrise/ros2_ws/install/micro_ros_msgs/local/lib/python3.10/dist-packages/micro_ros_msgs/_micro_ros_msgs_s.ep.rosidl_typesupport_introspection_c.c
[2.477s] -- Up-to-date: /home/sunrise/ros2_ws/install/micro_ros_msgs/local/lib/python3.10/dist-packages/micro_ros_msgs/msg
[2.478s] -- Up-to-date: /home/sunrise/ros2_ws/install/micro_ros_msgs/local/lib/python3.10/dist-packages/micro_ros_msgs/msg/_node_s.c
[2.478s] -- Up-to-date: /home/sunrise/ros2_ws/install/micro_ros_msgs/local/lib/python3.10/dist-packages/micro_ros_msgs/msg/_node.py
[2.479s] -- Up-to-date: /home/sunrise/ros2_ws/install/micro_ros_msgs/local/lib/python3.10/dist-packages/micro_ros_msgs/msg/__init__.py
[2.479s] -- Up-to-date: /home/sunrise/ros2_ws/install/micro_ros_msgs/local/lib/python3.10/dist-packages/micro_ros_msgs/msg/_entity_s.c
[2.480s] -- Up-to-date: /home/sunrise/ros2_ws/install/micro_ros_msgs/local/lib/python3.10/dist-packages/micro_ros_msgs/msg/_graph.py
[2.481s] -- Up-to-date: /home/sunrise/ros2_ws/install/micro_ros_msgs/local/lib/python3.10/dist-packages/micro_ros_msgs/msg/_entity.py
[2.481s] -- Up-to-date: /home/sunrise/ros2_ws/install/micro_ros_msgs/local/lib/python3.10/dist-packages/micro_ros_msgs/msg/_graph_s.c
[2.636s] Listing '/home/sunrise/ros2_ws/install/micro_ros_msgs/local/lib/python3.10/dist-packages/micro_ros_msgs'...
[2.637s] Listing '/home/sunrise/ros2_ws/install/micro_ros_msgs/local/lib/python3.10/dist-packages/micro_ros_msgs/msg'...
[2.682s] -- Up-to-date: /home/sunrise/ros2_ws/install/micro_ros_msgs/local/lib/python3.10/dist-packages/micro_ros_msgs/micro_ros_msgs_s__rosidl_typesupport_fastrtps_c.cpython-310-aarch64-linux-gnu.so
[2.683s] -- Up-to-date: /home/sunrise/ros2_ws/install/micro_ros_msgs/local/lib/python3.10/dist-packages/micro_ros_msgs/micro_ros_msgs_s__rosidl_typesupport_introspection_c.cpython-310-aarch64-linux-gnu.so
[2.684s] -- Up-to-date: /home/sunrise/ros2_ws/install/micro_ros_msgs/local/lib/python3.10/dist-packages/micro_ros_msgs/micro_ros_msgs_s__rosidl_typesupport_c.cpython-310-aarch64-linux-gnu.so
[2.685s] -- Up-to-date: /home/sunrise/ros2_ws/install/micro_ros_msgs/lib/libmicro_ros_msgs__rosidl_generator_py.so
[2.686s] -- Up-to-date: /home/sunrise/ros2_ws/install/micro_ros_msgs/share/micro_ros_msgs/msg/Graph.idl
[2.687s] -- Up-to-date: /home/sunrise/ros2_ws/install/micro_ros_msgs/share/micro_ros_msgs/msg/Node.idl
[2.688s] -- Up-to-date: /home/sunrise/ros2_ws/install/micro_ros_msgs/share/micro_ros_msgs/msg/Entity.idl
[2.688s] -- Up-to-date: /home/sunrise/ros2_ws/install/micro_ros_msgs/share/micro_ros_msgs/msg/Graph.msg
[2.689s] -- Up-to-date: /home/sunrise/ros2_ws/install/micro_ros_msgs/share/micro_ros_msgs/msg/Node.msg
[2.690s] -- Up-to-date: /home/sunrise/ros2_ws/install/micro_ros_msgs/share/micro_ros_msgs/msg/Entity.msg
[2.691s] -- Up-to-date: /home/sunrise/ros2_ws/install/micro_ros_msgs/share/ament_index/resource_index/package_run_dependencies/micro_ros_msgs
[2.691s] -- Up-to-date: /home/sunrise/ros2_ws/install/micro_ros_msgs/share/ament_index/resource_index/parent_prefix_path/micro_ros_msgs
[2.692s] -- Up-to-date: /home/sunrise/ros2_ws/install/micro_ros_msgs/share/micro_ros_msgs/environment/ament_prefix_path.sh
[2.693s] -- Up-to-date: /home/sunrise/ros2_ws/install/micro_ros_msgs/share/micro_ros_msgs/environment/ament_prefix_path.dsv
[2.694s] -- Up-to-date: /home/sunrise/ros2_ws/install/micro_ros_msgs/share/micro_ros_msgs/environment/path.sh
[2.694s] -- Up-to-date: /home/sunrise/ros2_ws/install/micro_ros_msgs/share/micro_ros_msgs/environment/path.dsv
[2.695s] -- Up-to-date: /home/sunrise/ros2_ws/install/micro_ros_msgs/share/micro_ros_msgs/local_setup.bash
[2.696s] -- Up-to-date: /home/sunrise/ros2_ws/install/micro_ros_msgs/share/micro_ros_msgs/local_setup.sh
[2.697s] -- Up-to-date: /home/sunrise/ros2_ws/install/micro_ros_msgs/share/micro_ros_msgs/local_setup.zsh
[2.698s] -- Up-to-date: /home/sunrise/ros2_ws/install/micro_ros_msgs/share/micro_ros_msgs/local_setup.dsv
[2.698s] -- Installing: /home/sunrise/ros2_ws/install/micro_ros_msgs/share/micro_ros_msgs/package.dsv
[2.699s] -- Up-to-date: /home/sunrise/ros2_ws/install/micro_ros_msgs/share/ament_index/resource_index/packages/micro_ros_msgs
[2.699s] -- Up-to-date: /home/sunrise/ros2_ws/install/micro_ros_msgs/share/micro_ros_msgs/cmake/export_micro_ros_msgs__rosidl_generator_cExport.cmake
[2.700s] -- Up-to-date: /home/sunrise/ros2_ws/install/micro_ros_msgs/share/micro_ros_msgs/cmake/export_micro_ros_msgs__rosidl_generator_cExport-noconfig.cmake
[2.700s] -- Up-to-date: /home/sunrise/ros2_ws/install/micro_ros_msgs/share/micro_ros_msgs/cmake/export_micro_ros_msgs__rosidl_typesupport_fastrtps_cExport.cmake
[2.701s] -- Up-to-date: /home/sunrise/ros2_ws/install/micro_ros_msgs/share/micro_ros_msgs/cmake/export_micro_ros_msgs__rosidl_typesupport_fastrtps_cExport-noconfig.cmake
[2.701s] -- Up-to-date: /home/sunrise/ros2_ws/install/micro_ros_msgs/share/micro_ros_msgs/cmake/micro_ros_msgs__rosidl_typesupport_introspection_cExport.cmake
[2.702s] -- Up-to-date: /home/sunrise/ros2_ws/install/micro_ros_msgs/share/micro_ros_msgs/cmake/micro_ros_msgs__rosidl_typesupport_introspection_cExport-noconfig.cmake
[2.702s] -- Up-to-date: /home/sunrise/ros2_ws/install/micro_ros_msgs/share/micro_ros_msgs/cmake/micro_ros_msgs__rosidl_typesupport_cExport.cmake
[2.703s] -- Up-to-date: /home/sunrise/ros2_ws/install/micro_ros_msgs/share/micro_ros_msgs/cmake/micro_ros_msgs__rosidl_typesupport_cExport-noconfig.cmake
[2.703s] -- Up-to-date: /home/sunrise/ros2_ws/install/micro_ros_msgs/share/micro_ros_msgs/cmake/export_micro_ros_msgs__rosidl_generator_cppExport.cmake
[2.704s] -- Up-to-date: /home/sunrise/ros2_ws/install/micro_ros_msgs/share/micro_ros_msgs/cmake/export_micro_ros_msgs__rosidl_typesupport_fastrtps_cppExport.cmake
[2.704s] -- Up-to-date: /home/sunrise/ros2_ws/install/micro_ros_msgs/share/micro_ros_msgs/cmake/export_micro_ros_msgs__rosidl_typesupport_fastrtps_cppExport-noconfig.cmake
[2.705s] -- Up-to-date: /home/sunrise/ros2_ws/install/micro_ros_msgs/share/micro_ros_msgs/cmake/micro_ros_msgs__rosidl_typesupport_introspection_cppExport.cmake
[2.706s] -- Up-to-date: /home/sunrise/ros2_ws/install/micro_ros_msgs/share/micro_ros_msgs/cmake/micro_ros_msgs__rosidl_typesupport_introspection_cppExport-noconfig.cmake
[2.709s] -- Up-to-date: /home/sunrise/ros2_ws/install/micro_ros_msgs/share/micro_ros_msgs/cmake/micro_ros_msgs__rosidl_typesupport_cppExport.cmake
[2.713s] -- Up-to-date: /home/sunrise/ros2_ws/install/micro_ros_msgs/share/micro_ros_msgs/cmake/micro_ros_msgs__rosidl_typesupport_cppExport-noconfig.cmake
[2.714s] -- Up-to-date: /home/sunrise/ros2_ws/install/micro_ros_msgs/share/micro_ros_msgs/cmake/export_micro_ros_msgs__rosidl_generator_pyExport.cmake
[2.715s] -- Up-to-date: /home/sunrise/ros2_ws/install/micro_ros_msgs/share/micro_ros_msgs/cmake/export_micro_ros_msgs__rosidl_generator_pyExport-noconfig.cmake
[2.716s] -- Up-to-date: /home/sunrise/ros2_ws/install/micro_ros_msgs/share/micro_ros_msgs/cmake/rosidl_cmake-extras.cmake
[2.717s] -- Up-to-date: /home/sunrise/ros2_ws/install/micro_ros_msgs/share/micro_ros_msgs/cmake/ament_cmake_export_include_directories-extras.cmake
[2.718s] -- Up-to-date: /home/sunrise/ros2_ws/install/micro_ros_msgs/share/micro_ros_msgs/cmake/ament_cmake_export_libraries-extras.cmake
[2.719s] -- Up-to-date: /home/sunrise/ros2_ws/install/micro_ros_msgs/share/micro_ros_msgs/cmake/ament_cmake_export_targets-extras.cmake
[2.720s] -- Up-to-date: /home/sunrise/ros2_ws/install/micro_ros_msgs/share/micro_ros_msgs/cmake/rosidl_cmake_export_typesupport_targets-extras.cmake
[2.720s] -- Up-to-date: /home/sunrise/ros2_ws/install/micro_ros_msgs/share/micro_ros_msgs/cmake/ament_cmake_export_dependencies-extras.cmake
[2.721s] -- Up-to-date: /home/sunrise/ros2_ws/install/micro_ros_msgs/share/micro_ros_msgs/cmake/rosidl_cmake_export_typesupport_libraries-extras.cmake
[2.722s] -- Up-to-date: /home/sunrise/ros2_ws/install/micro_ros_msgs/share/micro_ros_msgs/cmake/micro_ros_msgsConfig.cmake
[2.723s] -- Up-to-date: /home/sunrise/ros2_ws/install/micro_ros_msgs/share/micro_ros_msgs/cmake/micro_ros_msgsConfig-version.cmake
[2.724s] -- Up-to-date: /home/sunrise/ros2_ws/install/micro_ros_msgs/share/micro_ros_msgs/package.xml
[2.726s] Invoked command in '/home/sunrise/ros2_ws/build/micro_ros_msgs' returned '0': CMAKE_PREFIX_PATH=${CMAKE_PREFIX_PATH}:/opt/ros/humble /usr/bin/cmake --install /home/sunrise/ros2_ws/build/micro_ros_msgs
