[0.621s] DEBUG:colcon:Command line arguments: ['/usr/bin/colcon', 'build']
[0.621s] DEBUG:colcon:Parsed command line arguments: Namespace(log_base=None, log_level=None, verb_name='build', build_base='build', install_base='install', merge_install=False, symlink_install=False, test_result_base=None, continue_on_error=False, executor='parallel', parallel_workers=8, event_handlers=None, ignore_user_meta=False, metas=['./colcon.meta'], base_paths=['.'], packages_ignore=None, packages_ignore_regex=None, paths=None, packages_up_to=None, packages_up_to_regex=None, packages_above=None, packages_above_and_dependencies=None, packages_above_depth=None, packages_select_by_dep=None, packages_skip_by_dep=None, packages_skip_up_to=None, packages_select_build_failed=False, packages_skip_build_finished=False, packages_select_test_failures=False, packages_skip_test_passed=False, packages_select=None, packages_skip=None, packages_select_regex=None, packages_skip_regex=None, packages_start=None, packages_end=None, allow_overriding=[], cmake_args=None, cmake_target=None, cmake_target_skip_unavailable=False, cmake_clean_cache=False, cmake_clean_first=False, cmake_force_configure=False, ament_cmake_args=None, catkin_cmake_args=None, catkin_skip_building_tests=False, verb_parser=<colcon_defaults.argument_parser.defaults.DefaultArgumentsDecorator object at 0xffff87ea5bd0>, verb_extension=<colcon_core.verb.build.BuildVerb object at 0xffff87ea5720>, main=<bound method BuildVerb.main of <colcon_core.verb.build.BuildVerb object at 0xffff87ea5720>>)
[1.758s] Level 1:colcon.colcon_core.package_discovery:discover_packages(colcon_meta) check parameters
[1.759s] Level 1:colcon.colcon_core.package_discovery:discover_packages(recursive) check parameters
[1.759s] Level 1:colcon.colcon_core.package_discovery:discover_packages(ignore) check parameters
[1.759s] Level 1:colcon.colcon_core.package_discovery:discover_packages(path) check parameters
[1.760s] Level 1:colcon.colcon_core.package_discovery:discover_packages(colcon_meta) discover
[1.760s] Level 1:colcon.colcon_core.package_discovery:discover_packages(recursive) discover
[1.760s] INFO:colcon.colcon_core.package_discovery:Crawling recursively for packages in '/home/sunrise/ros2_ws'
[1.761s] Level 1:colcon.colcon_core.package_identification:_identify(.) by extensions ['ignore', 'ignore_ament_install']
[1.761s] Level 1:colcon.colcon_core.package_identification:_identify(.) by extension 'ignore'
[1.761s] Level 1:colcon.colcon_core.package_identification:_identify(.) by extension 'ignore_ament_install'
[1.762s] Level 1:colcon.colcon_core.package_identification:_identify(.) by extensions ['colcon_pkg']
[1.762s] Level 1:colcon.colcon_core.package_identification:_identify(.) by extension 'colcon_pkg'
[1.762s] Level 1:colcon.colcon_core.package_identification:_identify(.) by extensions ['colcon_meta']
[1.762s] Level 1:colcon.colcon_core.package_identification:_identify(.) by extension 'colcon_meta'
[1.763s] Level 1:colcon.colcon_core.package_identification:_identify(.) by extensions ['ros']
[1.763s] Level 1:colcon.colcon_core.package_identification:_identify(.) by extension 'ros'
[1.825s] Level 1:colcon.colcon_core.package_identification:_identify(.) by extensions ['cmake', 'python']
[1.826s] Level 1:colcon.colcon_core.package_identification:_identify(.) by extension 'cmake'
[1.826s] Level 1:colcon.colcon_core.package_identification:_identify(.) by extension 'python'
[1.826s] Level 1:colcon.colcon_core.package_identification:_identify(.) by extensions ['python_setup_py']
[1.827s] Level 1:colcon.colcon_core.package_identification:_identify(.) by extension 'python_setup_py'
[1.827s] Level 1:colcon.colcon_core.package_identification:_identify(build) by extensions ['ignore', 'ignore_ament_install']
[1.828s] Level 1:colcon.colcon_core.package_identification:_identify(build) by extension 'ignore'
[1.828s] Level 1:colcon.colcon_core.package_identification:_identify(build) ignored
[1.828s] Level 1:colcon.colcon_core.package_identification:_identify(install) by extensions ['ignore', 'ignore_ament_install']
[1.829s] Level 1:colcon.colcon_core.package_identification:_identify(install) by extension 'ignore'
[1.829s] Level 1:colcon.colcon_core.package_identification:_identify(install) ignored
[1.830s] Level 1:colcon.colcon_core.package_identification:_identify(log) by extensions ['ignore', 'ignore_ament_install']
[1.830s] Level 1:colcon.colcon_core.package_identification:_identify(log) by extension 'ignore'
[1.830s] Level 1:colcon.colcon_core.package_identification:_identify(log) ignored
[1.831s] Level 1:colcon.colcon_core.package_identification:_identify(src) by extensions ['ignore', 'ignore_ament_install']
[1.831s] Level 1:colcon.colcon_core.package_identification:_identify(src) by extension 'ignore'
[1.831s] Level 1:colcon.colcon_core.package_identification:_identify(src) by extension 'ignore_ament_install'
[1.832s] Level 1:colcon.colcon_core.package_identification:_identify(src) by extensions ['colcon_pkg']
[1.832s] Level 1:colcon.colcon_core.package_identification:_identify(src) by extension 'colcon_pkg'
[1.832s] Level 1:colcon.colcon_core.package_identification:_identify(src) by extensions ['colcon_meta']
[1.832s] Level 1:colcon.colcon_core.package_identification:_identify(src) by extension 'colcon_meta'
[1.833s] Level 1:colcon.colcon_core.package_identification:_identify(src) by extensions ['ros']
[1.833s] Level 1:colcon.colcon_core.package_identification:_identify(src) by extension 'ros'
[1.833s] Level 1:colcon.colcon_core.package_identification:_identify(src) by extensions ['cmake', 'python']
[1.833s] Level 1:colcon.colcon_core.package_identification:_identify(src) by extension 'cmake'
[1.834s] Level 1:colcon.colcon_core.package_identification:_identify(src) by extension 'python'
[1.834s] Level 1:colcon.colcon_core.package_identification:_identify(src) by extensions ['python_setup_py']
[1.834s] Level 1:colcon.colcon_core.package_identification:_identify(src) by extension 'python_setup_py'
[1.835s] Level 1:colcon.colcon_core.package_identification:_identify(src/Micro-XRCE-DDS-Agent) by extensions ['ignore', 'ignore_ament_install']
[1.835s] Level 1:colcon.colcon_core.package_identification:_identify(src/Micro-XRCE-DDS-Agent) by extension 'ignore'
[1.835s] Level 1:colcon.colcon_core.package_identification:_identify(src/Micro-XRCE-DDS-Agent) by extension 'ignore_ament_install'
[1.836s] Level 1:colcon.colcon_core.package_identification:_identify(src/Micro-XRCE-DDS-Agent) by extensions ['colcon_pkg']
[1.836s] Level 1:colcon.colcon_core.package_identification:_identify(src/Micro-XRCE-DDS-Agent) by extension 'colcon_pkg'
[1.842s] INFO:colcon.colcon_metadata.metadata.colcon_pkg:Setting type 'cmake' of package 'src/Micro-XRCE-DDS-Agent' from colcon.pkg
[1.842s] INFO:colcon.colcon_metadata.metadata.colcon_pkg:Setting name 'microxrcedds_agent' of package 'src/Micro-XRCE-DDS-Agent' from colcon.pkg
[1.843s] DEBUG:colcon.colcon_core.package_identification:Package 'src/Micro-XRCE-DDS-Agent' with type 'cmake' and name 'microxrcedds_agent'
[1.843s] Level 1:colcon.colcon_core.package_identification:_identify(src/fishbot_bringup) by extensions ['ignore', 'ignore_ament_install']
[1.844s] Level 1:colcon.colcon_core.package_identification:_identify(src/fishbot_bringup) by extension 'ignore'
[1.844s] Level 1:colcon.colcon_core.package_identification:_identify(src/fishbot_bringup) by extension 'ignore_ament_install'
[1.844s] Level 1:colcon.colcon_core.package_identification:_identify(src/fishbot_bringup) by extensions ['colcon_pkg']
[1.844s] Level 1:colcon.colcon_core.package_identification:_identify(src/fishbot_bringup) by extension 'colcon_pkg'
[1.845s] Level 1:colcon.colcon_core.package_identification:_identify(src/fishbot_bringup) by extensions ['colcon_meta']
[1.845s] Level 1:colcon.colcon_core.package_identification:_identify(src/fishbot_bringup) by extension 'colcon_meta'
[1.845s] Level 1:colcon.colcon_core.package_identification:_identify(src/fishbot_bringup) by extensions ['ros']
[1.845s] Level 1:colcon.colcon_core.package_identification:_identify(src/fishbot_bringup) by extension 'ros'
[1.857s] DEBUG:colcon.colcon_core.package_identification:Package 'src/fishbot_bringup' with type 'ros.ament_cmake' and name 'fishbot_bringup'
[1.857s] Level 1:colcon.colcon_core.package_identification:_identify(src/fishbot_description) by extensions ['ignore', 'ignore_ament_install']
[1.858s] Level 1:colcon.colcon_core.package_identification:_identify(src/fishbot_description) by extension 'ignore'
[1.858s] Level 1:colcon.colcon_core.package_identification:_identify(src/fishbot_description) by extension 'ignore_ament_install'
[1.859s] Level 1:colcon.colcon_core.package_identification:_identify(src/fishbot_description) by extensions ['colcon_pkg']
[1.859s] Level 1:colcon.colcon_core.package_identification:_identify(src/fishbot_description) by extension 'colcon_pkg'
[1.859s] Level 1:colcon.colcon_core.package_identification:_identify(src/fishbot_description) by extensions ['colcon_meta']
[1.859s] Level 1:colcon.colcon_core.package_identification:_identify(src/fishbot_description) by extension 'colcon_meta'
[1.860s] Level 1:colcon.colcon_core.package_identification:_identify(src/fishbot_description) by extensions ['ros']
[1.860s] Level 1:colcon.colcon_core.package_identification:_identify(src/fishbot_description) by extension 'ros'
[1.862s] DEBUG:colcon.colcon_core.package_identification:Package 'src/fishbot_description' with type 'ros.ament_python' and name 'fishbot_description'
[1.863s] Level 1:colcon.colcon_core.package_identification:_identify(src/fishbot_navigation2) by extensions ['ignore', 'ignore_ament_install']
[1.863s] Level 1:colcon.colcon_core.package_identification:_identify(src/fishbot_navigation2) by extension 'ignore'
[1.864s] Level 1:colcon.colcon_core.package_identification:_identify(src/fishbot_navigation2) by extension 'ignore_ament_install'
[1.864s] Level 1:colcon.colcon_core.package_identification:_identify(src/fishbot_navigation2) by extensions ['colcon_pkg']
[1.864s] Level 1:colcon.colcon_core.package_identification:_identify(src/fishbot_navigation2) by extension 'colcon_pkg'
[1.864s] Level 1:colcon.colcon_core.package_identification:_identify(src/fishbot_navigation2) by extensions ['colcon_meta']
[1.865s] Level 1:colcon.colcon_core.package_identification:_identify(src/fishbot_navigation2) by extension 'colcon_meta'
[1.865s] Level 1:colcon.colcon_core.package_identification:_identify(src/fishbot_navigation2) by extensions ['ros']
[1.865s] Level 1:colcon.colcon_core.package_identification:_identify(src/fishbot_navigation2) by extension 'ros'
[1.868s] DEBUG:colcon.colcon_core.package_identification:Package 'src/fishbot_navigation2' with type 'ros.ament_cmake' and name 'fishbot_navigation2'
[1.868s] Level 1:colcon.colcon_core.package_identification:_identify(src/micro-ROS-Agent) by extensions ['ignore', 'ignore_ament_install']
[1.869s] Level 1:colcon.colcon_core.package_identification:_identify(src/micro-ROS-Agent) by extension 'ignore'
[1.869s] Level 1:colcon.colcon_core.package_identification:_identify(src/micro-ROS-Agent) by extension 'ignore_ament_install'
[1.869s] Level 1:colcon.colcon_core.package_identification:_identify(src/micro-ROS-Agent) by extensions ['colcon_pkg']
[1.870s] Level 1:colcon.colcon_core.package_identification:_identify(src/micro-ROS-Agent) by extension 'colcon_pkg'
[1.870s] Level 1:colcon.colcon_core.package_identification:_identify(src/micro-ROS-Agent) by extensions ['colcon_meta']
[1.870s] Level 1:colcon.colcon_core.package_identification:_identify(src/micro-ROS-Agent) by extension 'colcon_meta'
[1.870s] Level 1:colcon.colcon_core.package_identification:_identify(src/micro-ROS-Agent) by extensions ['ros']
[1.870s] Level 1:colcon.colcon_core.package_identification:_identify(src/micro-ROS-Agent) by extension 'ros'
[1.871s] Level 1:colcon.colcon_core.package_identification:_identify(src/micro-ROS-Agent) by extensions ['cmake', 'python']
[1.871s] Level 1:colcon.colcon_core.package_identification:_identify(src/micro-ROS-Agent) by extension 'cmake'
[1.871s] Level 1:colcon.colcon_core.package_identification:_identify(src/micro-ROS-Agent) by extension 'python'
[1.872s] Level 1:colcon.colcon_core.package_identification:_identify(src/micro-ROS-Agent) by extensions ['python_setup_py']
[1.872s] Level 1:colcon.colcon_core.package_identification:_identify(src/micro-ROS-Agent) by extension 'python_setup_py'
[1.872s] Level 1:colcon.colcon_core.package_identification:_identify(src/micro-ROS-Agent/micro_ros_agent) by extensions ['ignore', 'ignore_ament_install']
[1.873s] Level 1:colcon.colcon_core.package_identification:_identify(src/micro-ROS-Agent/micro_ros_agent) by extension 'ignore'
[1.874s] Level 1:colcon.colcon_core.package_identification:_identify(src/micro-ROS-Agent/micro_ros_agent) by extension 'ignore_ament_install'
[1.874s] Level 1:colcon.colcon_core.package_identification:_identify(src/micro-ROS-Agent/micro_ros_agent) by extensions ['colcon_pkg']
[1.874s] Level 1:colcon.colcon_core.package_identification:_identify(src/micro-ROS-Agent/micro_ros_agent) by extension 'colcon_pkg'
[1.874s] Level 1:colcon.colcon_core.package_identification:_identify(src/micro-ROS-Agent/micro_ros_agent) by extensions ['colcon_meta']
[1.875s] Level 1:colcon.colcon_core.package_identification:_identify(src/micro-ROS-Agent/micro_ros_agent) by extension 'colcon_meta'
[1.875s] Level 1:colcon.colcon_core.package_identification:_identify(src/micro-ROS-Agent/micro_ros_agent) by extensions ['ros']
[1.875s] Level 1:colcon.colcon_core.package_identification:_identify(src/micro-ROS-Agent/micro_ros_agent) by extension 'ros'
[1.881s] DEBUG:colcon.colcon_core.package_identification:Package 'src/micro-ROS-Agent/micro_ros_agent' with type 'ros.ament_cmake' and name 'micro_ros_agent'
[1.881s] Level 1:colcon.colcon_core.package_identification:_identify(src/micro-ROS-Agent/snap) by extensions ['ignore', 'ignore_ament_install']
[1.882s] Level 1:colcon.colcon_core.package_identification:_identify(src/micro-ROS-Agent/snap) by extension 'ignore'
[1.882s] Level 1:colcon.colcon_core.package_identification:_identify(src/micro-ROS-Agent/snap) by extension 'ignore_ament_install'
[1.882s] Level 1:colcon.colcon_core.package_identification:_identify(src/micro-ROS-Agent/snap) by extensions ['colcon_pkg']
[1.882s] Level 1:colcon.colcon_core.package_identification:_identify(src/micro-ROS-Agent/snap) by extension 'colcon_pkg'
[1.883s] Level 1:colcon.colcon_core.package_identification:_identify(src/micro-ROS-Agent/snap) by extensions ['colcon_meta']
[1.883s] Level 1:colcon.colcon_core.package_identification:_identify(src/micro-ROS-Agent/snap) by extension 'colcon_meta'
[1.883s] Level 1:colcon.colcon_core.package_identification:_identify(src/micro-ROS-Agent/snap) by extensions ['ros']
[1.883s] Level 1:colcon.colcon_core.package_identification:_identify(src/micro-ROS-Agent/snap) by extension 'ros'
[1.884s] Level 1:colcon.colcon_core.package_identification:_identify(src/micro-ROS-Agent/snap) by extensions ['cmake', 'python']
[1.884s] Level 1:colcon.colcon_core.package_identification:_identify(src/micro-ROS-Agent/snap) by extension 'cmake'
[1.884s] Level 1:colcon.colcon_core.package_identification:_identify(src/micro-ROS-Agent/snap) by extension 'python'
[1.884s] Level 1:colcon.colcon_core.package_identification:_identify(src/micro-ROS-Agent/snap) by extensions ['python_setup_py']
[1.885s] Level 1:colcon.colcon_core.package_identification:_identify(src/micro-ROS-Agent/snap) by extension 'python_setup_py'
[1.885s] Level 1:colcon.colcon_core.package_identification:_identify(src/micro-ROS-Agent/snap/hooks) by extensions ['ignore', 'ignore_ament_install']
[1.886s] Level 1:colcon.colcon_core.package_identification:_identify(src/micro-ROS-Agent/snap/hooks) by extension 'ignore'
[1.886s] Level 1:colcon.colcon_core.package_identification:_identify(src/micro-ROS-Agent/snap/hooks) by extension 'ignore_ament_install'
[1.886s] Level 1:colcon.colcon_core.package_identification:_identify(src/micro-ROS-Agent/snap/hooks) by extensions ['colcon_pkg']
[1.886s] Level 1:colcon.colcon_core.package_identification:_identify(src/micro-ROS-Agent/snap/hooks) by extension 'colcon_pkg'
[1.887s] Level 1:colcon.colcon_core.package_identification:_identify(src/micro-ROS-Agent/snap/hooks) by extensions ['colcon_meta']
[1.887s] Level 1:colcon.colcon_core.package_identification:_identify(src/micro-ROS-Agent/snap/hooks) by extension 'colcon_meta'
[1.887s] Level 1:colcon.colcon_core.package_identification:_identify(src/micro-ROS-Agent/snap/hooks) by extensions ['ros']
[1.887s] Level 1:colcon.colcon_core.package_identification:_identify(src/micro-ROS-Agent/snap/hooks) by extension 'ros'
[1.888s] Level 1:colcon.colcon_core.package_identification:_identify(src/micro-ROS-Agent/snap/hooks) by extensions ['cmake', 'python']
[1.888s] Level 1:colcon.colcon_core.package_identification:_identify(src/micro-ROS-Agent/snap/hooks) by extension 'cmake'
[1.888s] Level 1:colcon.colcon_core.package_identification:_identify(src/micro-ROS-Agent/snap/hooks) by extension 'python'
[1.888s] Level 1:colcon.colcon_core.package_identification:_identify(src/micro-ROS-Agent/snap/hooks) by extensions ['python_setup_py']
[1.889s] Level 1:colcon.colcon_core.package_identification:_identify(src/micro-ROS-Agent/snap/hooks) by extension 'python_setup_py'
[1.889s] Level 1:colcon.colcon_core.package_identification:_identify(src/micro-ROS-Agent/snap/local) by extensions ['ignore', 'ignore_ament_install']
[1.889s] Level 1:colcon.colcon_core.package_identification:_identify(src/micro-ROS-Agent/snap/local) by extension 'ignore'
[1.890s] Level 1:colcon.colcon_core.package_identification:_identify(src/micro-ROS-Agent/snap/local) by extension 'ignore_ament_install'
[1.890s] Level 1:colcon.colcon_core.package_identification:_identify(src/micro-ROS-Agent/snap/local) by extensions ['colcon_pkg']
[1.890s] Level 1:colcon.colcon_core.package_identification:_identify(src/micro-ROS-Agent/snap/local) by extension 'colcon_pkg'
[1.890s] Level 1:colcon.colcon_core.package_identification:_identify(src/micro-ROS-Agent/snap/local) by extensions ['colcon_meta']
[1.891s] Level 1:colcon.colcon_core.package_identification:_identify(src/micro-ROS-Agent/snap/local) by extension 'colcon_meta'
[1.891s] Level 1:colcon.colcon_core.package_identification:_identify(src/micro-ROS-Agent/snap/local) by extensions ['ros']
[1.891s] Level 1:colcon.colcon_core.package_identification:_identify(src/micro-ROS-Agent/snap/local) by extension 'ros'
[1.892s] Level 1:colcon.colcon_core.package_identification:_identify(src/micro-ROS-Agent/snap/local) by extensions ['cmake', 'python']
[1.892s] Level 1:colcon.colcon_core.package_identification:_identify(src/micro-ROS-Agent/snap/local) by extension 'cmake'
[1.892s] Level 1:colcon.colcon_core.package_identification:_identify(src/micro-ROS-Agent/snap/local) by extension 'python'
[1.892s] Level 1:colcon.colcon_core.package_identification:_identify(src/micro-ROS-Agent/snap/local) by extensions ['python_setup_py']
[1.892s] Level 1:colcon.colcon_core.package_identification:_identify(src/micro-ROS-Agent/snap/local) by extension 'python_setup_py'
[1.893s] Level 1:colcon.colcon_core.package_identification:_identify(src/micro_ros_msgs) by extensions ['ignore', 'ignore_ament_install']
[1.893s] Level 1:colcon.colcon_core.package_identification:_identify(src/micro_ros_msgs) by extension 'ignore'
[1.894s] Level 1:colcon.colcon_core.package_identification:_identify(src/micro_ros_msgs) by extension 'ignore_ament_install'
[1.894s] Level 1:colcon.colcon_core.package_identification:_identify(src/micro_ros_msgs) by extensions ['colcon_pkg']
[1.894s] Level 1:colcon.colcon_core.package_identification:_identify(src/micro_ros_msgs) by extension 'colcon_pkg'
[1.894s] Level 1:colcon.colcon_core.package_identification:_identify(src/micro_ros_msgs) by extensions ['colcon_meta']
[1.894s] Level 1:colcon.colcon_core.package_identification:_identify(src/micro_ros_msgs) by extension 'colcon_meta'
[1.895s] Level 1:colcon.colcon_core.package_identification:_identify(src/micro_ros_msgs) by extensions ['ros']
[1.895s] Level 1:colcon.colcon_core.package_identification:_identify(src/micro_ros_msgs) by extension 'ros'
[1.898s] DEBUG:colcon.colcon_core.package_identification:Package 'src/micro_ros_msgs' with type 'ros.ament_cmake' and name 'micro_ros_msgs'
[1.898s] Level 1:colcon.colcon_core.package_identification:_identify(src/ydlidar_ros2-1.0.0-fishbot) by extensions ['ignore', 'ignore_ament_install']
[1.899s] Level 1:colcon.colcon_core.package_identification:_identify(src/ydlidar_ros2-1.0.0-fishbot) by extension 'ignore'
[1.899s] Level 1:colcon.colcon_core.package_identification:_identify(src/ydlidar_ros2-1.0.0-fishbot) by extension 'ignore_ament_install'
[1.900s] Level 1:colcon.colcon_core.package_identification:_identify(src/ydlidar_ros2-1.0.0-fishbot) by extensions ['colcon_pkg']
[1.900s] Level 1:colcon.colcon_core.package_identification:_identify(src/ydlidar_ros2-1.0.0-fishbot) by extension 'colcon_pkg'
[1.900s] Level 1:colcon.colcon_core.package_identification:_identify(src/ydlidar_ros2-1.0.0-fishbot) by extensions ['colcon_meta']
[1.900s] Level 1:colcon.colcon_core.package_identification:_identify(src/ydlidar_ros2-1.0.0-fishbot) by extension 'colcon_meta'
[1.900s] Level 1:colcon.colcon_core.package_identification:_identify(src/ydlidar_ros2-1.0.0-fishbot) by extensions ['ros']
[1.901s] Level 1:colcon.colcon_core.package_identification:_identify(src/ydlidar_ros2-1.0.0-fishbot) by extension 'ros'
[1.904s] DEBUG:colcon.colcon_core.package_identification:Package 'src/ydlidar_ros2-1.0.0-fishbot' with type 'ros.ament_cmake' and name 'ydlidar'
[1.904s] Level 1:colcon.colcon_core.package_discovery:discover_packages(recursive) using defaults
[1.905s] Level 1:colcon.colcon_core.package_discovery:discover_packages(ignore) discover
[1.905s] Level 1:colcon.colcon_core.package_discovery:discover_packages(ignore) using defaults
[1.905s] Level 1:colcon.colcon_core.package_discovery:discover_packages(path) discover
[1.905s] Level 1:colcon.colcon_core.package_discovery:discover_packages(path) using defaults
[2.099s] INFO:colcon.colcon_metadata.metadata.colcon_pkg:Updating descriptor of package 'src/Micro-XRCE-DDS-Agent' from colcon.pkg: {'name': 'microxrcedds_agent', 'type': 'cmake', 'dependencies': ['fastcdr', 'fastrtps'], 'cmake-args': ['-DUAGENT_ISOLATED_INSTALL=OFF', '-DUAGENT_USE_SYSTEM_FASTCDR=ON', '-DUAGENT_USE_SYSTEM_FASTDDS=ON']}
[2.109s] Level 1:colcon.colcon_core.package_discovery:discover_packages(prefix_path) check parameters
[2.109s] Level 1:colcon.colcon_core.package_discovery:discover_packages(prefix_path) discover
[2.122s] DEBUG:colcon.colcon_installed_package_information.package_discovery:Found 13 installed packages in /home/sunrise/ros2_ws/install
[2.132s] DEBUG:colcon.colcon_installed_package_information.package_discovery:Found 339 installed packages in /opt/ros/humble
[2.147s] Level 1:colcon.colcon_core.package_discovery:discover_packages(prefix_path) using defaults
[2.459s] Level 5:colcon.colcon_core.verb:set package 'fishbot_bringup' build argument 'cmake_args' from command line to 'None'
[2.460s] Level 5:colcon.colcon_core.verb:set package 'fishbot_bringup' build argument 'cmake_target' from command line to 'None'
[2.460s] Level 5:colcon.colcon_core.verb:set package 'fishbot_bringup' build argument 'cmake_target_skip_unavailable' from command line to 'False'
[2.460s] Level 5:colcon.colcon_core.verb:set package 'fishbot_bringup' build argument 'cmake_clean_cache' from command line to 'False'
[2.460s] Level 5:colcon.colcon_core.verb:set package 'fishbot_bringup' build argument 'cmake_clean_first' from command line to 'False'
[2.460s] Level 5:colcon.colcon_core.verb:set package 'fishbot_bringup' build argument 'cmake_force_configure' from command line to 'False'
[2.461s] Level 5:colcon.colcon_core.verb:set package 'fishbot_bringup' build argument 'ament_cmake_args' from command line to 'None'
[2.461s] Level 5:colcon.colcon_core.verb:set package 'fishbot_bringup' build argument 'catkin_cmake_args' from command line to 'None'
[2.461s] Level 5:colcon.colcon_core.verb:set package 'fishbot_bringup' build argument 'catkin_skip_building_tests' from command line to 'False'
[2.461s] DEBUG:colcon.colcon_core.verb:Building package 'fishbot_bringup' with the following arguments: {'ament_cmake_args': None, 'build_base': '/home/sunrise/ros2_ws/build/fishbot_bringup', 'catkin_cmake_args': None, 'catkin_skip_building_tests': False, 'cmake_args': None, 'cmake_clean_cache': False, 'cmake_clean_first': False, 'cmake_force_configure': False, 'cmake_target': None, 'cmake_target_skip_unavailable': False, 'install_base': '/home/sunrise/ros2_ws/install/fishbot_bringup', 'merge_install': False, 'path': '/home/sunrise/ros2_ws/src/fishbot_bringup', 'symlink_install': False, 'test_result_base': None}
[2.464s] Level 5:colcon.colcon_core.verb:set package 'fishbot_description' build argument 'cmake_args' from command line to 'None'
[2.464s] Level 5:colcon.colcon_core.verb:set package 'fishbot_description' build argument 'cmake_target' from command line to 'None'
[2.464s] Level 5:colcon.colcon_core.verb:set package 'fishbot_description' build argument 'cmake_target_skip_unavailable' from command line to 'False'
[2.464s] Level 5:colcon.colcon_core.verb:set package 'fishbot_description' build argument 'cmake_clean_cache' from command line to 'False'
[2.464s] Level 5:colcon.colcon_core.verb:set package 'fishbot_description' build argument 'cmake_clean_first' from command line to 'False'
[2.465s] Level 5:colcon.colcon_core.verb:set package 'fishbot_description' build argument 'cmake_force_configure' from command line to 'False'
[2.465s] Level 5:colcon.colcon_core.verb:set package 'fishbot_description' build argument 'ament_cmake_args' from command line to 'None'
[2.465s] Level 5:colcon.colcon_core.verb:set package 'fishbot_description' build argument 'catkin_cmake_args' from command line to 'None'
[2.465s] Level 5:colcon.colcon_core.verb:set package 'fishbot_description' build argument 'catkin_skip_building_tests' from command line to 'False'
[2.465s] DEBUG:colcon.colcon_core.verb:Building package 'fishbot_description' with the following arguments: {'ament_cmake_args': None, 'build_base': '/home/sunrise/ros2_ws/build/fishbot_description', 'catkin_cmake_args': None, 'catkin_skip_building_tests': False, 'cmake_args': None, 'cmake_clean_cache': False, 'cmake_clean_first': False, 'cmake_force_configure': False, 'cmake_target': None, 'cmake_target_skip_unavailable': False, 'install_base': '/home/sunrise/ros2_ws/install/fishbot_description', 'merge_install': False, 'path': '/home/sunrise/ros2_ws/src/fishbot_description', 'symlink_install': False, 'test_result_base': None}
[2.468s] Level 5:colcon.colcon_core.verb:set package 'fishbot_navigation2' build argument 'cmake_args' from command line to 'None'
[2.468s] Level 5:colcon.colcon_core.verb:set package 'fishbot_navigation2' build argument 'cmake_target' from command line to 'None'
[2.468s] Level 5:colcon.colcon_core.verb:set package 'fishbot_navigation2' build argument 'cmake_target_skip_unavailable' from command line to 'False'
[2.468s] Level 5:colcon.colcon_core.verb:set package 'fishbot_navigation2' build argument 'cmake_clean_cache' from command line to 'False'
[2.468s] Level 5:colcon.colcon_core.verb:set package 'fishbot_navigation2' build argument 'cmake_clean_first' from command line to 'False'
[2.468s] Level 5:colcon.colcon_core.verb:set package 'fishbot_navigation2' build argument 'cmake_force_configure' from command line to 'False'
[2.468s] Level 5:colcon.colcon_core.verb:set package 'fishbot_navigation2' build argument 'ament_cmake_args' from command line to 'None'
[2.469s] Level 5:colcon.colcon_core.verb:set package 'fishbot_navigation2' build argument 'catkin_cmake_args' from command line to 'None'
[2.469s] Level 5:colcon.colcon_core.verb:set package 'fishbot_navigation2' build argument 'catkin_skip_building_tests' from command line to 'False'
[2.469s] DEBUG:colcon.colcon_core.verb:Building package 'fishbot_navigation2' with the following arguments: {'ament_cmake_args': None, 'build_base': '/home/sunrise/ros2_ws/build/fishbot_navigation2', 'catkin_cmake_args': None, 'catkin_skip_building_tests': False, 'cmake_args': None, 'cmake_clean_cache': False, 'cmake_clean_first': False, 'cmake_force_configure': False, 'cmake_target': None, 'cmake_target_skip_unavailable': False, 'install_base': '/home/sunrise/ros2_ws/install/fishbot_navigation2', 'merge_install': False, 'path': '/home/sunrise/ros2_ws/src/fishbot_navigation2', 'symlink_install': False, 'test_result_base': None}
[2.471s] Level 5:colcon.colcon_core.verb:set package 'micro_ros_msgs' build argument 'cmake_args' from command line to 'None'
[2.471s] Level 5:colcon.colcon_core.verb:set package 'micro_ros_msgs' build argument 'cmake_target' from command line to 'None'
[2.472s] Level 5:colcon.colcon_core.verb:set package 'micro_ros_msgs' build argument 'cmake_target_skip_unavailable' from command line to 'False'
[2.472s] Level 5:colcon.colcon_core.verb:set package 'micro_ros_msgs' build argument 'cmake_clean_cache' from command line to 'False'
[2.472s] Level 5:colcon.colcon_core.verb:set package 'micro_ros_msgs' build argument 'cmake_clean_first' from command line to 'False'
[2.472s] Level 5:colcon.colcon_core.verb:set package 'micro_ros_msgs' build argument 'cmake_force_configure' from command line to 'False'
[2.472s] Level 5:colcon.colcon_core.verb:set package 'micro_ros_msgs' build argument 'ament_cmake_args' from command line to 'None'
[2.472s] Level 5:colcon.colcon_core.verb:set package 'micro_ros_msgs' build argument 'catkin_cmake_args' from command line to 'None'
[2.473s] Level 5:colcon.colcon_core.verb:set package 'micro_ros_msgs' build argument 'catkin_skip_building_tests' from command line to 'False'
[2.473s] DEBUG:colcon.colcon_core.verb:Building package 'micro_ros_msgs' with the following arguments: {'ament_cmake_args': None, 'build_base': '/home/sunrise/ros2_ws/build/micro_ros_msgs', 'catkin_cmake_args': None, 'catkin_skip_building_tests': False, 'cmake_args': None, 'cmake_clean_cache': False, 'cmake_clean_first': False, 'cmake_force_configure': False, 'cmake_target': None, 'cmake_target_skip_unavailable': False, 'install_base': '/home/sunrise/ros2_ws/install/micro_ros_msgs', 'merge_install': False, 'path': '/home/sunrise/ros2_ws/src/micro_ros_msgs', 'symlink_install': False, 'test_result_base': None}
[2.475s] Level 5:colcon.colcon_core.verb:set package 'microxrcedds_agent' build argument 'cmake_args' from command line to 'None'
[2.475s] Level 5:colcon.colcon_core.verb:overwrite package 'microxrcedds_agent' build argument 'cmake_args' from package metadata with '['-DUAGENT_ISOLATED_INSTALL=OFF', '-DUAGENT_USE_SYSTEM_FASTCDR=ON', '-DUAGENT_USE_SYSTEM_FASTDDS=ON']' (before: 'None')
[2.475s] Level 5:colcon.colcon_core.verb:set package 'microxrcedds_agent' build argument 'cmake_target' from command line to 'None'
[2.476s] Level 5:colcon.colcon_core.verb:set package 'microxrcedds_agent' build argument 'cmake_target_skip_unavailable' from command line to 'False'
[2.476s] Level 5:colcon.colcon_core.verb:set package 'microxrcedds_agent' build argument 'cmake_clean_cache' from command line to 'False'
[2.476s] Level 5:colcon.colcon_core.verb:set package 'microxrcedds_agent' build argument 'cmake_clean_first' from command line to 'False'
[2.476s] Level 5:colcon.colcon_core.verb:set package 'microxrcedds_agent' build argument 'cmake_force_configure' from command line to 'False'
[2.476s] Level 5:colcon.colcon_core.verb:set package 'microxrcedds_agent' build argument 'ament_cmake_args' from command line to 'None'
[2.476s] Level 5:colcon.colcon_core.verb:set package 'microxrcedds_agent' build argument 'catkin_cmake_args' from command line to 'None'
[2.477s] Level 5:colcon.colcon_core.verb:set package 'microxrcedds_agent' build argument 'catkin_skip_building_tests' from command line to 'False'
[2.477s] DEBUG:colcon.colcon_core.verb:Building package 'microxrcedds_agent' with the following arguments: {'ament_cmake_args': None, 'build_base': '/home/sunrise/ros2_ws/build/microxrcedds_agent', 'catkin_cmake_args': None, 'catkin_skip_building_tests': False, 'cmake_args': ['-DUAGENT_ISOLATED_INSTALL=OFF', '-DUAGENT_USE_SYSTEM_FASTCDR=ON', '-DUAGENT_USE_SYSTEM_FASTDDS=ON'], 'cmake_clean_cache': False, 'cmake_clean_first': False, 'cmake_force_configure': False, 'cmake_target': None, 'cmake_target_skip_unavailable': False, 'install_base': '/home/sunrise/ros2_ws/install/microxrcedds_agent', 'merge_install': False, 'path': '/home/sunrise/ros2_ws/src/Micro-XRCE-DDS-Agent', 'symlink_install': False, 'test_result_base': None}
[2.479s] Level 5:colcon.colcon_core.verb:set package 'ydlidar' build argument 'cmake_args' from command line to 'None'
[2.479s] Level 5:colcon.colcon_core.verb:set package 'ydlidar' build argument 'cmake_target' from command line to 'None'
[2.479s] Level 5:colcon.colcon_core.verb:set package 'ydlidar' build argument 'cmake_target_skip_unavailable' from command line to 'False'
[2.480s] Level 5:colcon.colcon_core.verb:set package 'ydlidar' build argument 'cmake_clean_cache' from command line to 'False'
[2.480s] Level 5:colcon.colcon_core.verb:set package 'ydlidar' build argument 'cmake_clean_first' from command line to 'False'
[2.480s] Level 5:colcon.colcon_core.verb:set package 'ydlidar' build argument 'cmake_force_configure' from command line to 'False'
[2.480s] Level 5:colcon.colcon_core.verb:set package 'ydlidar' build argument 'ament_cmake_args' from command line to 'None'
[2.480s] Level 5:colcon.colcon_core.verb:set package 'ydlidar' build argument 'catkin_cmake_args' from command line to 'None'
[2.480s] Level 5:colcon.colcon_core.verb:set package 'ydlidar' build argument 'catkin_skip_building_tests' from command line to 'False'
[2.481s] DEBUG:colcon.colcon_core.verb:Building package 'ydlidar' with the following arguments: {'ament_cmake_args': None, 'build_base': '/home/sunrise/ros2_ws/build/ydlidar', 'catkin_cmake_args': None, 'catkin_skip_building_tests': False, 'cmake_args': None, 'cmake_clean_cache': False, 'cmake_clean_first': False, 'cmake_force_configure': False, 'cmake_target': None, 'cmake_target_skip_unavailable': False, 'install_base': '/home/sunrise/ros2_ws/install/ydlidar', 'merge_install': False, 'path': '/home/sunrise/ros2_ws/src/ydlidar_ros2-1.0.0-fishbot', 'symlink_install': False, 'test_result_base': None}
[2.483s] Level 5:colcon.colcon_core.verb:set package 'micro_ros_agent' build argument 'cmake_args' from command line to 'None'
[2.483s] Level 5:colcon.colcon_core.verb:set package 'micro_ros_agent' build argument 'cmake_target' from command line to 'None'
[2.483s] Level 5:colcon.colcon_core.verb:set package 'micro_ros_agent' build argument 'cmake_target_skip_unavailable' from command line to 'False'
[2.483s] Level 5:colcon.colcon_core.verb:set package 'micro_ros_agent' build argument 'cmake_clean_cache' from command line to 'False'
[2.484s] Level 5:colcon.colcon_core.verb:set package 'micro_ros_agent' build argument 'cmake_clean_first' from command line to 'False'
[2.484s] Level 5:colcon.colcon_core.verb:set package 'micro_ros_agent' build argument 'cmake_force_configure' from command line to 'False'
[2.484s] Level 5:colcon.colcon_core.verb:set package 'micro_ros_agent' build argument 'ament_cmake_args' from command line to 'None'
[2.484s] Level 5:colcon.colcon_core.verb:set package 'micro_ros_agent' build argument 'catkin_cmake_args' from command line to 'None'
[2.484s] Level 5:colcon.colcon_core.verb:set package 'micro_ros_agent' build argument 'catkin_skip_building_tests' from command line to 'False'
[2.484s] DEBUG:colcon.colcon_core.verb:Building package 'micro_ros_agent' with the following arguments: {'ament_cmake_args': None, 'build_base': '/home/sunrise/ros2_ws/build/micro_ros_agent', 'catkin_cmake_args': None, 'catkin_skip_building_tests': False, 'cmake_args': None, 'cmake_clean_cache': False, 'cmake_clean_first': False, 'cmake_force_configure': False, 'cmake_target': None, 'cmake_target_skip_unavailable': False, 'install_base': '/home/sunrise/ros2_ws/install/micro_ros_agent', 'merge_install': False, 'path': '/home/sunrise/ros2_ws/src/micro-ROS-Agent/micro_ros_agent', 'symlink_install': False, 'test_result_base': None}
[2.485s] INFO:colcon.colcon_core.executor:Executing jobs using 'parallel' executor
[2.490s] DEBUG:colcon.colcon_parallel_executor.executor.parallel:run_until_complete
[2.491s] INFO:colcon.colcon_ros.task.ament_cmake.build:Building ROS package in '/home/sunrise/ros2_ws/src/micro_ros_msgs' with build type 'ament_cmake'
[2.492s] INFO:colcon.colcon_cmake.task.cmake.build:Building CMake package in '/home/sunrise/ros2_ws/src/micro_ros_msgs'
[2.503s] INFO:colcon.colcon_core.plugin_system:Skipping extension 'colcon_core.shell.bat': Not used on non-Windows systems
[2.505s] INFO:colcon.colcon_core.shell:Skip shell extension 'powershell' for command environment: Not usable outside of PowerShell
[2.505s] DEBUG:colcon.colcon_core.shell:Skip shell extension 'dsv' for command environment
[2.528s] INFO:colcon.colcon_ros.task.ament_cmake.build:Building ROS package in '/home/sunrise/ros2_ws/src/fishbot_bringup' with build type 'ament_cmake'
[2.529s] INFO:colcon.colcon_cmake.task.cmake.build:Building CMake package in '/home/sunrise/ros2_ws/src/fishbot_bringup'
[2.530s] INFO:colcon.colcon_core.shell:Skip shell extension 'powershell' for command environment: Not usable outside of PowerShell
[2.531s] DEBUG:colcon.colcon_core.shell:Skip shell extension 'dsv' for command environment
[2.552s] INFO:colcon.colcon_ros.task.ament_python.build:Building ROS package in '/home/sunrise/ros2_ws/src/fishbot_description' with build type 'ament_python'
[2.553s] Level 1:colcon.colcon_core.shell:create_environment_hook('fishbot_description', 'ament_prefix_path')
[2.555s] INFO:colcon.colcon_core.shell:Creating environment hook '/home/sunrise/ros2_ws/install/fishbot_description/share/fishbot_description/hook/ament_prefix_path.ps1'
[2.558s] INFO:colcon.colcon_core.shell:Creating environment descriptor '/home/sunrise/ros2_ws/install/fishbot_description/share/fishbot_description/hook/ament_prefix_path.dsv'
[2.561s] INFO:colcon.colcon_core.shell:Creating environment hook '/home/sunrise/ros2_ws/install/fishbot_description/share/fishbot_description/hook/ament_prefix_path.sh'
[2.565s] INFO:colcon.colcon_core.shell:Skip shell extension 'powershell' for command environment: Not usable outside of PowerShell
[2.566s] DEBUG:colcon.colcon_core.shell:Skip shell extension 'dsv' for command environment
[2.586s] INFO:colcon.colcon_ros.task.ament_cmake.build:Building ROS package in '/home/sunrise/ros2_ws/src/fishbot_navigation2' with build type 'ament_cmake'
[2.587s] INFO:colcon.colcon_cmake.task.cmake.build:Building CMake package in '/home/sunrise/ros2_ws/src/fishbot_navigation2'
[2.588s] INFO:colcon.colcon_core.shell:Skip shell extension 'powershell' for command environment: Not usable outside of PowerShell
[2.589s] DEBUG:colcon.colcon_core.shell:Skip shell extension 'dsv' for command environment
[2.610s] INFO:colcon.colcon_cmake.task.cmake.build:Building CMake package in '/home/sunrise/ros2_ws/src/Micro-XRCE-DDS-Agent'
[2.612s] INFO:colcon.colcon_core.shell:Skip shell extension 'powershell' for command environment: Not usable outside of PowerShell
[2.612s] DEBUG:colcon.colcon_core.shell:Skip shell extension 'dsv' for command environment
[2.634s] INFO:colcon.colcon_ros.task.ament_cmake.build:Building ROS package in '/home/sunrise/ros2_ws/src/ydlidar_ros2-1.0.0-fishbot' with build type 'ament_cmake'
[2.635s] INFO:colcon.colcon_cmake.task.cmake.build:Building CMake package in '/home/sunrise/ros2_ws/src/ydlidar_ros2-1.0.0-fishbot'
[2.637s] INFO:colcon.colcon_core.shell:Skip shell extension 'powershell' for command environment: Not usable outside of PowerShell
[2.637s] DEBUG:colcon.colcon_core.shell:Skip shell extension 'dsv' for command environment
[2.683s] DEBUG:colcon.colcon_core.event_handler.log_command:Invoking command in '/home/sunrise/ros2_ws/build/micro_ros_msgs': CMAKE_PREFIX_PATH=${CMAKE_PREFIX_PATH}:/home/sunrise/ros2_ws/install/nav2_simple_commander:/home/sunrise/ros2_ws/install/fishbot_description:/opt/ros/humble /usr/bin/cmake --build /home/sunrise/ros2_ws/build/micro_ros_msgs -- -j8 -l8
[2.701s] DEBUG:colcon.colcon_core.event_handler.log_command:Invoking command in '/home/sunrise/ros2_ws/build/fishbot_bringup': CMAKE_PREFIX_PATH=${CMAKE_PREFIX_PATH}:/home/sunrise/ros2_ws/install/nav2_simple_commander:/home/sunrise/ros2_ws/install/fishbot_description:/opt/ros/humble /usr/bin/cmake --build /home/sunrise/ros2_ws/build/fishbot_bringup -- -j8 -l8
[4.586s] INFO:colcon.colcon_core.task.python.build:Building Python package in '/home/sunrise/ros2_ws/src/fishbot_description'
[4.588s] INFO:colcon.colcon_core.shell:Skip shell extension 'powershell' for command environment: Not usable outside of PowerShell
[4.588s] DEBUG:colcon.colcon_core.shell:Skip shell extension 'dsv' for command environment
[4.621s] DEBUG:colcon.colcon_core.event_handler.log_command:Invoking command in '/home/sunrise/ros2_ws/build/fishbot_navigation2': CMAKE_PREFIX_PATH=${CMAKE_PREFIX_PATH}:/home/sunrise/ros2_ws/install/nav2_simple_commander:/home/sunrise/ros2_ws/install/fishbot_description:/opt/ros/humble /usr/bin/cmake /home/sunrise/ros2_ws/src/fishbot_navigation2 -DCMAKE_INSTALL_PREFIX=/home/sunrise/ros2_ws/install/fishbot_navigation2
[4.638s] DEBUG:colcon.colcon_core.event_handler.log_command:Invoking command in '/home/sunrise/ros2_ws/build/microxrcedds_agent': /usr/bin/cmake --build /home/sunrise/ros2_ws/build/microxrcedds_agent -- -j8 -l8
[4.677s] DEBUG:colcon.colcon_core.event_handler.log_command:Invoking command in '/home/sunrise/ros2_ws/build/ydlidar': CMAKE_PREFIX_PATH=${CMAKE_PREFIX_PATH}:/home/sunrise/ros2_ws/install/nav2_simple_commander:/home/sunrise/ros2_ws/install/fishbot_description:/opt/ros/humble /usr/bin/cmake --build /home/sunrise/ros2_ws/build/ydlidar -- -j8 -l8
[4.679s] DEBUG:colcon.colcon_core.event_handler.log_command:Invoked command in '/home/sunrise/ros2_ws/build/fishbot_bringup' returned '0': CMAKE_PREFIX_PATH=${CMAKE_PREFIX_PATH}:/home/sunrise/ros2_ws/install/nav2_simple_commander:/home/sunrise/ros2_ws/install/fishbot_description:/opt/ros/humble /usr/bin/cmake --build /home/sunrise/ros2_ws/build/fishbot_bringup -- -j8 -l8
[4.720s] DEBUG:colcon.colcon_core.event_handler.log_command:Invoking command in '/home/sunrise/ros2_ws/build/fishbot_bringup': CMAKE_PREFIX_PATH=${CMAKE_PREFIX_PATH}:/home/sunrise/ros2_ws/install/nav2_simple_commander:/home/sunrise/ros2_ws/install/fishbot_description:/opt/ros/humble /usr/bin/cmake --install /home/sunrise/ros2_ws/build/fishbot_bringup
[4.776s] Level 1:colcon.colcon_core.environment:create_environment_scripts_only(fishbot_bringup)
[4.779s] DEBUG:colcon.colcon_core.event_handler.log_command:Invoked command in '/home/sunrise/ros2_ws/build/fishbot_bringup' returned '0': CMAKE_PREFIX_PATH=${CMAKE_PREFIX_PATH}:/home/sunrise/ros2_ws/install/nav2_simple_commander:/home/sunrise/ros2_ws/install/fishbot_description:/opt/ros/humble /usr/bin/cmake --install /home/sunrise/ros2_ws/build/fishbot_bringup
[4.795s] Level 1:colcon.colcon_core.environment:checking '/home/sunrise/ros2_ws/install/fishbot_bringup' for CMake module files
[4.799s] Level 1:colcon.colcon_core.environment:checking '/home/sunrise/ros2_ws/install/fishbot_bringup' for CMake config files
[4.801s] Level 1:colcon.colcon_core.shell:create_environment_hook('fishbot_bringup', 'cmake_prefix_path')
[4.803s] INFO:colcon.colcon_core.shell:Creating environment hook '/home/sunrise/ros2_ws/install/fishbot_bringup/share/fishbot_bringup/hook/cmake_prefix_path.ps1'
[4.806s] INFO:colcon.colcon_core.shell:Creating environment descriptor '/home/sunrise/ros2_ws/install/fishbot_bringup/share/fishbot_bringup/hook/cmake_prefix_path.dsv'
[4.810s] INFO:colcon.colcon_core.shell:Creating environment hook '/home/sunrise/ros2_ws/install/fishbot_bringup/share/fishbot_bringup/hook/cmake_prefix_path.sh'
[4.819s] Level 1:colcon.colcon_core.environment:checking '/home/sunrise/ros2_ws/install/fishbot_bringup/lib'
[4.821s] Level 1:colcon.colcon_core.environment:checking '/home/sunrise/ros2_ws/install/fishbot_bringup/bin'
[4.821s] Level 1:colcon.colcon_core.environment:checking '/home/sunrise/ros2_ws/install/fishbot_bringup/lib/pkgconfig/fishbot_bringup.pc'
[4.823s] Level 1:colcon.colcon_core.environment:checking '/home/sunrise/ros2_ws/install/fishbot_bringup/lib/python3.10/site-packages'
[4.825s] Level 1:colcon.colcon_core.environment:checking '/home/sunrise/ros2_ws/install/fishbot_bringup/bin'
[4.828s] INFO:colcon.colcon_core.shell:Creating package script '/home/sunrise/ros2_ws/install/fishbot_bringup/share/fishbot_bringup/package.ps1'
[4.834s] INFO:colcon.colcon_core.shell:Creating package descriptor '/home/sunrise/ros2_ws/install/fishbot_bringup/share/fishbot_bringup/package.dsv'
[4.838s] INFO:colcon.colcon_core.shell:Creating package script '/home/sunrise/ros2_ws/install/fishbot_bringup/share/fishbot_bringup/package.sh'
[4.845s] INFO:colcon.colcon_core.shell:Creating package script '/home/sunrise/ros2_ws/install/fishbot_bringup/share/fishbot_bringup/package.bash'
[4.852s] INFO:colcon.colcon_core.shell:Creating package script '/home/sunrise/ros2_ws/install/fishbot_bringup/share/fishbot_bringup/package.zsh'
[4.858s] Level 1:colcon.colcon_core.environment:create_file_with_runtime_dependencies(/home/sunrise/ros2_ws/install/fishbot_bringup/share/colcon-core/packages/fishbot_bringup)
[4.863s] Level 1:colcon.colcon_core.environment:create_environment_scripts_only(fishbot_bringup)
[4.866s] Level 1:colcon.colcon_core.environment:checking '/home/sunrise/ros2_ws/install/fishbot_bringup' for CMake module files
[4.870s] Level 1:colcon.colcon_core.environment:checking '/home/sunrise/ros2_ws/install/fishbot_bringup' for CMake config files
[4.871s] Level 1:colcon.colcon_core.shell:create_environment_hook('fishbot_bringup', 'cmake_prefix_path')
[4.874s] INFO:colcon.colcon_core.shell:Creating environment hook '/home/sunrise/ros2_ws/install/fishbot_bringup/share/fishbot_bringup/hook/cmake_prefix_path.ps1'
[4.877s] INFO:colcon.colcon_core.shell:Creating environment descriptor '/home/sunrise/ros2_ws/install/fishbot_bringup/share/fishbot_bringup/hook/cmake_prefix_path.dsv'
[4.881s] INFO:colcon.colcon_core.shell:Creating environment hook '/home/sunrise/ros2_ws/install/fishbot_bringup/share/fishbot_bringup/hook/cmake_prefix_path.sh'
[4.886s] Level 1:colcon.colcon_core.environment:checking '/home/sunrise/ros2_ws/install/fishbot_bringup/lib'
[4.887s] Level 1:colcon.colcon_core.environment:checking '/home/sunrise/ros2_ws/install/fishbot_bringup/bin'
[4.888s] Level 1:colcon.colcon_core.environment:checking '/home/sunrise/ros2_ws/install/fishbot_bringup/lib/pkgconfig/fishbot_bringup.pc'
[4.890s] Level 1:colcon.colcon_core.environment:checking '/home/sunrise/ros2_ws/install/fishbot_bringup/lib/python3.10/site-packages'
[4.891s] Level 1:colcon.colcon_core.environment:checking '/home/sunrise/ros2_ws/install/fishbot_bringup/bin'
[4.894s] INFO:colcon.colcon_core.shell:Creating package script '/home/sunrise/ros2_ws/install/fishbot_bringup/share/fishbot_bringup/package.ps1'
[4.898s] INFO:colcon.colcon_core.shell:Creating package descriptor '/home/sunrise/ros2_ws/install/fishbot_bringup/share/fishbot_bringup/package.dsv'
[4.902s] INFO:colcon.colcon_core.shell:Creating package script '/home/sunrise/ros2_ws/install/fishbot_bringup/share/fishbot_bringup/package.sh'
[4.906s] INFO:colcon.colcon_core.shell:Creating package script '/home/sunrise/ros2_ws/install/fishbot_bringup/share/fishbot_bringup/package.bash'
[4.910s] INFO:colcon.colcon_core.shell:Creating package script '/home/sunrise/ros2_ws/install/fishbot_bringup/share/fishbot_bringup/package.zsh'
[4.913s] Level 1:colcon.colcon_core.environment:create_file_with_runtime_dependencies(/home/sunrise/ros2_ws/install/fishbot_bringup/share/colcon-core/packages/fishbot_bringup)
[5.030s] DEBUG:colcon.colcon_core.event_handler.log_command:Invoked command in '/home/sunrise/ros2_ws/build/micro_ros_msgs' returned '0': CMAKE_PREFIX_PATH=${CMAKE_PREFIX_PATH}:/home/sunrise/ros2_ws/install/nav2_simple_commander:/home/sunrise/ros2_ws/install/fishbot_description:/opt/ros/humble /usr/bin/cmake --build /home/sunrise/ros2_ws/build/micro_ros_msgs -- -j8 -l8
[5.038s] DEBUG:colcon.colcon_core.event_handler.log_command:Invoking command in '/home/sunrise/ros2_ws/build/micro_ros_msgs': CMAKE_PREFIX_PATH=${CMAKE_PREFIX_PATH}:/home/sunrise/ros2_ws/install/nav2_simple_commander:/home/sunrise/ros2_ws/install/fishbot_description:/opt/ros/humble /usr/bin/cmake --install /home/sunrise/ros2_ws/build/micro_ros_msgs
[5.045s] DEBUG:colcon.colcon_core.event_handler.log_command:Invoked command in '/home/sunrise/ros2_ws/build/ydlidar' returned '0': CMAKE_PREFIX_PATH=${CMAKE_PREFIX_PATH}:/home/sunrise/ros2_ws/install/nav2_simple_commander:/home/sunrise/ros2_ws/install/fishbot_description:/opt/ros/humble /usr/bin/cmake --build /home/sunrise/ros2_ws/build/ydlidar -- -j8 -l8
[5.052s] DEBUG:colcon.colcon_core.event_handler.log_command:Invoking command in '/home/sunrise/ros2_ws/build/ydlidar': CMAKE_PREFIX_PATH=${CMAKE_PREFIX_PATH}:/home/sunrise/ros2_ws/install/nav2_simple_commander:/home/sunrise/ros2_ws/install/fishbot_description:/opt/ros/humble /usr/bin/cmake --install /home/sunrise/ros2_ws/build/ydlidar
[5.111s] Level 1:colcon.colcon_core.environment:create_environment_scripts_only(ydlidar)
[5.113s] Level 1:colcon.colcon_core.environment:checking '/home/sunrise/ros2_ws/install/ydlidar' for CMake module files
[5.122s] Level 1:colcon.colcon_core.environment:checking '/home/sunrise/ros2_ws/install/ydlidar' for CMake config files
[5.130s] Level 1:colcon.colcon_core.shell:create_environment_hook('ydlidar', 'cmake_prefix_path')
[5.132s] INFO:colcon.colcon_core.shell:Creating environment hook '/home/sunrise/ros2_ws/install/ydlidar/share/ydlidar/hook/cmake_prefix_path.ps1'
[5.136s] INFO:colcon.colcon_core.shell:Creating environment descriptor '/home/sunrise/ros2_ws/install/ydlidar/share/ydlidar/hook/cmake_prefix_path.dsv'
[5.141s] INFO:colcon.colcon_core.shell:Creating environment hook '/home/sunrise/ros2_ws/install/ydlidar/share/ydlidar/hook/cmake_prefix_path.sh'
[5.147s] Level 1:colcon.colcon_core.environment:checking '/home/sunrise/ros2_ws/install/ydlidar/lib'
[5.149s] Level 1:colcon.colcon_core.environment:checking '/home/sunrise/ros2_ws/install/ydlidar/bin'
[5.149s] Level 1:colcon.colcon_core.environment:checking '/home/sunrise/ros2_ws/install/ydlidar/lib/pkgconfig/ydlidar.pc'
[5.152s] Level 1:colcon.colcon_core.environment:checking '/home/sunrise/ros2_ws/install/ydlidar/lib/python3.10/site-packages'
[5.154s] Level 1:colcon.colcon_core.environment:checking '/home/sunrise/ros2_ws/install/ydlidar/bin'
[5.157s] INFO:colcon.colcon_core.shell:Creating package script '/home/sunrise/ros2_ws/install/ydlidar/share/ydlidar/package.ps1'
[5.162s] INFO:colcon.colcon_core.shell:Creating package descriptor '/home/sunrise/ros2_ws/install/ydlidar/share/ydlidar/package.dsv'
[5.167s] INFO:colcon.colcon_core.shell:Creating package script '/home/sunrise/ros2_ws/install/ydlidar/share/ydlidar/package.sh'
[5.172s] INFO:colcon.colcon_core.shell:Creating package script '/home/sunrise/ros2_ws/install/ydlidar/share/ydlidar/package.bash'
[5.177s] INFO:colcon.colcon_core.shell:Creating package script '/home/sunrise/ros2_ws/install/ydlidar/share/ydlidar/package.zsh'
[5.182s] Level 1:colcon.colcon_core.environment:create_file_with_runtime_dependencies(/home/sunrise/ros2_ws/install/ydlidar/share/colcon-core/packages/ydlidar)
[5.190s] Level 1:colcon.colcon_core.environment:create_environment_scripts_only(ydlidar)
[5.192s] Level 1:colcon.colcon_core.environment:checking '/home/sunrise/ros2_ws/install/ydlidar' for CMake module files
[5.204s] Level 1:colcon.colcon_core.environment:checking '/home/sunrise/ros2_ws/install/ydlidar' for CMake config files
[5.212s] Level 1:colcon.colcon_core.shell:create_environment_hook('ydlidar', 'cmake_prefix_path')
[5.214s] INFO:colcon.colcon_core.shell:Creating environment hook '/home/sunrise/ros2_ws/install/ydlidar/share/ydlidar/hook/cmake_prefix_path.ps1'
[5.219s] INFO:colcon.colcon_core.shell:Creating environment descriptor '/home/sunrise/ros2_ws/install/ydlidar/share/ydlidar/hook/cmake_prefix_path.dsv'
[5.224s] INFO:colcon.colcon_core.shell:Creating environment hook '/home/sunrise/ros2_ws/install/ydlidar/share/ydlidar/hook/cmake_prefix_path.sh'
[5.230s] Level 1:colcon.colcon_core.environment:checking '/home/sunrise/ros2_ws/install/ydlidar/lib'
[5.232s] Level 1:colcon.colcon_core.environment:checking '/home/sunrise/ros2_ws/install/ydlidar/bin'
[5.233s] Level 1:colcon.colcon_core.environment:checking '/home/sunrise/ros2_ws/install/ydlidar/lib/pkgconfig/ydlidar.pc'
[5.235s] Level 1:colcon.colcon_core.environment:checking '/home/sunrise/ros2_ws/install/ydlidar/lib/python3.10/site-packages'
[5.237s] Level 1:colcon.colcon_core.environment:checking '/home/sunrise/ros2_ws/install/ydlidar/bin'
[5.240s] INFO:colcon.colcon_core.shell:Creating package script '/home/sunrise/ros2_ws/install/ydlidar/share/ydlidar/package.ps1'
[5.245s] INFO:colcon.colcon_core.shell:Creating package descriptor '/home/sunrise/ros2_ws/install/ydlidar/share/ydlidar/package.dsv'
[5.250s] INFO:colcon.colcon_core.shell:Creating package script '/home/sunrise/ros2_ws/install/ydlidar/share/ydlidar/package.sh'
[5.255s] INFO:colcon.colcon_core.shell:Creating package script '/home/sunrise/ros2_ws/install/ydlidar/share/ydlidar/package.bash'
[5.260s] INFO:colcon.colcon_core.shell:Creating package script '/home/sunrise/ros2_ws/install/ydlidar/share/ydlidar/package.zsh'
[5.265s] Level 1:colcon.colcon_core.environment:create_file_with_runtime_dependencies(/home/sunrise/ros2_ws/install/ydlidar/share/colcon-core/packages/ydlidar)
[5.282s] DEBUG:colcon.colcon_core.event_handler.log_command:Invoked command in '/home/sunrise/ros2_ws/build/ydlidar' returned '0': CMAKE_PREFIX_PATH=${CMAKE_PREFIX_PATH}:/home/sunrise/ros2_ws/install/nav2_simple_commander:/home/sunrise/ros2_ws/install/fishbot_description:/opt/ros/humble /usr/bin/cmake --install /home/sunrise/ros2_ws/build/ydlidar
[5.287s] DEBUG:colcon.colcon_core.event_handler.log_command:Invoked command in '/home/sunrise/ros2_ws/build/microxrcedds_agent' returned '0': /usr/bin/cmake --build /home/sunrise/ros2_ws/build/microxrcedds_agent -- -j8 -l8
[5.289s] DEBUG:colcon.colcon_core.event_handler.log_command:Invoking command in '/home/sunrise/ros2_ws/build/microxrcedds_agent': /usr/bin/cmake --install /home/sunrise/ros2_ws/build/microxrcedds_agent
[5.355s] Level 1:colcon.colcon_core.environment:create_environment_scripts_only(microxrcedds_agent)
[5.357s] Level 1:colcon.colcon_core.environment:checking '/home/sunrise/ros2_ws/install/microxrcedds_agent' for CMake module files
[5.365s] Level 1:colcon.colcon_core.environment:checking '/home/sunrise/ros2_ws/install/microxrcedds_agent' for CMake config files
[5.419s] Level 1:colcon.colcon_core.shell:create_environment_hook('microxrcedds_agent', 'cmake_prefix_path')
[5.421s] INFO:colcon.colcon_core.shell:Creating environment hook '/home/sunrise/ros2_ws/install/microxrcedds_agent/share/microxrcedds_agent/hook/cmake_prefix_path.ps1'
[5.427s] INFO:colcon.colcon_core.shell:Creating environment descriptor '/home/sunrise/ros2_ws/install/microxrcedds_agent/share/microxrcedds_agent/hook/cmake_prefix_path.dsv'
[5.431s] INFO:colcon.colcon_core.shell:Creating environment hook '/home/sunrise/ros2_ws/install/microxrcedds_agent/share/microxrcedds_agent/hook/cmake_prefix_path.sh'
[5.437s] Level 1:colcon.colcon_core.environment:checking '/home/sunrise/ros2_ws/install/microxrcedds_agent/lib'
[5.439s] Level 1:colcon.colcon_core.shell:create_environment_hook('microxrcedds_agent', 'ld_library_path_lib')
[5.441s] INFO:colcon.colcon_core.shell:Creating environment hook '/home/sunrise/ros2_ws/install/microxrcedds_agent/share/microxrcedds_agent/hook/ld_library_path_lib.ps1'
[5.445s] INFO:colcon.colcon_core.shell:Creating environment descriptor '/home/sunrise/ros2_ws/install/microxrcedds_agent/share/microxrcedds_agent/hook/ld_library_path_lib.dsv'
[5.450s] INFO:colcon.colcon_core.shell:Creating environment hook '/home/sunrise/ros2_ws/install/microxrcedds_agent/share/microxrcedds_agent/hook/ld_library_path_lib.sh'
[5.455s] Level 1:colcon.colcon_core.environment:checking '/home/sunrise/ros2_ws/install/microxrcedds_agent/bin'
[5.456s] Level 1:colcon.colcon_core.shell:create_environment_hook('microxrcedds_agent', 'path')
[5.458s] INFO:colcon.colcon_core.shell:Creating environment hook '/home/sunrise/ros2_ws/install/microxrcedds_agent/share/microxrcedds_agent/hook/path.ps1'
[5.462s] INFO:colcon.colcon_core.shell:Creating environment descriptor '/home/sunrise/ros2_ws/install/microxrcedds_agent/share/microxrcedds_agent/hook/path.dsv'
[5.467s] INFO:colcon.colcon_core.shell:Creating environment hook '/home/sunrise/ros2_ws/install/microxrcedds_agent/share/microxrcedds_agent/hook/path.sh'
[5.472s] Level 1:colcon.colcon_core.environment:checking '/home/sunrise/ros2_ws/install/microxrcedds_agent/lib/pkgconfig/microxrcedds_agent.pc'
[5.474s] Level 1:colcon.colcon_core.environment:checking '/home/sunrise/ros2_ws/install/microxrcedds_agent/lib/python3.10/site-packages'
[5.476s] Level 1:colcon.colcon_core.environment:checking '/home/sunrise/ros2_ws/install/microxrcedds_agent/bin'
[5.477s] Level 1:colcon.colcon_core.shell:create_environment_hook('microxrcedds_agent', 'pythonscriptspath')
[5.479s] INFO:colcon.colcon_core.shell:Creating environment hook '/home/sunrise/ros2_ws/install/microxrcedds_agent/share/microxrcedds_agent/hook/pythonscriptspath.ps1'
[5.484s] INFO:colcon.colcon_core.shell:Creating environment descriptor '/home/sunrise/ros2_ws/install/microxrcedds_agent/share/microxrcedds_agent/hook/pythonscriptspath.dsv'
[5.488s] INFO:colcon.colcon_core.shell:Creating environment hook '/home/sunrise/ros2_ws/install/microxrcedds_agent/share/microxrcedds_agent/hook/pythonscriptspath.sh'
[5.495s] INFO:colcon.colcon_core.shell:Creating package script '/home/sunrise/ros2_ws/install/microxrcedds_agent/share/microxrcedds_agent/package.ps1'
[5.501s] INFO:colcon.colcon_core.shell:Creating package descriptor '/home/sunrise/ros2_ws/install/microxrcedds_agent/share/microxrcedds_agent/package.dsv'
[5.507s] INFO:colcon.colcon_core.shell:Creating package script '/home/sunrise/ros2_ws/install/microxrcedds_agent/share/microxrcedds_agent/package.sh'
[5.512s] INFO:colcon.colcon_core.shell:Creating package script '/home/sunrise/ros2_ws/install/microxrcedds_agent/share/microxrcedds_agent/package.bash'
[5.516s] INFO:colcon.colcon_core.shell:Creating package script '/home/sunrise/ros2_ws/install/microxrcedds_agent/share/microxrcedds_agent/package.zsh'
[5.520s] Level 1:colcon.colcon_core.environment:create_file_with_runtime_dependencies(/home/sunrise/ros2_ws/install/microxrcedds_agent/share/colcon-core/packages/microxrcedds_agent)
[5.526s] Level 1:colcon.colcon_core.environment:create_environment_scripts_only(micro_ros_msgs)
[5.528s] Level 1:colcon.colcon_core.environment:checking '/home/sunrise/ros2_ws/install/micro_ros_msgs' for CMake module files
[5.540s] Level 1:colcon.colcon_core.environment:checking '/home/sunrise/ros2_ws/install/micro_ros_msgs' for CMake config files
[5.560s] Level 1:colcon.colcon_core.shell:create_environment_hook('micro_ros_msgs', 'cmake_prefix_path')
[5.561s] INFO:colcon.colcon_core.shell:Creating environment hook '/home/sunrise/ros2_ws/install/micro_ros_msgs/share/micro_ros_msgs/hook/cmake_prefix_path.ps1'
[5.562s] DEBUG:colcon.colcon_core.event_handler.log_command:Invoked command in '/home/sunrise/ros2_ws/build/microxrcedds_agent' returned '0': /usr/bin/cmake --install /home/sunrise/ros2_ws/build/microxrcedds_agent
[5.566s] INFO:colcon.colcon_core.shell:Creating environment descriptor '/home/sunrise/ros2_ws/install/micro_ros_msgs/share/micro_ros_msgs/hook/cmake_prefix_path.dsv'
[5.571s] INFO:colcon.colcon_core.shell:Creating environment hook '/home/sunrise/ros2_ws/install/micro_ros_msgs/share/micro_ros_msgs/hook/cmake_prefix_path.sh'
[5.577s] Level 1:colcon.colcon_core.environment:checking '/home/sunrise/ros2_ws/install/micro_ros_msgs/lib'
[5.578s] Level 1:colcon.colcon_core.shell:create_environment_hook('micro_ros_msgs', 'ld_library_path_lib')
[5.580s] INFO:colcon.colcon_core.shell:Creating environment hook '/home/sunrise/ros2_ws/install/micro_ros_msgs/share/micro_ros_msgs/hook/ld_library_path_lib.ps1'
[5.585s] INFO:colcon.colcon_core.shell:Creating environment descriptor '/home/sunrise/ros2_ws/install/micro_ros_msgs/share/micro_ros_msgs/hook/ld_library_path_lib.dsv'
[5.589s] INFO:colcon.colcon_core.shell:Creating environment hook '/home/sunrise/ros2_ws/install/micro_ros_msgs/share/micro_ros_msgs/hook/ld_library_path_lib.sh'
[5.593s] Level 1:colcon.colcon_core.environment:checking '/home/sunrise/ros2_ws/install/micro_ros_msgs/bin'
[5.594s] Level 1:colcon.colcon_core.environment:checking '/home/sunrise/ros2_ws/install/micro_ros_msgs/lib/pkgconfig/micro_ros_msgs.pc'
[5.596s] Level 1:colcon.colcon_core.environment:checking '/home/sunrise/ros2_ws/install/micro_ros_msgs/lib/python3.10/site-packages'
[5.598s] Level 1:colcon.colcon_core.environment:checking '/home/sunrise/ros2_ws/install/micro_ros_msgs/bin'
[5.601s] INFO:colcon.colcon_core.shell:Creating package script '/home/sunrise/ros2_ws/install/micro_ros_msgs/share/micro_ros_msgs/package.ps1'
[5.606s] INFO:colcon.colcon_core.shell:Creating package descriptor '/home/sunrise/ros2_ws/install/micro_ros_msgs/share/micro_ros_msgs/package.dsv'
[5.611s] INFO:colcon.colcon_core.shell:Creating package script '/home/sunrise/ros2_ws/install/micro_ros_msgs/share/micro_ros_msgs/package.sh'
[5.642s] INFO:colcon.colcon_core.shell:Creating package script '/home/sunrise/ros2_ws/install/micro_ros_msgs/share/micro_ros_msgs/package.bash'
[5.643s] DEBUG:colcon.colcon_core.event_handler.log_command:Invoked command in '/home/sunrise/ros2_ws/build/micro_ros_msgs' returned '0': CMAKE_PREFIX_PATH=${CMAKE_PREFIX_PATH}:/home/sunrise/ros2_ws/install/nav2_simple_commander:/home/sunrise/ros2_ws/install/fishbot_description:/opt/ros/humble /usr/bin/cmake --install /home/sunrise/ros2_ws/build/micro_ros_msgs
[5.647s] INFO:colcon.colcon_core.shell:Creating package script '/home/sunrise/ros2_ws/install/micro_ros_msgs/share/micro_ros_msgs/package.zsh'
[5.650s] Level 1:colcon.colcon_core.environment:create_file_with_runtime_dependencies(/home/sunrise/ros2_ws/install/micro_ros_msgs/share/colcon-core/packages/micro_ros_msgs)
[5.653s] Level 1:colcon.colcon_core.environment:create_environment_scripts_only(micro_ros_msgs)
[5.655s] Level 1:colcon.colcon_core.environment:checking '/home/sunrise/ros2_ws/install/micro_ros_msgs' for CMake module files
[5.659s] Level 1:colcon.colcon_core.environment:checking '/home/sunrise/ros2_ws/install/micro_ros_msgs' for CMake config files
[5.663s] Level 1:colcon.colcon_core.shell:create_environment_hook('micro_ros_msgs', 'cmake_prefix_path')
[5.665s] INFO:colcon.colcon_core.shell:Creating environment hook '/home/sunrise/ros2_ws/install/micro_ros_msgs/share/micro_ros_msgs/hook/cmake_prefix_path.ps1'
[5.667s] INFO:colcon.colcon_core.shell:Creating environment descriptor '/home/sunrise/ros2_ws/install/micro_ros_msgs/share/micro_ros_msgs/hook/cmake_prefix_path.dsv'
[5.670s] INFO:colcon.colcon_core.shell:Creating environment hook '/home/sunrise/ros2_ws/install/micro_ros_msgs/share/micro_ros_msgs/hook/cmake_prefix_path.sh'
[5.673s] Level 1:colcon.colcon_core.environment:checking '/home/sunrise/ros2_ws/install/micro_ros_msgs/lib'
[5.674s] Level 1:colcon.colcon_core.shell:create_environment_hook('micro_ros_msgs', 'ld_library_path_lib')
[5.676s] INFO:colcon.colcon_core.shell:Creating environment hook '/home/sunrise/ros2_ws/install/micro_ros_msgs/share/micro_ros_msgs/hook/ld_library_path_lib.ps1'
[5.678s] INFO:colcon.colcon_core.shell:Creating environment descriptor '/home/sunrise/ros2_ws/install/micro_ros_msgs/share/micro_ros_msgs/hook/ld_library_path_lib.dsv'
[5.680s] INFO:colcon.colcon_core.shell:Creating environment hook '/home/sunrise/ros2_ws/install/micro_ros_msgs/share/micro_ros_msgs/hook/ld_library_path_lib.sh'
[5.683s] Level 1:colcon.colcon_core.environment:checking '/home/sunrise/ros2_ws/install/micro_ros_msgs/bin'
[5.683s] Level 1:colcon.colcon_core.environment:checking '/home/sunrise/ros2_ws/install/micro_ros_msgs/lib/pkgconfig/micro_ros_msgs.pc'
[5.685s] Level 1:colcon.colcon_core.environment:checking '/home/sunrise/ros2_ws/install/micro_ros_msgs/lib/python3.10/site-packages'
[5.686s] Level 1:colcon.colcon_core.environment:checking '/home/sunrise/ros2_ws/install/micro_ros_msgs/bin'
[5.689s] INFO:colcon.colcon_core.shell:Creating package script '/home/sunrise/ros2_ws/install/micro_ros_msgs/share/micro_ros_msgs/package.ps1'
[5.692s] INFO:colcon.colcon_core.shell:Creating package descriptor '/home/sunrise/ros2_ws/install/micro_ros_msgs/share/micro_ros_msgs/package.dsv'
[5.696s] INFO:colcon.colcon_core.shell:Creating package script '/home/sunrise/ros2_ws/install/micro_ros_msgs/share/micro_ros_msgs/package.sh'
[5.700s] INFO:colcon.colcon_core.shell:Creating package script '/home/sunrise/ros2_ws/install/micro_ros_msgs/share/micro_ros_msgs/package.bash'
[5.703s] INFO:colcon.colcon_core.shell:Creating package script '/home/sunrise/ros2_ws/install/micro_ros_msgs/share/micro_ros_msgs/package.zsh'
[5.705s] Level 1:colcon.colcon_core.environment:create_file_with_runtime_dependencies(/home/sunrise/ros2_ws/install/micro_ros_msgs/share/colcon-core/packages/micro_ros_msgs)
[5.707s] INFO:colcon.colcon_ros.task.ament_cmake.build:Building ROS package in '/home/sunrise/ros2_ws/src/micro-ROS-Agent/micro_ros_agent' with build type 'ament_cmake'
[5.708s] INFO:colcon.colcon_cmake.task.cmake.build:Building CMake package in '/home/sunrise/ros2_ws/src/micro-ROS-Agent/micro_ros_agent'
[5.710s] INFO:colcon.colcon_core.shell:Skip shell extension 'powershell' for command environment: Not usable outside of PowerShell
[5.710s] DEBUG:colcon.colcon_core.shell:Skip shell extension 'dsv' for command environment
[5.764s] DEBUG:colcon.colcon_core.event_handler.log_command:Invoking command in '/home/sunrise/ros2_ws/build/micro_ros_agent': CMAKE_PREFIX_PATH=/home/sunrise/ros2_ws/install/micro_ros_msgs:/home/sunrise/ros2_ws/install/ydlidar:/home/sunrise/ros2_ws/install/dwb_msgs:/home/sunrise/ros2_ws/install/nav_2d_msgs:/home/sunrise/ros2_ws/install/nav2_voxel_grid:/home/sunrise/ros2_ws/install/nav2_msgs:/home/sunrise/ros2_ws/install/nav2_common:/home/sunrise/ros2_ws/install/microxrcedds_agent:/home/sunrise/ros2_ws/install/micro_ros_agent:/home/sunrise/ros2_ws/install/fishbot_bringup:/home/sunrise/ros2_ws/install/nav2_simple_commander:/home/sunrise/ros2_ws/install/fishbot_description:/opt/ros/humble LD_LIBRARY_PATH=/home/sunrise/ros2_ws/install/micro_ros_msgs/lib:/home/sunrise/ros2_ws/install/dwb_msgs/lib:/home/sunrise/ros2_ws/install/nav_2d_msgs/lib:/home/sunrise/ros2_ws/install/nav2_voxel_grid/lib:/home/sunrise/ros2_ws/install/nav2_msgs/lib:/home/sunrise/ros2_ws/install/microxrcedds_agent/lib:/home/sunrise/ros2_ws/install/micro_ros_agent/lib:/usr/hobot/lib:/app/lib:/app/pub/lib:/middleware/lib:/middleware/pub/lib:/usr/hobot/lib/sensor:/system/lib:/system/usr/lib:/lib:/opt/ros/humble/opt/rviz_ogre_vendor/lib:/opt/ros/humble/lib/aarch64-linux-gnu:/opt/ros/humble/lib:/usr/hobot/lib:/app/lib:/app/pub/lib:/middleware/lib:/middleware/pub/lib:/usr/hobot/lib/sensor:/system/lib:/system/usr/lib:/lib /usr/bin/cmake --build /home/sunrise/ros2_ws/build/micro_ros_agent -- -j8 -l8
[6.078s] DEBUG:colcon.colcon_core.event_handler.log_command:Invoked command in '/home/sunrise/ros2_ws/build/micro_ros_agent' returned '0': CMAKE_PREFIX_PATH=/home/sunrise/ros2_ws/install/micro_ros_msgs:/home/sunrise/ros2_ws/install/ydlidar:/home/sunrise/ros2_ws/install/dwb_msgs:/home/sunrise/ros2_ws/install/nav_2d_msgs:/home/sunrise/ros2_ws/install/nav2_voxel_grid:/home/sunrise/ros2_ws/install/nav2_msgs:/home/sunrise/ros2_ws/install/nav2_common:/home/sunrise/ros2_ws/install/microxrcedds_agent:/home/sunrise/ros2_ws/install/micro_ros_agent:/home/sunrise/ros2_ws/install/fishbot_bringup:/home/sunrise/ros2_ws/install/nav2_simple_commander:/home/sunrise/ros2_ws/install/fishbot_description:/opt/ros/humble LD_LIBRARY_PATH=/home/sunrise/ros2_ws/install/micro_ros_msgs/lib:/home/sunrise/ros2_ws/install/dwb_msgs/lib:/home/sunrise/ros2_ws/install/nav_2d_msgs/lib:/home/sunrise/ros2_ws/install/nav2_voxel_grid/lib:/home/sunrise/ros2_ws/install/nav2_msgs/lib:/home/sunrise/ros2_ws/install/microxrcedds_agent/lib:/home/sunrise/ros2_ws/install/micro_ros_agent/lib:/usr/hobot/lib:/app/lib:/app/pub/lib:/middleware/lib:/middleware/pub/lib:/usr/hobot/lib/sensor:/system/lib:/system/usr/lib:/lib:/opt/ros/humble/opt/rviz_ogre_vendor/lib:/opt/ros/humble/lib/aarch64-linux-gnu:/opt/ros/humble/lib:/usr/hobot/lib:/app/lib:/app/pub/lib:/middleware/lib:/middleware/pub/lib:/usr/hobot/lib/sensor:/system/lib:/system/usr/lib:/lib /usr/bin/cmake --build /home/sunrise/ros2_ws/build/micro_ros_agent -- -j8 -l8
[6.085s] DEBUG:colcon.colcon_core.event_handler.log_command:Invoking command in '/home/sunrise/ros2_ws/build/micro_ros_agent': CMAKE_PREFIX_PATH=/home/sunrise/ros2_ws/install/micro_ros_msgs:/home/sunrise/ros2_ws/install/ydlidar:/home/sunrise/ros2_ws/install/dwb_msgs:/home/sunrise/ros2_ws/install/nav_2d_msgs:/home/sunrise/ros2_ws/install/nav2_voxel_grid:/home/sunrise/ros2_ws/install/nav2_msgs:/home/sunrise/ros2_ws/install/nav2_common:/home/sunrise/ros2_ws/install/microxrcedds_agent:/home/sunrise/ros2_ws/install/micro_ros_agent:/home/sunrise/ros2_ws/install/fishbot_bringup:/home/sunrise/ros2_ws/install/nav2_simple_commander:/home/sunrise/ros2_ws/install/fishbot_description:/opt/ros/humble LD_LIBRARY_PATH=/home/sunrise/ros2_ws/install/micro_ros_msgs/lib:/home/sunrise/ros2_ws/install/dwb_msgs/lib:/home/sunrise/ros2_ws/install/nav_2d_msgs/lib:/home/sunrise/ros2_ws/install/nav2_voxel_grid/lib:/home/sunrise/ros2_ws/install/nav2_msgs/lib:/home/sunrise/ros2_ws/install/microxrcedds_agent/lib:/home/sunrise/ros2_ws/install/micro_ros_agent/lib:/usr/hobot/lib:/app/lib:/app/pub/lib:/middleware/lib:/middleware/pub/lib:/usr/hobot/lib/sensor:/system/lib:/system/usr/lib:/lib:/opt/ros/humble/opt/rviz_ogre_vendor/lib:/opt/ros/humble/lib/aarch64-linux-gnu:/opt/ros/humble/lib:/usr/hobot/lib:/app/lib:/app/pub/lib:/middleware/lib:/middleware/pub/lib:/usr/hobot/lib/sensor:/system/lib:/system/usr/lib:/lib /usr/bin/cmake --install /home/sunrise/ros2_ws/build/micro_ros_agent
[6.135s] Level 1:colcon.colcon_core.environment:create_environment_scripts_only(micro_ros_agent)
[6.137s] Level 1:colcon.colcon_core.environment:checking '/home/sunrise/ros2_ws/install/micro_ros_agent' for CMake module files
[6.139s] DEBUG:colcon.colcon_core.event_handler.log_command:Invoked command in '/home/sunrise/ros2_ws/build/micro_ros_agent' returned '0': CMAKE_PREFIX_PATH=/home/sunrise/ros2_ws/install/micro_ros_msgs:/home/sunrise/ros2_ws/install/ydlidar:/home/sunrise/ros2_ws/install/dwb_msgs:/home/sunrise/ros2_ws/install/nav_2d_msgs:/home/sunrise/ros2_ws/install/nav2_voxel_grid:/home/sunrise/ros2_ws/install/nav2_msgs:/home/sunrise/ros2_ws/install/nav2_common:/home/sunrise/ros2_ws/install/microxrcedds_agent:/home/sunrise/ros2_ws/install/micro_ros_agent:/home/sunrise/ros2_ws/install/fishbot_bringup:/home/sunrise/ros2_ws/install/nav2_simple_commander:/home/sunrise/ros2_ws/install/fishbot_description:/opt/ros/humble LD_LIBRARY_PATH=/home/sunrise/ros2_ws/install/micro_ros_msgs/lib:/home/sunrise/ros2_ws/install/dwb_msgs/lib:/home/sunrise/ros2_ws/install/nav_2d_msgs/lib:/home/sunrise/ros2_ws/install/nav2_voxel_grid/lib:/home/sunrise/ros2_ws/install/nav2_msgs/lib:/home/sunrise/ros2_ws/install/microxrcedds_agent/lib:/home/sunrise/ros2_ws/install/micro_ros_agent/lib:/usr/hobot/lib:/app/lib:/app/pub/lib:/middleware/lib:/middleware/pub/lib:/usr/hobot/lib/sensor:/system/lib:/system/usr/lib:/lib:/opt/ros/humble/opt/rviz_ogre_vendor/lib:/opt/ros/humble/lib/aarch64-linux-gnu:/opt/ros/humble/lib:/usr/hobot/lib:/app/lib:/app/pub/lib:/middleware/lib:/middleware/pub/lib:/usr/hobot/lib/sensor:/system/lib:/system/usr/lib:/lib /usr/bin/cmake --install /home/sunrise/ros2_ws/build/micro_ros_agent
[6.142s] Level 1:colcon.colcon_core.environment:checking '/home/sunrise/ros2_ws/install/micro_ros_agent' for CMake config files
[6.147s] Level 1:colcon.colcon_core.shell:create_environment_hook('micro_ros_agent', 'cmake_prefix_path')
[6.149s] INFO:colcon.colcon_core.shell:Creating environment hook '/home/sunrise/ros2_ws/install/micro_ros_agent/share/micro_ros_agent/hook/cmake_prefix_path.ps1'
[6.151s] INFO:colcon.colcon_core.shell:Creating environment descriptor '/home/sunrise/ros2_ws/install/micro_ros_agent/share/micro_ros_agent/hook/cmake_prefix_path.dsv'
[6.154s] INFO:colcon.colcon_core.shell:Creating environment hook '/home/sunrise/ros2_ws/install/micro_ros_agent/share/micro_ros_agent/hook/cmake_prefix_path.sh'
[6.157s] Level 1:colcon.colcon_core.environment:checking '/home/sunrise/ros2_ws/install/micro_ros_agent/lib'
[6.158s] Level 1:colcon.colcon_core.shell:create_environment_hook('micro_ros_agent', 'ld_library_path_lib')
[6.160s] INFO:colcon.colcon_core.shell:Creating environment hook '/home/sunrise/ros2_ws/install/micro_ros_agent/share/micro_ros_agent/hook/ld_library_path_lib.ps1'
[6.162s] INFO:colcon.colcon_core.shell:Creating environment descriptor '/home/sunrise/ros2_ws/install/micro_ros_agent/share/micro_ros_agent/hook/ld_library_path_lib.dsv'
[6.164s] INFO:colcon.colcon_core.shell:Creating environment hook '/home/sunrise/ros2_ws/install/micro_ros_agent/share/micro_ros_agent/hook/ld_library_path_lib.sh'
[6.167s] Level 1:colcon.colcon_core.environment:checking '/home/sunrise/ros2_ws/install/micro_ros_agent/bin'
[6.168s] Level 1:colcon.colcon_core.environment:checking '/home/sunrise/ros2_ws/install/micro_ros_agent/lib/pkgconfig/micro_ros_agent.pc'
[6.169s] Level 1:colcon.colcon_core.environment:checking '/home/sunrise/ros2_ws/install/micro_ros_agent/lib/python3.10/site-packages'
[6.171s] Level 1:colcon.colcon_core.environment:checking '/home/sunrise/ros2_ws/install/micro_ros_agent/bin'
[6.173s] INFO:colcon.colcon_core.shell:Creating package script '/home/sunrise/ros2_ws/install/micro_ros_agent/share/micro_ros_agent/package.ps1'
[6.176s] INFO:colcon.colcon_core.shell:Creating package descriptor '/home/sunrise/ros2_ws/install/micro_ros_agent/share/micro_ros_agent/package.dsv'
[6.179s] INFO:colcon.colcon_core.shell:Creating package script '/home/sunrise/ros2_ws/install/micro_ros_agent/share/micro_ros_agent/package.sh'
[6.182s] INFO:colcon.colcon_core.shell:Creating package script '/home/sunrise/ros2_ws/install/micro_ros_agent/share/micro_ros_agent/package.bash'
[6.186s] INFO:colcon.colcon_core.shell:Creating package script '/home/sunrise/ros2_ws/install/micro_ros_agent/share/micro_ros_agent/package.zsh'
[6.188s] Level 1:colcon.colcon_core.environment:create_file_with_runtime_dependencies(/home/sunrise/ros2_ws/install/micro_ros_agent/share/colcon-core/packages/micro_ros_agent)
[6.191s] Level 1:colcon.colcon_core.environment:create_environment_scripts_only(micro_ros_agent)
[6.193s] Level 1:colcon.colcon_core.environment:checking '/home/sunrise/ros2_ws/install/micro_ros_agent' for CMake module files
[6.196s] Level 1:colcon.colcon_core.environment:checking '/home/sunrise/ros2_ws/install/micro_ros_agent' for CMake config files
[6.201s] Level 1:colcon.colcon_core.shell:create_environment_hook('micro_ros_agent', 'cmake_prefix_path')
[6.203s] INFO:colcon.colcon_core.shell:Creating environment hook '/home/sunrise/ros2_ws/install/micro_ros_agent/share/micro_ros_agent/hook/cmake_prefix_path.ps1'
[6.205s] INFO:colcon.colcon_core.shell:Creating environment descriptor '/home/sunrise/ros2_ws/install/micro_ros_agent/share/micro_ros_agent/hook/cmake_prefix_path.dsv'
[6.207s] INFO:colcon.colcon_core.shell:Creating environment hook '/home/sunrise/ros2_ws/install/micro_ros_agent/share/micro_ros_agent/hook/cmake_prefix_path.sh'
[6.210s] Level 1:colcon.colcon_core.environment:checking '/home/sunrise/ros2_ws/install/micro_ros_agent/lib'
[6.211s] Level 1:colcon.colcon_core.shell:create_environment_hook('micro_ros_agent', 'ld_library_path_lib')
[6.212s] INFO:colcon.colcon_core.shell:Creating environment hook '/home/sunrise/ros2_ws/install/micro_ros_agent/share/micro_ros_agent/hook/ld_library_path_lib.ps1'
[6.215s] INFO:colcon.colcon_core.shell:Creating environment descriptor '/home/sunrise/ros2_ws/install/micro_ros_agent/share/micro_ros_agent/hook/ld_library_path_lib.dsv'
[6.217s] INFO:colcon.colcon_core.shell:Creating environment hook '/home/sunrise/ros2_ws/install/micro_ros_agent/share/micro_ros_agent/hook/ld_library_path_lib.sh'
[6.219s] Level 1:colcon.colcon_core.environment:checking '/home/sunrise/ros2_ws/install/micro_ros_agent/bin'
[6.220s] Level 1:colcon.colcon_core.environment:checking '/home/sunrise/ros2_ws/install/micro_ros_agent/lib/pkgconfig/micro_ros_agent.pc'
[6.221s] Level 1:colcon.colcon_core.environment:checking '/home/sunrise/ros2_ws/install/micro_ros_agent/lib/python3.10/site-packages'
[6.222s] Level 1:colcon.colcon_core.environment:checking '/home/sunrise/ros2_ws/install/micro_ros_agent/bin'
[6.225s] INFO:colcon.colcon_core.shell:Creating package script '/home/sunrise/ros2_ws/install/micro_ros_agent/share/micro_ros_agent/package.ps1'
[6.228s] INFO:colcon.colcon_core.shell:Creating package descriptor '/home/sunrise/ros2_ws/install/micro_ros_agent/share/micro_ros_agent/package.dsv'
[6.233s] INFO:colcon.colcon_core.shell:Creating package script '/home/sunrise/ros2_ws/install/micro_ros_agent/share/micro_ros_agent/package.sh'
[6.238s] INFO:colcon.colcon_core.shell:Creating package script '/home/sunrise/ros2_ws/install/micro_ros_agent/share/micro_ros_agent/package.bash'
[6.241s] INFO:colcon.colcon_core.shell:Creating package script '/home/sunrise/ros2_ws/install/micro_ros_agent/share/micro_ros_agent/package.zsh'
[6.244s] Level 1:colcon.colcon_core.environment:create_file_with_runtime_dependencies(/home/sunrise/ros2_ws/install/micro_ros_agent/share/colcon-core/packages/micro_ros_agent)
[7.353s] DEBUG:colcon.colcon_core.event_handler.log_command:Invoking command in '/home/sunrise/ros2_ws/src/fishbot_description': PYTHONPATH=/home/sunrise/ros2_ws/build/fishbot_description/prefix_override:/usr/lib/python3/dist-packages/colcon_core/task/python/colcon_distutils_commands:/home/sunrise/ros2_ws/install/fishbot_description/lib/python3.10/site-packages:${PYTHONPATH} /usr/bin/python3 -W ignore:setup.py install is deprecated -W ignore:easy_install command is deprecated setup.py egg_info --egg-base ../../build/fishbot_description build --build-base /home/sunrise/ros2_ws/build/fishbot_description/build install --record /home/sunrise/ros2_ws/build/fishbot_description/install.log --single-version-externally-managed install_data
[8.533s] DEBUG:colcon.colcon_core.event_handler.log_command:Invoked command in '/home/sunrise/ros2_ws/build/fishbot_navigation2' returned '0': CMAKE_PREFIX_PATH=${CMAKE_PREFIX_PATH}:/home/sunrise/ros2_ws/install/nav2_simple_commander:/home/sunrise/ros2_ws/install/fishbot_description:/opt/ros/humble /usr/bin/cmake /home/sunrise/ros2_ws/src/fishbot_navigation2 -DCMAKE_INSTALL_PREFIX=/home/sunrise/ros2_ws/install/fishbot_navigation2
[8.539s] DEBUG:colcon.colcon_core.event_handler.log_command:Invoking command in '/home/sunrise/ros2_ws/build/fishbot_navigation2': CMAKE_PREFIX_PATH=${CMAKE_PREFIX_PATH}:/home/sunrise/ros2_ws/install/nav2_simple_commander:/home/sunrise/ros2_ws/install/fishbot_description:/opt/ros/humble /usr/bin/cmake --build /home/sunrise/ros2_ws/build/fishbot_navigation2 -- -j8 -l8
[8.708s] DEBUG:colcon.colcon_core.event_handler.log_command:Invoked command in '/home/sunrise/ros2_ws/build/fishbot_navigation2' returned '0': CMAKE_PREFIX_PATH=${CMAKE_PREFIX_PATH}:/home/sunrise/ros2_ws/install/nav2_simple_commander:/home/sunrise/ros2_ws/install/fishbot_description:/opt/ros/humble /usr/bin/cmake --build /home/sunrise/ros2_ws/build/fishbot_navigation2 -- -j8 -l8
[8.714s] DEBUG:colcon.colcon_core.event_handler.log_command:Invoking command in '/home/sunrise/ros2_ws/build/fishbot_navigation2': CMAKE_PREFIX_PATH=${CMAKE_PREFIX_PATH}:/home/sunrise/ros2_ws/install/nav2_simple_commander:/home/sunrise/ros2_ws/install/fishbot_description:/opt/ros/humble /usr/bin/cmake --install /home/sunrise/ros2_ws/build/fishbot_navigation2
[8.774s] Level 1:colcon.colcon_core.environment:create_environment_scripts_only(fishbot_navigation2)
[8.776s] Level 1:colcon.colcon_core.environment:checking '/home/sunrise/ros2_ws/install/fishbot_navigation2' for CMake module files
[8.779s] DEBUG:colcon.colcon_core.event_handler.log_command:Invoked command in '/home/sunrise/ros2_ws/build/fishbot_navigation2' returned '0': CMAKE_PREFIX_PATH=${CMAKE_PREFIX_PATH}:/home/sunrise/ros2_ws/install/nav2_simple_commander:/home/sunrise/ros2_ws/install/fishbot_description:/opt/ros/humble /usr/bin/cmake --install /home/sunrise/ros2_ws/build/fishbot_navigation2
[8.781s] Level 1:colcon.colcon_core.environment:checking '/home/sunrise/ros2_ws/install/fishbot_navigation2' for CMake config files
[8.782s] Level 1:colcon.colcon_core.shell:create_environment_hook('fishbot_navigation2', 'cmake_prefix_path')
[8.783s] INFO:colcon.colcon_core.shell:Creating environment hook '/home/sunrise/ros2_ws/install/fishbot_navigation2/share/fishbot_navigation2/hook/cmake_prefix_path.ps1'
[8.786s] INFO:colcon.colcon_core.shell:Creating environment descriptor '/home/sunrise/ros2_ws/install/fishbot_navigation2/share/fishbot_navigation2/hook/cmake_prefix_path.dsv'
[8.788s] INFO:colcon.colcon_core.shell:Creating environment hook '/home/sunrise/ros2_ws/install/fishbot_navigation2/share/fishbot_navigation2/hook/cmake_prefix_path.sh'
[8.790s] Level 1:colcon.colcon_core.environment:checking '/home/sunrise/ros2_ws/install/fishbot_navigation2/bin'
[8.791s] Level 1:colcon.colcon_core.environment:checking '/home/sunrise/ros2_ws/install/fishbot_navigation2/lib/pkgconfig/fishbot_navigation2.pc'
[8.792s] Level 1:colcon.colcon_core.environment:checking '/home/sunrise/ros2_ws/install/fishbot_navigation2/lib/python3.10/site-packages'
[8.794s] Level 1:colcon.colcon_core.environment:checking '/home/sunrise/ros2_ws/install/fishbot_navigation2/bin'
[8.796s] INFO:colcon.colcon_core.shell:Creating package script '/home/sunrise/ros2_ws/install/fishbot_navigation2/share/fishbot_navigation2/package.ps1'
[8.798s] INFO:colcon.colcon_core.shell:Creating package descriptor '/home/sunrise/ros2_ws/install/fishbot_navigation2/share/fishbot_navigation2/package.dsv'
[8.801s] INFO:colcon.colcon_core.shell:Creating package script '/home/sunrise/ros2_ws/install/fishbot_navigation2/share/fishbot_navigation2/package.sh'
[8.803s] INFO:colcon.colcon_core.shell:Creating package script '/home/sunrise/ros2_ws/install/fishbot_navigation2/share/fishbot_navigation2/package.bash'
[8.806s] INFO:colcon.colcon_core.shell:Creating package script '/home/sunrise/ros2_ws/install/fishbot_navigation2/share/fishbot_navigation2/package.zsh'
[8.808s] Level 1:colcon.colcon_core.environment:create_file_with_runtime_dependencies(/home/sunrise/ros2_ws/install/fishbot_navigation2/share/colcon-core/packages/fishbot_navigation2)
[8.811s] Level 1:colcon.colcon_core.environment:create_environment_scripts_only(fishbot_navigation2)
[8.812s] Level 1:colcon.colcon_core.environment:checking '/home/sunrise/ros2_ws/install/fishbot_navigation2' for CMake module files
[8.816s] Level 1:colcon.colcon_core.environment:checking '/home/sunrise/ros2_ws/install/fishbot_navigation2' for CMake config files
[8.816s] Level 1:colcon.colcon_core.shell:create_environment_hook('fishbot_navigation2', 'cmake_prefix_path')
[8.818s] INFO:colcon.colcon_core.shell:Creating environment hook '/home/sunrise/ros2_ws/install/fishbot_navigation2/share/fishbot_navigation2/hook/cmake_prefix_path.ps1'
[8.820s] INFO:colcon.colcon_core.shell:Creating environment descriptor '/home/sunrise/ros2_ws/install/fishbot_navigation2/share/fishbot_navigation2/hook/cmake_prefix_path.dsv'
[8.822s] INFO:colcon.colcon_core.shell:Creating environment hook '/home/sunrise/ros2_ws/install/fishbot_navigation2/share/fishbot_navigation2/hook/cmake_prefix_path.sh'
[8.826s] Level 1:colcon.colcon_core.environment:checking '/home/sunrise/ros2_ws/install/fishbot_navigation2/bin'
[8.826s] Level 1:colcon.colcon_core.environment:checking '/home/sunrise/ros2_ws/install/fishbot_navigation2/lib/pkgconfig/fishbot_navigation2.pc'
[8.828s] Level 1:colcon.colcon_core.environment:checking '/home/sunrise/ros2_ws/install/fishbot_navigation2/lib/python3.10/site-packages'
[8.829s] Level 1:colcon.colcon_core.environment:checking '/home/sunrise/ros2_ws/install/fishbot_navigation2/bin'
[8.831s] INFO:colcon.colcon_core.shell:Creating package script '/home/sunrise/ros2_ws/install/fishbot_navigation2/share/fishbot_navigation2/package.ps1'
[8.834s] INFO:colcon.colcon_core.shell:Creating package descriptor '/home/sunrise/ros2_ws/install/fishbot_navigation2/share/fishbot_navigation2/package.dsv'
[8.837s] INFO:colcon.colcon_core.shell:Creating package script '/home/sunrise/ros2_ws/install/fishbot_navigation2/share/fishbot_navigation2/package.sh'
[8.840s] INFO:colcon.colcon_core.shell:Creating package script '/home/sunrise/ros2_ws/install/fishbot_navigation2/share/fishbot_navigation2/package.bash'
[8.843s] INFO:colcon.colcon_core.shell:Creating package script '/home/sunrise/ros2_ws/install/fishbot_navigation2/share/fishbot_navigation2/package.zsh'
[8.845s] Level 1:colcon.colcon_core.environment:create_file_with_runtime_dependencies(/home/sunrise/ros2_ws/install/fishbot_navigation2/share/colcon-core/packages/fishbot_navigation2)
[9.379s] Level 1:colcon.colcon_core.environment:checking '/home/sunrise/ros2_ws/install/fishbot_description' for CMake module files
[9.382s] DEBUG:colcon.colcon_core.event_handler.log_command:Invoked command in '/home/sunrise/ros2_ws/src/fishbot_description' returned '0': PYTHONPATH=/home/sunrise/ros2_ws/build/fishbot_description/prefix_override:/usr/lib/python3/dist-packages/colcon_core/task/python/colcon_distutils_commands:/home/sunrise/ros2_ws/install/fishbot_description/lib/python3.10/site-packages:${PYTHONPATH} /usr/bin/python3 -W ignore:setup.py install is deprecated -W ignore:easy_install command is deprecated setup.py egg_info --egg-base ../../build/fishbot_description build --build-base /home/sunrise/ros2_ws/build/fishbot_description/build install --record /home/sunrise/ros2_ws/build/fishbot_description/install.log --single-version-externally-managed install_data
[9.384s] Level 1:colcon.colcon_core.environment:checking '/home/sunrise/ros2_ws/install/fishbot_description' for CMake config files
[9.387s] Level 1:colcon.colcon_core.environment:checking '/home/sunrise/ros2_ws/install/fishbot_description/lib'
[9.388s] Level 1:colcon.colcon_core.environment:checking '/home/sunrise/ros2_ws/install/fishbot_description/bin'
[9.388s] Level 1:colcon.colcon_core.environment:checking '/home/sunrise/ros2_ws/install/fishbot_description/lib/pkgconfig/fishbot_description.pc'
[9.389s] Level 1:colcon.colcon_core.environment:checking '/home/sunrise/ros2_ws/install/fishbot_description/lib/python3.10/site-packages'
[9.390s] Level 1:colcon.colcon_core.shell:create_environment_hook('fishbot_description', 'pythonpath')
[9.391s] INFO:colcon.colcon_core.shell:Creating environment hook '/home/sunrise/ros2_ws/install/fishbot_description/share/fishbot_description/hook/pythonpath.ps1'
[9.394s] INFO:colcon.colcon_core.shell:Creating environment descriptor '/home/sunrise/ros2_ws/install/fishbot_description/share/fishbot_description/hook/pythonpath.dsv'
[9.398s] INFO:colcon.colcon_core.shell:Creating environment hook '/home/sunrise/ros2_ws/install/fishbot_description/share/fishbot_description/hook/pythonpath.sh'
[9.404s] Level 1:colcon.colcon_core.environment:checking '/home/sunrise/ros2_ws/install/fishbot_description/bin'
[9.405s] Level 1:colcon.colcon_core.environment:create_environment_scripts_only(fishbot_description)
[9.409s] INFO:colcon.colcon_core.shell:Creating package script '/home/sunrise/ros2_ws/install/fishbot_description/share/fishbot_description/package.ps1'
[9.414s] INFO:colcon.colcon_core.shell:Creating package descriptor '/home/sunrise/ros2_ws/install/fishbot_description/share/fishbot_description/package.dsv'
[9.417s] INFO:colcon.colcon_core.shell:Creating package script '/home/sunrise/ros2_ws/install/fishbot_description/share/fishbot_description/package.sh'
[9.419s] INFO:colcon.colcon_core.shell:Creating package script '/home/sunrise/ros2_ws/install/fishbot_description/share/fishbot_description/package.bash'
[9.422s] INFO:colcon.colcon_core.shell:Creating package script '/home/sunrise/ros2_ws/install/fishbot_description/share/fishbot_description/package.zsh'
[9.424s] Level 1:colcon.colcon_core.environment:create_file_with_runtime_dependencies(/home/sunrise/ros2_ws/install/fishbot_description/share/colcon-core/packages/fishbot_description)
[9.425s] DEBUG:colcon.colcon_parallel_executor.executor.parallel:closing loop
[9.427s] DEBUG:colcon.colcon_parallel_executor.executor.parallel:loop closed
[9.427s] DEBUG:colcon.colcon_parallel_executor.executor.parallel:run_until_complete finished with '0'
[9.428s] DEBUG:colcon.colcon_core.event_reactor:joining thread
[9.459s] INFO:colcon.colcon_core.plugin_system:Skipping extension 'colcon_notification.desktop_notification.notify_send': Could not find 'notify-send'
[9.460s] INFO:colcon.colcon_core.plugin_system:Skipping extension 'colcon_notification.desktop_notification.terminal_notifier': Not used on non-Darwin systems
[9.460s] INFO:colcon.colcon_core.plugin_system:Skipping extension 'colcon_notification.desktop_notification.win32': Not used on non-Windows systems
[9.460s] INFO:colcon.colcon_notification.desktop_notification:Sending desktop notification using 'notify2'
[9.486s] DEBUG:colcon.colcon_core.event_reactor:joined thread
[9.488s] INFO:colcon.colcon_core.shell:Creating prefix script '/home/sunrise/ros2_ws/install/local_setup.ps1'
[9.495s] INFO:colcon.colcon_core.shell:Creating prefix util module '/home/sunrise/ros2_ws/install/_local_setup_util_ps1.py'
[9.506s] INFO:colcon.colcon_core.shell:Creating prefix chain script '/home/sunrise/ros2_ws/install/setup.ps1'
[9.516s] INFO:colcon.colcon_core.shell:Creating prefix script '/home/sunrise/ros2_ws/install/local_setup.sh'
[9.519s] INFO:colcon.colcon_core.shell:Creating prefix util module '/home/sunrise/ros2_ws/install/_local_setup_util_sh.py'
[9.523s] INFO:colcon.colcon_core.shell:Creating prefix chain script '/home/sunrise/ros2_ws/install/setup.sh'
[9.533s] INFO:colcon.colcon_core.shell:Creating prefix script '/home/sunrise/ros2_ws/install/local_setup.bash'
[9.536s] INFO:colcon.colcon_core.shell:Creating prefix chain script '/home/sunrise/ros2_ws/install/setup.bash'
[9.546s] INFO:colcon.colcon_core.shell:Creating prefix script '/home/sunrise/ros2_ws/install/local_setup.zsh'
[9.549s] INFO:colcon.colcon_core.shell:Creating prefix chain script '/home/sunrise/ros2_ws/install/setup.zsh'
