[0.068s] Invoking command in '/home/sunrise/ros2_ws/build/dwb_msgs': CMAKE_PREFIX_PATH=/home/sunrise/ros2_ws/install/nav_2d_msgs:/home/sunrise/ros2_ws/install/ydlidar:/home/sunrise/ros2_ws/install/dwb_msgs:/home/sunrise/ros2_ws/install/nav2_voxel_grid:/home/sunrise/ros2_ws/install/nav2_msgs:/home/sunrise/ros2_ws/install/nav2_common:/home/sunrise/ros2_ws/install/microxrcedds_agent:/home/sunrise/ros2_ws/install/micro_ros_agent:/home/sunrise/ros2_ws/install/micro_ros_msgs:/home/sunrise/ros2_ws/install/fishbot_bringup:/home/sunrise/ros2_ws/install/nav2_simple_commander:/home/sunrise/ros2_ws/install/fishbot_description:/opt/ros/humble LD_LIBRARY_PATH=/home/sunrise/ros2_ws/install/nav_2d_msgs/lib:/home/sunrise/ros2_ws/install/dwb_msgs/lib:/home/sunrise/ros2_ws/install/nav2_voxel_grid/lib:/home/sunrise/ros2_ws/install/nav2_msgs/lib:/home/sunrise/ros2_ws/install/microxrcedds_agent/lib:/home/sunrise/ros2_ws/install/micro_ros_agent/lib:/home/sunrise/ros2_ws/install/micro_ros_msgs/lib:/usr/hobot/lib:/app/lib:/app/pub/lib:/middleware/lib:/middleware/pub/lib:/usr/hobot/lib/sensor:/system/lib:/system/usr/lib:/lib:/opt/ros/humble/opt/rviz_ogre_vendor/lib:/opt/ros/humble/lib/aarch64-linux-gnu:/opt/ros/humble/lib:/usr/hobot/lib:/app/lib:/app/pub/lib:/middleware/lib:/middleware/pub/lib:/usr/hobot/lib/sensor:/system/lib:/system/usr/lib:/lib /usr/bin/cmake --build /home/sunrise/ros2_ws/build/dwb_msgs -- -j8 -l8
[0.334s] [  3%] Built target dwb_msgs__cpp
[0.335s] [ 12%] Built target dwb_msgs__rosidl_generator_c
[0.368s] [ 12%] Built target ament_cmake_python_copy_dwb_msgs
[0.483s] [ 24%] Built target dwb_msgs__rosidl_typesupport_cpp
[0.553s] [ 40%] Built target dwb_msgs__rosidl_typesupport_introspection_c
[0.554s] [ 47%] Built target dwb_msgs__rosidl_typesupport_c
[0.574s] [ 58%] Built target dwb_msgs__rosidl_typesupport_introspection_cpp
[0.583s] [ 70%] Built target dwb_msgs__rosidl_typesupport_fastrtps_cpp
[0.627s] [ 82%] Built target dwb_msgs__rosidl_typesupport_fastrtps_c
[0.753s] [ 82%] Built target dwb_msgs
[0.857s] [ 83%] Built target dwb_msgs__py
[0.981s] [ 93%] Built target dwb_msgs__rosidl_generator_py
[1.087s] [ 97%] Built target dwb_msgs__rosidl_typesupport_fastrtps_c__pyext
[1.088s] [ 97%] Built target dwb_msgs__rosidl_typesupport_introspection_c__pyext
[1.089s] [100%] Built target dwb_msgs__rosidl_typesupport_c__pyext
[2.207s] running egg_info
[2.212s] writing dwb_msgs.egg-info/PKG-INFO
[2.213s] writing dependency_links to dwb_msgs.egg-info/dependency_links.txt
[2.214s] writing top-level names to dwb_msgs.egg-info/top_level.txt
[2.228s] reading manifest file 'dwb_msgs.egg-info/SOURCES.txt'
[2.232s] writing manifest file 'dwb_msgs.egg-info/SOURCES.txt'
[2.444s] [100%] Built target ament_cmake_python_build_dwb_msgs_egg
[2.499s] Invoked command in '/home/sunrise/ros2_ws/build/dwb_msgs' returned '0': CMAKE_PREFIX_PATH=/home/sunrise/ros2_ws/install/nav_2d_msgs:/home/sunrise/ros2_ws/install/ydlidar:/home/sunrise/ros2_ws/install/dwb_msgs:/home/sunrise/ros2_ws/install/nav2_voxel_grid:/home/sunrise/ros2_ws/install/nav2_msgs:/home/sunrise/ros2_ws/install/nav2_common:/home/sunrise/ros2_ws/install/microxrcedds_agent:/home/sunrise/ros2_ws/install/micro_ros_agent:/home/sunrise/ros2_ws/install/micro_ros_msgs:/home/sunrise/ros2_ws/install/fishbot_bringup:/home/sunrise/ros2_ws/install/nav2_simple_commander:/home/sunrise/ros2_ws/install/fishbot_description:/opt/ros/humble LD_LIBRARY_PATH=/home/sunrise/ros2_ws/install/nav_2d_msgs/lib:/home/sunrise/ros2_ws/install/dwb_msgs/lib:/home/sunrise/ros2_ws/install/nav2_voxel_grid/lib:/home/sunrise/ros2_ws/install/nav2_msgs/lib:/home/sunrise/ros2_ws/install/microxrcedds_agent/lib:/home/sunrise/ros2_ws/install/micro_ros_agent/lib:/home/sunrise/ros2_ws/install/micro_ros_msgs/lib:/usr/hobot/lib:/app/lib:/app/pub/lib:/middleware/lib:/middleware/pub/lib:/usr/hobot/lib/sensor:/system/lib:/system/usr/lib:/lib:/opt/ros/humble/opt/rviz_ogre_vendor/lib:/opt/ros/humble/lib/aarch64-linux-gnu:/opt/ros/humble/lib:/usr/hobot/lib:/app/lib:/app/pub/lib:/middleware/lib:/middleware/pub/lib:/usr/hobot/lib/sensor:/system/lib:/system/usr/lib:/lib /usr/bin/cmake --build /home/sunrise/ros2_ws/build/dwb_msgs -- -j8 -l8
[2.506s] Invoking command in '/home/sunrise/ros2_ws/build/dwb_msgs': CMAKE_PREFIX_PATH=/home/sunrise/ros2_ws/install/nav_2d_msgs:/home/sunrise/ros2_ws/install/ydlidar:/home/sunrise/ros2_ws/install/dwb_msgs:/home/sunrise/ros2_ws/install/nav2_voxel_grid:/home/sunrise/ros2_ws/install/nav2_msgs:/home/sunrise/ros2_ws/install/nav2_common:/home/sunrise/ros2_ws/install/microxrcedds_agent:/home/sunrise/ros2_ws/install/micro_ros_agent:/home/sunrise/ros2_ws/install/micro_ros_msgs:/home/sunrise/ros2_ws/install/fishbot_bringup:/home/sunrise/ros2_ws/install/nav2_simple_commander:/home/sunrise/ros2_ws/install/fishbot_description:/opt/ros/humble LD_LIBRARY_PATH=/home/sunrise/ros2_ws/install/nav_2d_msgs/lib:/home/sunrise/ros2_ws/install/dwb_msgs/lib:/home/sunrise/ros2_ws/install/nav2_voxel_grid/lib:/home/sunrise/ros2_ws/install/nav2_msgs/lib:/home/sunrise/ros2_ws/install/microxrcedds_agent/lib:/home/sunrise/ros2_ws/install/micro_ros_agent/lib:/home/sunrise/ros2_ws/install/micro_ros_msgs/lib:/usr/hobot/lib:/app/lib:/app/pub/lib:/middleware/lib:/middleware/pub/lib:/usr/hobot/lib/sensor:/system/lib:/system/usr/lib:/lib:/opt/ros/humble/opt/rviz_ogre_vendor/lib:/opt/ros/humble/lib/aarch64-linux-gnu:/opt/ros/humble/lib:/usr/hobot/lib:/app/lib:/app/pub/lib:/middleware/lib:/middleware/pub/lib:/usr/hobot/lib/sensor:/system/lib:/system/usr/lib:/lib /usr/bin/cmake --install /home/sunrise/ros2_ws/build/dwb_msgs
[2.543s] -- Install configuration: ""
[2.544s] -- Up-to-date: /home/sunrise/ros2_ws/install/dwb_msgs/share/ament_index/resource_index/rosidl_interfaces/dwb_msgs
[2.545s] -- Up-to-date: /home/sunrise/ros2_ws/install/dwb_msgs/include/dwb_msgs/dwb_msgs
[2.546s] -- Up-to-date: /home/sunrise/ros2_ws/install/dwb_msgs/include/dwb_msgs/dwb_msgs/srv
[2.547s] -- Up-to-date: /home/sunrise/ros2_ws/install/dwb_msgs/include/dwb_msgs/dwb_msgs/srv/debug_local_plan.h
[2.548s] -- Up-to-date: /home/sunrise/ros2_ws/install/dwb_msgs/include/dwb_msgs/dwb_msgs/srv/get_critic_score.h
[2.548s] -- Up-to-date: /home/sunrise/ros2_ws/install/dwb_msgs/include/dwb_msgs/dwb_msgs/srv/detail
[2.549s] -- Up-to-date: /home/sunrise/ros2_ws/install/dwb_msgs/include/dwb_msgs/dwb_msgs/srv/detail/debug_local_plan__struct.h
[2.550s] -- Up-to-date: /home/sunrise/ros2_ws/install/dwb_msgs/include/dwb_msgs/dwb_msgs/srv/detail/generate_trajectory__struct.h
[2.550s] -- Up-to-date: /home/sunrise/ros2_ws/install/dwb_msgs/include/dwb_msgs/dwb_msgs/srv/detail/generate_twists__functions.h
[2.551s] -- Up-to-date: /home/sunrise/ros2_ws/install/dwb_msgs/include/dwb_msgs/dwb_msgs/srv/detail/score_trajectory__functions.h
[2.552s] -- Up-to-date: /home/sunrise/ros2_ws/install/dwb_msgs/include/dwb_msgs/dwb_msgs/srv/detail/get_critic_score__type_support.h
[2.552s] -- Up-to-date: /home/sunrise/ros2_ws/install/dwb_msgs/include/dwb_msgs/dwb_msgs/srv/detail/generate_twists__functions.c
[2.553s] -- Up-to-date: /home/sunrise/ros2_ws/install/dwb_msgs/include/dwb_msgs/dwb_msgs/srv/detail/get_critic_score__functions.h
[2.553s] -- Up-to-date: /home/sunrise/ros2_ws/install/dwb_msgs/include/dwb_msgs/dwb_msgs/srv/detail/debug_local_plan__type_support.h
[2.555s] -- Up-to-date: /home/sunrise/ros2_ws/install/dwb_msgs/include/dwb_msgs/dwb_msgs/srv/detail/generate_trajectory__functions.h
[2.556s] -- Up-to-date: /home/sunrise/ros2_ws/install/dwb_msgs/include/dwb_msgs/dwb_msgs/srv/detail/generate_twists__struct.h
[2.557s] -- Up-to-date: /home/sunrise/ros2_ws/install/dwb_msgs/include/dwb_msgs/dwb_msgs/srv/detail/generate_twists__type_support.h
[2.558s] -- Up-to-date: /home/sunrise/ros2_ws/install/dwb_msgs/include/dwb_msgs/dwb_msgs/srv/detail/generate_trajectory__functions.c
[2.558s] -- Up-to-date: /home/sunrise/ros2_ws/install/dwb_msgs/include/dwb_msgs/dwb_msgs/srv/detail/get_critic_score__struct.h
[2.559s] -- Up-to-date: /home/sunrise/ros2_ws/install/dwb_msgs/include/dwb_msgs/dwb_msgs/srv/detail/debug_local_plan__functions.h
[2.560s] -- Up-to-date: /home/sunrise/ros2_ws/install/dwb_msgs/include/dwb_msgs/dwb_msgs/srv/detail/get_critic_score__functions.c
[2.561s] -- Up-to-date: /home/sunrise/ros2_ws/install/dwb_msgs/include/dwb_msgs/dwb_msgs/srv/detail/score_trajectory__type_support.h
[2.562s] -- Up-to-date: /home/sunrise/ros2_ws/install/dwb_msgs/include/dwb_msgs/dwb_msgs/srv/detail/generate_trajectory__type_support.h
[2.562s] -- Up-to-date: /home/sunrise/ros2_ws/install/dwb_msgs/include/dwb_msgs/dwb_msgs/srv/detail/score_trajectory__functions.c
[2.563s] -- Up-to-date: /home/sunrise/ros2_ws/install/dwb_msgs/include/dwb_msgs/dwb_msgs/srv/detail/score_trajectory__struct.h
[2.564s] -- Up-to-date: /home/sunrise/ros2_ws/install/dwb_msgs/include/dwb_msgs/dwb_msgs/srv/detail/debug_local_plan__functions.c
[2.565s] -- Up-to-date: /home/sunrise/ros2_ws/install/dwb_msgs/include/dwb_msgs/dwb_msgs/srv/generate_twists.h
[2.565s] -- Up-to-date: /home/sunrise/ros2_ws/install/dwb_msgs/include/dwb_msgs/dwb_msgs/srv/score_trajectory.h
[2.566s] -- Up-to-date: /home/sunrise/ros2_ws/install/dwb_msgs/include/dwb_msgs/dwb_msgs/srv/generate_trajectory.h
[2.566s] -- Up-to-date: /home/sunrise/ros2_ws/install/dwb_msgs/include/dwb_msgs/dwb_msgs/msg
[2.567s] -- Up-to-date: /home/sunrise/ros2_ws/install/dwb_msgs/include/dwb_msgs/dwb_msgs/msg/detail
[2.567s] -- Up-to-date: /home/sunrise/ros2_ws/install/dwb_msgs/include/dwb_msgs/dwb_msgs/msg/detail/trajectory2_d__functions.h
[2.568s] -- Up-to-date: /home/sunrise/ros2_ws/install/dwb_msgs/include/dwb_msgs/dwb_msgs/msg/detail/critic_score__struct.h
[2.569s] -- Up-to-date: /home/sunrise/ros2_ws/install/dwb_msgs/include/dwb_msgs/dwb_msgs/msg/detail/trajectory2_d__struct.h
[2.570s] -- Up-to-date: /home/sunrise/ros2_ws/install/dwb_msgs/include/dwb_msgs/dwb_msgs/msg/detail/local_plan_evaluation__functions.c
[2.570s] -- Up-to-date: /home/sunrise/ros2_ws/install/dwb_msgs/include/dwb_msgs/dwb_msgs/msg/detail/critic_score__type_support.h
[2.571s] -- Up-to-date: /home/sunrise/ros2_ws/install/dwb_msgs/include/dwb_msgs/dwb_msgs/msg/detail/critic_score__functions.h
[2.571s] -- Up-to-date: /home/sunrise/ros2_ws/install/dwb_msgs/include/dwb_msgs/dwb_msgs/msg/detail/critic_score__functions.c
[2.572s] -- Up-to-date: /home/sunrise/ros2_ws/install/dwb_msgs/include/dwb_msgs/dwb_msgs/msg/detail/trajectory_score__struct.h
[2.572s] -- Up-to-date: /home/sunrise/ros2_ws/install/dwb_msgs/include/dwb_msgs/dwb_msgs/msg/detail/trajectory_score__functions.c
[2.573s] -- Up-to-date: /home/sunrise/ros2_ws/install/dwb_msgs/include/dwb_msgs/dwb_msgs/msg/detail/trajectory2_d__functions.c
[2.573s] -- Up-to-date: /home/sunrise/ros2_ws/install/dwb_msgs/include/dwb_msgs/dwb_msgs/msg/detail/local_plan_evaluation__functions.h
[2.574s] -- Up-to-date: /home/sunrise/ros2_ws/install/dwb_msgs/include/dwb_msgs/dwb_msgs/msg/detail/trajectory_score__functions.h
[2.574s] -- Up-to-date: /home/sunrise/ros2_ws/install/dwb_msgs/include/dwb_msgs/dwb_msgs/msg/detail/trajectory_score__type_support.h
[2.575s] -- Up-to-date: /home/sunrise/ros2_ws/install/dwb_msgs/include/dwb_msgs/dwb_msgs/msg/detail/local_plan_evaluation__type_support.h
[2.575s] -- Up-to-date: /home/sunrise/ros2_ws/install/dwb_msgs/include/dwb_msgs/dwb_msgs/msg/detail/local_plan_evaluation__struct.h
[2.576s] -- Up-to-date: /home/sunrise/ros2_ws/install/dwb_msgs/include/dwb_msgs/dwb_msgs/msg/detail/trajectory2_d__type_support.h
[2.577s] -- Up-to-date: /home/sunrise/ros2_ws/install/dwb_msgs/include/dwb_msgs/dwb_msgs/msg/trajectory2_d.h
[2.578s] -- Up-to-date: /home/sunrise/ros2_ws/install/dwb_msgs/include/dwb_msgs/dwb_msgs/msg/trajectory_score.h
[2.578s] -- Up-to-date: /home/sunrise/ros2_ws/install/dwb_msgs/include/dwb_msgs/dwb_msgs/msg/critic_score.h
[2.579s] -- Up-to-date: /home/sunrise/ros2_ws/install/dwb_msgs/include/dwb_msgs/dwb_msgs/msg/rosidl_generator_c__visibility_control.h
[2.580s] -- Up-to-date: /home/sunrise/ros2_ws/install/dwb_msgs/include/dwb_msgs/dwb_msgs/msg/local_plan_evaluation.h
[2.580s] -- Up-to-date: /home/sunrise/ros2_ws/install/dwb_msgs/share/dwb_msgs/environment/library_path.sh
[2.580s] -- Up-to-date: /home/sunrise/ros2_ws/install/dwb_msgs/share/dwb_msgs/environment/library_path.dsv
[2.581s] -- Up-to-date: /home/sunrise/ros2_ws/install/dwb_msgs/lib/libdwb_msgs__rosidl_generator_c.so
[2.581s] -- Up-to-date: /home/sunrise/ros2_ws/install/dwb_msgs/include/dwb_msgs/dwb_msgs
[2.582s] -- Up-to-date: /home/sunrise/ros2_ws/install/dwb_msgs/include/dwb_msgs/dwb_msgs/srv
[2.582s] -- Up-to-date: /home/sunrise/ros2_ws/install/dwb_msgs/include/dwb_msgs/dwb_msgs/srv/detail
[2.583s] -- Up-to-date: /home/sunrise/ros2_ws/install/dwb_msgs/include/dwb_msgs/dwb_msgs/srv/detail/generate_twists__rosidl_typesupport_fastrtps_c.h
[2.583s] -- Up-to-date: /home/sunrise/ros2_ws/install/dwb_msgs/include/dwb_msgs/dwb_msgs/srv/detail/debug_local_plan__rosidl_typesupport_fastrtps_c.h
[2.583s] -- Up-to-date: /home/sunrise/ros2_ws/install/dwb_msgs/include/dwb_msgs/dwb_msgs/srv/detail/get_critic_score__rosidl_typesupport_fastrtps_c.h
[2.584s] -- Up-to-date: /home/sunrise/ros2_ws/install/dwb_msgs/include/dwb_msgs/dwb_msgs/srv/detail/generate_trajectory__rosidl_typesupport_fastrtps_c.h
[2.584s] -- Up-to-date: /home/sunrise/ros2_ws/install/dwb_msgs/include/dwb_msgs/dwb_msgs/srv/detail/score_trajectory__rosidl_typesupport_fastrtps_c.h
[2.585s] -- Up-to-date: /home/sunrise/ros2_ws/install/dwb_msgs/include/dwb_msgs/dwb_msgs/msg
[2.585s] -- Up-to-date: /home/sunrise/ros2_ws/install/dwb_msgs/include/dwb_msgs/dwb_msgs/msg/detail
[2.586s] -- Up-to-date: /home/sunrise/ros2_ws/install/dwb_msgs/include/dwb_msgs/dwb_msgs/msg/detail/critic_score__rosidl_typesupport_fastrtps_c.h
[2.586s] -- Up-to-date: /home/sunrise/ros2_ws/install/dwb_msgs/include/dwb_msgs/dwb_msgs/msg/detail/trajectory_score__rosidl_typesupport_fastrtps_c.h
[2.587s] -- Up-to-date: /home/sunrise/ros2_ws/install/dwb_msgs/include/dwb_msgs/dwb_msgs/msg/detail/trajectory2_d__rosidl_typesupport_fastrtps_c.h
[2.587s] -- Up-to-date: /home/sunrise/ros2_ws/install/dwb_msgs/include/dwb_msgs/dwb_msgs/msg/detail/local_plan_evaluation__rosidl_typesupport_fastrtps_c.h
[2.588s] -- Up-to-date: /home/sunrise/ros2_ws/install/dwb_msgs/include/dwb_msgs/dwb_msgs/msg/rosidl_typesupport_fastrtps_c__visibility_control.h
[2.588s] -- Up-to-date: /home/sunrise/ros2_ws/install/dwb_msgs/lib/libdwb_msgs__rosidl_typesupport_fastrtps_c.so
[2.588s] -- Up-to-date: /home/sunrise/ros2_ws/install/dwb_msgs/include/dwb_msgs/dwb_msgs
[2.589s] -- Up-to-date: /home/sunrise/ros2_ws/install/dwb_msgs/include/dwb_msgs/dwb_msgs/srv
[2.589s] -- Up-to-date: /home/sunrise/ros2_ws/install/dwb_msgs/include/dwb_msgs/dwb_msgs/srv/detail
[2.590s] -- Up-to-date: /home/sunrise/ros2_ws/install/dwb_msgs/include/dwb_msgs/dwb_msgs/srv/detail/score_trajectory__builder.hpp
[2.590s] -- Up-to-date: /home/sunrise/ros2_ws/install/dwb_msgs/include/dwb_msgs/dwb_msgs/srv/detail/get_critic_score__type_support.hpp
[2.591s] -- Up-to-date: /home/sunrise/ros2_ws/install/dwb_msgs/include/dwb_msgs/dwb_msgs/srv/detail/debug_local_plan__traits.hpp
[2.591s] -- Up-to-date: /home/sunrise/ros2_ws/install/dwb_msgs/include/dwb_msgs/dwb_msgs/srv/detail/score_trajectory__traits.hpp
[2.591s] -- Up-to-date: /home/sunrise/ros2_ws/install/dwb_msgs/include/dwb_msgs/dwb_msgs/srv/detail/get_critic_score__builder.hpp
[2.592s] -- Up-to-date: /home/sunrise/ros2_ws/install/dwb_msgs/include/dwb_msgs/dwb_msgs/srv/detail/score_trajectory__type_support.hpp
[2.592s] -- Up-to-date: /home/sunrise/ros2_ws/install/dwb_msgs/include/dwb_msgs/dwb_msgs/srv/detail/score_trajectory__struct.hpp
[2.593s] -- Up-to-date: /home/sunrise/ros2_ws/install/dwb_msgs/include/dwb_msgs/dwb_msgs/srv/detail/generate_trajectory__traits.hpp
[2.593s] -- Up-to-date: /home/sunrise/ros2_ws/install/dwb_msgs/include/dwb_msgs/dwb_msgs/srv/detail/generate_trajectory__builder.hpp
[2.594s] -- Up-to-date: /home/sunrise/ros2_ws/install/dwb_msgs/include/dwb_msgs/dwb_msgs/srv/detail/generate_twists__struct.hpp
[2.594s] -- Up-to-date: /home/sunrise/ros2_ws/install/dwb_msgs/include/dwb_msgs/dwb_msgs/srv/detail/debug_local_plan__type_support.hpp
[2.594s] -- Up-to-date: /home/sunrise/ros2_ws/install/dwb_msgs/include/dwb_msgs/dwb_msgs/srv/detail/generate_twists__type_support.hpp
[2.595s] -- Up-to-date: /home/sunrise/ros2_ws/install/dwb_msgs/include/dwb_msgs/dwb_msgs/srv/detail/get_critic_score__traits.hpp
[2.595s] -- Up-to-date: /home/sunrise/ros2_ws/install/dwb_msgs/include/dwb_msgs/dwb_msgs/srv/detail/get_critic_score__struct.hpp
[2.596s] -- Up-to-date: /home/sunrise/ros2_ws/install/dwb_msgs/include/dwb_msgs/dwb_msgs/srv/detail/generate_twists__traits.hpp
[2.596s] -- Up-to-date: /home/sunrise/ros2_ws/install/dwb_msgs/include/dwb_msgs/dwb_msgs/srv/detail/generate_trajectory__type_support.hpp
[2.597s] -- Up-to-date: /home/sunrise/ros2_ws/install/dwb_msgs/include/dwb_msgs/dwb_msgs/srv/detail/generate_twists__builder.hpp
[2.597s] -- Up-to-date: /home/sunrise/ros2_ws/install/dwb_msgs/include/dwb_msgs/dwb_msgs/srv/detail/debug_local_plan__struct.hpp
[2.598s] -- Up-to-date: /home/sunrise/ros2_ws/install/dwb_msgs/include/dwb_msgs/dwb_msgs/srv/detail/generate_trajectory__struct.hpp
[2.598s] -- Up-to-date: /home/sunrise/ros2_ws/install/dwb_msgs/include/dwb_msgs/dwb_msgs/srv/detail/debug_local_plan__builder.hpp
[2.598s] -- Up-to-date: /home/sunrise/ros2_ws/install/dwb_msgs/include/dwb_msgs/dwb_msgs/srv/generate_twists.hpp
[2.599s] -- Up-to-date: /home/sunrise/ros2_ws/install/dwb_msgs/include/dwb_msgs/dwb_msgs/srv/generate_trajectory.hpp
[2.599s] -- Up-to-date: /home/sunrise/ros2_ws/install/dwb_msgs/include/dwb_msgs/dwb_msgs/srv/debug_local_plan.hpp
[2.600s] -- Up-to-date: /home/sunrise/ros2_ws/install/dwb_msgs/include/dwb_msgs/dwb_msgs/srv/get_critic_score.hpp
[2.600s] -- Up-to-date: /home/sunrise/ros2_ws/install/dwb_msgs/include/dwb_msgs/dwb_msgs/srv/score_trajectory.hpp
[2.601s] -- Up-to-date: /home/sunrise/ros2_ws/install/dwb_msgs/include/dwb_msgs/dwb_msgs/msg
[2.601s] -- Up-to-date: /home/sunrise/ros2_ws/install/dwb_msgs/include/dwb_msgs/dwb_msgs/msg/local_plan_evaluation.hpp
[2.601s] -- Up-to-date: /home/sunrise/ros2_ws/install/dwb_msgs/include/dwb_msgs/dwb_msgs/msg/detail
[2.602s] -- Up-to-date: /home/sunrise/ros2_ws/install/dwb_msgs/include/dwb_msgs/dwb_msgs/msg/detail/trajectory_score__struct.hpp
[2.602s] -- Up-to-date: /home/sunrise/ros2_ws/install/dwb_msgs/include/dwb_msgs/dwb_msgs/msg/detail/local_plan_evaluation__struct.hpp
[2.603s] -- Up-to-date: /home/sunrise/ros2_ws/install/dwb_msgs/include/dwb_msgs/dwb_msgs/msg/detail/trajectory2_d__builder.hpp
[2.603s] -- Up-to-date: /home/sunrise/ros2_ws/install/dwb_msgs/include/dwb_msgs/dwb_msgs/msg/detail/local_plan_evaluation__type_support.hpp
[2.604s] -- Up-to-date: /home/sunrise/ros2_ws/install/dwb_msgs/include/dwb_msgs/dwb_msgs/msg/detail/local_plan_evaluation__builder.hpp
[2.604s] -- Up-to-date: /home/sunrise/ros2_ws/install/dwb_msgs/include/dwb_msgs/dwb_msgs/msg/detail/trajectory2_d__struct.hpp
[2.604s] -- Up-to-date: /home/sunrise/ros2_ws/install/dwb_msgs/include/dwb_msgs/dwb_msgs/msg/detail/trajectory_score__traits.hpp
[2.605s] -- Up-to-date: /home/sunrise/ros2_ws/install/dwb_msgs/include/dwb_msgs/dwb_msgs/msg/detail/critic_score__struct.hpp
[2.605s] -- Up-to-date: /home/sunrise/ros2_ws/install/dwb_msgs/include/dwb_msgs/dwb_msgs/msg/detail/trajectory2_d__traits.hpp
[2.606s] -- Up-to-date: /home/sunrise/ros2_ws/install/dwb_msgs/include/dwb_msgs/dwb_msgs/msg/detail/local_plan_evaluation__traits.hpp
[2.606s] -- Up-to-date: /home/sunrise/ros2_ws/install/dwb_msgs/include/dwb_msgs/dwb_msgs/msg/detail/critic_score__builder.hpp
[2.607s] -- Up-to-date: /home/sunrise/ros2_ws/install/dwb_msgs/include/dwb_msgs/dwb_msgs/msg/detail/trajectory2_d__type_support.hpp
[2.607s] -- Up-to-date: /home/sunrise/ros2_ws/install/dwb_msgs/include/dwb_msgs/dwb_msgs/msg/detail/trajectory_score__builder.hpp
[2.607s] -- Up-to-date: /home/sunrise/ros2_ws/install/dwb_msgs/include/dwb_msgs/dwb_msgs/msg/detail/critic_score__type_support.hpp
[2.608s] -- Up-to-date: /home/sunrise/ros2_ws/install/dwb_msgs/include/dwb_msgs/dwb_msgs/msg/detail/trajectory_score__type_support.hpp
[2.608s] -- Up-to-date: /home/sunrise/ros2_ws/install/dwb_msgs/include/dwb_msgs/dwb_msgs/msg/detail/critic_score__traits.hpp
[2.609s] -- Up-to-date: /home/sunrise/ros2_ws/install/dwb_msgs/include/dwb_msgs/dwb_msgs/msg/trajectory_score.hpp
[2.609s] -- Up-to-date: /home/sunrise/ros2_ws/install/dwb_msgs/include/dwb_msgs/dwb_msgs/msg/rosidl_generator_cpp__visibility_control.hpp
[2.610s] -- Up-to-date: /home/sunrise/ros2_ws/install/dwb_msgs/include/dwb_msgs/dwb_msgs/msg/trajectory2_d.hpp
[2.610s] -- Up-to-date: /home/sunrise/ros2_ws/install/dwb_msgs/include/dwb_msgs/dwb_msgs/msg/critic_score.hpp
[2.611s] -- Up-to-date: /home/sunrise/ros2_ws/install/dwb_msgs/include/dwb_msgs/dwb_msgs
[2.611s] -- Up-to-date: /home/sunrise/ros2_ws/install/dwb_msgs/include/dwb_msgs/dwb_msgs/srv
[2.611s] -- Up-to-date: /home/sunrise/ros2_ws/install/dwb_msgs/include/dwb_msgs/dwb_msgs/srv/detail
[2.612s] -- Up-to-date: /home/sunrise/ros2_ws/install/dwb_msgs/include/dwb_msgs/dwb_msgs/srv/detail/generate_twists__rosidl_typesupport_fastrtps_cpp.hpp
[2.612s] -- Up-to-date: /home/sunrise/ros2_ws/install/dwb_msgs/include/dwb_msgs/dwb_msgs/srv/detail/score_trajectory__rosidl_typesupport_fastrtps_cpp.hpp
[2.613s] -- Up-to-date: /home/sunrise/ros2_ws/install/dwb_msgs/include/dwb_msgs/dwb_msgs/srv/detail/generate_trajectory__rosidl_typesupport_fastrtps_cpp.hpp
[2.613s] -- Up-to-date: /home/sunrise/ros2_ws/install/dwb_msgs/include/dwb_msgs/dwb_msgs/srv/detail/get_critic_score__rosidl_typesupport_fastrtps_cpp.hpp
[2.614s] -- Up-to-date: /home/sunrise/ros2_ws/install/dwb_msgs/include/dwb_msgs/dwb_msgs/srv/detail/dds_fastrtps
[2.614s] -- Up-to-date: /home/sunrise/ros2_ws/install/dwb_msgs/include/dwb_msgs/dwb_msgs/srv/detail/debug_local_plan__rosidl_typesupport_fastrtps_cpp.hpp
[2.615s] -- Up-to-date: /home/sunrise/ros2_ws/install/dwb_msgs/include/dwb_msgs/dwb_msgs/msg
[2.615s] -- Up-to-date: /home/sunrise/ros2_ws/install/dwb_msgs/include/dwb_msgs/dwb_msgs/msg/rosidl_typesupport_fastrtps_cpp__visibility_control.h
[2.615s] -- Up-to-date: /home/sunrise/ros2_ws/install/dwb_msgs/include/dwb_msgs/dwb_msgs/msg/detail
[2.616s] -- Up-to-date: /home/sunrise/ros2_ws/install/dwb_msgs/include/dwb_msgs/dwb_msgs/msg/detail/local_plan_evaluation__rosidl_typesupport_fastrtps_cpp.hpp
[2.616s] -- Up-to-date: /home/sunrise/ros2_ws/install/dwb_msgs/include/dwb_msgs/dwb_msgs/msg/detail/critic_score__rosidl_typesupport_fastrtps_cpp.hpp
[2.617s] -- Up-to-date: /home/sunrise/ros2_ws/install/dwb_msgs/include/dwb_msgs/dwb_msgs/msg/detail/dds_fastrtps
[2.617s] -- Up-to-date: /home/sunrise/ros2_ws/install/dwb_msgs/include/dwb_msgs/dwb_msgs/msg/detail/trajectory_score__rosidl_typesupport_fastrtps_cpp.hpp
[2.618s] -- Up-to-date: /home/sunrise/ros2_ws/install/dwb_msgs/include/dwb_msgs/dwb_msgs/msg/detail/trajectory2_d__rosidl_typesupport_fastrtps_cpp.hpp
[2.618s] -- Up-to-date: /home/sunrise/ros2_ws/install/dwb_msgs/lib/libdwb_msgs__rosidl_typesupport_fastrtps_cpp.so
[2.618s] -- Up-to-date: /home/sunrise/ros2_ws/install/dwb_msgs/include/dwb_msgs/dwb_msgs
[2.619s] -- Up-to-date: /home/sunrise/ros2_ws/install/dwb_msgs/include/dwb_msgs/dwb_msgs/srv
[2.619s] -- Up-to-date: /home/sunrise/ros2_ws/install/dwb_msgs/include/dwb_msgs/dwb_msgs/srv/detail
[2.620s] -- Up-to-date: /home/sunrise/ros2_ws/install/dwb_msgs/include/dwb_msgs/dwb_msgs/srv/detail/get_critic_score__rosidl_typesupport_introspection_c.h
[2.620s] -- Up-to-date: /home/sunrise/ros2_ws/install/dwb_msgs/include/dwb_msgs/dwb_msgs/srv/detail/generate_twists__type_support.c
[2.621s] -- Up-to-date: /home/sunrise/ros2_ws/install/dwb_msgs/include/dwb_msgs/dwb_msgs/srv/detail/score_trajectory__rosidl_typesupport_introspection_c.h
[2.621s] -- Up-to-date: /home/sunrise/ros2_ws/install/dwb_msgs/include/dwb_msgs/dwb_msgs/srv/detail/generate_trajectory__type_support.c
[2.622s] -- Up-to-date: /home/sunrise/ros2_ws/install/dwb_msgs/include/dwb_msgs/dwb_msgs/srv/detail/debug_local_plan__rosidl_typesupport_introspection_c.h
[2.622s] -- Up-to-date: /home/sunrise/ros2_ws/install/dwb_msgs/include/dwb_msgs/dwb_msgs/srv/detail/get_critic_score__type_support.c
[2.622s] -- Up-to-date: /home/sunrise/ros2_ws/install/dwb_msgs/include/dwb_msgs/dwb_msgs/srv/detail/generate_twists__rosidl_typesupport_introspection_c.h
[2.623s] -- Up-to-date: /home/sunrise/ros2_ws/install/dwb_msgs/include/dwb_msgs/dwb_msgs/srv/detail/score_trajectory__type_support.c
[2.623s] -- Up-to-date: /home/sunrise/ros2_ws/install/dwb_msgs/include/dwb_msgs/dwb_msgs/srv/detail/generate_trajectory__rosidl_typesupport_introspection_c.h
[2.624s] -- Up-to-date: /home/sunrise/ros2_ws/install/dwb_msgs/include/dwb_msgs/dwb_msgs/srv/detail/debug_local_plan__type_support.c
[2.624s] -- Up-to-date: /home/sunrise/ros2_ws/install/dwb_msgs/include/dwb_msgs/dwb_msgs/msg
[2.625s] -- Up-to-date: /home/sunrise/ros2_ws/install/dwb_msgs/include/dwb_msgs/dwb_msgs/msg/detail
[2.625s] -- Up-to-date: /home/sunrise/ros2_ws/install/dwb_msgs/include/dwb_msgs/dwb_msgs/msg/detail/local_plan_evaluation__rosidl_typesupport_introspection_c.h
[2.625s] -- Up-to-date: /home/sunrise/ros2_ws/install/dwb_msgs/include/dwb_msgs/dwb_msgs/msg/detail/critic_score__rosidl_typesupport_introspection_c.h
[2.626s] -- Up-to-date: /home/sunrise/ros2_ws/install/dwb_msgs/include/dwb_msgs/dwb_msgs/msg/detail/trajectory_score__rosidl_typesupport_introspection_c.h
[2.626s] -- Up-to-date: /home/sunrise/ros2_ws/install/dwb_msgs/include/dwb_msgs/dwb_msgs/msg/detail/local_plan_evaluation__type_support.c
[2.627s] -- Up-to-date: /home/sunrise/ros2_ws/install/dwb_msgs/include/dwb_msgs/dwb_msgs/msg/detail/trajectory_score__type_support.c
[2.627s] -- Up-to-date: /home/sunrise/ros2_ws/install/dwb_msgs/include/dwb_msgs/dwb_msgs/msg/detail/critic_score__type_support.c
[2.628s] -- Up-to-date: /home/sunrise/ros2_ws/install/dwb_msgs/include/dwb_msgs/dwb_msgs/msg/detail/trajectory2_d__type_support.c
[2.628s] -- Up-to-date: /home/sunrise/ros2_ws/install/dwb_msgs/include/dwb_msgs/dwb_msgs/msg/detail/trajectory2_d__rosidl_typesupport_introspection_c.h
[2.629s] -- Up-to-date: /home/sunrise/ros2_ws/install/dwb_msgs/include/dwb_msgs/dwb_msgs/msg/rosidl_typesupport_introspection_c__visibility_control.h
[2.629s] -- Up-to-date: /home/sunrise/ros2_ws/install/dwb_msgs/lib/libdwb_msgs__rosidl_typesupport_introspection_c.so
[2.630s] -- Up-to-date: /home/sunrise/ros2_ws/install/dwb_msgs/lib/libdwb_msgs__rosidl_typesupport_c.so
[2.630s] -- Up-to-date: /home/sunrise/ros2_ws/install/dwb_msgs/include/dwb_msgs/dwb_msgs
[2.630s] -- Up-to-date: /home/sunrise/ros2_ws/install/dwb_msgs/include/dwb_msgs/dwb_msgs/srv
[2.631s] -- Up-to-date: /home/sunrise/ros2_ws/install/dwb_msgs/include/dwb_msgs/dwb_msgs/srv/detail
[2.631s] -- Up-to-date: /home/sunrise/ros2_ws/install/dwb_msgs/include/dwb_msgs/dwb_msgs/srv/detail/debug_local_plan__type_support.cpp
[2.632s] -- Up-to-date: /home/sunrise/ros2_ws/install/dwb_msgs/include/dwb_msgs/dwb_msgs/srv/detail/generate_trajectory__type_support.cpp
[2.632s] -- Up-to-date: /home/sunrise/ros2_ws/install/dwb_msgs/include/dwb_msgs/dwb_msgs/srv/detail/score_trajectory__rosidl_typesupport_introspection_cpp.hpp
[2.633s] -- Up-to-date: /home/sunrise/ros2_ws/install/dwb_msgs/include/dwb_msgs/dwb_msgs/srv/detail/get_critic_score__rosidl_typesupport_introspection_cpp.hpp
[2.633s] -- Up-to-date: /home/sunrise/ros2_ws/install/dwb_msgs/include/dwb_msgs/dwb_msgs/srv/detail/generate_twists__type_support.cpp
[2.633s] -- Up-to-date: /home/sunrise/ros2_ws/install/dwb_msgs/include/dwb_msgs/dwb_msgs/srv/detail/generate_twists__rosidl_typesupport_introspection_cpp.hpp
[2.634s] -- Up-to-date: /home/sunrise/ros2_ws/install/dwb_msgs/include/dwb_msgs/dwb_msgs/srv/detail/score_trajectory__type_support.cpp
[2.634s] -- Up-to-date: /home/sunrise/ros2_ws/install/dwb_msgs/include/dwb_msgs/dwb_msgs/srv/detail/generate_trajectory__rosidl_typesupport_introspection_cpp.hpp
[2.635s] -- Up-to-date: /home/sunrise/ros2_ws/install/dwb_msgs/include/dwb_msgs/dwb_msgs/srv/detail/get_critic_score__type_support.cpp
[2.635s] -- Up-to-date: /home/sunrise/ros2_ws/install/dwb_msgs/include/dwb_msgs/dwb_msgs/srv/detail/debug_local_plan__rosidl_typesupport_introspection_cpp.hpp
[2.636s] -- Up-to-date: /home/sunrise/ros2_ws/install/dwb_msgs/include/dwb_msgs/dwb_msgs/msg
[2.636s] -- Up-to-date: /home/sunrise/ros2_ws/install/dwb_msgs/include/dwb_msgs/dwb_msgs/msg/detail
[2.636s] -- Up-to-date: /home/sunrise/ros2_ws/install/dwb_msgs/include/dwb_msgs/dwb_msgs/msg/detail/trajectory2_d__rosidl_typesupport_introspection_cpp.hpp
[2.637s] -- Up-to-date: /home/sunrise/ros2_ws/install/dwb_msgs/include/dwb_msgs/dwb_msgs/msg/detail/trajectory_score__type_support.cpp
[2.637s] -- Up-to-date: /home/sunrise/ros2_ws/install/dwb_msgs/include/dwb_msgs/dwb_msgs/msg/detail/local_plan_evaluation__type_support.cpp
[2.638s] -- Up-to-date: /home/sunrise/ros2_ws/install/dwb_msgs/include/dwb_msgs/dwb_msgs/msg/detail/trajectory_score__rosidl_typesupport_introspection_cpp.hpp
[2.638s] -- Up-to-date: /home/sunrise/ros2_ws/install/dwb_msgs/include/dwb_msgs/dwb_msgs/msg/detail/critic_score__type_support.cpp
[2.639s] -- Up-to-date: /home/sunrise/ros2_ws/install/dwb_msgs/include/dwb_msgs/dwb_msgs/msg/detail/trajectory2_d__type_support.cpp
[2.639s] -- Up-to-date: /home/sunrise/ros2_ws/install/dwb_msgs/include/dwb_msgs/dwb_msgs/msg/detail/critic_score__rosidl_typesupport_introspection_cpp.hpp
[2.640s] -- Up-to-date: /home/sunrise/ros2_ws/install/dwb_msgs/include/dwb_msgs/dwb_msgs/msg/detail/local_plan_evaluation__rosidl_typesupport_introspection_cpp.hpp
[2.640s] -- Up-to-date: /home/sunrise/ros2_ws/install/dwb_msgs/lib/libdwb_msgs__rosidl_typesupport_introspection_cpp.so
[2.640s] -- Up-to-date: /home/sunrise/ros2_ws/install/dwb_msgs/lib/libdwb_msgs__rosidl_typesupport_cpp.so
[2.641s] -- Up-to-date: /home/sunrise/ros2_ws/install/dwb_msgs/share/dwb_msgs/environment/pythonpath.sh
[2.641s] -- Up-to-date: /home/sunrise/ros2_ws/install/dwb_msgs/share/dwb_msgs/environment/pythonpath.dsv
[2.642s] -- Up-to-date: /home/sunrise/ros2_ws/install/dwb_msgs/local/lib/python3.10/dist-packages/dwb_msgs-1.1.0-py3.10.egg-info
[2.642s] -- Installing: /home/sunrise/ros2_ws/install/dwb_msgs/local/lib/python3.10/dist-packages/dwb_msgs-1.1.0-py3.10.egg-info/PKG-INFO
[2.643s] -- Installing: /home/sunrise/ros2_ws/install/dwb_msgs/local/lib/python3.10/dist-packages/dwb_msgs-1.1.0-py3.10.egg-info/SOURCES.txt
[2.643s] -- Installing: /home/sunrise/ros2_ws/install/dwb_msgs/local/lib/python3.10/dist-packages/dwb_msgs-1.1.0-py3.10.egg-info/top_level.txt
[2.644s] -- Installing: /home/sunrise/ros2_ws/install/dwb_msgs/local/lib/python3.10/dist-packages/dwb_msgs-1.1.0-py3.10.egg-info/dependency_links.txt
[2.644s] -- Up-to-date: /home/sunrise/ros2_ws/install/dwb_msgs/local/lib/python3.10/dist-packages/dwb_msgs
[2.645s] -- Up-to-date: /home/sunrise/ros2_ws/install/dwb_msgs/local/lib/python3.10/dist-packages/dwb_msgs/_dwb_msgs_s.ep.rosidl_typesupport_c.c
[2.645s] -- Up-to-date: /home/sunrise/ros2_ws/install/dwb_msgs/local/lib/python3.10/dist-packages/dwb_msgs/libdwb_msgs__rosidl_generator_py.so
[2.645s] -- Up-to-date: /home/sunrise/ros2_ws/install/dwb_msgs/local/lib/python3.10/dist-packages/dwb_msgs/dwb_msgs_s__rosidl_typesupport_introspection_c.cpython-310-aarch64-linux-gnu.so
[2.646s] -- Up-to-date: /home/sunrise/ros2_ws/install/dwb_msgs/local/lib/python3.10/dist-packages/dwb_msgs/srv
[2.646s] -- Up-to-date: /home/sunrise/ros2_ws/install/dwb_msgs/local/lib/python3.10/dist-packages/dwb_msgs/srv/_get_critic_score_s.c
[2.647s] -- Up-to-date: /home/sunrise/ros2_ws/install/dwb_msgs/local/lib/python3.10/dist-packages/dwb_msgs/srv/_generate_twists.py
[2.647s] -- Up-to-date: /home/sunrise/ros2_ws/install/dwb_msgs/local/lib/python3.10/dist-packages/dwb_msgs/srv/_debug_local_plan.py
[2.648s] -- Up-to-date: /home/sunrise/ros2_ws/install/dwb_msgs/local/lib/python3.10/dist-packages/dwb_msgs/srv/_debug_local_plan_s.c
[2.648s] -- Up-to-date: /home/sunrise/ros2_ws/install/dwb_msgs/local/lib/python3.10/dist-packages/dwb_msgs/srv/_score_trajectory.py
[2.648s] -- Up-to-date: /home/sunrise/ros2_ws/install/dwb_msgs/local/lib/python3.10/dist-packages/dwb_msgs/srv/_generate_trajectory_s.c
[2.649s] -- Up-to-date: /home/sunrise/ros2_ws/install/dwb_msgs/local/lib/python3.10/dist-packages/dwb_msgs/srv/__init__.py
[2.649s] -- Up-to-date: /home/sunrise/ros2_ws/install/dwb_msgs/local/lib/python3.10/dist-packages/dwb_msgs/srv/_score_trajectory_s.c
[2.650s] -- Up-to-date: /home/sunrise/ros2_ws/install/dwb_msgs/local/lib/python3.10/dist-packages/dwb_msgs/srv/_generate_twists_s.c
[2.650s] -- Up-to-date: /home/sunrise/ros2_ws/install/dwb_msgs/local/lib/python3.10/dist-packages/dwb_msgs/srv/_generate_trajectory.py
[2.651s] -- Up-to-date: /home/sunrise/ros2_ws/install/dwb_msgs/local/lib/python3.10/dist-packages/dwb_msgs/srv/_get_critic_score.py
[2.651s] -- Up-to-date: /home/sunrise/ros2_ws/install/dwb_msgs/local/lib/python3.10/dist-packages/dwb_msgs/dwb_msgs_s__rosidl_typesupport_c.cpython-310-aarch64-linux-gnu.so
[2.652s] -- Up-to-date: /home/sunrise/ros2_ws/install/dwb_msgs/local/lib/python3.10/dist-packages/dwb_msgs/dwb_msgs_s__rosidl_typesupport_fastrtps_c.cpython-310-aarch64-linux-gnu.so
[2.652s] -- Up-to-date: /home/sunrise/ros2_ws/install/dwb_msgs/local/lib/python3.10/dist-packages/dwb_msgs/__init__.py
[2.652s] -- Up-to-date: /home/sunrise/ros2_ws/install/dwb_msgs/local/lib/python3.10/dist-packages/dwb_msgs/_dwb_msgs_s.ep.rosidl_typesupport_fastrtps_c.c
[2.653s] -- Up-to-date: /home/sunrise/ros2_ws/install/dwb_msgs/local/lib/python3.10/dist-packages/dwb_msgs/_dwb_msgs_s.ep.rosidl_typesupport_introspection_c.c
[2.653s] -- Up-to-date: /home/sunrise/ros2_ws/install/dwb_msgs/local/lib/python3.10/dist-packages/dwb_msgs/msg
[2.654s] -- Up-to-date: /home/sunrise/ros2_ws/install/dwb_msgs/local/lib/python3.10/dist-packages/dwb_msgs/msg/_local_plan_evaluation_s.c
[2.655s] -- Up-to-date: /home/sunrise/ros2_ws/install/dwb_msgs/local/lib/python3.10/dist-packages/dwb_msgs/msg/_trajectory_score_s.c
[2.655s] -- Up-to-date: /home/sunrise/ros2_ws/install/dwb_msgs/local/lib/python3.10/dist-packages/dwb_msgs/msg/_trajectory2_d.py
[2.655s] -- Up-to-date: /home/sunrise/ros2_ws/install/dwb_msgs/local/lib/python3.10/dist-packages/dwb_msgs/msg/__init__.py
[2.656s] -- Up-to-date: /home/sunrise/ros2_ws/install/dwb_msgs/local/lib/python3.10/dist-packages/dwb_msgs/msg/_trajectory2_d_s.c
[2.656s] -- Up-to-date: /home/sunrise/ros2_ws/install/dwb_msgs/local/lib/python3.10/dist-packages/dwb_msgs/msg/_critic_score.py
[2.657s] -- Up-to-date: /home/sunrise/ros2_ws/install/dwb_msgs/local/lib/python3.10/dist-packages/dwb_msgs/msg/_critic_score_s.c
[2.657s] -- Up-to-date: /home/sunrise/ros2_ws/install/dwb_msgs/local/lib/python3.10/dist-packages/dwb_msgs/msg/_local_plan_evaluation.py
[2.658s] -- Up-to-date: /home/sunrise/ros2_ws/install/dwb_msgs/local/lib/python3.10/dist-packages/dwb_msgs/msg/_trajectory_score.py
[3.208s] Listing '/home/sunrise/ros2_ws/install/dwb_msgs/local/lib/python3.10/dist-packages/dwb_msgs'...
[3.209s] Listing '/home/sunrise/ros2_ws/install/dwb_msgs/local/lib/python3.10/dist-packages/dwb_msgs/msg'...
[3.211s] Listing '/home/sunrise/ros2_ws/install/dwb_msgs/local/lib/python3.10/dist-packages/dwb_msgs/srv'...
[3.212s] -- Up-to-date: /home/sunrise/ros2_ws/install/dwb_msgs/local/lib/python3.10/dist-packages/dwb_msgs/dwb_msgs_s__rosidl_typesupport_fastrtps_c.cpython-310-aarch64-linux-gnu.so
[3.213s] -- Up-to-date: /home/sunrise/ros2_ws/install/dwb_msgs/local/lib/python3.10/dist-packages/dwb_msgs/dwb_msgs_s__rosidl_typesupport_introspection_c.cpython-310-aarch64-linux-gnu.so
[3.215s] -- Up-to-date: /home/sunrise/ros2_ws/install/dwb_msgs/local/lib/python3.10/dist-packages/dwb_msgs/dwb_msgs_s__rosidl_typesupport_c.cpython-310-aarch64-linux-gnu.so
[3.216s] -- Up-to-date: /home/sunrise/ros2_ws/install/dwb_msgs/lib/libdwb_msgs__rosidl_generator_py.so
[3.216s] -- Up-to-date: /home/sunrise/ros2_ws/install/dwb_msgs/share/dwb_msgs/msg/CriticScore.idl
[3.218s] -- Up-to-date: /home/sunrise/ros2_ws/install/dwb_msgs/share/dwb_msgs/msg/LocalPlanEvaluation.idl
[3.219s] -- Up-to-date: /home/sunrise/ros2_ws/install/dwb_msgs/share/dwb_msgs/msg/Trajectory2D.idl
[3.220s] -- Up-to-date: /home/sunrise/ros2_ws/install/dwb_msgs/share/dwb_msgs/msg/TrajectoryScore.idl
[3.221s] -- Up-to-date: /home/sunrise/ros2_ws/install/dwb_msgs/share/dwb_msgs/srv/DebugLocalPlan.idl
[3.222s] -- Up-to-date: /home/sunrise/ros2_ws/install/dwb_msgs/share/dwb_msgs/srv/GenerateTrajectory.idl
[3.222s] -- Up-to-date: /home/sunrise/ros2_ws/install/dwb_msgs/share/dwb_msgs/srv/GenerateTwists.idl
[3.223s] -- Up-to-date: /home/sunrise/ros2_ws/install/dwb_msgs/share/dwb_msgs/srv/GetCriticScore.idl
[3.223s] -- Up-to-date: /home/sunrise/ros2_ws/install/dwb_msgs/share/dwb_msgs/srv/ScoreTrajectory.idl
[3.224s] -- Up-to-date: /home/sunrise/ros2_ws/install/dwb_msgs/share/dwb_msgs/msg/CriticScore.msg
[3.227s] -- Up-to-date: /home/sunrise/ros2_ws/install/dwb_msgs/share/dwb_msgs/msg/LocalPlanEvaluation.msg
[3.230s] -- Up-to-date: /home/sunrise/ros2_ws/install/dwb_msgs/share/dwb_msgs/msg/Trajectory2D.msg
[3.231s] -- Up-to-date: /home/sunrise/ros2_ws/install/dwb_msgs/share/dwb_msgs/msg/TrajectoryScore.msg
[3.232s] -- Up-to-date: /home/sunrise/ros2_ws/install/dwb_msgs/share/dwb_msgs/srv/DebugLocalPlan.srv
[3.233s] -- Up-to-date: /home/sunrise/ros2_ws/install/dwb_msgs/share/dwb_msgs/srv/DebugLocalPlan_Request.msg
[3.233s] -- Up-to-date: /home/sunrise/ros2_ws/install/dwb_msgs/share/dwb_msgs/srv/DebugLocalPlan_Response.msg
[3.234s] -- Up-to-date: /home/sunrise/ros2_ws/install/dwb_msgs/share/dwb_msgs/srv/GenerateTrajectory.srv
[3.235s] -- Up-to-date: /home/sunrise/ros2_ws/install/dwb_msgs/share/dwb_msgs/srv/GenerateTrajectory_Request.msg
[3.236s] -- Up-to-date: /home/sunrise/ros2_ws/install/dwb_msgs/share/dwb_msgs/srv/GenerateTrajectory_Response.msg
[3.237s] -- Up-to-date: /home/sunrise/ros2_ws/install/dwb_msgs/share/dwb_msgs/srv/GenerateTwists.srv
[3.237s] -- Up-to-date: /home/sunrise/ros2_ws/install/dwb_msgs/share/dwb_msgs/srv/GenerateTwists_Request.msg
[3.238s] -- Up-to-date: /home/sunrise/ros2_ws/install/dwb_msgs/share/dwb_msgs/srv/GenerateTwists_Response.msg
[3.239s] -- Up-to-date: /home/sunrise/ros2_ws/install/dwb_msgs/share/dwb_msgs/srv/GetCriticScore.srv
[3.240s] -- Up-to-date: /home/sunrise/ros2_ws/install/dwb_msgs/share/dwb_msgs/srv/GetCriticScore_Request.msg
[3.241s] -- Up-to-date: /home/sunrise/ros2_ws/install/dwb_msgs/share/dwb_msgs/srv/GetCriticScore_Response.msg
[3.241s] -- Up-to-date: /home/sunrise/ros2_ws/install/dwb_msgs/share/dwb_msgs/srv/ScoreTrajectory.srv
[3.242s] -- Up-to-date: /home/sunrise/ros2_ws/install/dwb_msgs/share/dwb_msgs/srv/ScoreTrajectory_Request.msg
[3.243s] -- Up-to-date: /home/sunrise/ros2_ws/install/dwb_msgs/share/dwb_msgs/srv/ScoreTrajectory_Response.msg
[3.243s] -- Up-to-date: /home/sunrise/ros2_ws/install/dwb_msgs/share/ament_index/resource_index/package_run_dependencies/dwb_msgs
[3.244s] -- Up-to-date: /home/sunrise/ros2_ws/install/dwb_msgs/share/ament_index/resource_index/parent_prefix_path/dwb_msgs
[3.245s] -- Up-to-date: /home/sunrise/ros2_ws/install/dwb_msgs/share/dwb_msgs/environment/ament_prefix_path.sh
[3.245s] -- Up-to-date: /home/sunrise/ros2_ws/install/dwb_msgs/share/dwb_msgs/environment/ament_prefix_path.dsv
[3.246s] -- Up-to-date: /home/sunrise/ros2_ws/install/dwb_msgs/share/dwb_msgs/environment/path.sh
[3.247s] -- Up-to-date: /home/sunrise/ros2_ws/install/dwb_msgs/share/dwb_msgs/environment/path.dsv
[3.248s] -- Up-to-date: /home/sunrise/ros2_ws/install/dwb_msgs/share/dwb_msgs/local_setup.bash
[3.248s] -- Up-to-date: /home/sunrise/ros2_ws/install/dwb_msgs/share/dwb_msgs/local_setup.sh
[3.249s] -- Up-to-date: /home/sunrise/ros2_ws/install/dwb_msgs/share/dwb_msgs/local_setup.zsh
[3.249s] -- Up-to-date: /home/sunrise/ros2_ws/install/dwb_msgs/share/dwb_msgs/local_setup.dsv
[3.250s] -- Installing: /home/sunrise/ros2_ws/install/dwb_msgs/share/dwb_msgs/package.dsv
[3.251s] -- Up-to-date: /home/sunrise/ros2_ws/install/dwb_msgs/share/ament_index/resource_index/packages/dwb_msgs
[3.252s] -- Up-to-date: /home/sunrise/ros2_ws/install/dwb_msgs/share/dwb_msgs/cmake/export_dwb_msgs__rosidl_generator_cExport.cmake
[3.252s] -- Up-to-date: /home/sunrise/ros2_ws/install/dwb_msgs/share/dwb_msgs/cmake/export_dwb_msgs__rosidl_generator_cExport-noconfig.cmake
[3.253s] -- Up-to-date: /home/sunrise/ros2_ws/install/dwb_msgs/share/dwb_msgs/cmake/export_dwb_msgs__rosidl_typesupport_fastrtps_cExport.cmake
[3.254s] -- Up-to-date: /home/sunrise/ros2_ws/install/dwb_msgs/share/dwb_msgs/cmake/export_dwb_msgs__rosidl_typesupport_fastrtps_cExport-noconfig.cmake
[3.254s] -- Up-to-date: /home/sunrise/ros2_ws/install/dwb_msgs/share/dwb_msgs/cmake/export_dwb_msgs__rosidl_generator_cppExport.cmake
[3.255s] -- Up-to-date: /home/sunrise/ros2_ws/install/dwb_msgs/share/dwb_msgs/cmake/export_dwb_msgs__rosidl_typesupport_fastrtps_cppExport.cmake
[3.255s] -- Up-to-date: /home/sunrise/ros2_ws/install/dwb_msgs/share/dwb_msgs/cmake/export_dwb_msgs__rosidl_typesupport_fastrtps_cppExport-noconfig.cmake
[3.256s] -- Up-to-date: /home/sunrise/ros2_ws/install/dwb_msgs/share/dwb_msgs/cmake/dwb_msgs__rosidl_typesupport_introspection_cExport.cmake
[3.257s] -- Up-to-date: /home/sunrise/ros2_ws/install/dwb_msgs/share/dwb_msgs/cmake/dwb_msgs__rosidl_typesupport_introspection_cExport-noconfig.cmake
[3.258s] -- Up-to-date: /home/sunrise/ros2_ws/install/dwb_msgs/share/dwb_msgs/cmake/dwb_msgs__rosidl_typesupport_cExport.cmake
[3.258s] -- Up-to-date: /home/sunrise/ros2_ws/install/dwb_msgs/share/dwb_msgs/cmake/dwb_msgs__rosidl_typesupport_cExport-noconfig.cmake
[3.259s] -- Up-to-date: /home/sunrise/ros2_ws/install/dwb_msgs/share/dwb_msgs/cmake/dwb_msgs__rosidl_typesupport_introspection_cppExport.cmake
[3.259s] -- Up-to-date: /home/sunrise/ros2_ws/install/dwb_msgs/share/dwb_msgs/cmake/dwb_msgs__rosidl_typesupport_introspection_cppExport-noconfig.cmake
[3.260s] -- Up-to-date: /home/sunrise/ros2_ws/install/dwb_msgs/share/dwb_msgs/cmake/dwb_msgs__rosidl_typesupport_cppExport.cmake
[3.260s] -- Up-to-date: /home/sunrise/ros2_ws/install/dwb_msgs/share/dwb_msgs/cmake/dwb_msgs__rosidl_typesupport_cppExport-noconfig.cmake
[3.261s] -- Up-to-date: /home/sunrise/ros2_ws/install/dwb_msgs/share/dwb_msgs/cmake/export_dwb_msgs__rosidl_generator_pyExport.cmake
[3.261s] -- Up-to-date: /home/sunrise/ros2_ws/install/dwb_msgs/share/dwb_msgs/cmake/export_dwb_msgs__rosidl_generator_pyExport-noconfig.cmake
[3.262s] -- Up-to-date: /home/sunrise/ros2_ws/install/dwb_msgs/share/dwb_msgs/cmake/rosidl_cmake-extras.cmake
[3.262s] -- Up-to-date: /home/sunrise/ros2_ws/install/dwb_msgs/share/dwb_msgs/cmake/ament_cmake_export_dependencies-extras.cmake
[3.263s] -- Up-to-date: /home/sunrise/ros2_ws/install/dwb_msgs/share/dwb_msgs/cmake/ament_cmake_export_include_directories-extras.cmake
[3.264s] -- Up-to-date: /home/sunrise/ros2_ws/install/dwb_msgs/share/dwb_msgs/cmake/ament_cmake_export_libraries-extras.cmake
[3.264s] -- Up-to-date: /home/sunrise/ros2_ws/install/dwb_msgs/share/dwb_msgs/cmake/ament_cmake_export_targets-extras.cmake
[3.265s] -- Up-to-date: /home/sunrise/ros2_ws/install/dwb_msgs/share/dwb_msgs/cmake/rosidl_cmake_export_typesupport_targets-extras.cmake
[3.265s] -- Up-to-date: /home/sunrise/ros2_ws/install/dwb_msgs/share/dwb_msgs/cmake/rosidl_cmake_export_typesupport_libraries-extras.cmake
[3.266s] -- Up-to-date: /home/sunrise/ros2_ws/install/dwb_msgs/share/dwb_msgs/cmake/dwb_msgsConfig.cmake
[3.267s] -- Up-to-date: /home/sunrise/ros2_ws/install/dwb_msgs/share/dwb_msgs/cmake/dwb_msgsConfig-version.cmake
[3.267s] -- Up-to-date: /home/sunrise/ros2_ws/install/dwb_msgs/share/dwb_msgs/package.xml
[3.268s] Invoked command in '/home/sunrise/ros2_ws/build/dwb_msgs' returned '0': CMAKE_PREFIX_PATH=/home/sunrise/ros2_ws/install/nav_2d_msgs:/home/sunrise/ros2_ws/install/ydlidar:/home/sunrise/ros2_ws/install/dwb_msgs:/home/sunrise/ros2_ws/install/nav2_voxel_grid:/home/sunrise/ros2_ws/install/nav2_msgs:/home/sunrise/ros2_ws/install/nav2_common:/home/sunrise/ros2_ws/install/microxrcedds_agent:/home/sunrise/ros2_ws/install/micro_ros_agent:/home/sunrise/ros2_ws/install/micro_ros_msgs:/home/sunrise/ros2_ws/install/fishbot_bringup:/home/sunrise/ros2_ws/install/nav2_simple_commander:/home/sunrise/ros2_ws/install/fishbot_description:/opt/ros/humble LD_LIBRARY_PATH=/home/sunrise/ros2_ws/install/nav_2d_msgs/lib:/home/sunrise/ros2_ws/install/dwb_msgs/lib:/home/sunrise/ros2_ws/install/nav2_voxel_grid/lib:/home/sunrise/ros2_ws/install/nav2_msgs/lib:/home/sunrise/ros2_ws/install/microxrcedds_agent/lib:/home/sunrise/ros2_ws/install/micro_ros_agent/lib:/home/sunrise/ros2_ws/install/micro_ros_msgs/lib:/usr/hobot/lib:/app/lib:/app/pub/lib:/middleware/lib:/middleware/pub/lib:/usr/hobot/lib/sensor:/system/lib:/system/usr/lib:/lib:/opt/ros/humble/opt/rviz_ogre_vendor/lib:/opt/ros/humble/lib/aarch64-linux-gnu:/opt/ros/humble/lib:/usr/hobot/lib:/app/lib:/app/pub/lib:/middleware/lib:/middleware/pub/lib:/usr/hobot/lib/sensor:/system/lib:/system/usr/lib:/lib /usr/bin/cmake --install /home/sunrise/ros2_ws/build/dwb_msgs
