[5.024s] Invoking command in '/home/sunrise/ros2_ws/src/fishbot_description': PYTHONPATH=/home/sunrise/ros2_ws/build/fishbot_description/prefix_override:/usr/lib/python3/dist-packages/colcon_core/task/python/colcon_distutils_commands:/home/sunrise/ros2_ws/install/fishbot_description/lib/python3.10/site-packages:${PYTHONPATH} /usr/bin/python3 -W ignore:setup.py install is deprecated -W ignore:easy_install command is deprecated setup.py egg_info --egg-base ../../build/fishbot_description build --build-base /home/sunrise/ros2_ws/build/fishbot_description/build install --record /home/sunrise/ros2_ws/build/fishbot_description/install.log --single-version-externally-managed install_data
[6.734s] running egg_info
[6.739s] writing ../../build/fishbot_description/fishbot_description.egg-info/PKG-INFO
[6.740s] writing dependency_links to ../../build/fishbot_description/fishbot_description.egg-info/dependency_links.txt
[6.741s] writing entry points to ../../build/fishbot_description/fishbot_description.egg-info/entry_points.txt
[6.741s] writing requirements to ../../build/fishbot_description/fishbot_description.egg-info/requires.txt
[6.742s] writing top-level names to ../../build/fishbot_description/fishbot_description.egg-info/top_level.txt
[6.754s] reading manifest file '../../build/fishbot_description/fishbot_description.egg-info/SOURCES.txt'
[6.761s] writing manifest file '../../build/fishbot_description/fishbot_description.egg-info/SOURCES.txt'
[6.761s] running build
[6.762s] running build_py
[6.763s] running install
[6.765s] running install_lib
[6.772s] running install_data
[6.773s] running install_egg_info
[6.795s] removing '/home/sunrise/ros2_ws/install/fishbot_description/lib/python3.10/site-packages/fishbot_description-0.0.0-py3.10.egg-info' (and everything under it)
[6.796s] Copying ../../build/fishbot_description/fishbot_description.egg-info to /home/sunrise/ros2_ws/install/fishbot_description/lib/python3.10/site-packages/fishbot_description-0.0.0-py3.10.egg-info
[6.808s] running install_scripts
[6.931s] Installing rotate_wheel script to /home/sunrise/ros2_ws/install/fishbot_description/lib/fishbot_description
[6.933s] writing list of installed files to '/home/sunrise/ros2_ws/build/fishbot_description/install.log'
[7.188s] Invoked command in '/home/sunrise/ros2_ws/src/fishbot_description' returned '0': PYTHONPATH=/home/sunrise/ros2_ws/build/fishbot_description/prefix_override:/usr/lib/python3/dist-packages/colcon_core/task/python/colcon_distutils_commands:/home/sunrise/ros2_ws/install/fishbot_description/lib/python3.10/site-packages:${PYTHONPATH} /usr/bin/python3 -W ignore:setup.py install is deprecated -W ignore:easy_install command is deprecated setup.py egg_info --egg-base ../../build/fishbot_description build --build-base /home/sunrise/ros2_ws/build/fishbot_description/build install --record /home/sunrise/ros2_ws/build/fishbot_description/install.log --single-version-externally-managed install_data
