[0.058s] Invoking command in '/home/sunrise/ros2_ws/build/nav2_util': AMENT_PREFIX_PATH=/home/sunrise/ros2_ws/install/nav2_msgs:/home/sunrise/ros2_ws/install/nav2_common:${AMENT_PREFIX_PATH} CMAKE_PREFIX_PATH=/home/sunrise/ros2_ws/install/nav2_msgs:/home/sunrise/ros2_ws/install/nav2_common:/opt/ros/humble LD_LIBRARY_PATH=/home/sunrise/ros2_ws/install/nav2_msgs/lib:/opt/ros/humble/opt/rviz_ogre_vendor/lib:/opt/ros/humble/lib/aarch64-linux-gnu:/opt/ros/humble/lib:/usr/hobot/lib:/app/lib:/app/pub/lib:/middleware/lib:/middleware/pub/lib:/usr/hobot/lib/sensor:/system/lib:/system/usr/lib:/lib PYTHONPATH=/home/sunrise/ros2_ws/install/nav2_msgs/local/lib/python3.10/dist-packages:/home/sunrise/ros2_ws/install/nav2_common/local/lib/python3.10/dist-packages:${PYTHONPATH} /usr/bin/cmake /home/sunrise/ros2_ws/src/navigation2/nav2_util -DCMAKE_INSTALL_PREFIX=/home/sunrise/ros2_ws/install/nav2_util
[0.351s] -- The C compiler identification is GNU 11.2.0
[0.678s] -- The CXX compiler identification is GNU 11.2.0
[0.708s] -- Detecting C compiler ABI info
[1.044s] -- Detecting C compiler ABI info - done
[1.090s] -- Check for working C compiler: /usr/bin/cc - skipped
[1.091s] -- Detecting C compile features
[1.093s] -- Detecting C compile features - done
[1.108s] -- Detecting CXX compiler ABI info
[1.499s] -- Detecting CXX compiler ABI info - done
[1.547s] -- Check for working CXX compiler: /usr/bin/c++ - skipped
[1.548s] -- Detecting CXX compile features
[1.550s] -- Detecting CXX compile features - done
[1.560s] -- Found ament_cmake: 1.3.11 (/opt/ros/humble/share/ament_cmake/cmake)
[2.476s] -- Found Python3: /usr/bin/python3 (found version "3.10.12") found components: Interpreter 
[2.966s] -- Found nav2_common: 1.1.0 (/home/sunrise/ros2_ws/install/nav2_common/share/nav2_common/cmake)
[2.967s] -- Found nav2_msgs: 1.1.0 (/home/sunrise/ros2_ws/install/nav2_msgs/share/nav2_msgs/cmake)
[3.119s] -- Found rosidl_generator_c: 3.1.6 (/opt/ros/humble/share/rosidl_generator_c/cmake)
[3.144s] -- Found rosidl_adapter: 3.1.6 (/opt/ros/humble/share/rosidl_adapter/cmake)
[3.187s] -- Found rosidl_generator_cpp: 3.1.6 (/opt/ros/humble/share/rosidl_generator_cpp/cmake)
[3.254s] -- Using all available rosidl_typesupport_c: rosidl_typesupport_fastrtps_c;rosidl_typesupport_introspection_c
[3.343s] -- Using all available rosidl_typesupport_cpp: rosidl_typesupport_fastrtps_cpp;rosidl_typesupport_introspection_cpp
[3.982s] -- Found tf2_ros: 0.25.12 (/opt/ros/humble/share/tf2_ros/cmake)
[4.386s] -- Found rmw_implementation_cmake: 6.1.2 (/opt/ros/humble/share/rmw_implementation_cmake/cmake)
[4.398s] -- Found rmw_fastrtps_cpp: 6.2.7 (/opt/ros/humble/share/rmw_fastrtps_cpp/cmake)
[4.779s] -- Found OpenSSL: /usr/lib/aarch64-linux-gnu/libcrypto.so (found version "3.0.2")  
[4.900s] -- Found FastRTPS: /opt/ros/humble/include  
[5.080s] -- Using RMW implementation 'rmw_fastrtps_cpp' as default
[5.119s] -- Looking for pthread.h
[5.476s] -- Looking for pthread.h - found
[5.477s] -- Performing Test CMAKE_HAVE_LIBC_PTHREAD
[5.850s] -- Performing Test CMAKE_HAVE_LIBC_PTHREAD - Success
[5.856s] -- Found Threads: TRUE  
[6.407s] -- Found tf2_geometry_msgs: 0.25.12 (/opt/ros/humble/share/tf2_geometry_msgs/cmake)
[6.489s] -- Found eigen3_cmake_module: 0.1.1 (/opt/ros/humble/share/eigen3_cmake_module/cmake)
[6.497s] -- Found Eigen3: TRUE (found version "3.4.0") 
[6.497s] -- Ensuring Eigen3 include directory is part of orocos-kdl CMake target
[6.520s] -- Found lifecycle_msgs: 1.2.1 (/opt/ros/humble/share/lifecycle_msgs/cmake)
[6.591s] -- Found rclcpp_lifecycle: 16.0.12 (/opt/ros/humble/share/rclcpp_lifecycle/cmake)
[6.652s] -- Found bondcpp: 4.1.2 (/opt/ros/humble/share/bondcpp/cmake)
[6.799s] -- Setting build type to Release as none was specified.
[6.889s] -- Found Boost: /usr/lib/aarch64-linux-gnu/cmake/Boost-1.74.0/BoostConfig.cmake (found version "1.74.0") found components: program_options 
[6.901s] -- Found ament_lint_auto: 0.12.12 (/opt/ros/humble/share/ament_lint_auto/cmake)
[6.909s] -- Found ament_cmake_pytest: 1.3.11 (/opt/ros/humble/share/ament_cmake_pytest/cmake)
[6.923s] -- Found launch_testing_ament_cmake: 1.0.8 (/opt/ros/humble/share/launch_testing_ament_cmake/cmake)
[6.930s] -- Found python_cmake_module: 0.10.0 (/opt/ros/humble/share/python_cmake_module/cmake)
[7.049s] -- Found PythonInterp: /usr/bin/python3 (found suitable version "3.10.12", minimum required is "3.6") 
[7.077s] -- Found PythonLibs: /usr/lib/aarch64-linux-gnu/libpython3.10.so (found suitable version "3.10.12", minimum required is "3.5") 
[7.077s] -- Using PYTHON_EXECUTABLE: /usr/bin/python3
[7.078s] -- Using PYTHON_INCLUDE_DIRS: /usr/include/python3.10
[7.078s] -- Using PYTHON_LIBRARIES: /usr/lib/aarch64-linux-gnu/libpython3.10.so
[7.201s] -- Found PythonExtra: .so  
[7.953s] -- Found gtest sources under '/opt/ros/humble/src/gtest_vendor': C++ tests using 'Google Test' will be built
[8.019s] [31mCMake Error at test/CMakeLists.txt:7 (find_package):
[8.020s]   By not providing "Findtest_msgs.cmake" in CMAKE_MODULE_PATH this project
[8.020s]   has asked CMake to find a package configuration file provided by
[8.020s]   "test_msgs", but CMake did not find one.
[8.021s] 
[8.021s]   Could not find a package configuration file provided by "test_msgs" with
[8.022s]   any of the following names:
[8.022s] 
[8.022s]     test_msgsConfig.cmake
[8.023s]     test_msgs-config.cmake
[8.023s] 
[8.024s]   Add the installation prefix of "test_msgs" to CMAKE_PREFIX_PATH or set
[8.024s]   "test_msgs_DIR" to a directory containing one of the above files.  If
[8.024s]   "test_msgs" provides a separate development package or SDK, be sure it has
[8.025s]   been installed.
[8.025s] 
[8.026s] [0m
[8.026s] -- Configuring incomplete, errors occurred!
[8.027s] See also "/home/sunrise/ros2_ws/build/nav2_util/CMakeFiles/CMakeOutput.log".
[8.113s] Invoked command in '/home/sunrise/ros2_ws/build/nav2_util' returned '1': AMENT_PREFIX_PATH=/home/sunrise/ros2_ws/install/nav2_msgs:/home/sunrise/ros2_ws/install/nav2_common:${AMENT_PREFIX_PATH} CMAKE_PREFIX_PATH=/home/sunrise/ros2_ws/install/nav2_msgs:/home/sunrise/ros2_ws/install/nav2_common:/opt/ros/humble LD_LIBRARY_PATH=/home/sunrise/ros2_ws/install/nav2_msgs/lib:/opt/ros/humble/opt/rviz_ogre_vendor/lib:/opt/ros/humble/lib/aarch64-linux-gnu:/opt/ros/humble/lib:/usr/hobot/lib:/app/lib:/app/pub/lib:/middleware/lib:/middleware/pub/lib:/usr/hobot/lib/sensor:/system/lib:/system/usr/lib:/lib PYTHONPATH=/home/sunrise/ros2_ws/install/nav2_msgs/local/lib/python3.10/dist-packages:/home/sunrise/ros2_ws/install/nav2_common/local/lib/python3.10/dist-packages:${PYTHONPATH} /usr/bin/cmake /home/sunrise/ros2_ws/src/navigation2/nav2_util -DCMAKE_INSTALL_PREFIX=/home/sunrise/ros2_ws/install/nav2_util
