[0.143s] Invoking command in '/home/sunrise/ros2_ws/build/micro_ros_msgs': CMAKE_PREFIX_PATH=${CMAKE_PREFIX_PATH}:/opt/ros/humble:/home/sunrise/ros2_ws/install/fishbot_description /usr/bin/cmake --build /home/sunrise/ros2_ws/build/micro_ros_msgs -- -j8 -l8
[1.985s] [  2%] Built target micro_ros_msgs__cpp
[1.991s] [ 12%] Built target micro_ros_msgs__rosidl_generator_c
[1.995s] [ 12%] Built target ament_cmake_python_copy_micro_ros_msgs
[1.996s] [ 34%] Built target micro_ros_msgs__rosidl_typesupport_fastrtps_cpp
[1.999s] [ 34%] Built target micro_ros_msgs__rosidl_typesupport_introspection_c
[2.000s] [ 44%] Built target micro_ros_msgs__rosidl_typesupport_cpp
[2.002s] [ 55%] Built target micro_ros_msgs__rosidl_typesupport_introspection_cpp
[2.003s] [ 65%] Built target micro_ros_msgs__rosidl_typesupport_fastrtps_c
[2.006s] [ 76%] Built target micro_ros_msgs__rosidl_typesupport_c
[2.007s] [ 76%] Built target micro_ros_msgs
[2.008s] [ 78%] Built target micro_ros_msgs__py
[2.008s] [ 87%] Built target micro_ros_msgs__rosidl_generator_py
[2.009s] [ 91%] Built target micro_ros_msgs__rosidl_typesupport_introspection_c__pyext
[2.010s] [100%] Built target micro_ros_msgs__rosidl_typesupport_c__pyext
[2.011s] [100%] Built target micro_ros_msgs__rosidl_typesupport_fastrtps_c__pyext
[2.136s] running egg_info
[2.140s] writing micro_ros_msgs.egg-info/PKG-INFO
[2.142s] writing dependency_links to micro_ros_msgs.egg-info/dependency_links.txt
[2.143s] writing top-level names to micro_ros_msgs.egg-info/top_level.txt
[2.162s] reading manifest file 'micro_ros_msgs.egg-info/SOURCES.txt'
[2.166s] writing manifest file 'micro_ros_msgs.egg-info/SOURCES.txt'
[2.430s] [100%] Built target ament_cmake_python_build_micro_ros_msgs_egg
[2.557s] Invoked command in '/home/sunrise/ros2_ws/build/micro_ros_msgs' returned '0': CMAKE_PREFIX_PATH=${CMAKE_PREFIX_PATH}:/opt/ros/humble:/home/sunrise/ros2_ws/install/fishbot_description /usr/bin/cmake --build /home/sunrise/ros2_ws/build/micro_ros_msgs -- -j8 -l8
[2.563s] Invoking command in '/home/sunrise/ros2_ws/build/micro_ros_msgs': CMAKE_PREFIX_PATH=${CMAKE_PREFIX_PATH}:/opt/ros/humble:/home/sunrise/ros2_ws/install/fishbot_description /usr/bin/cmake --install /home/sunrise/ros2_ws/build/micro_ros_msgs
[2.600s] -- Install configuration: ""
[2.602s] -- Up-to-date: /home/sunrise/ros2_ws/install/micro_ros_msgs/share/ament_index/resource_index/rosidl_interfaces/micro_ros_msgs
[2.603s] -- Up-to-date: /home/sunrise/ros2_ws/install/micro_ros_msgs/include/micro_ros_msgs/micro_ros_msgs
[2.603s] -- Up-to-date: /home/sunrise/ros2_ws/install/micro_ros_msgs/include/micro_ros_msgs/micro_ros_msgs/msg
[2.605s] -- Up-to-date: /home/sunrise/ros2_ws/install/micro_ros_msgs/include/micro_ros_msgs/micro_ros_msgs/msg/detail
[2.606s] -- Up-to-date: /home/sunrise/ros2_ws/install/micro_ros_msgs/include/micro_ros_msgs/micro_ros_msgs/msg/detail/node__struct.h
[2.607s] -- Up-to-date: /home/sunrise/ros2_ws/install/micro_ros_msgs/include/micro_ros_msgs/micro_ros_msgs/msg/detail/entity__type_support.h
[2.608s] -- Up-to-date: /home/sunrise/ros2_ws/install/micro_ros_msgs/include/micro_ros_msgs/micro_ros_msgs/msg/detail/entity__struct.h
[2.609s] -- Up-to-date: /home/sunrise/ros2_ws/install/micro_ros_msgs/include/micro_ros_msgs/micro_ros_msgs/msg/detail/graph__type_support.h
[2.610s] -- Up-to-date: /home/sunrise/ros2_ws/install/micro_ros_msgs/include/micro_ros_msgs/micro_ros_msgs/msg/detail/entity__functions.h
[2.611s] -- Up-to-date: /home/sunrise/ros2_ws/install/micro_ros_msgs/include/micro_ros_msgs/micro_ros_msgs/msg/detail/node__functions.c
[2.613s] -- Up-to-date: /home/sunrise/ros2_ws/install/micro_ros_msgs/include/micro_ros_msgs/micro_ros_msgs/msg/detail/node__functions.h
[2.614s] -- Up-to-date: /home/sunrise/ros2_ws/install/micro_ros_msgs/include/micro_ros_msgs/micro_ros_msgs/msg/detail/graph__functions.h
[2.616s] -- Up-to-date: /home/sunrise/ros2_ws/install/micro_ros_msgs/include/micro_ros_msgs/micro_ros_msgs/msg/detail/node__type_support.h
[2.617s] -- Up-to-date: /home/sunrise/ros2_ws/install/micro_ros_msgs/include/micro_ros_msgs/micro_ros_msgs/msg/detail/graph__struct.h
[2.618s] -- Up-to-date: /home/sunrise/ros2_ws/install/micro_ros_msgs/include/micro_ros_msgs/micro_ros_msgs/msg/detail/entity__functions.c
[2.620s] -- Up-to-date: /home/sunrise/ros2_ws/install/micro_ros_msgs/include/micro_ros_msgs/micro_ros_msgs/msg/detail/graph__functions.c
[2.621s] -- Up-to-date: /home/sunrise/ros2_ws/install/micro_ros_msgs/include/micro_ros_msgs/micro_ros_msgs/msg/graph.h
[2.622s] -- Up-to-date: /home/sunrise/ros2_ws/install/micro_ros_msgs/include/micro_ros_msgs/micro_ros_msgs/msg/node.h
[2.623s] -- Up-to-date: /home/sunrise/ros2_ws/install/micro_ros_msgs/include/micro_ros_msgs/micro_ros_msgs/msg/entity.h
[2.625s] -- Up-to-date: /home/sunrise/ros2_ws/install/micro_ros_msgs/include/micro_ros_msgs/micro_ros_msgs/msg/rosidl_generator_c__visibility_control.h
[2.626s] -- Up-to-date: /home/sunrise/ros2_ws/install/micro_ros_msgs/share/micro_ros_msgs/environment/library_path.sh
[2.627s] -- Up-to-date: /home/sunrise/ros2_ws/install/micro_ros_msgs/share/micro_ros_msgs/environment/library_path.dsv
[2.628s] -- Up-to-date: /home/sunrise/ros2_ws/install/micro_ros_msgs/lib/libmicro_ros_msgs__rosidl_generator_c.so
[2.629s] -- Up-to-date: /home/sunrise/ros2_ws/install/micro_ros_msgs/include/micro_ros_msgs/micro_ros_msgs
[2.631s] -- Up-to-date: /home/sunrise/ros2_ws/install/micro_ros_msgs/include/micro_ros_msgs/micro_ros_msgs/msg
[2.632s] -- Up-to-date: /home/sunrise/ros2_ws/install/micro_ros_msgs/include/micro_ros_msgs/micro_ros_msgs/msg/detail
[2.633s] -- Up-to-date: /home/sunrise/ros2_ws/install/micro_ros_msgs/include/micro_ros_msgs/micro_ros_msgs/msg/detail/node__rosidl_typesupport_fastrtps_c.h
[2.635s] -- Up-to-date: /home/sunrise/ros2_ws/install/micro_ros_msgs/include/micro_ros_msgs/micro_ros_msgs/msg/detail/entity__rosidl_typesupport_fastrtps_c.h
[2.636s] -- Up-to-date: /home/sunrise/ros2_ws/install/micro_ros_msgs/include/micro_ros_msgs/micro_ros_msgs/msg/detail/graph__rosidl_typesupport_fastrtps_c.h
[2.637s] -- Up-to-date: /home/sunrise/ros2_ws/install/micro_ros_msgs/include/micro_ros_msgs/micro_ros_msgs/msg/rosidl_typesupport_fastrtps_c__visibility_control.h
[2.638s] -- Up-to-date: /home/sunrise/ros2_ws/install/micro_ros_msgs/lib/libmicro_ros_msgs__rosidl_typesupport_fastrtps_c.so
[2.638s] -- Up-to-date: /home/sunrise/ros2_ws/install/micro_ros_msgs/include/micro_ros_msgs/micro_ros_msgs
[2.639s] -- Up-to-date: /home/sunrise/ros2_ws/install/micro_ros_msgs/include/micro_ros_msgs/micro_ros_msgs/msg
[2.639s] -- Up-to-date: /home/sunrise/ros2_ws/install/micro_ros_msgs/include/micro_ros_msgs/micro_ros_msgs/msg/detail
[2.640s] -- Up-to-date: /home/sunrise/ros2_ws/install/micro_ros_msgs/include/micro_ros_msgs/micro_ros_msgs/msg/detail/entity__rosidl_typesupport_introspection_c.h
[2.641s] -- Up-to-date: /home/sunrise/ros2_ws/install/micro_ros_msgs/include/micro_ros_msgs/micro_ros_msgs/msg/detail/graph__rosidl_typesupport_introspection_c.h
[2.642s] -- Up-to-date: /home/sunrise/ros2_ws/install/micro_ros_msgs/include/micro_ros_msgs/micro_ros_msgs/msg/detail/node__rosidl_typesupport_introspection_c.h
[2.642s] -- Up-to-date: /home/sunrise/ros2_ws/install/micro_ros_msgs/include/micro_ros_msgs/micro_ros_msgs/msg/detail/entity__type_support.c
[2.643s] -- Up-to-date: /home/sunrise/ros2_ws/install/micro_ros_msgs/include/micro_ros_msgs/micro_ros_msgs/msg/detail/graph__type_support.c
[2.643s] -- Up-to-date: /home/sunrise/ros2_ws/install/micro_ros_msgs/include/micro_ros_msgs/micro_ros_msgs/msg/detail/node__type_support.c
[2.644s] -- Up-to-date: /home/sunrise/ros2_ws/install/micro_ros_msgs/include/micro_ros_msgs/micro_ros_msgs/msg/rosidl_typesupport_introspection_c__visibility_control.h
[2.652s] -- Up-to-date: /home/sunrise/ros2_ws/install/micro_ros_msgs/lib/libmicro_ros_msgs__rosidl_typesupport_introspection_c.so
[2.655s] -- Up-to-date: /home/sunrise/ros2_ws/install/micro_ros_msgs/lib/libmicro_ros_msgs__rosidl_typesupport_c.so
[2.661s] -- Up-to-date: /home/sunrise/ros2_ws/install/micro_ros_msgs/include/micro_ros_msgs/micro_ros_msgs
[2.662s] -- Up-to-date: /home/sunrise/ros2_ws/install/micro_ros_msgs/include/micro_ros_msgs/micro_ros_msgs/msg
[2.663s] -- Up-to-date: /home/sunrise/ros2_ws/install/micro_ros_msgs/include/micro_ros_msgs/micro_ros_msgs/msg/entity.hpp
[2.664s] -- Up-to-date: /home/sunrise/ros2_ws/install/micro_ros_msgs/include/micro_ros_msgs/micro_ros_msgs/msg/detail
[2.665s] -- Up-to-date: /home/sunrise/ros2_ws/install/micro_ros_msgs/include/micro_ros_msgs/micro_ros_msgs/msg/detail/entity__traits.hpp
[2.666s] -- Up-to-date: /home/sunrise/ros2_ws/install/micro_ros_msgs/include/micro_ros_msgs/micro_ros_msgs/msg/detail/node__type_support.hpp
[2.666s] -- Up-to-date: /home/sunrise/ros2_ws/install/micro_ros_msgs/include/micro_ros_msgs/micro_ros_msgs/msg/detail/node__builder.hpp
[2.668s] -- Up-to-date: /home/sunrise/ros2_ws/install/micro_ros_msgs/include/micro_ros_msgs/micro_ros_msgs/msg/detail/graph__traits.hpp
[2.669s] -- Up-to-date: /home/sunrise/ros2_ws/install/micro_ros_msgs/include/micro_ros_msgs/micro_ros_msgs/msg/detail/entity__struct.hpp
[2.669s] -- Up-to-date: /home/sunrise/ros2_ws/install/micro_ros_msgs/include/micro_ros_msgs/micro_ros_msgs/msg/detail/graph__struct.hpp
[2.673s] -- Up-to-date: /home/sunrise/ros2_ws/install/micro_ros_msgs/include/micro_ros_msgs/micro_ros_msgs/msg/detail/entity__type_support.hpp
[2.674s] -- Up-to-date: /home/sunrise/ros2_ws/install/micro_ros_msgs/include/micro_ros_msgs/micro_ros_msgs/msg/detail/entity__builder.hpp
[2.675s] -- Up-to-date: /home/sunrise/ros2_ws/install/micro_ros_msgs/include/micro_ros_msgs/micro_ros_msgs/msg/detail/graph__builder.hpp
[2.675s] -- Up-to-date: /home/sunrise/ros2_ws/install/micro_ros_msgs/include/micro_ros_msgs/micro_ros_msgs/msg/detail/node__struct.hpp
[2.678s] -- Up-to-date: /home/sunrise/ros2_ws/install/micro_ros_msgs/include/micro_ros_msgs/micro_ros_msgs/msg/detail/graph__type_support.hpp
[2.679s] -- Up-to-date: /home/sunrise/ros2_ws/install/micro_ros_msgs/include/micro_ros_msgs/micro_ros_msgs/msg/detail/node__traits.hpp
[2.679s] -- Up-to-date: /home/sunrise/ros2_ws/install/micro_ros_msgs/include/micro_ros_msgs/micro_ros_msgs/msg/graph.hpp
[2.680s] -- Up-to-date: /home/sunrise/ros2_ws/install/micro_ros_msgs/include/micro_ros_msgs/micro_ros_msgs/msg/rosidl_generator_cpp__visibility_control.hpp
[2.681s] -- Up-to-date: /home/sunrise/ros2_ws/install/micro_ros_msgs/include/micro_ros_msgs/micro_ros_msgs/msg/node.hpp
[2.686s] -- Up-to-date: /home/sunrise/ros2_ws/install/micro_ros_msgs/include/micro_ros_msgs/micro_ros_msgs
[2.687s] -- Up-to-date: /home/sunrise/ros2_ws/install/micro_ros_msgs/include/micro_ros_msgs/micro_ros_msgs/msg
[2.688s] -- Up-to-date: /home/sunrise/ros2_ws/install/micro_ros_msgs/include/micro_ros_msgs/micro_ros_msgs/msg/rosidl_typesupport_fastrtps_cpp__visibility_control.h
[2.688s] -- Up-to-date: /home/sunrise/ros2_ws/install/micro_ros_msgs/include/micro_ros_msgs/micro_ros_msgs/msg/detail
[2.693s] -- Up-to-date: /home/sunrise/ros2_ws/install/micro_ros_msgs/include/micro_ros_msgs/micro_ros_msgs/msg/detail/node__rosidl_typesupport_fastrtps_cpp.hpp
[2.694s] -- Up-to-date: /home/sunrise/ros2_ws/install/micro_ros_msgs/include/micro_ros_msgs/micro_ros_msgs/msg/detail/dds_fastrtps
[2.695s] -- Up-to-date: /home/sunrise/ros2_ws/install/micro_ros_msgs/include/micro_ros_msgs/micro_ros_msgs/msg/detail/entity__rosidl_typesupport_fastrtps_cpp.hpp
[2.695s] -- Up-to-date: /home/sunrise/ros2_ws/install/micro_ros_msgs/include/micro_ros_msgs/micro_ros_msgs/msg/detail/graph__rosidl_typesupport_fastrtps_cpp.hpp
[2.703s] -- Up-to-date: /home/sunrise/ros2_ws/install/micro_ros_msgs/lib/libmicro_ros_msgs__rosidl_typesupport_fastrtps_cpp.so
[2.706s] -- Up-to-date: /home/sunrise/ros2_ws/install/micro_ros_msgs/include/micro_ros_msgs/micro_ros_msgs
[2.707s] -- Up-to-date: /home/sunrise/ros2_ws/install/micro_ros_msgs/include/micro_ros_msgs/micro_ros_msgs/msg
[2.707s] -- Up-to-date: /home/sunrise/ros2_ws/install/micro_ros_msgs/include/micro_ros_msgs/micro_ros_msgs/msg/detail
[2.721s] -- Up-to-date: /home/sunrise/ros2_ws/install/micro_ros_msgs/include/micro_ros_msgs/micro_ros_msgs/msg/detail/entity__type_support.cpp
[2.728s] -- Up-to-date: /home/sunrise/ros2_ws/install/micro_ros_msgs/include/micro_ros_msgs/micro_ros_msgs/msg/detail/entity__rosidl_typesupport_introspection_cpp.hpp
[2.731s] -- Up-to-date: /home/sunrise/ros2_ws/install/micro_ros_msgs/include/micro_ros_msgs/micro_ros_msgs/msg/detail/node__rosidl_typesupport_introspection_cpp.hpp
[2.733s] -- Up-to-date: /home/sunrise/ros2_ws/install/micro_ros_msgs/include/micro_ros_msgs/micro_ros_msgs/msg/detail/node__type_support.cpp
[2.734s] -- Up-to-date: /home/sunrise/ros2_ws/install/micro_ros_msgs/include/micro_ros_msgs/micro_ros_msgs/msg/detail/graph__rosidl_typesupport_introspection_cpp.hpp
[2.736s] -- Up-to-date: /home/sunrise/ros2_ws/install/micro_ros_msgs/include/micro_ros_msgs/micro_ros_msgs/msg/detail/graph__type_support.cpp
[2.749s] -- Up-to-date: /home/sunrise/ros2_ws/install/micro_ros_msgs/lib/libmicro_ros_msgs__rosidl_typesupport_introspection_cpp.so
[2.766s] -- Up-to-date: /home/sunrise/ros2_ws/install/micro_ros_msgs/lib/libmicro_ros_msgs__rosidl_typesupport_cpp.so
[2.777s] -- Up-to-date: /home/sunrise/ros2_ws/install/micro_ros_msgs/share/micro_ros_msgs/environment/pythonpath.sh
[2.782s] -- Up-to-date: /home/sunrise/ros2_ws/install/micro_ros_msgs/share/micro_ros_msgs/environment/pythonpath.dsv
[2.793s] -- Up-to-date: /home/sunrise/ros2_ws/install/micro_ros_msgs/local/lib/python3.10/dist-packages/micro_ros_msgs-3.0.1-py3.10.egg-info
[2.794s] -- Installing: /home/sunrise/ros2_ws/install/micro_ros_msgs/local/lib/python3.10/dist-packages/micro_ros_msgs-3.0.1-py3.10.egg-info/PKG-INFO
[2.828s] -- Installing: /home/sunrise/ros2_ws/install/micro_ros_msgs/local/lib/python3.10/dist-packages/micro_ros_msgs-3.0.1-py3.10.egg-info/SOURCES.txt
[2.838s] -- Installing: /home/sunrise/ros2_ws/install/micro_ros_msgs/local/lib/python3.10/dist-packages/micro_ros_msgs-3.0.1-py3.10.egg-info/top_level.txt
[2.842s] -- Installing: /home/sunrise/ros2_ws/install/micro_ros_msgs/local/lib/python3.10/dist-packages/micro_ros_msgs-3.0.1-py3.10.egg-info/dependency_links.txt
[2.847s] -- Up-to-date: /home/sunrise/ros2_ws/install/micro_ros_msgs/local/lib/python3.10/dist-packages/micro_ros_msgs
[2.848s] -- Up-to-date: /home/sunrise/ros2_ws/install/micro_ros_msgs/local/lib/python3.10/dist-packages/micro_ros_msgs/micro_ros_msgs_s__rosidl_typesupport_fastrtps_c.cpython-310-aarch64-linux-gnu.so
[2.849s] -- Up-to-date: /home/sunrise/ros2_ws/install/micro_ros_msgs/local/lib/python3.10/dist-packages/micro_ros_msgs/micro_ros_msgs_s__rosidl_typesupport_introspection_c.cpython-310-aarch64-linux-gnu.so
[2.851s] -- Up-to-date: /home/sunrise/ros2_ws/install/micro_ros_msgs/local/lib/python3.10/dist-packages/micro_ros_msgs/_micro_ros_msgs_s.ep.rosidl_typesupport_c.c
[2.851s] -- Up-to-date: /home/sunrise/ros2_ws/install/micro_ros_msgs/local/lib/python3.10/dist-packages/micro_ros_msgs/libmicro_ros_msgs__rosidl_generator_py.so
[2.854s] -- Up-to-date: /home/sunrise/ros2_ws/install/micro_ros_msgs/local/lib/python3.10/dist-packages/micro_ros_msgs/micro_ros_msgs_s__rosidl_typesupport_c.cpython-310-aarch64-linux-gnu.so
[2.855s] -- Up-to-date: /home/sunrise/ros2_ws/install/micro_ros_msgs/local/lib/python3.10/dist-packages/micro_ros_msgs/__init__.py
[2.855s] -- Up-to-date: /home/sunrise/ros2_ws/install/micro_ros_msgs/local/lib/python3.10/dist-packages/micro_ros_msgs/_micro_ros_msgs_s.ep.rosidl_typesupport_fastrtps_c.c
[2.856s] -- Up-to-date: /home/sunrise/ros2_ws/install/micro_ros_msgs/local/lib/python3.10/dist-packages/micro_ros_msgs/_micro_ros_msgs_s.ep.rosidl_typesupport_introspection_c.c
[2.856s] -- Up-to-date: /home/sunrise/ros2_ws/install/micro_ros_msgs/local/lib/python3.10/dist-packages/micro_ros_msgs/msg
[2.856s] -- Up-to-date: /home/sunrise/ros2_ws/install/micro_ros_msgs/local/lib/python3.10/dist-packages/micro_ros_msgs/msg/_node_s.c
[2.857s] -- Up-to-date: /home/sunrise/ros2_ws/install/micro_ros_msgs/local/lib/python3.10/dist-packages/micro_ros_msgs/msg/_node.py
[2.857s] -- Up-to-date: /home/sunrise/ros2_ws/install/micro_ros_msgs/local/lib/python3.10/dist-packages/micro_ros_msgs/msg/__init__.py
[2.858s] -- Up-to-date: /home/sunrise/ros2_ws/install/micro_ros_msgs/local/lib/python3.10/dist-packages/micro_ros_msgs/msg/_entity_s.c
[2.858s] -- Up-to-date: /home/sunrise/ros2_ws/install/micro_ros_msgs/local/lib/python3.10/dist-packages/micro_ros_msgs/msg/_graph.py
[2.859s] -- Up-to-date: /home/sunrise/ros2_ws/install/micro_ros_msgs/local/lib/python3.10/dist-packages/micro_ros_msgs/msg/_entity.py
[2.859s] -- Up-to-date: /home/sunrise/ros2_ws/install/micro_ros_msgs/local/lib/python3.10/dist-packages/micro_ros_msgs/msg/_graph_s.c
[2.931s] Listing '/home/sunrise/ros2_ws/install/micro_ros_msgs/local/lib/python3.10/dist-packages/micro_ros_msgs'...
[2.932s] Listing '/home/sunrise/ros2_ws/install/micro_ros_msgs/local/lib/python3.10/dist-packages/micro_ros_msgs/msg'...
[2.933s] -- Up-to-date: /home/sunrise/ros2_ws/install/micro_ros_msgs/local/lib/python3.10/dist-packages/micro_ros_msgs/micro_ros_msgs_s__rosidl_typesupport_fastrtps_c.cpython-310-aarch64-linux-gnu.so
[2.934s] -- Up-to-date: /home/sunrise/ros2_ws/install/micro_ros_msgs/local/lib/python3.10/dist-packages/micro_ros_msgs/micro_ros_msgs_s__rosidl_typesupport_introspection_c.cpython-310-aarch64-linux-gnu.so
[2.934s] -- Up-to-date: /home/sunrise/ros2_ws/install/micro_ros_msgs/local/lib/python3.10/dist-packages/micro_ros_msgs/micro_ros_msgs_s__rosidl_typesupport_c.cpython-310-aarch64-linux-gnu.so
[2.935s] -- Up-to-date: /home/sunrise/ros2_ws/install/micro_ros_msgs/lib/libmicro_ros_msgs__rosidl_generator_py.so
[2.936s] -- Up-to-date: /home/sunrise/ros2_ws/install/micro_ros_msgs/share/micro_ros_msgs/msg/Graph.idl
[2.937s] -- Up-to-date: /home/sunrise/ros2_ws/install/micro_ros_msgs/share/micro_ros_msgs/msg/Node.idl
[2.938s] -- Up-to-date: /home/sunrise/ros2_ws/install/micro_ros_msgs/share/micro_ros_msgs/msg/Entity.idl
[2.938s] -- Up-to-date: /home/sunrise/ros2_ws/install/micro_ros_msgs/share/micro_ros_msgs/msg/Graph.msg
[2.939s] -- Up-to-date: /home/sunrise/ros2_ws/install/micro_ros_msgs/share/micro_ros_msgs/msg/Node.msg
[2.940s] -- Up-to-date: /home/sunrise/ros2_ws/install/micro_ros_msgs/share/micro_ros_msgs/msg/Entity.msg
[2.941s] -- Up-to-date: /home/sunrise/ros2_ws/install/micro_ros_msgs/share/ament_index/resource_index/package_run_dependencies/micro_ros_msgs
[2.941s] -- Up-to-date: /home/sunrise/ros2_ws/install/micro_ros_msgs/share/ament_index/resource_index/parent_prefix_path/micro_ros_msgs
[2.942s] -- Up-to-date: /home/sunrise/ros2_ws/install/micro_ros_msgs/share/micro_ros_msgs/environment/ament_prefix_path.sh
[2.942s] -- Up-to-date: /home/sunrise/ros2_ws/install/micro_ros_msgs/share/micro_ros_msgs/environment/ament_prefix_path.dsv
[2.943s] -- Up-to-date: /home/sunrise/ros2_ws/install/micro_ros_msgs/share/micro_ros_msgs/environment/path.sh
[2.944s] -- Up-to-date: /home/sunrise/ros2_ws/install/micro_ros_msgs/share/micro_ros_msgs/environment/path.dsv
[2.945s] -- Up-to-date: /home/sunrise/ros2_ws/install/micro_ros_msgs/share/micro_ros_msgs/local_setup.bash
[2.945s] -- Up-to-date: /home/sunrise/ros2_ws/install/micro_ros_msgs/share/micro_ros_msgs/local_setup.sh
[2.946s] -- Up-to-date: /home/sunrise/ros2_ws/install/micro_ros_msgs/share/micro_ros_msgs/local_setup.zsh
[2.946s] -- Up-to-date: /home/sunrise/ros2_ws/install/micro_ros_msgs/share/micro_ros_msgs/local_setup.dsv
[2.947s] -- Installing: /home/sunrise/ros2_ws/install/micro_ros_msgs/share/micro_ros_msgs/package.dsv
[2.948s] -- Up-to-date: /home/sunrise/ros2_ws/install/micro_ros_msgs/share/ament_index/resource_index/packages/micro_ros_msgs
[2.948s] -- Up-to-date: /home/sunrise/ros2_ws/install/micro_ros_msgs/share/micro_ros_msgs/cmake/export_micro_ros_msgs__rosidl_generator_cExport.cmake
[2.949s] -- Up-to-date: /home/sunrise/ros2_ws/install/micro_ros_msgs/share/micro_ros_msgs/cmake/export_micro_ros_msgs__rosidl_generator_cExport-noconfig.cmake
[2.949s] -- Up-to-date: /home/sunrise/ros2_ws/install/micro_ros_msgs/share/micro_ros_msgs/cmake/export_micro_ros_msgs__rosidl_typesupport_fastrtps_cExport.cmake
[2.950s] -- Up-to-date: /home/sunrise/ros2_ws/install/micro_ros_msgs/share/micro_ros_msgs/cmake/export_micro_ros_msgs__rosidl_typesupport_fastrtps_cExport-noconfig.cmake
[2.951s] -- Up-to-date: /home/sunrise/ros2_ws/install/micro_ros_msgs/share/micro_ros_msgs/cmake/micro_ros_msgs__rosidl_typesupport_introspection_cExport.cmake
[2.951s] -- Up-to-date: /home/sunrise/ros2_ws/install/micro_ros_msgs/share/micro_ros_msgs/cmake/micro_ros_msgs__rosidl_typesupport_introspection_cExport-noconfig.cmake
[2.952s] -- Up-to-date: /home/sunrise/ros2_ws/install/micro_ros_msgs/share/micro_ros_msgs/cmake/micro_ros_msgs__rosidl_typesupport_cExport.cmake
[2.953s] -- Up-to-date: /home/sunrise/ros2_ws/install/micro_ros_msgs/share/micro_ros_msgs/cmake/micro_ros_msgs__rosidl_typesupport_cExport-noconfig.cmake
[2.953s] -- Up-to-date: /home/sunrise/ros2_ws/install/micro_ros_msgs/share/micro_ros_msgs/cmake/export_micro_ros_msgs__rosidl_generator_cppExport.cmake
[2.954s] -- Up-to-date: /home/sunrise/ros2_ws/install/micro_ros_msgs/share/micro_ros_msgs/cmake/export_micro_ros_msgs__rosidl_typesupport_fastrtps_cppExport.cmake
[2.954s] -- Up-to-date: /home/sunrise/ros2_ws/install/micro_ros_msgs/share/micro_ros_msgs/cmake/export_micro_ros_msgs__rosidl_typesupport_fastrtps_cppExport-noconfig.cmake
[2.955s] -- Up-to-date: /home/sunrise/ros2_ws/install/micro_ros_msgs/share/micro_ros_msgs/cmake/micro_ros_msgs__rosidl_typesupport_introspection_cppExport.cmake
[2.956s] -- Up-to-date: /home/sunrise/ros2_ws/install/micro_ros_msgs/share/micro_ros_msgs/cmake/micro_ros_msgs__rosidl_typesupport_introspection_cppExport-noconfig.cmake
[2.956s] -- Up-to-date: /home/sunrise/ros2_ws/install/micro_ros_msgs/share/micro_ros_msgs/cmake/micro_ros_msgs__rosidl_typesupport_cppExport.cmake
[2.957s] -- Up-to-date: /home/sunrise/ros2_ws/install/micro_ros_msgs/share/micro_ros_msgs/cmake/micro_ros_msgs__rosidl_typesupport_cppExport-noconfig.cmake
[2.957s] -- Up-to-date: /home/sunrise/ros2_ws/install/micro_ros_msgs/share/micro_ros_msgs/cmake/export_micro_ros_msgs__rosidl_generator_pyExport.cmake
[2.958s] -- Up-to-date: /home/sunrise/ros2_ws/install/micro_ros_msgs/share/micro_ros_msgs/cmake/export_micro_ros_msgs__rosidl_generator_pyExport-noconfig.cmake
[2.959s] -- Up-to-date: /home/sunrise/ros2_ws/install/micro_ros_msgs/share/micro_ros_msgs/cmake/rosidl_cmake-extras.cmake
[2.959s] -- Up-to-date: /home/sunrise/ros2_ws/install/micro_ros_msgs/share/micro_ros_msgs/cmake/ament_cmake_export_include_directories-extras.cmake
[2.960s] -- Up-to-date: /home/sunrise/ros2_ws/install/micro_ros_msgs/share/micro_ros_msgs/cmake/ament_cmake_export_libraries-extras.cmake
[2.961s] -- Up-to-date: /home/sunrise/ros2_ws/install/micro_ros_msgs/share/micro_ros_msgs/cmake/ament_cmake_export_targets-extras.cmake
[2.964s] -- Up-to-date: /home/sunrise/ros2_ws/install/micro_ros_msgs/share/micro_ros_msgs/cmake/rosidl_cmake_export_typesupport_targets-extras.cmake
[2.966s] -- Up-to-date: /home/sunrise/ros2_ws/install/micro_ros_msgs/share/micro_ros_msgs/cmake/ament_cmake_export_dependencies-extras.cmake
[2.967s] -- Up-to-date: /home/sunrise/ros2_ws/install/micro_ros_msgs/share/micro_ros_msgs/cmake/rosidl_cmake_export_typesupport_libraries-extras.cmake
[2.969s] -- Up-to-date: /home/sunrise/ros2_ws/install/micro_ros_msgs/share/micro_ros_msgs/cmake/micro_ros_msgsConfig.cmake
[2.970s] -- Up-to-date: /home/sunrise/ros2_ws/install/micro_ros_msgs/share/micro_ros_msgs/cmake/micro_ros_msgsConfig-version.cmake
[2.971s] -- Up-to-date: /home/sunrise/ros2_ws/install/micro_ros_msgs/share/micro_ros_msgs/package.xml
[2.973s] Invoked command in '/home/sunrise/ros2_ws/build/micro_ros_msgs' returned '0': CMAKE_PREFIX_PATH=${CMAKE_PREFIX_PATH}:/opt/ros/humble:/home/sunrise/ros2_ws/install/fishbot_description /usr/bin/cmake --install /home/sunrise/ros2_ws/build/micro_ros_msgs
