[0.165s] Invoking command in '/home/sunrise/ros2_ws/build/fishbot_bringup': CMAKE_PREFIX_PATH=${CMAKE_PREFIX_PATH}:/home/sunrise/ros2_ws/install/nav2_simple_commander:/home/sunrise/ros2_ws/install/fishbot_description:/opt/ros/humble /usr/bin/cmake --build /home/sunrise/ros2_ws/build/fishbot_bringup -- -j8 -l8
[2.146s] [100%] Built target fishbot_bringup
[2.164s] Invoked command in '/home/sunrise/ros2_ws/build/fishbot_bringup' returned '0': CMAKE_PREFIX_PATH=${CMAKE_PREFIX_PATH}:/home/sunrise/ros2_ws/install/nav2_simple_commander:/home/sunrise/ros2_ws/install/fishbot_description:/opt/ros/humble /usr/bin/cmake --build /home/sunrise/ros2_ws/build/fishbot_bringup -- -j8 -l8
[2.219s] Invoking command in '/home/sunrise/ros2_ws/build/fishbot_bringup': CMAKE_PREFIX_PATH=${CMAKE_PREFIX_PATH}:/home/sunrise/ros2_ws/install/nav2_simple_commander:/home/sunrise/ros2_ws/install/fishbot_description:/opt/ros/humble /usr/bin/cmake --install /home/sunrise/ros2_ws/build/fishbot_bringup
[2.258s] -- Install configuration: ""
[2.262s] -- Up-to-date: /home/sunrise/ros2_ws/install/fishbot_bringup/lib/fishbot_bringup/fishbot_bringup
[2.264s] -- Up-to-date: /home/sunrise/ros2_ws/install/fishbot_bringup/share/fishbot_bringup/launch
[2.265s] -- Up-to-date: /home/sunrise/ros2_ws/install/fishbot_bringup/share/fishbot_bringup/launch/fishbot_bringup.launch.py
[2.266s] -- Up-to-date: /home/sunrise/ros2_ws/install/fishbot_bringup/share/ament_index/resource_index/package_run_dependencies/fishbot_bringup
[2.266s] -- Up-to-date: /home/sunrise/ros2_ws/install/fishbot_bringup/share/ament_index/resource_index/parent_prefix_path/fishbot_bringup
[2.267s] -- Up-to-date: /home/sunrise/ros2_ws/install/fishbot_bringup/share/fishbot_bringup/environment/ament_prefix_path.sh
[2.268s] -- Up-to-date: /home/sunrise/ros2_ws/install/fishbot_bringup/share/fishbot_bringup/environment/ament_prefix_path.dsv
[2.270s] -- Up-to-date: /home/sunrise/ros2_ws/install/fishbot_bringup/share/fishbot_bringup/environment/path.sh
[2.271s] -- Up-to-date: /home/sunrise/ros2_ws/install/fishbot_bringup/share/fishbot_bringup/environment/path.dsv
[2.272s] -- Up-to-date: /home/sunrise/ros2_ws/install/fishbot_bringup/share/fishbot_bringup/local_setup.bash
[2.272s] -- Up-to-date: /home/sunrise/ros2_ws/install/fishbot_bringup/share/fishbot_bringup/local_setup.sh
[2.273s] -- Up-to-date: /home/sunrise/ros2_ws/install/fishbot_bringup/share/fishbot_bringup/local_setup.zsh
[2.274s] -- Up-to-date: /home/sunrise/ros2_ws/install/fishbot_bringup/share/fishbot_bringup/local_setup.dsv
[2.274s] -- Installing: /home/sunrise/ros2_ws/install/fishbot_bringup/share/fishbot_bringup/package.dsv
[2.275s] -- Up-to-date: /home/sunrise/ros2_ws/install/fishbot_bringup/share/ament_index/resource_index/packages/fishbot_bringup
[2.275s] -- Up-to-date: /home/sunrise/ros2_ws/install/fishbot_bringup/share/fishbot_bringup/cmake/fishbot_bringupConfig.cmake
[2.276s] -- Up-to-date: /home/sunrise/ros2_ws/install/fishbot_bringup/share/fishbot_bringup/cmake/fishbot_bringupConfig-version.cmake
[2.277s] -- Up-to-date: /home/sunrise/ros2_ws/install/fishbot_bringup/share/fishbot_bringup/package.xml
[2.282s] Invoked command in '/home/sunrise/ros2_ws/build/fishbot_bringup' returned '0': CMAKE_PREFIX_PATH=${CMAKE_PREFIX_PATH}:/home/sunrise/ros2_ws/install/nav2_simple_commander:/home/sunrise/ros2_ws/install/fishbot_description:/opt/ros/humble /usr/bin/cmake --install /home/sunrise/ros2_ws/build/fishbot_bringup
