[0.089s] Invoking command in '/home/sunrise/ros2_ws/build/micro_ros_msgs': CMAKE_PREFIX_PATH=${CMAKE_PREFIX_PATH}:/opt/ros/humble /usr/bin/cmake --build /home/sunrise/ros2_ws/build/micro_ros_msgs -- -j8 -l8
[0.316s] [  2%] Built target micro_ros_msgs__cpp
[0.321s] [ 12%] Built target micro_ros_msgs__rosidl_generator_c
[0.365s] [ 12%] Built target ament_cmake_python_copy_micro_ros_msgs
[0.433s] [ 34%] Built target micro_ros_msgs__rosidl_typesupport_introspection_cpp
[0.435s] [ 34%] Built target micro_ros_msgs__rosidl_typesupport_fastrtps_cpp
[0.444s] [ 44%] Built target micro_ros_msgs__rosidl_typesupport_cpp
[0.449s] [ 55%] Built target micro_ros_msgs__rosidl_typesupport_fastrtps_c
[0.454s] [ 65%] Built target micro_ros_msgs__rosidl_typesupport_introspection_c
[0.474s] [ 76%] Built target micro_ros_msgs__rosidl_typesupport_c
[0.579s] [ 76%] Built target micro_ros_msgs
[0.660s] [ 78%] Built target micro_ros_msgs__py
[0.759s] [ 87%] Built target micro_ros_msgs__rosidl_generator_py
[0.857s] [100%] Built target micro_ros_msgs__rosidl_typesupport_c__pyext
[0.857s] [100%] Built target micro_ros_msgs__rosidl_typesupport_introspection_c__pyext
[0.858s] [100%] Built target micro_ros_msgs__rosidl_typesupport_fastrtps_c__pyext
[1.885s] running egg_info
[1.889s] writing micro_ros_msgs.egg-info/PKG-INFO
[1.890s] writing dependency_links to micro_ros_msgs.egg-info/dependency_links.txt
[1.891s] writing top-level names to micro_ros_msgs.egg-info/top_level.txt
[1.904s] reading manifest file 'micro_ros_msgs.egg-info/SOURCES.txt'
[1.907s] writing manifest file 'micro_ros_msgs.egg-info/SOURCES.txt'
[2.114s] [100%] Built target ament_cmake_python_build_micro_ros_msgs_egg
