[0.047s] Invoking command in '/home/sunrise/ros2_ws/build/ydlidar': CMAKE_PREFIX_PATH=${CMAKE_PREFIX_PATH}:/opt/ros/humble /usr/bin/cmake /home/sunrise/ros2_ws/src/ydlidar_ros2-1.0.0-fishbot -DCMAKE_INSTALL_PREFIX=/home/sunrise/ros2_ws/install/ydlidar
[0.339s] -- The C compiler identification is GNU 11.2.0
[0.662s] -- The CXX compiler identification is GNU 11.2.0
[0.696s] -- Detecting C compiler ABI info
[1.064s] -- Detecting C compiler ABI info - done
[1.120s] -- Check for working C compiler: /usr/bin/cc - skipped
[1.121s] -- Detecting C compile features
[1.123s] -- Detecting C compile features - done
[1.137s] -- Detecting CXX compiler ABI info
[1.553s] -- Detecting CXX compiler ABI info - done
[1.620s] -- Check for working CXX compiler: /usr/bin/c++ - skipped
[1.622s] -- Detecting CXX compile features
[1.624s] -- Detecting CXX compile features - done
[1.632s] -- Found ament_cmake: 1.3.11 (/opt/ros/humble/share/ament_cmake/cmake)
[2.533s] -- Found Python3: /usr/bin/python3 (found version "3.10.12") found components: Interpreter 
[3.030s] -- Found rclcpp: 16.0.12 (/opt/ros/humble/share/rclcpp/cmake)
[3.200s] -- Found rosidl_generator_c: 3.1.6 (/opt/ros/humble/share/rosidl_generator_c/cmake)
[3.222s] -- Found rosidl_adapter: 3.1.6 (/opt/ros/humble/share/rosidl_adapter/cmake)
[3.260s] -- Found rosidl_generator_cpp: 3.1.6 (/opt/ros/humble/share/rosidl_generator_cpp/cmake)
[3.322s] -- Using all available rosidl_typesupport_c: rosidl_typesupport_fastrtps_c;rosidl_typesupport_introspection_c
[3.403s] -- Using all available rosidl_typesupport_cpp: rosidl_typesupport_fastrtps_cpp;rosidl_typesupport_introspection_cpp
[3.621s] -- Found rmw_implementation_cmake: 6.1.2 (/opt/ros/humble/share/rmw_implementation_cmake/cmake)
[3.632s] -- Found rmw_fastrtps_cpp: 6.2.7 (/opt/ros/humble/share/rmw_fastrtps_cpp/cmake)
[4.000s] -- Found OpenSSL: /usr/lib/aarch64-linux-gnu/libcrypto.so (found version "3.0.2")  
[4.121s] -- Found FastRTPS: /opt/ros/humble/include  
[4.301s] -- Using RMW implementation 'rmw_fastrtps_cpp' as default
[4.335s] -- Looking for pthread.h
[4.701s] -- Looking for pthread.h - found
[4.703s] -- Performing Test CMAKE_HAVE_LIBC_PTHREAD
[5.074s] -- Performing Test CMAKE_HAVE_LIBC_PTHREAD - Success
[5.079s] -- Found Threads: TRUE  
[5.365s] -- Found sensor_msgs: 4.8.0 (/opt/ros/humble/share/sensor_msgs/cmake)
[5.546s] -- Found visualization_msgs: 4.8.0 (/opt/ros/humble/share/visualization_msgs/cmake)
[5.690s] -- Found ament_lint_auto: 0.12.12 (/opt/ros/humble/share/ament_lint_auto/cmake)
[6.153s] -- Added test 'copyright' to check source files copyright and LICENSE
[6.240s] -- Added test 'cppcheck' to perform static code analysis on C / C++ code
[6.242s] -- Configured cppcheck include dirs: /home/sunrise/ros2_ws/src/ydlidar_ros2-1.0.0-fishbot/src;/home/sunrise/ros2_ws/src/ydlidar_ros2-1.0.0-fishbot/sdk/include;/home/sunrise/ros2_ws/src/ydlidar_ros2-1.0.0-fishbot/sdk/src
[6.243s] -- Configured cppcheck exclude dirs and/or files: 
[6.329s] -- Added test 'cpplint' to check C / C++ code against the Google style
[6.330s] -- Configured cpplint exclude dirs and/or files: 
[6.342s] -- Added test 'flake8' to check Python code syntax and style conventions
[6.365s] -- Added test 'lint_cmake' to check CMake code style
[6.377s] -- Added test 'pep257' to check Python code against some of the docstring style conventions in PEP 257
[6.463s] -- Added test 'uncrustify' to check C / C++ code style
[6.464s] -- Configured uncrustify additional arguments: 
[6.476s] -- Added test 'xmllint' to check XML markup files
[6.481s] -- Configuring done
[6.560s] -- Generating done
[6.596s] -- Build files have been written to: /home/sunrise/ros2_ws/build/ydlidar
[6.671s] Invoked command in '/home/sunrise/ros2_ws/build/ydlidar' returned '0': CMAKE_PREFIX_PATH=${CMAKE_PREFIX_PATH}:/opt/ros/humble /usr/bin/cmake /home/sunrise/ros2_ws/src/ydlidar_ros2-1.0.0-fishbot -DCMAKE_INSTALL_PREFIX=/home/sunrise/ros2_ws/install/ydlidar
[6.679s] Invoking command in '/home/sunrise/ros2_ws/build/ydlidar': CMAKE_PREFIX_PATH=${CMAKE_PREFIX_PATH}:/opt/ros/humble /usr/bin/cmake --build /home/sunrise/ros2_ws/build/ydlidar -- -j8 -l8
[6.908s] [ 18%] [32mBuilding CXX object CMakeFiles/ydlidar_node.dir/sdk/src/impl/unix/list_ports_linux.cpp.o[0m
[6.909s] [ 18%] [32mBuilding CXX object CMakeFiles/ydlidar_node.dir/sdk/src/impl/unix/unix_serial.cpp.o[0m
[6.911s] [ 45%] [32mBuilding CXX object CMakeFiles/ydlidar_node.dir/sdk/src/impl/unix/unix_timer.cpp.o[0m
[6.913s] [ 45%] [32mBuilding CXX object CMakeFiles/ydlidar_client.dir/src/ydlidar_client.cpp.o[0m
[6.915s] [ 45%] [32mBuilding CXX object CMakeFiles/ydlidar_node.dir/src/ydlidar_node.cpp.o[0m
[6.917s] [ 54%] [32mBuilding CXX object CMakeFiles/ydlidar_node.dir/sdk/src/serial.cpp.o[0m
[6.923s] [ 63%] [32mBuilding CXX object CMakeFiles/ydlidar_node.dir/sdk/src/CYdLidar.cpp.o[0m
[6.927s] [ 72%] [32mBuilding C object CMakeFiles/ydlidar_node.dir/sdk/src/lock.c.o[0m
[7.231s] [01m[K/home/sunrise/ros2_ws/src/ydlidar_ros2-1.0.0-fishbot/sdk/src/lock.c:[m[K In function ‘[01m[Kfhs_lock[m[K’:
[7.231s] [01m[K/home/sunrise/ros2_ws/src/ydlidar_ros2-1.0.0-fishbot/sdk/src/lock.c:199:40:[m[K [01;35m[Kwarning: [m[Kunused parameter ‘[01m[Kpid[m[K’ [[01;35m[K-Wunused-parameter[m[K]
[7.232s]   199 | int fhs_lock(const char *filename, [01;35m[Kint pid[m[K) {
[7.233s]       |                                    [01;35m[K~~~~^~~[m[K
[7.234s] [01m[K/home/sunrise/ros2_ws/src/ydlidar_ros2-1.0.0-fishbot/sdk/src/lock.c:[m[K In function ‘[01m[Kuucp_lock[m[K’:
[7.234s] [01m[K/home/sunrise/ros2_ws/src/ydlidar_ros2-1.0.0-fishbot/sdk/src/lock.c:281:41:[m[K [01;35m[Kwarning: [m[Kunused parameter ‘[01m[Kpid[m[K’ [[01;35m[K-Wunused-parameter[m[K]
[7.235s]   281 | int uucp_lock(const char *filename, [01;35m[Kint pid[m[K) {
[7.236s]       |                                     [01;35m[K~~~~^~~[m[K
[7.582s] [ 81%] [32mBuilding CXX object CMakeFiles/ydlidar_node.dir/sdk/src/ydlidar_driver.cpp.o[0m
[8.429s] In file included from [01m[K/home/sunrise/ros2_ws/src/ydlidar_ros2-1.0.0-fishbot/sdk/include/timer.h:2[m[K,
[8.431s]                  from [01m[K/home/sunrise/ros2_ws/src/ydlidar_ros2-1.0.0-fishbot/sdk/src/impl/unix/unix_timer.cpp:2[m[K:
[8.432s] [01m[K/home/sunrise/ros2_ws/src/ydlidar_ros2-1.0.0-fishbot/sdk/include/v8stdint.h:[m[K In function ‘[01m[Kbool ydlidar::fileExists(std::string)[m[K’:
[8.434s] [01m[K/home/sunrise/ros2_ws/src/ydlidar_ros2-1.0.0-fishbot/sdk/include/v8stdint.h:240:24:[m[K [01;35m[Kwarning: [m[Kmissing initializer for member ‘[01m[Kstat::st_ino[m[K’ [[01;35m[K-Wmissing-field-initializers[m[K]
[8.435s]   240 |   struct stat info = {0[01;35m[K}[m[K;
[8.436s]       |                        [01;35m[K^[m[K
[8.438s] [01m[K/home/sunrise/ros2_ws/src/ydlidar_ros2-1.0.0-fishbot/sdk/include/v8stdint.h:240:24:[m[K [01;35m[Kwarning: [m[Kmissing initializer for member ‘[01m[Kstat::st_mode[m[K’ [[01;35m[K-Wmissing-field-initializers[m[K]
[8.439s] [01m[K/home/sunrise/ros2_ws/src/ydlidar_ros2-1.0.0-fishbot/sdk/include/v8stdint.h:240:24:[m[K [01;35m[Kwarning: [m[Kmissing initializer for member ‘[01m[Kstat::st_nlink[m[K’ [[01;35m[K-Wmissing-field-initializers[m[K]
[8.440s] [01m[K/home/sunrise/ros2_ws/src/ydlidar_ros2-1.0.0-fishbot/sdk/include/v8stdint.h:240:24:[m[K [01;35m[Kwarning: [m[Kmissing initializer for member ‘[01m[Kstat::st_uid[m[K’ [[01;35m[K-Wmissing-field-initializers[m[K]
[8.442s] [01m[K/home/sunrise/ros2_ws/src/ydlidar_ros2-1.0.0-fishbot/sdk/include/v8stdint.h:240:24:[m[K [01;35m[Kwarning: [m[Kmissing initializer for member ‘[01m[Kstat::st_gid[m[K’ [[01;35m[K-Wmissing-field-initializers[m[K]
[8.443s] [01m[K/home/sunrise/ros2_ws/src/ydlidar_ros2-1.0.0-fishbot/sdk/include/v8stdint.h:240:24:[m[K [01;35m[Kwarning: [m[Kmissing initializer for member ‘[01m[Kstat::st_rdev[m[K’ [[01;35m[K-Wmissing-field-initializers[m[K]
[8.445s] [01m[K/home/sunrise/ros2_ws/src/ydlidar_ros2-1.0.0-fishbot/sdk/include/v8stdint.h:240:24:[m[K [01;35m[Kwarning: [m[Kmissing initializer for member ‘[01m[Kstat::__pad1[m[K’ [[01;35m[K-Wmissing-field-initializers[m[K]
[8.446s] [01m[K/home/sunrise/ros2_ws/src/ydlidar_ros2-1.0.0-fishbot/sdk/include/v8stdint.h:240:24:[m[K [01;35m[Kwarning: [m[Kmissing initializer for member ‘[01m[Kstat::st_size[m[K’ [[01;35m[K-Wmissing-field-initializers[m[K]
[8.457s] [01m[K/home/sunrise/ros2_ws/src/ydlidar_ros2-1.0.0-fishbot/sdk/include/v8stdint.h:240:24:[m[K [01;35m[Kwarning: [m[Kmissing initializer for member ‘[01m[Kstat::st_blksize[m[K’ [[01;35m[K-Wmissing-field-initializers[m[K]
[8.458s] [01m[K/home/sunrise/ros2_ws/src/ydlidar_ros2-1.0.0-fishbot/sdk/include/v8stdint.h:240:24:[m[K [01;35m[Kwarning: [m[Kmissing initializer for member ‘[01m[Kstat::__pad2[m[K’ [[01;35m[K-Wmissing-field-initializers[m[K]
[8.458s] [01m[K/home/sunrise/ros2_ws/src/ydlidar_ros2-1.0.0-fishbot/sdk/include/v8stdint.h:240:24:[m[K [01;35m[Kwarning: [m[Kmissing initializer for member ‘[01m[Kstat::st_blocks[m[K’ [[01;35m[K-Wmissing-field-initializers[m[K]
[8.459s] [01m[K/home/sunrise/ros2_ws/src/ydlidar_ros2-1.0.0-fishbot/sdk/include/v8stdint.h:240:24:[m[K [01;35m[Kwarning: [m[Kmissing initializer for member ‘[01m[Kstat::st_atim[m[K’ [[01;35m[K-Wmissing-field-initializers[m[K]
[8.460s] [01m[K/home/sunrise/ros2_ws/src/ydlidar_ros2-1.0.0-fishbot/sdk/include/v8stdint.h:240:24:[m[K [01;35m[Kwarning: [m[Kmissing initializer for member ‘[01m[Kstat::st_mtim[m[K’ [[01;35m[K-Wmissing-field-initializers[m[K]
[8.461s] [01m[K/home/sunrise/ros2_ws/src/ydlidar_ros2-1.0.0-fishbot/sdk/include/v8stdint.h:240:24:[m[K [01;35m[Kwarning: [m[Kmissing initializer for member ‘[01m[Kstat::st_ctim[m[K’ [[01;35m[K-Wmissing-field-initializers[m[K]
[8.461s] [01m[K/home/sunrise/ros2_ws/src/ydlidar_ros2-1.0.0-fishbot/sdk/include/v8stdint.h:240:24:[m[K [01;35m[Kwarning: [m[Kmissing initializer for member ‘[01m[Kstat::__glibc_reserved[m[K’ [[01;35m[K-Wmissing-field-initializers[m[K]
[9.121s] In file included from [01m[K/home/sunrise/ros2_ws/src/ydlidar_ros2-1.0.0-fishbot/sdk/include/serial.h:9[m[K,
[9.122s]                  from [01m[K/home/sunrise/ros2_ws/src/ydlidar_ros2-1.0.0-fishbot/sdk/src/impl/unix/unix_serial.h:9[m[K,
[9.123s]                  from [01m[K/home/sunrise/ros2_ws/src/ydlidar_ros2-1.0.0-fishbot/sdk/src/impl/unix/unix_serial.cpp:39[m[K:
[9.123s] [01m[K/home/sunrise/ros2_ws/src/ydlidar_ros2-1.0.0-fishbot/sdk/include/v8stdint.h:[m[K In function ‘[01m[Kbool ydlidar::fileExists(std::string)[m[K’:
[9.124s] [01m[K/home/sunrise/ros2_ws/src/ydlidar_ros2-1.0.0-fishbot/sdk/include/v8stdint.h:240:24:[m[K [01;35m[Kwarning: [m[Kmissing initializer for member ‘[01m[Kstat::st_ino[m[K’ [[01;35m[K-Wmissing-field-initializers[m[K]
[9.125s]   240 |   struct stat info = {0[01;35m[K}[m[K;
[9.125s]       |                        [01;35m[K^[m[K
[9.126s] [01m[K/home/sunrise/ros2_ws/src/ydlidar_ros2-1.0.0-fishbot/sdk/include/v8stdint.h:240:24:[m[K [01;35m[Kwarning: [m[Kmissing initializer for member ‘[01m[Kstat::st_mode[m[K’ [[01;35m[K-Wmissing-field-initializers[m[K]
[9.127s] [01m[K/home/sunrise/ros2_ws/src/ydlidar_ros2-1.0.0-fishbot/sdk/include/v8stdint.h:240:24:[m[K [01;35m[Kwarning: [m[Kmissing initializer for member ‘[01m[Kstat::st_nlink[m[K’ [[01;35m[K-Wmissing-field-initializers[m[K]
[9.128s] [01m[K/home/sunrise/ros2_ws/src/ydlidar_ros2-1.0.0-fishbot/sdk/include/v8stdint.h:240:24:[m[K [01;35m[Kwarning: [m[Kmissing initializer for member ‘[01m[Kstat::st_uid[m[K’ [[01;35m[K-Wmissing-field-initializers[m[K]
[9.129s] [01m[K/home/sunrise/ros2_ws/src/ydlidar_ros2-1.0.0-fishbot/sdk/include/v8stdint.h:240:24:[m[K [01;35m[Kwarning: [m[Kmissing initializer for member ‘[01m[Kstat::st_gid[m[K’ [[01;35m[K-Wmissing-field-initializers[m[K]
[9.130s] [01m[K/home/sunrise/ros2_ws/src/ydlidar_ros2-1.0.0-fishbot/sdk/include/v8stdint.h:240:24:[m[K [01;35m[Kwarning: [m[Kmissing initializer for member ‘[01m[Kstat::st_rdev[m[K’ [[01;35m[K-Wmissing-field-initializers[m[K]
[9.131s] [01m[K/home/sunrise/ros2_ws/src/ydlidar_ros2-1.0.0-fishbot/sdk/include/v8stdint.h:240:24:[m[K [01;35m[Kwarning: [m[Kmissing initializer for member ‘[01m[Kstat::__pad1[m[K’ [[01;35m[K-Wmissing-field-initializers[m[K]
[9.132s] [01m[K/home/sunrise/ros2_ws/src/ydlidar_ros2-1.0.0-fishbot/sdk/include/v8stdint.h:240:24:[m[K [01;35m[Kwarning: [m[Kmissing initializer for member ‘[01m[Kstat::st_size[m[K’ [[01;35m[K-Wmissing-field-initializers[m[K]
[9.133s] [01m[K/home/sunrise/ros2_ws/src/ydlidar_ros2-1.0.0-fishbot/sdk/include/v8stdint.h:240:24:[m[K [01;35m[Kwarning: [m[Kmissing initializer for member ‘[01m[Kstat::st_blksize[m[K’ [[01;35m[K-Wmissing-field-initializers[m[K]
[9.134s] [01m[K/home/sunrise/ros2_ws/src/ydlidar_ros2-1.0.0-fishbot/sdk/include/v8stdint.h:240:24:[m[K [01;35m[Kwarning: [m[Kmissing initializer for member ‘[01m[Kstat::__pad2[m[K’ [[01;35m[K-Wmissing-field-initializers[m[K]
[9.135s] [01m[K/home/sunrise/ros2_ws/src/ydlidar_ros2-1.0.0-fishbot/sdk/include/v8stdint.h:240:24:[m[K [01;35m[Kwarning: [m[Kmissing initializer for member ‘[01m[Kstat::st_blocks[m[K’ [[01;35m[K-Wmissing-field-initializers[m[K]
[9.135s] [01m[K/home/sunrise/ros2_ws/src/ydlidar_ros2-1.0.0-fishbot/sdk/include/v8stdint.h:240:24:[m[K [01;35m[Kwarning: [m[Kmissing initializer for member ‘[01m[Kstat::st_atim[m[K’ [[01;35m[K-Wmissing-field-initializers[m[K]
[9.136s] [01m[K/home/sunrise/ros2_ws/src/ydlidar_ros2-1.0.0-fishbot/sdk/include/v8stdint.h:240:24:[m[K [01;35m[Kwarning: [m[Kmissing initializer for member ‘[01m[Kstat::st_mtim[m[K’ [[01;35m[K-Wmissing-field-initializers[m[K]
[9.137s] [01m[K/home/sunrise/ros2_ws/src/ydlidar_ros2-1.0.0-fishbot/sdk/include/v8stdint.h:240:24:[m[K [01;35m[Kwarning: [m[Kmissing initializer for member ‘[01m[Kstat::st_ctim[m[K’ [[01;35m[K-Wmissing-field-initializers[m[K]
[9.138s] [01m[K/home/sunrise/ros2_ws/src/ydlidar_ros2-1.0.0-fishbot/sdk/include/v8stdint.h:240:24:[m[K [01;35m[Kwarning: [m[Kmissing initializer for member ‘[01m[Kstat::__glibc_reserved[m[K’ [[01;35m[K-Wmissing-field-initializers[m[K]
[9.173s] [01m[K/home/sunrise/ros2_ws/src/ydlidar_ros2-1.0.0-fishbot/sdk/src/impl/unix/unix_serial.cpp:[m[K In member function ‘[01m[Kbool serial::Serial::SerialImpl::setCustomBaudRate(long unsigned int)[m[K’:
[9.174s] [01m[K/home/sunrise/ros2_ws/src/ydlidar_ros2-1.0.0-fishbot/sdk/src/impl/unix/unix_serial.cpp:1235:40:[m[K [01;35m[Kwarning: [m[Kcomparison of integer expressions of different signedness: ‘[01m[Klong unsigned int[m[K’ and ‘[01m[Kint[m[K’ [[01;35m[K-Wsign-compare[m[K]
[9.175s]  1235 |   if ([01;35m[Kserial.custom_divisor * baudrate != serial.baud_base[m[K) {
[9.176s]       |       [01;35m[K~~~~~~~~~~~~~~~~~~~~~~~~~~~~~~~~~^~~~~~~~~~~~~~~~~~~[m[K
[9.454s] In file included from [01m[K/home/sunrise/ros2_ws/src/ydlidar_ros2-1.0.0-fishbot/sdk/include/serial.h:9[m[K,
[9.456s]                  from [01m[K/home/sunrise/ros2_ws/src/ydlidar_ros2-1.0.0-fishbot/sdk/src/impl/unix/list_ports_linux.cpp:26[m[K:
[9.457s] [01m[K/home/sunrise/ros2_ws/src/ydlidar_ros2-1.0.0-fishbot/sdk/include/v8stdint.h:[m[K In function ‘[01m[Kbool ydlidar::fileExists(std::string)[m[K’:
[9.459s] [01m[K/home/sunrise/ros2_ws/src/ydlidar_ros2-1.0.0-fishbot/sdk/include/v8stdint.h:240:24:[m[K [01;35m[Kwarning: [m[Kmissing initializer for member ‘[01m[Kstat::st_ino[m[K’ [[01;35m[K-Wmissing-field-initializers[m[K]
[9.460s]   240 |   struct stat info = {0[01;35m[K}[m[K;
[9.462s]       |                        [01;35m[K^[m[K
[9.464s] [01m[K/home/sunrise/ros2_ws/src/ydlidar_ros2-1.0.0-fishbot/sdk/include/v8stdint.h:240:24:[m[K [01;35m[Kwarning: [m[Kmissing initializer for member ‘[01m[Kstat::st_mode[m[K’ [[01;35m[K-Wmissing-field-initializers[m[K]
[9.466s] [01m[K/home/sunrise/ros2_ws/src/ydlidar_ros2-1.0.0-fishbot/sdk/include/v8stdint.h:240:24:[m[K [01;35m[Kwarning: [m[Kmissing initializer for member ‘[01m[Kstat::st_nlink[m[K’ [[01;35m[K-Wmissing-field-initializers[m[K]
[9.467s] [01m[K/home/sunrise/ros2_ws/src/ydlidar_ros2-1.0.0-fishbot/sdk/include/v8stdint.h:240:24:[m[K [01;35m[Kwarning: [m[Kmissing initializer for member ‘[01m[Kstat::st_uid[m[K’ [[01;35m[K-Wmissing-field-initializers[m[K]
[9.469s] [01m[K/home/sunrise/ros2_ws/src/ydlidar_ros2-1.0.0-fishbot/sdk/include/v8stdint.h:240:24:[m[K [01;35m[Kwarning: [m[Kmissing initializer for member ‘[01m[Kstat::st_gid[m[K’ [[01;35m[K-Wmissing-field-initializers[m[K]
[9.470s] [01m[K/home/sunrise/ros2_ws/src/ydlidar_ros2-1.0.0-fishbot/sdk/include/v8stdint.h:240:24:[m[K [01;35m[Kwarning: [m[Kmissing initializer for member ‘[01m[Kstat::st_rdev[m[K’ [[01;35m[K-Wmissing-field-initializers[m[K]
[9.472s] [01m[K/home/sunrise/ros2_ws/src/ydlidar_ros2-1.0.0-fishbot/sdk/include/v8stdint.h:240:24:[m[K [01;35m[Kwarning: [m[Kmissing initializer for member ‘[01m[Kstat::__pad1[m[K’ [[01;35m[K-Wmissing-field-initializers[m[K]
[9.473s] [01m[K/home/sunrise/ros2_ws/src/ydlidar_ros2-1.0.0-fishbot/sdk/include/v8stdint.h:240:24:[m[K [01;35m[Kwarning: [m[Kmissing initializer for member ‘[01m[Kstat::st_size[m[K’ [[01;35m[K-Wmissing-field-initializers[m[K]
[9.476s] [01m[K/home/sunrise/ros2_ws/src/ydlidar_ros2-1.0.0-fishbot/sdk/include/v8stdint.h:240:24:[m[K [01;35m[Kwarning: [m[Kmissing initializer for member ‘[01m[Kstat::st_blksize[m[K’ [[01;35m[K-Wmissing-field-initializers[m[K]
[9.477s] [01m[K/home/sunrise/ros2_ws/src/ydlidar_ros2-1.0.0-fishbot/sdk/include/v8stdint.h:240:24:[m[K [01;35m[Kwarning: [m[Kmissing initializer for member ‘[01m[Kstat::__pad2[m[K’ [[01;35m[K-Wmissing-field-initializers[m[K]
[9.478s] [01m[K/home/sunrise/ros2_ws/src/ydlidar_ros2-1.0.0-fishbot/sdk/include/v8stdint.h:240:24:[m[K [01;35m[Kwarning: [m[Kmissing initializer for member ‘[01m[Kstat::st_blocks[m[K’ [[01;35m[K-Wmissing-field-initializers[m[K]
[9.479s] [01m[K/home/sunrise/ros2_ws/src/ydlidar_ros2-1.0.0-fishbot/sdk/include/v8stdint.h:240:24:[m[K [01;35m[Kwarning: [m[Kmissing initializer for member ‘[01m[Kstat::st_atim[m[K’ [[01;35m[K-Wmissing-field-initializers[m[K]
[9.480s] [01m[K/home/sunrise/ros2_ws/src/ydlidar_ros2-1.0.0-fishbot/sdk/include/v8stdint.h:240:24:[m[K [01;35m[Kwarning: [m[Kmissing initializer for member ‘[01m[Kstat::st_mtim[m[K’ [[01;35m[K-Wmissing-field-initializers[m[K]
[9.481s] [01m[K/home/sunrise/ros2_ws/src/ydlidar_ros2-1.0.0-fishbot/sdk/include/v8stdint.h:240:24:[m[K [01;35m[Kwarning: [m[Kmissing initializer for member ‘[01m[Kstat::st_ctim[m[K’ [[01;35m[K-Wmissing-field-initializers[m[K]
[9.496s] [01m[K/home/sunrise/ros2_ws/src/ydlidar_ros2-1.0.0-fishbot/sdk/include/v8stdint.h:240:24:[m[K [01;35m[Kwarning: [m[Kmissing initializer for member ‘[01m[Kstat::__glibc_reserved[m[K’ [[01;35m[K-Wmissing-field-initializers[m[K]
[9.516s] [01m[K/home/sunrise/ros2_ws/src/ydlidar_ros2-1.0.0-fishbot/sdk/src/impl/unix/list_ports_linux.cpp:[m[K In function ‘[01m[Kstd::vector<std::__cxx11::basic_string<char> > glob(const std::vector<std::__cxx11::basic_string<char> >&)[m[K’:
[9.518s] [01m[K/home/sunrise/ros2_ws/src/ydlidar_ros2-1.0.0-fishbot/sdk/src/impl/unix/list_ports_linux.cpp:58:7:[m[K [01;35m[Kwarning: [m[Kvariable ‘[01m[Kglob_retval[m[K’ set but not used [[01;35m[K-Wunused-but-set-variable[m[K]
[9.519s]    58 |   int [01;35m[Kglob_retval[m[K = glob(patterns[0].c_str(), 0, NULL, &glob_results);
[9.520s]       |       [01;35m[K^~~~~~~~~~~[m[K
[10.069s] In file included from [01m[K/home/sunrise/ros2_ws/src/ydlidar_ros2-1.0.0-fishbot/sdk/include/serial.h:9[m[K,
[10.071s]                  from [01m[K/home/sunrise/ros2_ws/src/ydlidar_ros2-1.0.0-fishbot/sdk/include/ydlidar_driver.h:54[m[K,
[10.072s]                  from [01m[K/home/sunrise/ros2_ws/src/ydlidar_ros2-1.0.0-fishbot/sdk/include/CYdLidar.h:36[m[K,
[10.072s]                  from [01m[K/home/sunrise/ros2_ws/src/ydlidar_ros2-1.0.0-fishbot/sdk/src/CYdLidar.cpp:34[m[K:
[10.073s] [01m[K/home/sunrise/ros2_ws/src/ydlidar_ros2-1.0.0-fishbot/sdk/include/v8stdint.h:[m[K In function ‘[01m[Kbool ydlidar::fileExists(std::string)[m[K’:
[10.074s] [01m[K/home/sunrise/ros2_ws/src/ydlidar_ros2-1.0.0-fishbot/sdk/include/v8stdint.h:240:24:[m[K [01;35m[Kwarning: [m[Kmissing initializer for member ‘[01m[Kstat::st_ino[m[K’ [[01;35m[K-Wmissing-field-initializers[m[K]
[10.075s]   240 |   struct stat info = {0[01;35m[K}[m[K;
[10.075s]       |                        [01;35m[K^[m[K
[10.076s] [01m[K/home/sunrise/ros2_ws/src/ydlidar_ros2-1.0.0-fishbot/sdk/include/v8stdint.h:240:24:[m[K [01;35m[Kwarning: [m[Kmissing initializer for member ‘[01m[Kstat::st_mode[m[K’ [[01;35m[K-Wmissing-field-initializers[m[K]
[10.077s] [01m[K/home/sunrise/ros2_ws/src/ydlidar_ros2-1.0.0-fishbot/sdk/include/v8stdint.h:240:24:[m[K [01;35m[Kwarning: [m[Kmissing initializer for member ‘[01m[Kstat::st_nlink[m[K’ [[01;35m[K-Wmissing-field-initializers[m[K]
[10.078s] [01m[K/home/sunrise/ros2_ws/src/ydlidar_ros2-1.0.0-fishbot/sdk/include/v8stdint.h:240:24:[m[K [01;35m[Kwarning: [m[Kmissing initializer for member ‘[01m[Kstat::st_uid[m[K’ [[01;35m[K-Wmissing-field-initializers[m[K]
[10.079s] [01m[K/home/sunrise/ros2_ws/src/ydlidar_ros2-1.0.0-fishbot/sdk/include/v8stdint.h:240:24:[m[K [01;35m[Kwarning: [m[Kmissing initializer for member ‘[01m[Kstat::st_gid[m[K’ [[01;35m[K-Wmissing-field-initializers[m[K]
[10.079s] [01m[K/home/sunrise/ros2_ws/src/ydlidar_ros2-1.0.0-fishbot/sdk/include/v8stdint.h:240:24:[m[K [01;35m[Kwarning: [m[Kmissing initializer for member ‘[01m[Kstat::st_rdev[m[K’ [[01;35m[K-Wmissing-field-initializers[m[K]
[10.080s] [01m[K/home/sunrise/ros2_ws/src/ydlidar_ros2-1.0.0-fishbot/sdk/include/v8stdint.h:240:24:[m[K [01;35m[Kwarning: [m[Kmissing initializer for member ‘[01m[Kstat::__pad1[m[K’ [[01;35m[K-Wmissing-field-initializers[m[K]
[10.081s] [01m[K/home/sunrise/ros2_ws/src/ydlidar_ros2-1.0.0-fishbot/sdk/include/v8stdint.h:240:24:[m[K [01;35m[Kwarning: [m[Kmissing initializer for member ‘[01m[Kstat::st_size[m[K’ [[01;35m[K-Wmissing-field-initializers[m[K]
[10.082s] [01m[K/home/sunrise/ros2_ws/src/ydlidar_ros2-1.0.0-fishbot/sdk/include/v8stdint.h:240:24:[m[K [01;35m[Kwarning: [m[Kmissing initializer for member ‘[01m[Kstat::st_blksize[m[K’ [[01;35m[K-Wmissing-field-initializers[m[K]
[10.082s] [01m[K/home/sunrise/ros2_ws/src/ydlidar_ros2-1.0.0-fishbot/sdk/include/v8stdint.h:240:24:[m[K [01;35m[Kwarning: [m[Kmissing initializer for member ‘[01m[Kstat::__pad2[m[K’ [[01;35m[K-Wmissing-field-initializers[m[K]
[10.083s] [01m[K/home/sunrise/ros2_ws/src/ydlidar_ros2-1.0.0-fishbot/sdk/include/v8stdint.h:240:24:[m[K [01;35m[Kwarning: [m[Kmissing initializer for member ‘[01m[Kstat::st_blocks[m[K’ [[01;35m[K-Wmissing-field-initializers[m[K]
[10.084s] [01m[K/home/sunrise/ros2_ws/src/ydlidar_ros2-1.0.0-fishbot/sdk/include/v8stdint.h:240:24:[m[K [01;35m[Kwarning: [m[Kmissing initializer for member ‘[01m[Kstat::st_atim[m[K’ [[01;35m[K-Wmissing-field-initializers[m[K]
[10.085s] [01m[K/home/sunrise/ros2_ws/src/ydlidar_ros2-1.0.0-fishbot/sdk/include/v8stdint.h:240:24:[m[K [01;35m[Kwarning: [m[Kmissing initializer for member ‘[01m[Kstat::st_mtim[m[K’ [[01;35m[K-Wmissing-field-initializers[m[K]
[10.086s] [01m[K/home/sunrise/ros2_ws/src/ydlidar_ros2-1.0.0-fishbot/sdk/include/v8stdint.h:240:24:[m[K [01;35m[Kwarning: [m[Kmissing initializer for member ‘[01m[Kstat::st_ctim[m[K’ [[01;35m[K-Wmissing-field-initializers[m[K]
[10.086s] [01m[K/home/sunrise/ros2_ws/src/ydlidar_ros2-1.0.0-fishbot/sdk/include/v8stdint.h:240:24:[m[K [01;35m[Kwarning: [m[Kmissing initializer for member ‘[01m[Kstat::__glibc_reserved[m[K’ [[01;35m[K-Wmissing-field-initializers[m[K]
[10.106s] In file included from [01m[K/home/sunrise/ros2_ws/src/ydlidar_ros2-1.0.0-fishbot/sdk/include/ydlidar_driver.h:56[m[K,
[10.107s]                  from [01m[K/home/sunrise/ros2_ws/src/ydlidar_ros2-1.0.0-fishbot/sdk/include/CYdLidar.h:36[m[K,
[10.108s]                  from [01m[K/home/sunrise/ros2_ws/src/ydlidar_ros2-1.0.0-fishbot/sdk/src/CYdLidar.cpp:34[m[K:
[10.109s] [01m[K/home/sunrise/ros2_ws/src/ydlidar_ros2-1.0.0-fishbot/sdk/include/thread.h:[m[K In static member function ‘[01m[Kstatic Thread Thread::createThread(thread_proc_t, void*)[m[K’:
[10.110s] [01m[K/home/sunrise/ros2_ws/src/ydlidar_ros2-1.0.0-fishbot/sdk/include/thread.h:43:57:[m[K [01;35m[Kwarning: [m[Kcast between incompatible function types from ‘[01m[Kthread_proc_t[m[K’ {aka ‘[01m[Klong unsigned int (*)(void*)[m[K’} to ‘[01m[Kvoid* (*)(void*)[m[K’ [[01;35m[K-Wcast-function-type[m[K]
[10.111s]    43 |     pthread_create((pthread_t *)&thread_._handle, NULL, [01;35m[K(void *(*)(void *))proc[m[K,
[10.111s]       |                                                         [01;35m[K^~~~~~~~~~~~~~~~~~~~~~~[m[K
[10.130s] In file included from [01m[K/home/sunrise/ros2_ws/src/ydlidar_ros2-1.0.0-fishbot/sdk/include/ydlidar_driver.h:58[m[K,
[10.131s]                  from [01m[K/home/sunrise/ros2_ws/src/ydlidar_ros2-1.0.0-fishbot/sdk/include/CYdLidar.h:36[m[K,
[10.131s]                  from [01m[K/home/sunrise/ros2_ws/src/ydlidar_ros2-1.0.0-fishbot/sdk/src/CYdLidar.cpp:34[m[K:
[10.132s] [01m[K/home/sunrise/ros2_ws/src/ydlidar_ros2-1.0.0-fishbot/sdk/include/help_info.h:[m[K In function ‘[01m[Kbool ydlidar::isSupportMotorCtrl(int)[m[K’:
[10.133s] [01m[K/home/sunrise/ros2_ws/src/ydlidar_ros2-1.0.0-fishbot/sdk/include/help_info.h:414:8:[m[K [01;35m[Kwarning: [m[Kvariable ‘[01m[Kret[m[K’ set but not used [[01;35m[K-Wunused-but-set-variable[m[K]
[10.134s]   414 |   bool [01;35m[Kret[m[K = false;
[10.135s]       |        [01;35m[K^~~[m[K
[10.287s] In file included from [01m[K/home/sunrise/ros2_ws/src/ydlidar_ros2-1.0.0-fishbot/sdk/include/serial.h:9[m[K,
[10.288s]                  from [01m[K/home/sunrise/ros2_ws/src/ydlidar_ros2-1.0.0-fishbot/sdk/src/serial.cpp:11[m[K:
[10.289s] [01m[K/home/sunrise/ros2_ws/src/ydlidar_ros2-1.0.0-fishbot/sdk/include/v8stdint.h:[m[K In function ‘[01m[Kbool ydlidar::fileExists(std::string)[m[K’:
[10.290s] [01m[K/home/sunrise/ros2_ws/src/ydlidar_ros2-1.0.0-fishbot/sdk/include/v8stdint.h:240:24:[m[K [01;35m[Kwarning: [m[Kmissing initializer for member ‘[01m[Kstat::st_ino[m[K’ [[01;35m[K-Wmissing-field-initializers[m[K]
[10.290s]   240 |   struct stat info = {0[01;35m[K}[m[K;
[10.291s]       |                        [01;35m[K^[m[K
[10.292s] [01m[K/home/sunrise/ros2_ws/src/ydlidar_ros2-1.0.0-fishbot/sdk/include/v8stdint.h:240:24:[m[K [01;35m[Kwarning: [m[Kmissing initializer for member ‘[01m[Kstat::st_mode[m[K’ [[01;35m[K-Wmissing-field-initializers[m[K]
[10.292s] [01m[K/home/sunrise/ros2_ws/src/ydlidar_ros2-1.0.0-fishbot/sdk/include/v8stdint.h:240:24:[m[K [01;35m[Kwarning: [m[Kmissing initializer for member ‘[01m[Kstat::st_nlink[m[K’ [[01;35m[K-Wmissing-field-initializers[m[K]
[10.293s] [01m[K/home/sunrise/ros2_ws/src/ydlidar_ros2-1.0.0-fishbot/sdk/include/v8stdint.h:240:24:[m[K [01;35m[Kwarning: [m[Kmissing initializer for member ‘[01m[Kstat::st_uid[m[K’ [[01;35m[K-Wmissing-field-initializers[m[K]
[10.294s] [01m[K/home/sunrise/ros2_ws/src/ydlidar_ros2-1.0.0-fishbot/sdk/include/v8stdint.h:240:24:[m[K [01;35m[Kwarning: [m[Kmissing initializer for member ‘[01m[Kstat::st_gid[m[K’ [[01;35m[K-Wmissing-field-initializers[m[K]
[10.295s] [01m[K/home/sunrise/ros2_ws/src/ydlidar_ros2-1.0.0-fishbot/sdk/include/v8stdint.h:240:24:[m[K [01;35m[Kwarning: [m[Kmissing initializer for member ‘[01m[Kstat::st_rdev[m[K’ [[01;35m[K-Wmissing-field-initializers[m[K]
[10.295s] [01m[K/home/sunrise/ros2_ws/src/ydlidar_ros2-1.0.0-fishbot/sdk/include/v8stdint.h:240:24:[m[K [01;35m[Kwarning: [m[Kmissing initializer for member ‘[01m[Kstat::__pad1[m[K’ [[01;35m[K-Wmissing-field-initializers[m[K]
[10.296s] [01m[K/home/sunrise/ros2_ws/src/ydlidar_ros2-1.0.0-fishbot/sdk/include/v8stdint.h:240:24:[m[K [01;35m[Kwarning: [m[Kmissing initializer for member ‘[01m[Kstat::st_size[m[K’ [[01;35m[K-Wmissing-field-initializers[m[K]
[10.297s] [01m[K/home/sunrise/ros2_ws/src/ydlidar_ros2-1.0.0-fishbot/sdk/include/v8stdint.h:240:24:[m[K [01;35m[Kwarning: [m[Kmissing initializer for member ‘[01m[Kstat::st_blksize[m[K’ [[01;35m[K-Wmissing-field-initializers[m[K]
[10.298s] [01m[K/home/sunrise/ros2_ws/src/ydlidar_ros2-1.0.0-fishbot/sdk/include/v8stdint.h:240:24:[m[K [01;35m[Kwarning: [m[Kmissing initializer for member ‘[01m[Kstat::__pad2[m[K’ [[01;35m[K-Wmissing-field-initializers[m[K]
[10.298s] [01m[K/home/sunrise/ros2_ws/src/ydlidar_ros2-1.0.0-fishbot/sdk/include/v8stdint.h:240:24:[m[K [01;35m[Kwarning: [m[Kmissing initializer for member ‘[01m[Kstat::st_blocks[m[K’ [[01;35m[K-Wmissing-field-initializers[m[K]
[10.299s] [01m[K/home/sunrise/ros2_ws/src/ydlidar_ros2-1.0.0-fishbot/sdk/include/v8stdint.h:240:24:[m[K [01;35m[Kwarning: [m[Kmissing initializer for member ‘[01m[Kstat::st_atim[m[K’ [[01;35m[K-Wmissing-field-initializers[m[K]
[10.300s] [01m[K/home/sunrise/ros2_ws/src/ydlidar_ros2-1.0.0-fishbot/sdk/include/v8stdint.h:240:24:[m[K [01;35m[Kwarning: [m[Kmissing initializer for member ‘[01m[Kstat::st_mtim[m[K’ [[01;35m[K-Wmissing-field-initializers[m[K]
[10.300s] [01m[K/home/sunrise/ros2_ws/src/ydlidar_ros2-1.0.0-fishbot/sdk/include/v8stdint.h:240:24:[m[K [01;35m[Kwarning: [m[Kmissing initializer for member ‘[01m[Kstat::st_ctim[m[K’ [[01;35m[K-Wmissing-field-initializers[m[K]
[10.301s] [01m[K/home/sunrise/ros2_ws/src/ydlidar_ros2-1.0.0-fishbot/sdk/include/v8stdint.h:240:24:[m[K [01;35m[Kwarning: [m[Kmissing initializer for member ‘[01m[Kstat::__glibc_reserved[m[K’ [[01;35m[K-Wmissing-field-initializers[m[K]
[10.629s] In file included from [01m[K/home/sunrise/ros2_ws/src/ydlidar_ros2-1.0.0-fishbot/sdk/include/serial.h:9[m[K,
[10.630s]                  from [01m[K/home/sunrise/ros2_ws/src/ydlidar_ros2-1.0.0-fishbot/sdk/include/ydlidar_driver.h:54[m[K,
[10.631s]                  from [01m[K/home/sunrise/ros2_ws/src/ydlidar_ros2-1.0.0-fishbot/sdk/src/ydlidar_driver.cpp:34[m[K:
[10.632s] [01m[K/home/sunrise/ros2_ws/src/ydlidar_ros2-1.0.0-fishbot/sdk/include/v8stdint.h:[m[K In function ‘[01m[Kbool ydlidar::fileExists(std::string)[m[K’:
[10.632s] [01m[K/home/sunrise/ros2_ws/src/ydlidar_ros2-1.0.0-fishbot/sdk/include/v8stdint.h:240:24:[m[K [01;35m[Kwarning: [m[Kmissing initializer for member ‘[01m[Kstat::st_ino[m[K’ [[01;35m[K-Wmissing-field-initializers[m[K]
[10.633s]   240 |   struct stat info = {0[01;35m[K}[m[K;
[10.633s]       |                        [01;35m[K^[m[K
[10.634s] [01m[K/home/sunrise/ros2_ws/src/ydlidar_ros2-1.0.0-fishbot/sdk/include/v8stdint.h:240:24:[m[K [01;35m[Kwarning: [m[Kmissing initializer for member ‘[01m[Kstat::st_mode[m[K’ [[01;35m[K-Wmissing-field-initializers[m[K]
[10.635s] [01m[K/home/sunrise/ros2_ws/src/ydlidar_ros2-1.0.0-fishbot/sdk/include/v8stdint.h:240:24:[m[K [01;35m[Kwarning: [m[Kmissing initializer for member ‘[01m[Kstat::st_nlink[m[K’ [[01;35m[K-Wmissing-field-initializers[m[K]
[10.635s] [01m[K/home/sunrise/ros2_ws/src/ydlidar_ros2-1.0.0-fishbot/sdk/include/v8stdint.h:240:24:[m[K [01;35m[Kwarning: [m[Kmissing initializer for member ‘[01m[Kstat::st_uid[m[K’ [[01;35m[K-Wmissing-field-initializers[m[K]
[10.636s] [01m[K/home/sunrise/ros2_ws/src/ydlidar_ros2-1.0.0-fishbot/sdk/include/v8stdint.h:240:24:[m[K [01;35m[Kwarning: [m[Kmissing initializer for member ‘[01m[Kstat::st_gid[m[K’ [[01;35m[K-Wmissing-field-initializers[m[K]
[10.637s] [01m[K/home/sunrise/ros2_ws/src/ydlidar_ros2-1.0.0-fishbot/sdk/include/v8stdint.h:240:24:[m[K [01;35m[Kwarning: [m[Kmissing initializer for member ‘[01m[Kstat::st_rdev[m[K’ [[01;35m[K-Wmissing-field-initializers[m[K]
[10.637s] [01m[K/home/sunrise/ros2_ws/src/ydlidar_ros2-1.0.0-fishbot/sdk/include/v8stdint.h:240:24:[m[K [01;35m[Kwarning: [m[Kmissing initializer for member ‘[01m[Kstat::__pad1[m[K’ [[01;35m[K-Wmissing-field-initializers[m[K]
[10.638s] [01m[K/home/sunrise/ros2_ws/src/ydlidar_ros2-1.0.0-fishbot/sdk/include/v8stdint.h:240:24:[m[K [01;35m[Kwarning: [m[Kmissing initializer for member ‘[01m[Kstat::st_size[m[K’ [[01;35m[K-Wmissing-field-initializers[m[K]
[10.639s] [01m[K/home/sunrise/ros2_ws/src/ydlidar_ros2-1.0.0-fishbot/sdk/include/v8stdint.h:240:24:[m[K [01;35m[Kwarning: [m[Kmissing initializer for member ‘[01m[Kstat::st_blksize[m[K’ [[01;35m[K-Wmissing-field-initializers[m[K]
[10.639s] [01m[K/home/sunrise/ros2_ws/src/ydlidar_ros2-1.0.0-fishbot/sdk/include/v8stdint.h:240:24:[m[K [01;35m[Kwarning: [m[Kmissing initializer for member ‘[01m[Kstat::__pad2[m[K’ [[01;35m[K-Wmissing-field-initializers[m[K]
[10.640s] [01m[K/home/sunrise/ros2_ws/src/ydlidar_ros2-1.0.0-fishbot/sdk/include/v8stdint.h:240:24:[m[K [01;35m[Kwarning: [m[Kmissing initializer for member ‘[01m[Kstat::st_blocks[m[K’ [[01;35m[K-Wmissing-field-initializers[m[K]
[10.641s] [01m[K/home/sunrise/ros2_ws/src/ydlidar_ros2-1.0.0-fishbot/sdk/include/v8stdint.h:240:24:[m[K [01;35m[Kwarning: [m[Kmissing initializer for member ‘[01m[Kstat::st_atim[m[K’ [[01;35m[K-Wmissing-field-initializers[m[K]
[10.641s] [01m[K/home/sunrise/ros2_ws/src/ydlidar_ros2-1.0.0-fishbot/sdk/include/v8stdint.h:240:24:[m[K [01;35m[Kwarning: [m[Kmissing initializer for member ‘[01m[Kstat::st_mtim[m[K’ [[01;35m[K-Wmissing-field-initializers[m[K]
[10.642s] [01m[K/home/sunrise/ros2_ws/src/ydlidar_ros2-1.0.0-fishbot/sdk/include/v8stdint.h:240:24:[m[K [01;35m[Kwarning: [m[Kmissing initializer for member ‘[01m[Kstat::st_ctim[m[K’ [[01;35m[K-Wmissing-field-initializers[m[K]
[10.643s] [01m[K/home/sunrise/ros2_ws/src/ydlidar_ros2-1.0.0-fishbot/sdk/include/v8stdint.h:240:24:[m[K [01;35m[Kwarning: [m[Kmissing initializer for member ‘[01m[Kstat::__glibc_reserved[m[K’ [[01;35m[K-Wmissing-field-initializers[m[K]
[10.652s] In file included from [01m[K/home/sunrise/ros2_ws/src/ydlidar_ros2-1.0.0-fishbot/sdk/include/ydlidar_driver.h:56[m[K,
[10.654s]                  from [01m[K/home/sunrise/ros2_ws/src/ydlidar_ros2-1.0.0-fishbot/sdk/src/ydlidar_driver.cpp:34[m[K:
[10.655s] [01m[K/home/sunrise/ros2_ws/src/ydlidar_ros2-1.0.0-fishbot/sdk/include/thread.h:[m[K In static member function ‘[01m[Kstatic Thread Thread::createThread(thread_proc_t, void*)[m[K’:
[10.655s] [01m[K/home/sunrise/ros2_ws/src/ydlidar_ros2-1.0.0-fishbot/sdk/include/thread.h:43:57:[m[K [01;35m[Kwarning: [m[Kcast between incompatible function types from ‘[01m[Kthread_proc_t[m[K’ {aka ‘[01m[Klong unsigned int (*)(void*)[m[K’} to ‘[01m[Kvoid* (*)(void*)[m[K’ [[01;35m[K-Wcast-function-type[m[K]
[10.656s]    43 |     pthread_create((pthread_t *)&thread_._handle, NULL, [01;35m[K(void *(*)(void *))proc[m[K,
[10.656s]       |                                                         [01;35m[K^~~~~~~~~~~~~~~~~~~~~~~[m[K
[10.687s] In file included from [01m[K/home/sunrise/ros2_ws/src/ydlidar_ros2-1.0.0-fishbot/sdk/include/ydlidar_driver.h:58[m[K,
[10.688s]                  from [01m[K/home/sunrise/ros2_ws/src/ydlidar_ros2-1.0.0-fishbot/sdk/src/ydlidar_driver.cpp:34[m[K:
[10.689s] [01m[K/home/sunrise/ros2_ws/src/ydlidar_ros2-1.0.0-fishbot/sdk/include/help_info.h:[m[K In function ‘[01m[Kbool ydlidar::isSupportMotorCtrl(int)[m[K’:
[10.691s] [01m[K/home/sunrise/ros2_ws/src/ydlidar_ros2-1.0.0-fishbot/sdk/include/help_info.h:414:8:[m[K [01;35m[Kwarning: [m[Kvariable ‘[01m[Kret[m[K’ set but not used [[01;35m[K-Wunused-but-set-variable[m[K]
[10.692s]   414 |   bool [01;35m[Kret[m[K = false;
[10.693s]       |        [01;35m[K^~~[m[K
[10.947s] In file included from [01m[K/home/sunrise/ros2_ws/src/ydlidar_ros2-1.0.0-fishbot/sdk/src/common.h:47[m[K,
[10.948s]                  from [01m[K/home/sunrise/ros2_ws/src/ydlidar_ros2-1.0.0-fishbot/sdk/src/serial.cpp:12[m[K:
[10.949s] [01m[K/home/sunrise/ros2_ws/src/ydlidar_ros2-1.0.0-fishbot/sdk/include/thread.h:[m[K In static member function ‘[01m[Kstatic Thread Thread::createThread(thread_proc_t, void*)[m[K’:
[10.949s] [01m[K/home/sunrise/ros2_ws/src/ydlidar_ros2-1.0.0-fishbot/sdk/include/thread.h:43:57:[m[K [01;35m[Kwarning: [m[Kcast between incompatible function types from ‘[01m[Kthread_proc_t[m[K’ {aka ‘[01m[Klong unsigned int (*)(void*)[m[K’} to ‘[01m[Kvoid* (*)(void*)[m[K’ [[01;35m[K-Wcast-function-type[m[K]
[10.950s]    43 |     pthread_create((pthread_t *)&thread_._handle, NULL, [01;35m[K(void *(*)(void *))proc[m[K,
[10.951s]       |                                                         [01;35m[K^~~~~~~~~~~~~~~~~~~~~~~[m[K
[11.115s] [01m[K/home/sunrise/ros2_ws/src/ydlidar_ros2-1.0.0-fishbot/sdk/src/ydlidar_driver.cpp:[m[K In member function ‘[01m[Kresult_t ydlidar::YDlidarDriver::waitPackage(node_info*, uint32_t)[m[K’:
[11.116s] [01m[K/home/sunrise/ros2_ws/src/ydlidar_ros2-1.0.0-fishbot/sdk/src/ydlidar_driver.cpp:992:95:[m[K [01;35m[Kwarning: [m[Ksuggest parentheses around arithmetic in operand of ‘[01m[K|[m[K’ [[01;35m[K-Wparentheses[m[K]
[11.117s]   992 |                                          [01;35m[Kpackages.packageSampleDistance[package_Sample_Index] &[m[K
[11.118s]       |                                          [01;35m[K~~~~~~~~~~~~~~~~~~~~~~~~~~~~~~~~~~~~~~~~~~~~~~~~~~~~~^[m[K
[11.119s]   993 | [01;35m[K                                         0x0003[m[K)) << LIDAR_RESP_MEASUREMENT_QUALITY_SHIFT;
[11.120s]       |                                          [01;35m[K~~~~~~[m[K                                                
[11.320s] [01m[K/home/sunrise/ros2_ws/src/ydlidar_ros2-1.0.0-fishbot/sdk/src/CYdLidar.cpp:[m[K In member function ‘[01m[Kbool CYdLidar::doProcessSimple(LaserScan&, bool&)[m[K’:
[11.320s] [01m[K/home/sunrise/ros2_ws/src/ydlidar_ros2-1.0.0-fishbot/sdk/src/CYdLidar.cpp:216:23:[m[K [01;35m[Kwarning: [m[Kcomparison of integer expressions of different signedness: ‘[01m[Kint[m[K’ and ‘[01m[Ksize_t[m[K’ {aka ‘[01m[Klong unsigned int[m[K’} [[01;35m[K-Wsign-compare[m[K]
[11.321s]   216 |     for (int i = 0; [01;35m[Ki < count[m[K; i++) {
[11.322s]       |                     [01;35m[K~~^~~~~~~[m[K
[12.203s] In file included from [01m[K/home/sunrise/ros2_ws/src/ydlidar_ros2-1.0.0-fishbot/sdk/include/ydlidar_driver.h:58[m[K,
[12.203s]                  from [01m[K/home/sunrise/ros2_ws/src/ydlidar_ros2-1.0.0-fishbot/sdk/include/CYdLidar.h:36[m[K,
[12.204s]                  from [01m[K/home/sunrise/ros2_ws/src/ydlidar_ros2-1.0.0-fishbot/sdk/src/CYdLidar.cpp:34[m[K:
[12.205s] [01m[K/home/sunrise/ros2_ws/src/ydlidar_ros2-1.0.0-fishbot/sdk/include/help_info.h:[m[K In function ‘[01m[Kbool ydlidar::ParseLaserDebugInfo(const LaserDebug&, device_info&)[m[K’:
[12.206s] [01m[K/home/sunrise/ros2_ws/src/ydlidar_ros2-1.0.0-fishbot/sdk/include/help_info.h:679:67:[m[K [01;35m[Kwarning: [m[K‘[01m[Ksprintf[m[K’ writing a terminating nul past the end of the destination [[01;35m[K-Wformat-overflow=[m[K]
[12.206s]   679 |       sprintf(reinterpret_cast<char *>(value.serialnum + 8), "%08d[01;35m[K"[m[K, Number);
[12.207s]       |                                                                   [01;35m[K^[m[K
[12.208s] [01m[K/home/sunrise/ros2_ws/src/ydlidar_ros2-1.0.0-fishbot/sdk/include/help_info.h:679:14:[m[K [01;36m[Knote: [m[K‘[01m[Ksprintf[m[K’ output 9 bytes into a destination of size 8
[12.209s]   679 |       [01;36m[Ksprintf(reinterpret_cast<char *>(value.serialnum + 8), "%08d", Number)[m[K;
[12.209s]       |       [01;36m[K~~~~~~~^~~~~~~~~~~~~~~~~~~~~~~~~~~~~~~~~~~~~~~~~~~~~~~~~~~~~~~~~~~~~~~[m[K
[25.227s] In file included from [01m[K/home/sunrise/ros2_ws/src/ydlidar_ros2-1.0.0-fishbot/sdk/include/serial.h:9[m[K,
[25.228s]                  from [01m[K/home/sunrise/ros2_ws/src/ydlidar_ros2-1.0.0-fishbot/sdk/include/ydlidar_driver.h:54[m[K,
[25.228s]                  from [01m[K/home/sunrise/ros2_ws/src/ydlidar_ros2-1.0.0-fishbot/sdk/include/CYdLidar.h:36[m[K,
[25.229s]                  from [01m[K/home/sunrise/ros2_ws/src/ydlidar_ros2-1.0.0-fishbot/src/ydlidar_node.cpp:26[m[K:
[25.229s] [01m[K/home/sunrise/ros2_ws/src/ydlidar_ros2-1.0.0-fishbot/sdk/include/v8stdint.h:[m[K In function ‘[01m[Kbool ydlidar::fileExists(std::string)[m[K’:
[25.229s] [01m[K/home/sunrise/ros2_ws/src/ydlidar_ros2-1.0.0-fishbot/sdk/include/v8stdint.h:240:24:[m[K [01;35m[Kwarning: [m[Kmissing initializer for member ‘[01m[Kstat::st_ino[m[K’ [[01;35m[K-Wmissing-field-initializers[m[K]
[25.230s]   240 |   struct stat info = {0[01;35m[K}[m[K;
[25.230s]       |                        [01;35m[K^[m[K
[25.231s] [01m[K/home/sunrise/ros2_ws/src/ydlidar_ros2-1.0.0-fishbot/sdk/include/v8stdint.h:240:24:[m[K [01;35m[Kwarning: [m[Kmissing initializer for member ‘[01m[Kstat::st_mode[m[K’ [[01;35m[K-Wmissing-field-initializers[m[K]
[25.231s] [01m[K/home/sunrise/ros2_ws/src/ydlidar_ros2-1.0.0-fishbot/sdk/include/v8stdint.h:240:24:[m[K [01;35m[Kwarning: [m[Kmissing initializer for member ‘[01m[Kstat::st_nlink[m[K’ [[01;35m[K-Wmissing-field-initializers[m[K]
[25.232s] [01m[K/home/sunrise/ros2_ws/src/ydlidar_ros2-1.0.0-fishbot/sdk/include/v8stdint.h:240:24:[m[K [01;35m[Kwarning: [m[Kmissing initializer for member ‘[01m[Kstat::st_uid[m[K’ [[01;35m[K-Wmissing-field-initializers[m[K]
[25.232s] [01m[K/home/sunrise/ros2_ws/src/ydlidar_ros2-1.0.0-fishbot/sdk/include/v8stdint.h:240:24:[m[K [01;35m[Kwarning: [m[Kmissing initializer for member ‘[01m[Kstat::st_gid[m[K’ [[01;35m[K-Wmissing-field-initializers[m[K]
[25.233s] [01m[K/home/sunrise/ros2_ws/src/ydlidar_ros2-1.0.0-fishbot/sdk/include/v8stdint.h:240:24:[m[K [01;35m[Kwarning: [m[Kmissing initializer for member ‘[01m[Kstat::st_rdev[m[K’ [[01;35m[K-Wmissing-field-initializers[m[K]
[25.233s] [01m[K/home/sunrise/ros2_ws/src/ydlidar_ros2-1.0.0-fishbot/sdk/include/v8stdint.h:240:24:[m[K [01;35m[Kwarning: [m[Kmissing initializer for member ‘[01m[Kstat::__pad1[m[K’ [[01;35m[K-Wmissing-field-initializers[m[K]
[25.234s] [01m[K/home/sunrise/ros2_ws/src/ydlidar_ros2-1.0.0-fishbot/sdk/include/v8stdint.h:240:24:[m[K [01;35m[Kwarning: [m[Kmissing initializer for member ‘[01m[Kstat::st_size[m[K’ [[01;35m[K-Wmissing-field-initializers[m[K]
[25.234s] [01m[K/home/sunrise/ros2_ws/src/ydlidar_ros2-1.0.0-fishbot/sdk/include/v8stdint.h:240:24:[m[K [01;35m[Kwarning: [m[Kmissing initializer for member ‘[01m[Kstat::st_blksize[m[K’ [[01;35m[K-Wmissing-field-initializers[m[K]
[25.235s] [01m[K/home/sunrise/ros2_ws/src/ydlidar_ros2-1.0.0-fishbot/sdk/include/v8stdint.h:240:24:[m[K [01;35m[Kwarning: [m[Kmissing initializer for member ‘[01m[Kstat::__pad2[m[K’ [[01;35m[K-Wmissing-field-initializers[m[K]
[25.235s] [01m[K/home/sunrise/ros2_ws/src/ydlidar_ros2-1.0.0-fishbot/sdk/include/v8stdint.h:240:24:[m[K [01;35m[Kwarning: [m[Kmissing initializer for member ‘[01m[Kstat::st_blocks[m[K’ [[01;35m[K-Wmissing-field-initializers[m[K]
[25.235s] [01m[K/home/sunrise/ros2_ws/src/ydlidar_ros2-1.0.0-fishbot/sdk/include/v8stdint.h:240:24:[m[K [01;35m[Kwarning: [m[Kmissing initializer for member ‘[01m[Kstat::st_atim[m[K’ [[01;35m[K-Wmissing-field-initializers[m[K]
[25.236s] [01m[K/home/sunrise/ros2_ws/src/ydlidar_ros2-1.0.0-fishbot/sdk/include/v8stdint.h:240:24:[m[K [01;35m[Kwarning: [m[Kmissing initializer for member ‘[01m[Kstat::st_mtim[m[K’ [[01;35m[K-Wmissing-field-initializers[m[K]
[25.236s] [01m[K/home/sunrise/ros2_ws/src/ydlidar_ros2-1.0.0-fishbot/sdk/include/v8stdint.h:240:24:[m[K [01;35m[Kwarning: [m[Kmissing initializer for member ‘[01m[Kstat::st_ctim[m[K’ [[01;35m[K-Wmissing-field-initializers[m[K]
[25.237s] [01m[K/home/sunrise/ros2_ws/src/ydlidar_ros2-1.0.0-fishbot/sdk/include/v8stdint.h:240:24:[m[K [01;35m[Kwarning: [m[Kmissing initializer for member ‘[01m[Kstat::__glibc_reserved[m[K’ [[01;35m[K-Wmissing-field-initializers[m[K]
[25.245s] In file included from [01m[K/home/sunrise/ros2_ws/src/ydlidar_ros2-1.0.0-fishbot/sdk/include/ydlidar_driver.h:56[m[K,
[25.246s]                  from [01m[K/home/sunrise/ros2_ws/src/ydlidar_ros2-1.0.0-fishbot/sdk/include/CYdLidar.h:36[m[K,
[25.247s]                  from [01m[K/home/sunrise/ros2_ws/src/ydlidar_ros2-1.0.0-fishbot/src/ydlidar_node.cpp:26[m[K:
[25.247s] [01m[K/home/sunrise/ros2_ws/src/ydlidar_ros2-1.0.0-fishbot/sdk/include/thread.h:[m[K In static member function ‘[01m[Kstatic Thread Thread::createThread(thread_proc_t, void*)[m[K’:
[25.248s] [01m[K/home/sunrise/ros2_ws/src/ydlidar_ros2-1.0.0-fishbot/sdk/include/thread.h:43:57:[m[K [01;35m[Kwarning: [m[Kcast between incompatible function types from ‘[01m[Kthread_proc_t[m[K’ {aka ‘[01m[Klong unsigned int (*)(void*)[m[K’} to ‘[01m[Kvoid* (*)(void*)[m[K’ [[01;35m[K-Wcast-function-type[m[K]
[25.248s]    43 |     pthread_create((pthread_t *)&thread_._handle, NULL, [01;35m[K(void *(*)(void *))proc[m[K,
[25.249s]       |                                                         [01;35m[K^~~~~~~~~~~~~~~~~~~~~~~[m[K
[25.275s] In file included from [01m[K/home/sunrise/ros2_ws/src/ydlidar_ros2-1.0.0-fishbot/sdk/include/ydlidar_driver.h:58[m[K,
[25.275s]                  from [01m[K/home/sunrise/ros2_ws/src/ydlidar_ros2-1.0.0-fishbot/sdk/include/CYdLidar.h:36[m[K,
[25.276s]                  from [01m[K/home/sunrise/ros2_ws/src/ydlidar_ros2-1.0.0-fishbot/src/ydlidar_node.cpp:26[m[K:
[25.276s] [01m[K/home/sunrise/ros2_ws/src/ydlidar_ros2-1.0.0-fishbot/sdk/include/help_info.h:[m[K In function ‘[01m[Kbool ydlidar::isSupportMotorCtrl(int)[m[K’:
[25.277s] [01m[K/home/sunrise/ros2_ws/src/ydlidar_ros2-1.0.0-fishbot/sdk/include/help_info.h:414:8:[m[K [01;35m[Kwarning: [m[Kvariable ‘[01m[Kret[m[K’ set but not used [[01;35m[K-Wunused-but-set-variable[m[K]
[25.277s]   414 |   bool [01;35m[Kret[m[K = false;
[25.278s]       |        [01;35m[K^~~[m[K
[25.425s] [01m[K/home/sunrise/ros2_ws/src/ydlidar_ros2-1.0.0-fishbot/src/ydlidar_node.cpp:[m[K In function ‘[01m[Kint main(int, char**)[m[K’:
[25.425s] [01m[K/home/sunrise/ros2_ws/src/ydlidar_ros2-1.0.0-fishbot/src/ydlidar_node.cpp:222:25:[m[K [01;35m[Kwarning: [m[Kcomparison of integer expressions of different signedness: ‘[01m[Kint[m[K’ and ‘[01m[Kstd::vector<LaserPoint>::size_type[m[K’ {aka ‘[01m[Klong unsigned int[m[K’} [[01;35m[K-Wsign-compare[m[K]
[25.426s]   222 |       for (int i = 0; [01;35m[Ki < scan.points.size()[m[K; i++)
[25.426s]       |                       [01;35m[K~~^~~~~~~~~~~~~~~~~~~~[m[K
[37.891s] [ 90%] [32m[1mLinking CXX executable ydlidar_node[0m
[39.606s] [ 90%] Built target ydlidar_node
[58.770s] [100%] [32m[1mLinking CXX executable ydlidar_client[0m
[62.013s] [100%] Built target ydlidar_client
