[4.217s] Invoking command in '/home/sunrise/ros2_ws/src/navigation2/nav2_simple_commander': CMAKE_PREFIX_PATH=/home/sunrise/ros2_ws/install/nav2_msgs:/home/sunrise/ros2_ws/install/nav2_common:/home/sunrise/ros2_ws/install/ydlidar:/home/sunrise/ros2_ws/install/dwb_msgs:/home/sunrise/ros2_ws/install/nav_2d_msgs:/home/sunrise/ros2_ws/install/nav2_voxel_grid:/home/sunrise/ros2_ws/install/microxrcedds_agent:/home/sunrise/ros2_ws/install/micro_ros_agent:/home/sunrise/ros2_ws/install/micro_ros_msgs:/home/sunrise/ros2_ws/install/fishbot_bringup LD_LIBRARY_PATH=/home/sunrise/ros2_ws/install/nav2_msgs/lib:/home/sunrise/ros2_ws/install/dwb_msgs/lib:/home/sunrise/ros2_ws/install/nav_2d_msgs/lib:/home/sunrise/ros2_ws/install/nav2_voxel_grid/lib:/home/sunrise/ros2_ws/install/microxrcedds_agent/lib:/home/sunrise/ros2_ws/install/micro_ros_agent/lib:/home/sunrise/ros2_ws/install/micro_ros_msgs/lib:/usr/hobot/lib:/app/lib:/app/pub/lib:/middleware/lib:/middleware/pub/lib:/usr/hobot/lib/sensor:/system/lib:/system/usr/lib:/lib:/opt/ros/humble/opt/rviz_ogre_vendor/lib:/opt/ros/humble/lib/aarch64-linux-gnu:/opt/ros/humble/lib:/usr/hobot/lib:/app/lib:/app/pub/lib:/middleware/lib:/middleware/pub/lib:/usr/hobot/lib/sensor:/system/lib:/system/usr/lib:/lib PYTHONPATH=/home/sunrise/ros2_ws/build/nav2_simple_commander/prefix_override:/usr/lib/python3/dist-packages/colcon_core/task/python/colcon_distutils_commands:/home/sunrise/ros2_ws/install/nav2_simple_commander/lib/python3.10/site-packages:${PYTHONPATH} /usr/bin/python3 -W ignore:setup.py install is deprecated -W ignore:easy_install command is deprecated setup.py egg_info --egg-base ../../../build/nav2_simple_commander build --build-base /home/sunrise/ros2_ws/build/nav2_simple_commander/build install --record /home/sunrise/ros2_ws/build/nav2_simple_commander/install.log --single-version-externally-managed install_data
[5.753s] running egg_info
[5.757s] writing ../../../build/nav2_simple_commander/nav2_simple_commander.egg-info/PKG-INFO
[5.758s] writing dependency_links to ../../../build/nav2_simple_commander/nav2_simple_commander.egg-info/dependency_links.txt
[5.759s] writing entry points to ../../../build/nav2_simple_commander/nav2_simple_commander.egg-info/entry_points.txt
[5.760s] writing requirements to ../../../build/nav2_simple_commander/nav2_simple_commander.egg-info/requires.txt
[5.760s] writing top-level names to ../../../build/nav2_simple_commander/nav2_simple_commander.egg-info/top_level.txt
[5.771s] reading manifest file '../../../build/nav2_simple_commander/nav2_simple_commander.egg-info/SOURCES.txt'
[5.778s] writing manifest file '../../../build/nav2_simple_commander/nav2_simple_commander.egg-info/SOURCES.txt'
[5.778s] running build
[5.779s] running build_py
[5.783s] running install
[5.785s] running install_lib
[5.793s] running install_data
[5.795s] running install_egg_info
[5.813s] removing '/home/sunrise/ros2_ws/install/nav2_simple_commander/lib/python3.10/site-packages/nav2_simple_commander-1.0.0-py3.10.egg-info' (and everything under it)
[5.814s] Copying ../../../build/nav2_simple_commander/nav2_simple_commander.egg-info to /home/sunrise/ros2_ws/install/nav2_simple_commander/lib/python3.10/site-packages/nav2_simple_commander-1.0.0-py3.10.egg-info
[5.818s] running install_scripts
[5.927s] Installing demo_inspection script to /home/sunrise/ros2_ws/install/nav2_simple_commander/lib/nav2_simple_commander
[5.927s] Installing demo_picking script to /home/sunrise/ros2_ws/install/nav2_simple_commander/lib/nav2_simple_commander
[5.928s] Installing demo_recoveries script to /home/sunrise/ros2_ws/install/nav2_simple_commander/lib/nav2_simple_commander
[5.928s] Installing demo_security script to /home/sunrise/ros2_ws/install/nav2_simple_commander/lib/nav2_simple_commander
[5.929s] Installing example_follow_path script to /home/sunrise/ros2_ws/install/nav2_simple_commander/lib/nav2_simple_commander
[5.930s] Installing example_nav_through_poses script to /home/sunrise/ros2_ws/install/nav2_simple_commander/lib/nav2_simple_commander
[5.930s] Installing example_nav_to_pose script to /home/sunrise/ros2_ws/install/nav2_simple_commander/lib/nav2_simple_commander
[5.931s] Installing example_waypoint_follower script to /home/sunrise/ros2_ws/install/nav2_simple_commander/lib/nav2_simple_commander
[5.933s] writing list of installed files to '/home/sunrise/ros2_ws/build/nav2_simple_commander/install.log'
