[0.182s] Invoking command in '/home/sunrise/ros2_ws/build/nav2_common': CMAKE_PREFIX_PATH=/opt/ros/humble /usr/bin/cmake /home/sunrise/ros2_ws/src/navigation2/nav2_common -DCMAKE_INSTALL_PREFIX=/home/sunrise/ros2_ws/install/nav2_common
[2.281s] -- Found ament_cmake_core: 1.3.11 (/opt/ros/humble/share/ament_cmake_core/cmake)
[2.283s] -- Found Python3: /usr/bin/python3 (found version "3.10.12") found components: Interpreter 
[2.284s] -- Found ament_cmake_python: 1.3.11 (/opt/ros/humble/share/ament_cmake_python/cmake)
[3.309s] -- Configuring done
[3.335s] -- Generating done
[3.338s] -- Build files have been written to: /home/sunrise/ros2_ws/build/nav2_common
[3.472s] Invoked command in '/home/sunrise/ros2_ws/build/nav2_common' returned '0': CMAKE_PREFIX_PATH=/opt/ros/humble /usr/bin/cmake /home/sunrise/ros2_ws/src/navigation2/nav2_common -DCMAKE_INSTALL_PREFIX=/home/sunrise/ros2_ws/install/nav2_common
[3.478s] Invoking command in '/home/sunrise/ros2_ws/build/nav2_common': CMAKE_PREFIX_PATH=/opt/ros/humble /usr/bin/cmake --build /home/sunrise/ros2_ws/build/nav2_common -- -j8 -l8
[3.773s] Built target ament_cmake_python_copy_nav2_common
[5.418s] running egg_info
[5.421s] creating nav2_common.egg-info
[5.423s] writing nav2_common.egg-info/PKG-INFO
[5.424s] writing dependency_links to nav2_common.egg-info/dependency_links.txt
[5.426s] writing top-level names to nav2_common.egg-info/top_level.txt
[5.427s] writing manifest file 'nav2_common.egg-info/SOURCES.txt'
[5.440s] reading manifest file 'nav2_common.egg-info/SOURCES.txt'
[5.443s] writing manifest file 'nav2_common.egg-info/SOURCES.txt'
[5.669s] Built target ament_cmake_python_build_nav2_common_egg
[5.717s] Invoked command in '/home/sunrise/ros2_ws/build/nav2_common' returned '0': CMAKE_PREFIX_PATH=/opt/ros/humble /usr/bin/cmake --build /home/sunrise/ros2_ws/build/nav2_common -- -j8 -l8
[5.722s] Invoking command in '/home/sunrise/ros2_ws/build/nav2_common': CMAKE_PREFIX_PATH=/opt/ros/humble /usr/bin/cmake --install /home/sunrise/ros2_ws/build/nav2_common
[5.755s] -- Install configuration: ""
[5.756s] -- Installing: /home/sunrise/ros2_ws/install/nav2_common/share/nav2_common/environment/pythonpath.sh
[5.757s] -- Installing: /home/sunrise/ros2_ws/install/nav2_common/share/nav2_common/environment/pythonpath.dsv
[5.758s] -- Installing: /home/sunrise/ros2_ws/install/nav2_common/local/lib/python3.10/dist-packages/nav2_common-1.1.0-py3.10.egg-info
[5.758s] -- Installing: /home/sunrise/ros2_ws/install/nav2_common/local/lib/python3.10/dist-packages/nav2_common-1.1.0-py3.10.egg-info/PKG-INFO
[5.759s] -- Installing: /home/sunrise/ros2_ws/install/nav2_common/local/lib/python3.10/dist-packages/nav2_common-1.1.0-py3.10.egg-info/SOURCES.txt
[5.759s] -- Installing: /home/sunrise/ros2_ws/install/nav2_common/local/lib/python3.10/dist-packages/nav2_common-1.1.0-py3.10.egg-info/top_level.txt
[5.760s] -- Installing: /home/sunrise/ros2_ws/install/nav2_common/local/lib/python3.10/dist-packages/nav2_common-1.1.0-py3.10.egg-info/dependency_links.txt
[5.761s] -- Installing: /home/sunrise/ros2_ws/install/nav2_common/local/lib/python3.10/dist-packages/nav2_common
[5.761s] -- Installing: /home/sunrise/ros2_ws/install/nav2_common/local/lib/python3.10/dist-packages/nav2_common/__init__.py
[5.762s] -- Installing: /home/sunrise/ros2_ws/install/nav2_common/local/lib/python3.10/dist-packages/nav2_common/launch
[5.762s] -- Installing: /home/sunrise/ros2_ws/install/nav2_common/local/lib/python3.10/dist-packages/nav2_common/launch/rewritten_yaml.py
[5.763s] -- Installing: /home/sunrise/ros2_ws/install/nav2_common/local/lib/python3.10/dist-packages/nav2_common/launch/replace_string.py
[5.763s] -- Installing: /home/sunrise/ros2_ws/install/nav2_common/local/lib/python3.10/dist-packages/nav2_common/launch/__init__.py
[5.764s] -- Installing: /home/sunrise/ros2_ws/install/nav2_common/local/lib/python3.10/dist-packages/nav2_common/launch/has_node_params.py
[5.959s] Listing '/home/sunrise/ros2_ws/install/nav2_common/local/lib/python3.10/dist-packages/nav2_common'...
[5.960s] Compiling '/home/sunrise/ros2_ws/install/nav2_common/local/lib/python3.10/dist-packages/nav2_common/__init__.py'...
[5.960s] Listing '/home/sunrise/ros2_ws/install/nav2_common/local/lib/python3.10/dist-packages/nav2_common/launch'...
[5.961s] Compiling '/home/sunrise/ros2_ws/install/nav2_common/local/lib/python3.10/dist-packages/nav2_common/launch/__init__.py'...
[5.961s] Compiling '/home/sunrise/ros2_ws/install/nav2_common/local/lib/python3.10/dist-packages/nav2_common/launch/has_node_params.py'...
[5.962s] Compiling '/home/sunrise/ros2_ws/install/nav2_common/local/lib/python3.10/dist-packages/nav2_common/launch/replace_string.py'...
[5.962s] Compiling '/home/sunrise/ros2_ws/install/nav2_common/local/lib/python3.10/dist-packages/nav2_common/launch/rewritten_yaml.py'...
[6.013s] -- Installing: /home/sunrise/ros2_ws/install/nav2_common/share/ament_index/resource_index/package_run_dependencies/nav2_common
[6.014s] -- Installing: /home/sunrise/ros2_ws/install/nav2_common/share/ament_index/resource_index/parent_prefix_path/nav2_common
[6.015s] -- Installing: /home/sunrise/ros2_ws/install/nav2_common/share/nav2_common/environment/ament_prefix_path.sh
[6.015s] -- Installing: /home/sunrise/ros2_ws/install/nav2_common/share/nav2_common/environment/ament_prefix_path.dsv
[6.016s] -- Installing: /home/sunrise/ros2_ws/install/nav2_common/share/nav2_common/environment/path.sh
[6.017s] -- Installing: /home/sunrise/ros2_ws/install/nav2_common/share/nav2_common/environment/path.dsv
[6.018s] -- Installing: /home/sunrise/ros2_ws/install/nav2_common/share/nav2_common/local_setup.bash
[6.019s] -- Installing: /home/sunrise/ros2_ws/install/nav2_common/share/nav2_common/local_setup.sh
[6.019s] -- Installing: /home/sunrise/ros2_ws/install/nav2_common/share/nav2_common/local_setup.zsh
[6.020s] -- Installing: /home/sunrise/ros2_ws/install/nav2_common/share/nav2_common/local_setup.dsv
[6.021s] -- Installing: /home/sunrise/ros2_ws/install/nav2_common/share/nav2_common/package.dsv
[6.022s] -- Installing: /home/sunrise/ros2_ws/install/nav2_common/share/ament_index/resource_index/packages/nav2_common
[6.023s] -- Installing: /home/sunrise/ros2_ws/install/nav2_common/share/nav2_common/cmake/nav2_common-extras.cmake
[6.023s] -- Installing: /home/sunrise/ros2_ws/install/nav2_common/share/nav2_common/cmake/nav2_commonConfig.cmake
[6.024s] -- Installing: /home/sunrise/ros2_ws/install/nav2_common/share/nav2_common/cmake/nav2_commonConfig-version.cmake
[6.025s] -- Installing: /home/sunrise/ros2_ws/install/nav2_common/share/nav2_common/package.xml
[6.026s] -- Up-to-date: /home/sunrise/ros2_ws/install/nav2_common/share/nav2_common/cmake
[6.026s] -- Installing: /home/sunrise/ros2_ws/install/nav2_common/share/nav2_common/cmake/nav2_package.cmake
[6.038s] Invoked command in '/home/sunrise/ros2_ws/build/nav2_common' returned '0': CMAKE_PREFIX_PATH=/opt/ros/humble /usr/bin/cmake --install /home/sunrise/ros2_ws/build/nav2_common
