[0.604s] DEBUG:colcon:Command line arguments: ['/usr/bin/colcon', 'build']
[0.604s] DEBUG:colcon:Parsed command line arguments: Namespace(log_base=None, log_level=None, verb_name='build', build_base='build', install_base='install', merge_install=False, symlink_install=False, test_result_base=None, continue_on_error=False, executor='parallel', parallel_workers=8, event_handlers=None, ignore_user_meta=False, metas=['./colcon.meta'], base_paths=['.'], packages_ignore=None, packages_ignore_regex=None, paths=None, packages_up_to=None, packages_up_to_regex=None, packages_above=None, packages_above_and_dependencies=None, packages_above_depth=None, packages_select_by_dep=None, packages_skip_by_dep=None, packages_skip_up_to=None, packages_select_build_failed=False, packages_skip_build_finished=False, packages_select_test_failures=False, packages_skip_test_passed=False, packages_select=None, packages_skip=None, packages_select_regex=None, packages_skip_regex=None, packages_start=None, packages_end=None, allow_overriding=[], cmake_args=None, cmake_target=None, cmake_target_skip_unavailable=False, cmake_clean_cache=False, cmake_clean_first=False, cmake_force_configure=False, ament_cmake_args=None, catkin_cmake_args=None, catkin_skip_building_tests=False, verb_parser=<colcon_defaults.argument_parser.defaults.DefaultArgumentsDecorator object at 0xffffb75fbd90>, verb_extension=<colcon_core.verb.build.BuildVerb object at 0xffffb75fb850>, main=<bound method BuildVerb.main of <colcon_core.verb.build.BuildVerb object at 0xffffb75fb850>>)
[1.637s] Level 1:colcon.colcon_core.package_discovery:discover_packages(colcon_meta) check parameters
[1.638s] Level 1:colcon.colcon_core.package_discovery:discover_packages(recursive) check parameters
[1.638s] Level 1:colcon.colcon_core.package_discovery:discover_packages(ignore) check parameters
[1.638s] Level 1:colcon.colcon_core.package_discovery:discover_packages(path) check parameters
[1.638s] Level 1:colcon.colcon_core.package_discovery:discover_packages(colcon_meta) discover
[1.639s] Level 1:colcon.colcon_core.package_discovery:discover_packages(recursive) discover
[1.639s] INFO:colcon.colcon_core.package_discovery:Crawling recursively for packages in '/home/sunrise/ros2_ws'
[1.639s] Level 1:colcon.colcon_core.package_identification:_identify(.) by extensions ['ignore', 'ignore_ament_install']
[1.640s] Level 1:colcon.colcon_core.package_identification:_identify(.) by extension 'ignore'
[1.640s] Level 1:colcon.colcon_core.package_identification:_identify(.) by extension 'ignore_ament_install'
[1.640s] Level 1:colcon.colcon_core.package_identification:_identify(.) by extensions ['colcon_pkg']
[1.641s] Level 1:colcon.colcon_core.package_identification:_identify(.) by extension 'colcon_pkg'
[1.641s] Level 1:colcon.colcon_core.package_identification:_identify(.) by extensions ['colcon_meta']
[1.641s] Level 1:colcon.colcon_core.package_identification:_identify(.) by extension 'colcon_meta'
[1.641s] Level 1:colcon.colcon_core.package_identification:_identify(.) by extensions ['ros']
[1.641s] Level 1:colcon.colcon_core.package_identification:_identify(.) by extension 'ros'
[1.711s] Level 1:colcon.colcon_core.package_identification:_identify(.) by extensions ['cmake', 'python']
[1.711s] Level 1:colcon.colcon_core.package_identification:_identify(.) by extension 'cmake'
[1.712s] Level 1:colcon.colcon_core.package_identification:_identify(.) by extension 'python'
[1.712s] Level 1:colcon.colcon_core.package_identification:_identify(.) by extensions ['python_setup_py']
[1.712s] Level 1:colcon.colcon_core.package_identification:_identify(.) by extension 'python_setup_py'
[1.713s] Level 1:colcon.colcon_core.package_identification:_identify(build) by extensions ['ignore', 'ignore_ament_install']
[1.713s] Level 1:colcon.colcon_core.package_identification:_identify(build) by extension 'ignore'
[1.713s] Level 1:colcon.colcon_core.package_identification:_identify(build) ignored
[1.714s] Level 1:colcon.colcon_core.package_identification:_identify(install) by extensions ['ignore', 'ignore_ament_install']
[1.714s] Level 1:colcon.colcon_core.package_identification:_identify(install) by extension 'ignore'
[1.715s] Level 1:colcon.colcon_core.package_identification:_identify(install) ignored
[1.715s] Level 1:colcon.colcon_core.package_identification:_identify(log) by extensions ['ignore', 'ignore_ament_install']
[1.716s] Level 1:colcon.colcon_core.package_identification:_identify(log) by extension 'ignore'
[1.716s] Level 1:colcon.colcon_core.package_identification:_identify(log) ignored
[1.716s] Level 1:colcon.colcon_core.package_identification:_identify(src) by extensions ['ignore', 'ignore_ament_install']
[1.717s] Level 1:colcon.colcon_core.package_identification:_identify(src) by extension 'ignore'
[1.717s] Level 1:colcon.colcon_core.package_identification:_identify(src) by extension 'ignore_ament_install'
[1.717s] Level 1:colcon.colcon_core.package_identification:_identify(src) by extensions ['colcon_pkg']
[1.717s] Level 1:colcon.colcon_core.package_identification:_identify(src) by extension 'colcon_pkg'
[1.718s] Level 1:colcon.colcon_core.package_identification:_identify(src) by extensions ['colcon_meta']
[1.718s] Level 1:colcon.colcon_core.package_identification:_identify(src) by extension 'colcon_meta'
[1.718s] Level 1:colcon.colcon_core.package_identification:_identify(src) by extensions ['ros']
[1.718s] Level 1:colcon.colcon_core.package_identification:_identify(src) by extension 'ros'
[1.719s] Level 1:colcon.colcon_core.package_identification:_identify(src) by extensions ['cmake', 'python']
[1.719s] Level 1:colcon.colcon_core.package_identification:_identify(src) by extension 'cmake'
[1.719s] Level 1:colcon.colcon_core.package_identification:_identify(src) by extension 'python'
[1.719s] Level 1:colcon.colcon_core.package_identification:_identify(src) by extensions ['python_setup_py']
[1.720s] Level 1:colcon.colcon_core.package_identification:_identify(src) by extension 'python_setup_py'
[1.720s] Level 1:colcon.colcon_core.package_identification:_identify(src/Micro-XRCE-DDS-Agent) by extensions ['ignore', 'ignore_ament_install']
[1.721s] Level 1:colcon.colcon_core.package_identification:_identify(src/Micro-XRCE-DDS-Agent) by extension 'ignore'
[1.721s] Level 1:colcon.colcon_core.package_identification:_identify(src/Micro-XRCE-DDS-Agent) by extension 'ignore_ament_install'
[1.721s] Level 1:colcon.colcon_core.package_identification:_identify(src/Micro-XRCE-DDS-Agent) by extensions ['colcon_pkg']
[1.721s] Level 1:colcon.colcon_core.package_identification:_identify(src/Micro-XRCE-DDS-Agent) by extension 'colcon_pkg'
[1.727s] INFO:colcon.colcon_metadata.metadata.colcon_pkg:Setting type 'cmake' of package 'src/Micro-XRCE-DDS-Agent' from colcon.pkg
[1.728s] INFO:colcon.colcon_metadata.metadata.colcon_pkg:Setting name 'microxrcedds_agent' of package 'src/Micro-XRCE-DDS-Agent' from colcon.pkg
[1.728s] DEBUG:colcon.colcon_core.package_identification:Package 'src/Micro-XRCE-DDS-Agent' with type 'cmake' and name 'microxrcedds_agent'
[1.728s] Level 1:colcon.colcon_core.package_identification:_identify(src/fishbot_bringup) by extensions ['ignore', 'ignore_ament_install']
[1.729s] Level 1:colcon.colcon_core.package_identification:_identify(src/fishbot_bringup) by extension 'ignore'
[1.729s] Level 1:colcon.colcon_core.package_identification:_identify(src/fishbot_bringup) by extension 'ignore_ament_install'
[1.729s] Level 1:colcon.colcon_core.package_identification:_identify(src/fishbot_bringup) by extensions ['colcon_pkg']
[1.729s] Level 1:colcon.colcon_core.package_identification:_identify(src/fishbot_bringup) by extension 'colcon_pkg'
[1.730s] Level 1:colcon.colcon_core.package_identification:_identify(src/fishbot_bringup) by extensions ['colcon_meta']
[1.730s] Level 1:colcon.colcon_core.package_identification:_identify(src/fishbot_bringup) by extension 'colcon_meta'
[1.730s] Level 1:colcon.colcon_core.package_identification:_identify(src/fishbot_bringup) by extensions ['ros']
[1.730s] Level 1:colcon.colcon_core.package_identification:_identify(src/fishbot_bringup) by extension 'ros'
[1.743s] DEBUG:colcon.colcon_core.package_identification:Package 'src/fishbot_bringup' with type 'ros.ament_cmake' and name 'fishbot_bringup'
[1.744s] Level 1:colcon.colcon_core.package_identification:_identify(src/fishbot_description) by extensions ['ignore', 'ignore_ament_install']
[1.745s] Level 1:colcon.colcon_core.package_identification:_identify(src/fishbot_description) by extension 'ignore'
[1.745s] Level 1:colcon.colcon_core.package_identification:_identify(src/fishbot_description) by extension 'ignore_ament_install'
[1.745s] Level 1:colcon.colcon_core.package_identification:_identify(src/fishbot_description) by extensions ['colcon_pkg']
[1.746s] Level 1:colcon.colcon_core.package_identification:_identify(src/fishbot_description) by extension 'colcon_pkg'
[1.746s] Level 1:colcon.colcon_core.package_identification:_identify(src/fishbot_description) by extensions ['colcon_meta']
[1.746s] Level 1:colcon.colcon_core.package_identification:_identify(src/fishbot_description) by extension 'colcon_meta'
[1.746s] Level 1:colcon.colcon_core.package_identification:_identify(src/fishbot_description) by extensions ['ros']
[1.747s] Level 1:colcon.colcon_core.package_identification:_identify(src/fishbot_description) by extension 'ros'
[1.753s] DEBUG:colcon.colcon_core.package_identification:Package 'src/fishbot_description' with type 'ros.ament_python' and name 'fishbot_description'
[1.753s] Level 1:colcon.colcon_core.package_identification:_identify(src/micro-ROS-Agent) by extensions ['ignore', 'ignore_ament_install']
[1.754s] Level 1:colcon.colcon_core.package_identification:_identify(src/micro-ROS-Agent) by extension 'ignore'
[1.754s] Level 1:colcon.colcon_core.package_identification:_identify(src/micro-ROS-Agent) by extension 'ignore_ament_install'
[1.754s] Level 1:colcon.colcon_core.package_identification:_identify(src/micro-ROS-Agent) by extensions ['colcon_pkg']
[1.754s] Level 1:colcon.colcon_core.package_identification:_identify(src/micro-ROS-Agent) by extension 'colcon_pkg'
[1.755s] Level 1:colcon.colcon_core.package_identification:_identify(src/micro-ROS-Agent) by extensions ['colcon_meta']
[1.755s] Level 1:colcon.colcon_core.package_identification:_identify(src/micro-ROS-Agent) by extension 'colcon_meta'
[1.755s] Level 1:colcon.colcon_core.package_identification:_identify(src/micro-ROS-Agent) by extensions ['ros']
[1.755s] Level 1:colcon.colcon_core.package_identification:_identify(src/micro-ROS-Agent) by extension 'ros'
[1.756s] Level 1:colcon.colcon_core.package_identification:_identify(src/micro-ROS-Agent) by extensions ['cmake', 'python']
[1.756s] Level 1:colcon.colcon_core.package_identification:_identify(src/micro-ROS-Agent) by extension 'cmake'
[1.756s] Level 1:colcon.colcon_core.package_identification:_identify(src/micro-ROS-Agent) by extension 'python'
[1.756s] Level 1:colcon.colcon_core.package_identification:_identify(src/micro-ROS-Agent) by extensions ['python_setup_py']
[1.757s] Level 1:colcon.colcon_core.package_identification:_identify(src/micro-ROS-Agent) by extension 'python_setup_py'
[1.757s] Level 1:colcon.colcon_core.package_identification:_identify(src/micro-ROS-Agent/micro_ros_agent) by extensions ['ignore', 'ignore_ament_install']
[1.758s] Level 1:colcon.colcon_core.package_identification:_identify(src/micro-ROS-Agent/micro_ros_agent) by extension 'ignore'
[1.758s] Level 1:colcon.colcon_core.package_identification:_identify(src/micro-ROS-Agent/micro_ros_agent) by extension 'ignore_ament_install'
[1.758s] Level 1:colcon.colcon_core.package_identification:_identify(src/micro-ROS-Agent/micro_ros_agent) by extensions ['colcon_pkg']
[1.758s] Level 1:colcon.colcon_core.package_identification:_identify(src/micro-ROS-Agent/micro_ros_agent) by extension 'colcon_pkg'
[1.759s] Level 1:colcon.colcon_core.package_identification:_identify(src/micro-ROS-Agent/micro_ros_agent) by extensions ['colcon_meta']
[1.759s] Level 1:colcon.colcon_core.package_identification:_identify(src/micro-ROS-Agent/micro_ros_agent) by extension 'colcon_meta'
[1.759s] Level 1:colcon.colcon_core.package_identification:_identify(src/micro-ROS-Agent/micro_ros_agent) by extensions ['ros']
[1.759s] Level 1:colcon.colcon_core.package_identification:_identify(src/micro-ROS-Agent/micro_ros_agent) by extension 'ros'
[1.765s] DEBUG:colcon.colcon_core.package_identification:Package 'src/micro-ROS-Agent/micro_ros_agent' with type 'ros.ament_cmake' and name 'micro_ros_agent'
[1.765s] Level 1:colcon.colcon_core.package_identification:_identify(src/micro-ROS-Agent/snap) by extensions ['ignore', 'ignore_ament_install']
[1.766s] Level 1:colcon.colcon_core.package_identification:_identify(src/micro-ROS-Agent/snap) by extension 'ignore'
[1.766s] Level 1:colcon.colcon_core.package_identification:_identify(src/micro-ROS-Agent/snap) by extension 'ignore_ament_install'
[1.766s] Level 1:colcon.colcon_core.package_identification:_identify(src/micro-ROS-Agent/snap) by extensions ['colcon_pkg']
[1.767s] Level 1:colcon.colcon_core.package_identification:_identify(src/micro-ROS-Agent/snap) by extension 'colcon_pkg'
[1.767s] Level 1:colcon.colcon_core.package_identification:_identify(src/micro-ROS-Agent/snap) by extensions ['colcon_meta']
[1.767s] Level 1:colcon.colcon_core.package_identification:_identify(src/micro-ROS-Agent/snap) by extension 'colcon_meta'
[1.767s] Level 1:colcon.colcon_core.package_identification:_identify(src/micro-ROS-Agent/snap) by extensions ['ros']
[1.768s] Level 1:colcon.colcon_core.package_identification:_identify(src/micro-ROS-Agent/snap) by extension 'ros'
[1.768s] Level 1:colcon.colcon_core.package_identification:_identify(src/micro-ROS-Agent/snap) by extensions ['cmake', 'python']
[1.768s] Level 1:colcon.colcon_core.package_identification:_identify(src/micro-ROS-Agent/snap) by extension 'cmake'
[1.769s] Level 1:colcon.colcon_core.package_identification:_identify(src/micro-ROS-Agent/snap) by extension 'python'
[1.769s] Level 1:colcon.colcon_core.package_identification:_identify(src/micro-ROS-Agent/snap) by extensions ['python_setup_py']
[1.769s] Level 1:colcon.colcon_core.package_identification:_identify(src/micro-ROS-Agent/snap) by extension 'python_setup_py'
[1.769s] Level 1:colcon.colcon_core.package_identification:_identify(src/micro-ROS-Agent/snap/hooks) by extensions ['ignore', 'ignore_ament_install']
[1.770s] Level 1:colcon.colcon_core.package_identification:_identify(src/micro-ROS-Agent/snap/hooks) by extension 'ignore'
[1.771s] Level 1:colcon.colcon_core.package_identification:_identify(src/micro-ROS-Agent/snap/hooks) by extension 'ignore_ament_install'
[1.771s] Level 1:colcon.colcon_core.package_identification:_identify(src/micro-ROS-Agent/snap/hooks) by extensions ['colcon_pkg']
[1.771s] Level 1:colcon.colcon_core.package_identification:_identify(src/micro-ROS-Agent/snap/hooks) by extension 'colcon_pkg'
[1.771s] Level 1:colcon.colcon_core.package_identification:_identify(src/micro-ROS-Agent/snap/hooks) by extensions ['colcon_meta']
[1.772s] Level 1:colcon.colcon_core.package_identification:_identify(src/micro-ROS-Agent/snap/hooks) by extension 'colcon_meta'
[1.772s] Level 1:colcon.colcon_core.package_identification:_identify(src/micro-ROS-Agent/snap/hooks) by extensions ['ros']
[1.772s] Level 1:colcon.colcon_core.package_identification:_identify(src/micro-ROS-Agent/snap/hooks) by extension 'ros'
[1.773s] Level 1:colcon.colcon_core.package_identification:_identify(src/micro-ROS-Agent/snap/hooks) by extensions ['cmake', 'python']
[1.773s] Level 1:colcon.colcon_core.package_identification:_identify(src/micro-ROS-Agent/snap/hooks) by extension 'cmake'
[1.773s] Level 1:colcon.colcon_core.package_identification:_identify(src/micro-ROS-Agent/snap/hooks) by extension 'python'
[1.773s] Level 1:colcon.colcon_core.package_identification:_identify(src/micro-ROS-Agent/snap/hooks) by extensions ['python_setup_py']
[1.773s] Level 1:colcon.colcon_core.package_identification:_identify(src/micro-ROS-Agent/snap/hooks) by extension 'python_setup_py'
[1.774s] Level 1:colcon.colcon_core.package_identification:_identify(src/micro-ROS-Agent/snap/local) by extensions ['ignore', 'ignore_ament_install']
[1.774s] Level 1:colcon.colcon_core.package_identification:_identify(src/micro-ROS-Agent/snap/local) by extension 'ignore'
[1.775s] Level 1:colcon.colcon_core.package_identification:_identify(src/micro-ROS-Agent/snap/local) by extension 'ignore_ament_install'
[1.775s] Level 1:colcon.colcon_core.package_identification:_identify(src/micro-ROS-Agent/snap/local) by extensions ['colcon_pkg']
[1.775s] Level 1:colcon.colcon_core.package_identification:_identify(src/micro-ROS-Agent/snap/local) by extension 'colcon_pkg'
[1.775s] Level 1:colcon.colcon_core.package_identification:_identify(src/micro-ROS-Agent/snap/local) by extensions ['colcon_meta']
[1.776s] Level 1:colcon.colcon_core.package_identification:_identify(src/micro-ROS-Agent/snap/local) by extension 'colcon_meta'
[1.776s] Level 1:colcon.colcon_core.package_identification:_identify(src/micro-ROS-Agent/snap/local) by extensions ['ros']
[1.776s] Level 1:colcon.colcon_core.package_identification:_identify(src/micro-ROS-Agent/snap/local) by extension 'ros'
[1.777s] Level 1:colcon.colcon_core.package_identification:_identify(src/micro-ROS-Agent/snap/local) by extensions ['cmake', 'python']
[1.777s] Level 1:colcon.colcon_core.package_identification:_identify(src/micro-ROS-Agent/snap/local) by extension 'cmake'
[1.777s] Level 1:colcon.colcon_core.package_identification:_identify(src/micro-ROS-Agent/snap/local) by extension 'python'
[1.777s] Level 1:colcon.colcon_core.package_identification:_identify(src/micro-ROS-Agent/snap/local) by extensions ['python_setup_py']
[1.777s] Level 1:colcon.colcon_core.package_identification:_identify(src/micro-ROS-Agent/snap/local) by extension 'python_setup_py'
[1.778s] Level 1:colcon.colcon_core.package_identification:_identify(src/micro_ros_msgs) by extensions ['ignore', 'ignore_ament_install']
[1.778s] Level 1:colcon.colcon_core.package_identification:_identify(src/micro_ros_msgs) by extension 'ignore'
[1.779s] Level 1:colcon.colcon_core.package_identification:_identify(src/micro_ros_msgs) by extension 'ignore_ament_install'
[1.779s] Level 1:colcon.colcon_core.package_identification:_identify(src/micro_ros_msgs) by extensions ['colcon_pkg']
[1.779s] Level 1:colcon.colcon_core.package_identification:_identify(src/micro_ros_msgs) by extension 'colcon_pkg'
[1.779s] Level 1:colcon.colcon_core.package_identification:_identify(src/micro_ros_msgs) by extensions ['colcon_meta']
[1.779s] Level 1:colcon.colcon_core.package_identification:_identify(src/micro_ros_msgs) by extension 'colcon_meta'
[1.780s] Level 1:colcon.colcon_core.package_identification:_identify(src/micro_ros_msgs) by extensions ['ros']
[1.780s] Level 1:colcon.colcon_core.package_identification:_identify(src/micro_ros_msgs) by extension 'ros'
[1.783s] DEBUG:colcon.colcon_core.package_identification:Package 'src/micro_ros_msgs' with type 'ros.ament_cmake' and name 'micro_ros_msgs'
[1.784s] Level 1:colcon.colcon_core.package_identification:_identify(src/ydlidar_ros2-1.0.0-fishbot) by extensions ['ignore', 'ignore_ament_install']
[1.784s] Level 1:colcon.colcon_core.package_identification:_identify(src/ydlidar_ros2-1.0.0-fishbot) by extension 'ignore'
[1.784s] Level 1:colcon.colcon_core.package_identification:_identify(src/ydlidar_ros2-1.0.0-fishbot) by extension 'ignore_ament_install'
[1.785s] Level 1:colcon.colcon_core.package_identification:_identify(src/ydlidar_ros2-1.0.0-fishbot) by extensions ['colcon_pkg']
[1.785s] Level 1:colcon.colcon_core.package_identification:_identify(src/ydlidar_ros2-1.0.0-fishbot) by extension 'colcon_pkg'
[1.785s] Level 1:colcon.colcon_core.package_identification:_identify(src/ydlidar_ros2-1.0.0-fishbot) by extensions ['colcon_meta']
[1.785s] Level 1:colcon.colcon_core.package_identification:_identify(src/ydlidar_ros2-1.0.0-fishbot) by extension 'colcon_meta'
[1.785s] Level 1:colcon.colcon_core.package_identification:_identify(src/ydlidar_ros2-1.0.0-fishbot) by extensions ['ros']
[1.786s] Level 1:colcon.colcon_core.package_identification:_identify(src/ydlidar_ros2-1.0.0-fishbot) by extension 'ros'
[1.789s] DEBUG:colcon.colcon_core.package_identification:Package 'src/ydlidar_ros2-1.0.0-fishbot' with type 'ros.ament_cmake' and name 'ydlidar'
[1.789s] Level 1:colcon.colcon_core.package_discovery:discover_packages(recursive) using defaults
[1.790s] Level 1:colcon.colcon_core.package_discovery:discover_packages(ignore) discover
[1.790s] Level 1:colcon.colcon_core.package_discovery:discover_packages(ignore) using defaults
[1.790s] Level 1:colcon.colcon_core.package_discovery:discover_packages(path) discover
[1.790s] Level 1:colcon.colcon_core.package_discovery:discover_packages(path) using defaults
[1.898s] INFO:colcon.colcon_metadata.metadata.colcon_pkg:Updating descriptor of package 'src/Micro-XRCE-DDS-Agent' from colcon.pkg: {'name': 'microxrcedds_agent', 'type': 'cmake', 'dependencies': ['fastcdr', 'fastrtps'], 'cmake-args': ['-DUAGENT_ISOLATED_INSTALL=OFF', '-DUAGENT_USE_SYSTEM_FASTCDR=ON', '-DUAGENT_USE_SYSTEM_FASTDDS=ON']}
[1.908s] Level 1:colcon.colcon_core.package_discovery:discover_packages(prefix_path) check parameters
[1.908s] Level 1:colcon.colcon_core.package_discovery:discover_packages(prefix_path) discover
[1.918s] DEBUG:colcon.colcon_installed_package_information.package_discovery:Found 6 installed packages in /home/sunrise/ros2_ws/install
[1.926s] DEBUG:colcon.colcon_installed_package_information.package_discovery:Found 271 installed packages in /opt/ros/humble
[2.023s] Level 1:colcon.colcon_core.package_discovery:discover_packages(prefix_path) using defaults
[2.283s] Level 5:colcon.colcon_core.verb:set package 'fishbot_bringup' build argument 'cmake_args' from command line to 'None'
[2.284s] Level 5:colcon.colcon_core.verb:set package 'fishbot_bringup' build argument 'cmake_target' from command line to 'None'
[2.284s] Level 5:colcon.colcon_core.verb:set package 'fishbot_bringup' build argument 'cmake_target_skip_unavailable' from command line to 'False'
[2.284s] Level 5:colcon.colcon_core.verb:set package 'fishbot_bringup' build argument 'cmake_clean_cache' from command line to 'False'
[2.284s] Level 5:colcon.colcon_core.verb:set package 'fishbot_bringup' build argument 'cmake_clean_first' from command line to 'False'
[2.284s] Level 5:colcon.colcon_core.verb:set package 'fishbot_bringup' build argument 'cmake_force_configure' from command line to 'False'
[2.285s] Level 5:colcon.colcon_core.verb:set package 'fishbot_bringup' build argument 'ament_cmake_args' from command line to 'None'
[2.285s] Level 5:colcon.colcon_core.verb:set package 'fishbot_bringup' build argument 'catkin_cmake_args' from command line to 'None'
[2.285s] Level 5:colcon.colcon_core.verb:set package 'fishbot_bringup' build argument 'catkin_skip_building_tests' from command line to 'False'
[2.285s] DEBUG:colcon.colcon_core.verb:Building package 'fishbot_bringup' with the following arguments: {'ament_cmake_args': None, 'build_base': '/home/sunrise/ros2_ws/build/fishbot_bringup', 'catkin_cmake_args': None, 'catkin_skip_building_tests': False, 'cmake_args': None, 'cmake_clean_cache': False, 'cmake_clean_first': False, 'cmake_force_configure': False, 'cmake_target': None, 'cmake_target_skip_unavailable': False, 'install_base': '/home/sunrise/ros2_ws/install/fishbot_bringup', 'merge_install': False, 'path': '/home/sunrise/ros2_ws/src/fishbot_bringup', 'symlink_install': False, 'test_result_base': None}
[2.288s] Level 5:colcon.colcon_core.verb:set package 'fishbot_description' build argument 'cmake_args' from command line to 'None'
[2.288s] Level 5:colcon.colcon_core.verb:set package 'fishbot_description' build argument 'cmake_target' from command line to 'None'
[2.288s] Level 5:colcon.colcon_core.verb:set package 'fishbot_description' build argument 'cmake_target_skip_unavailable' from command line to 'False'
[2.288s] Level 5:colcon.colcon_core.verb:set package 'fishbot_description' build argument 'cmake_clean_cache' from command line to 'False'
[2.288s] Level 5:colcon.colcon_core.verb:set package 'fishbot_description' build argument 'cmake_clean_first' from command line to 'False'
[2.289s] Level 5:colcon.colcon_core.verb:set package 'fishbot_description' build argument 'cmake_force_configure' from command line to 'False'
[2.289s] Level 5:colcon.colcon_core.verb:set package 'fishbot_description' build argument 'ament_cmake_args' from command line to 'None'
[2.289s] Level 5:colcon.colcon_core.verb:set package 'fishbot_description' build argument 'catkin_cmake_args' from command line to 'None'
[2.289s] Level 5:colcon.colcon_core.verb:set package 'fishbot_description' build argument 'catkin_skip_building_tests' from command line to 'False'
[2.289s] DEBUG:colcon.colcon_core.verb:Building package 'fishbot_description' with the following arguments: {'ament_cmake_args': None, 'build_base': '/home/sunrise/ros2_ws/build/fishbot_description', 'catkin_cmake_args': None, 'catkin_skip_building_tests': False, 'cmake_args': None, 'cmake_clean_cache': False, 'cmake_clean_first': False, 'cmake_force_configure': False, 'cmake_target': None, 'cmake_target_skip_unavailable': False, 'install_base': '/home/sunrise/ros2_ws/install/fishbot_description', 'merge_install': False, 'path': '/home/sunrise/ros2_ws/src/fishbot_description', 'symlink_install': False, 'test_result_base': None}
[2.292s] Level 5:colcon.colcon_core.verb:set package 'micro_ros_msgs' build argument 'cmake_args' from command line to 'None'
[2.292s] Level 5:colcon.colcon_core.verb:set package 'micro_ros_msgs' build argument 'cmake_target' from command line to 'None'
[2.292s] Level 5:colcon.colcon_core.verb:set package 'micro_ros_msgs' build argument 'cmake_target_skip_unavailable' from command line to 'False'
[2.292s] Level 5:colcon.colcon_core.verb:set package 'micro_ros_msgs' build argument 'cmake_clean_cache' from command line to 'False'
[2.292s] Level 5:colcon.colcon_core.verb:set package 'micro_ros_msgs' build argument 'cmake_clean_first' from command line to 'False'
[2.292s] Level 5:colcon.colcon_core.verb:set package 'micro_ros_msgs' build argument 'cmake_force_configure' from command line to 'False'
[2.293s] Level 5:colcon.colcon_core.verb:set package 'micro_ros_msgs' build argument 'ament_cmake_args' from command line to 'None'
[2.293s] Level 5:colcon.colcon_core.verb:set package 'micro_ros_msgs' build argument 'catkin_cmake_args' from command line to 'None'
[2.293s] Level 5:colcon.colcon_core.verb:set package 'micro_ros_msgs' build argument 'catkin_skip_building_tests' from command line to 'False'
[2.293s] DEBUG:colcon.colcon_core.verb:Building package 'micro_ros_msgs' with the following arguments: {'ament_cmake_args': None, 'build_base': '/home/sunrise/ros2_ws/build/micro_ros_msgs', 'catkin_cmake_args': None, 'catkin_skip_building_tests': False, 'cmake_args': None, 'cmake_clean_cache': False, 'cmake_clean_first': False, 'cmake_force_configure': False, 'cmake_target': None, 'cmake_target_skip_unavailable': False, 'install_base': '/home/sunrise/ros2_ws/install/micro_ros_msgs', 'merge_install': False, 'path': '/home/sunrise/ros2_ws/src/micro_ros_msgs', 'symlink_install': False, 'test_result_base': None}
[2.295s] Level 5:colcon.colcon_core.verb:set package 'microxrcedds_agent' build argument 'cmake_args' from command line to 'None'
[2.296s] Level 5:colcon.colcon_core.verb:overwrite package 'microxrcedds_agent' build argument 'cmake_args' from package metadata with '['-DUAGENT_ISOLATED_INSTALL=OFF', '-DUAGENT_USE_SYSTEM_FASTCDR=ON', '-DUAGENT_USE_SYSTEM_FASTDDS=ON']' (before: 'None')
[2.296s] Level 5:colcon.colcon_core.verb:set package 'microxrcedds_agent' build argument 'cmake_target' from command line to 'None'
[2.296s] Level 5:colcon.colcon_core.verb:set package 'microxrcedds_agent' build argument 'cmake_target_skip_unavailable' from command line to 'False'
[2.296s] Level 5:colcon.colcon_core.verb:set package 'microxrcedds_agent' build argument 'cmake_clean_cache' from command line to 'False'
[2.296s] Level 5:colcon.colcon_core.verb:set package 'microxrcedds_agent' build argument 'cmake_clean_first' from command line to 'False'
[2.297s] Level 5:colcon.colcon_core.verb:set package 'microxrcedds_agent' build argument 'cmake_force_configure' from command line to 'False'
[2.297s] Level 5:colcon.colcon_core.verb:set package 'microxrcedds_agent' build argument 'ament_cmake_args' from command line to 'None'
[2.297s] Level 5:colcon.colcon_core.verb:set package 'microxrcedds_agent' build argument 'catkin_cmake_args' from command line to 'None'
[2.297s] Level 5:colcon.colcon_core.verb:set package 'microxrcedds_agent' build argument 'catkin_skip_building_tests' from command line to 'False'
[2.297s] DEBUG:colcon.colcon_core.verb:Building package 'microxrcedds_agent' with the following arguments: {'ament_cmake_args': None, 'build_base': '/home/sunrise/ros2_ws/build/microxrcedds_agent', 'catkin_cmake_args': None, 'catkin_skip_building_tests': False, 'cmake_args': ['-DUAGENT_ISOLATED_INSTALL=OFF', '-DUAGENT_USE_SYSTEM_FASTCDR=ON', '-DUAGENT_USE_SYSTEM_FASTDDS=ON'], 'cmake_clean_cache': False, 'cmake_clean_first': False, 'cmake_force_configure': False, 'cmake_target': None, 'cmake_target_skip_unavailable': False, 'install_base': '/home/sunrise/ros2_ws/install/microxrcedds_agent', 'merge_install': False, 'path': '/home/sunrise/ros2_ws/src/Micro-XRCE-DDS-Agent', 'symlink_install': False, 'test_result_base': None}
[2.300s] Level 5:colcon.colcon_core.verb:set package 'ydlidar' build argument 'cmake_args' from command line to 'None'
[2.300s] Level 5:colcon.colcon_core.verb:set package 'ydlidar' build argument 'cmake_target' from command line to 'None'
[2.300s] Level 5:colcon.colcon_core.verb:set package 'ydlidar' build argument 'cmake_target_skip_unavailable' from command line to 'False'
[2.300s] Level 5:colcon.colcon_core.verb:set package 'ydlidar' build argument 'cmake_clean_cache' from command line to 'False'
[2.300s] Level 5:colcon.colcon_core.verb:set package 'ydlidar' build argument 'cmake_clean_first' from command line to 'False'
[2.300s] Level 5:colcon.colcon_core.verb:set package 'ydlidar' build argument 'cmake_force_configure' from command line to 'False'
[2.301s] Level 5:colcon.colcon_core.verb:set package 'ydlidar' build argument 'ament_cmake_args' from command line to 'None'
[2.301s] Level 5:colcon.colcon_core.verb:set package 'ydlidar' build argument 'catkin_cmake_args' from command line to 'None'
[2.301s] Level 5:colcon.colcon_core.verb:set package 'ydlidar' build argument 'catkin_skip_building_tests' from command line to 'False'
[2.301s] DEBUG:colcon.colcon_core.verb:Building package 'ydlidar' with the following arguments: {'ament_cmake_args': None, 'build_base': '/home/sunrise/ros2_ws/build/ydlidar', 'catkin_cmake_args': None, 'catkin_skip_building_tests': False, 'cmake_args': None, 'cmake_clean_cache': False, 'cmake_clean_first': False, 'cmake_force_configure': False, 'cmake_target': None, 'cmake_target_skip_unavailable': False, 'install_base': '/home/sunrise/ros2_ws/install/ydlidar', 'merge_install': False, 'path': '/home/sunrise/ros2_ws/src/ydlidar_ros2-1.0.0-fishbot', 'symlink_install': False, 'test_result_base': None}
[2.303s] Level 5:colcon.colcon_core.verb:set package 'micro_ros_agent' build argument 'cmake_args' from command line to 'None'
[2.304s] Level 5:colcon.colcon_core.verb:set package 'micro_ros_agent' build argument 'cmake_target' from command line to 'None'
[2.304s] Level 5:colcon.colcon_core.verb:set package 'micro_ros_agent' build argument 'cmake_target_skip_unavailable' from command line to 'False'
[2.304s] Level 5:colcon.colcon_core.verb:set package 'micro_ros_agent' build argument 'cmake_clean_cache' from command line to 'False'
[2.304s] Level 5:colcon.colcon_core.verb:set package 'micro_ros_agent' build argument 'cmake_clean_first' from command line to 'False'
[2.304s] Level 5:colcon.colcon_core.verb:set package 'micro_ros_agent' build argument 'cmake_force_configure' from command line to 'False'
[2.304s] Level 5:colcon.colcon_core.verb:set package 'micro_ros_agent' build argument 'ament_cmake_args' from command line to 'None'
[2.305s] Level 5:colcon.colcon_core.verb:set package 'micro_ros_agent' build argument 'catkin_cmake_args' from command line to 'None'
[2.305s] Level 5:colcon.colcon_core.verb:set package 'micro_ros_agent' build argument 'catkin_skip_building_tests' from command line to 'False'
[2.305s] DEBUG:colcon.colcon_core.verb:Building package 'micro_ros_agent' with the following arguments: {'ament_cmake_args': None, 'build_base': '/home/sunrise/ros2_ws/build/micro_ros_agent', 'catkin_cmake_args': None, 'catkin_skip_building_tests': False, 'cmake_args': None, 'cmake_clean_cache': False, 'cmake_clean_first': False, 'cmake_force_configure': False, 'cmake_target': None, 'cmake_target_skip_unavailable': False, 'install_base': '/home/sunrise/ros2_ws/install/micro_ros_agent', 'merge_install': False, 'path': '/home/sunrise/ros2_ws/src/micro-ROS-Agent/micro_ros_agent', 'symlink_install': False, 'test_result_base': None}
[2.306s] INFO:colcon.colcon_core.executor:Executing jobs using 'parallel' executor
[2.310s] DEBUG:colcon.colcon_parallel_executor.executor.parallel:run_until_complete
[2.312s] INFO:colcon.colcon_ros.task.ament_cmake.build:Building ROS package in '/home/sunrise/ros2_ws/src/micro_ros_msgs' with build type 'ament_cmake'
[2.313s] INFO:colcon.colcon_cmake.task.cmake.build:Building CMake package in '/home/sunrise/ros2_ws/src/micro_ros_msgs'
[2.324s] INFO:colcon.colcon_core.plugin_system:Skipping extension 'colcon_core.shell.bat': Not used on non-Windows systems
[2.326s] INFO:colcon.colcon_core.shell:Skip shell extension 'powershell' for command environment: Not usable outside of PowerShell
[2.326s] DEBUG:colcon.colcon_core.shell:Skip shell extension 'dsv' for command environment
[2.344s] INFO:colcon.colcon_ros.task.ament_cmake.build:Building ROS package in '/home/sunrise/ros2_ws/src/fishbot_bringup' with build type 'ament_cmake'
[2.345s] INFO:colcon.colcon_cmake.task.cmake.build:Building CMake package in '/home/sunrise/ros2_ws/src/fishbot_bringup'
[2.347s] INFO:colcon.colcon_core.shell:Skip shell extension 'powershell' for command environment: Not usable outside of PowerShell
[2.348s] DEBUG:colcon.colcon_core.shell:Skip shell extension 'dsv' for command environment
[2.365s] INFO:colcon.colcon_ros.task.ament_python.build:Building ROS package in '/home/sunrise/ros2_ws/src/fishbot_description' with build type 'ament_python'
[2.366s] Level 1:colcon.colcon_core.shell:create_environment_hook('fishbot_description', 'ament_prefix_path')
[2.368s] INFO:colcon.colcon_core.shell:Creating environment hook '/home/sunrise/ros2_ws/install/fishbot_description/share/fishbot_description/hook/ament_prefix_path.ps1'
[2.372s] INFO:colcon.colcon_core.shell:Creating environment descriptor '/home/sunrise/ros2_ws/install/fishbot_description/share/fishbot_description/hook/ament_prefix_path.dsv'
[2.374s] INFO:colcon.colcon_core.shell:Creating environment hook '/home/sunrise/ros2_ws/install/fishbot_description/share/fishbot_description/hook/ament_prefix_path.sh'
[2.379s] INFO:colcon.colcon_core.shell:Skip shell extension 'powershell' for command environment: Not usable outside of PowerShell
[2.380s] DEBUG:colcon.colcon_core.shell:Skip shell extension 'dsv' for command environment
[2.396s] INFO:colcon.colcon_cmake.task.cmake.build:Building CMake package in '/home/sunrise/ros2_ws/src/Micro-XRCE-DDS-Agent'
[2.397s] INFO:colcon.colcon_core.shell:Skip shell extension 'powershell' for command environment: Not usable outside of PowerShell
[2.398s] DEBUG:colcon.colcon_core.shell:Skip shell extension 'dsv' for command environment
[2.417s] INFO:colcon.colcon_ros.task.ament_cmake.build:Building ROS package in '/home/sunrise/ros2_ws/src/ydlidar_ros2-1.0.0-fishbot' with build type 'ament_cmake'
[2.417s] INFO:colcon.colcon_cmake.task.cmake.build:Building CMake package in '/home/sunrise/ros2_ws/src/ydlidar_ros2-1.0.0-fishbot'
[2.419s] INFO:colcon.colcon_core.shell:Skip shell extension 'powershell' for command environment: Not usable outside of PowerShell
[2.420s] DEBUG:colcon.colcon_core.shell:Skip shell extension 'dsv' for command environment
[2.460s] DEBUG:colcon.colcon_core.event_handler.log_command:Invoking command in '/home/sunrise/ros2_ws/build/micro_ros_msgs': CMAKE_PREFIX_PATH=${CMAKE_PREFIX_PATH}:/opt/ros/humble:/home/sunrise/ros2_ws/install/fishbot_description /usr/bin/cmake --build /home/sunrise/ros2_ws/build/micro_ros_msgs -- -j8 -l8
[2.478s] DEBUG:colcon.colcon_core.event_handler.log_command:Invoking command in '/home/sunrise/ros2_ws/build/fishbot_bringup': CMAKE_PREFIX_PATH=${CMAKE_PREFIX_PATH}:/opt/ros/humble:/home/sunrise/ros2_ws/install/fishbot_description /usr/bin/cmake --build /home/sunrise/ros2_ws/build/fishbot_bringup -- -j8 -l8
[4.241s] INFO:colcon.colcon_core.task.python.build:Building Python package in '/home/sunrise/ros2_ws/src/fishbot_description'
[4.242s] INFO:colcon.colcon_core.shell:Skip shell extension 'powershell' for command environment: Not usable outside of PowerShell
[4.243s] DEBUG:colcon.colcon_core.shell:Skip shell extension 'dsv' for command environment
[4.278s] DEBUG:colcon.colcon_core.event_handler.log_command:Invoking command in '/home/sunrise/ros2_ws/build/microxrcedds_agent': /usr/bin/cmake --build /home/sunrise/ros2_ws/build/microxrcedds_agent -- -j8 -l8
[4.296s] DEBUG:colcon.colcon_core.event_handler.log_command:Invoking command in '/home/sunrise/ros2_ws/build/ydlidar': CMAKE_PREFIX_PATH=${CMAKE_PREFIX_PATH}:/opt/ros/humble:/home/sunrise/ros2_ws/install/fishbot_description /usr/bin/cmake --build /home/sunrise/ros2_ws/build/ydlidar -- -j8 -l8
[4.636s] DEBUG:colcon.colcon_core.event_handler.log_command:Invoked command in '/home/sunrise/ros2_ws/build/ydlidar' returned '0': CMAKE_PREFIX_PATH=${CMAKE_PREFIX_PATH}:/opt/ros/humble:/home/sunrise/ros2_ws/install/fishbot_description /usr/bin/cmake --build /home/sunrise/ros2_ws/build/ydlidar -- -j8 -l8
[4.687s] DEBUG:colcon.colcon_core.event_handler.log_command:Invoking command in '/home/sunrise/ros2_ws/build/ydlidar': CMAKE_PREFIX_PATH=${CMAKE_PREFIX_PATH}:/opt/ros/humble:/home/sunrise/ros2_ws/install/fishbot_description /usr/bin/cmake --install /home/sunrise/ros2_ws/build/ydlidar
[4.739s] Level 1:colcon.colcon_core.environment:create_environment_scripts_only(ydlidar)
[4.750s] DEBUG:colcon.colcon_core.event_handler.log_command:Invoked command in '/home/sunrise/ros2_ws/build/ydlidar' returned '0': CMAKE_PREFIX_PATH=${CMAKE_PREFIX_PATH}:/opt/ros/humble:/home/sunrise/ros2_ws/install/fishbot_description /usr/bin/cmake --install /home/sunrise/ros2_ws/build/ydlidar
[4.763s] Level 1:colcon.colcon_core.environment:checking '/home/sunrise/ros2_ws/install/ydlidar' for CMake module files
[4.766s] Level 1:colcon.colcon_core.environment:checking '/home/sunrise/ros2_ws/install/ydlidar' for CMake config files
[4.768s] Level 1:colcon.colcon_core.shell:create_environment_hook('ydlidar', 'cmake_prefix_path')
[4.770s] INFO:colcon.colcon_core.shell:Creating environment hook '/home/sunrise/ros2_ws/install/ydlidar/share/ydlidar/hook/cmake_prefix_path.ps1'
[4.773s] INFO:colcon.colcon_core.shell:Creating environment descriptor '/home/sunrise/ros2_ws/install/ydlidar/share/ydlidar/hook/cmake_prefix_path.dsv'
[4.776s] INFO:colcon.colcon_core.shell:Creating environment hook '/home/sunrise/ros2_ws/install/ydlidar/share/ydlidar/hook/cmake_prefix_path.sh'
[4.780s] Level 1:colcon.colcon_core.environment:checking '/home/sunrise/ros2_ws/install/ydlidar/lib'
[4.782s] Level 1:colcon.colcon_core.environment:checking '/home/sunrise/ros2_ws/install/ydlidar/bin'
[4.782s] Level 1:colcon.colcon_core.environment:checking '/home/sunrise/ros2_ws/install/ydlidar/lib/pkgconfig/ydlidar.pc'
[4.784s] Level 1:colcon.colcon_core.environment:checking '/home/sunrise/ros2_ws/install/ydlidar/lib/python3.10/site-packages'
[4.786s] Level 1:colcon.colcon_core.environment:checking '/home/sunrise/ros2_ws/install/ydlidar/bin'
[4.788s] INFO:colcon.colcon_core.shell:Creating package script '/home/sunrise/ros2_ws/install/ydlidar/share/ydlidar/package.ps1'
[4.794s] INFO:colcon.colcon_core.shell:Creating package descriptor '/home/sunrise/ros2_ws/install/ydlidar/share/ydlidar/package.dsv'
[4.797s] INFO:colcon.colcon_core.shell:Creating package script '/home/sunrise/ros2_ws/install/ydlidar/share/ydlidar/package.sh'
[4.804s] INFO:colcon.colcon_core.shell:Creating package script '/home/sunrise/ros2_ws/install/ydlidar/share/ydlidar/package.bash'
[4.811s] INFO:colcon.colcon_core.shell:Creating package script '/home/sunrise/ros2_ws/install/ydlidar/share/ydlidar/package.zsh'
[4.816s] Level 1:colcon.colcon_core.environment:create_file_with_runtime_dependencies(/home/sunrise/ros2_ws/install/ydlidar/share/colcon-core/packages/ydlidar)
[4.820s] Level 1:colcon.colcon_core.environment:create_environment_scripts_only(ydlidar)
[4.822s] Level 1:colcon.colcon_core.environment:checking '/home/sunrise/ros2_ws/install/ydlidar' for CMake module files
[4.826s] Level 1:colcon.colcon_core.environment:checking '/home/sunrise/ros2_ws/install/ydlidar' for CMake config files
[4.827s] Level 1:colcon.colcon_core.shell:create_environment_hook('ydlidar', 'cmake_prefix_path')
[4.829s] INFO:colcon.colcon_core.shell:Creating environment hook '/home/sunrise/ros2_ws/install/ydlidar/share/ydlidar/hook/cmake_prefix_path.ps1'
[4.832s] INFO:colcon.colcon_core.shell:Creating environment descriptor '/home/sunrise/ros2_ws/install/ydlidar/share/ydlidar/hook/cmake_prefix_path.dsv'
[4.834s] INFO:colcon.colcon_core.shell:Creating environment hook '/home/sunrise/ros2_ws/install/ydlidar/share/ydlidar/hook/cmake_prefix_path.sh'
[4.839s] Level 1:colcon.colcon_core.environment:checking '/home/sunrise/ros2_ws/install/ydlidar/lib'
[4.840s] Level 1:colcon.colcon_core.environment:checking '/home/sunrise/ros2_ws/install/ydlidar/bin'
[4.840s] Level 1:colcon.colcon_core.environment:checking '/home/sunrise/ros2_ws/install/ydlidar/lib/pkgconfig/ydlidar.pc'
[4.841s] Level 1:colcon.colcon_core.environment:checking '/home/sunrise/ros2_ws/install/ydlidar/lib/python3.10/site-packages'
[4.843s] Level 1:colcon.colcon_core.environment:checking '/home/sunrise/ros2_ws/install/ydlidar/bin'
[4.845s] INFO:colcon.colcon_core.shell:Creating package script '/home/sunrise/ros2_ws/install/ydlidar/share/ydlidar/package.ps1'
[4.848s] INFO:colcon.colcon_core.shell:Creating package descriptor '/home/sunrise/ros2_ws/install/ydlidar/share/ydlidar/package.dsv'
[4.852s] INFO:colcon.colcon_core.shell:Creating package script '/home/sunrise/ros2_ws/install/ydlidar/share/ydlidar/package.sh'
[4.855s] INFO:colcon.colcon_core.shell:Creating package script '/home/sunrise/ros2_ws/install/ydlidar/share/ydlidar/package.bash'
[4.859s] INFO:colcon.colcon_core.shell:Creating package script '/home/sunrise/ros2_ws/install/ydlidar/share/ydlidar/package.zsh'
[4.862s] Level 1:colcon.colcon_core.environment:create_file_with_runtime_dependencies(/home/sunrise/ros2_ws/install/ydlidar/share/colcon-core/packages/ydlidar)
[4.870s] DEBUG:colcon.colcon_core.event_handler.log_command:Invoked command in '/home/sunrise/ros2_ws/build/micro_ros_msgs' returned '0': CMAKE_PREFIX_PATH=${CMAKE_PREFIX_PATH}:/opt/ros/humble:/home/sunrise/ros2_ws/install/fishbot_description /usr/bin/cmake --build /home/sunrise/ros2_ws/build/micro_ros_msgs -- -j8 -l8
[4.877s] DEBUG:colcon.colcon_core.event_handler.log_command:Invoking command in '/home/sunrise/ros2_ws/build/micro_ros_msgs': CMAKE_PREFIX_PATH=${CMAKE_PREFIX_PATH}:/opt/ros/humble:/home/sunrise/ros2_ws/install/fishbot_description /usr/bin/cmake --install /home/sunrise/ros2_ws/build/micro_ros_msgs
[4.879s] DEBUG:colcon.colcon_core.event_handler.log_command:Invoked command in '/home/sunrise/ros2_ws/build/microxrcedds_agent' returned '0': /usr/bin/cmake --build /home/sunrise/ros2_ws/build/microxrcedds_agent -- -j8 -l8
[4.886s] DEBUG:colcon.colcon_core.event_handler.log_command:Invoking command in '/home/sunrise/ros2_ws/build/microxrcedds_agent': /usr/bin/cmake --install /home/sunrise/ros2_ws/build/microxrcedds_agent
[4.962s] Level 1:colcon.colcon_core.environment:create_environment_scripts_only(microxrcedds_agent)
[4.964s] Level 1:colcon.colcon_core.environment:checking '/home/sunrise/ros2_ws/install/microxrcedds_agent' for CMake module files
[4.971s] Level 1:colcon.colcon_core.environment:checking '/home/sunrise/ros2_ws/install/microxrcedds_agent' for CMake config files
[5.025s] Level 1:colcon.colcon_core.shell:create_environment_hook('microxrcedds_agent', 'cmake_prefix_path')
[5.026s] INFO:colcon.colcon_core.shell:Creating environment hook '/home/sunrise/ros2_ws/install/microxrcedds_agent/share/microxrcedds_agent/hook/cmake_prefix_path.ps1'
[5.031s] INFO:colcon.colcon_core.shell:Creating environment descriptor '/home/sunrise/ros2_ws/install/microxrcedds_agent/share/microxrcedds_agent/hook/cmake_prefix_path.dsv'
[5.036s] INFO:colcon.colcon_core.shell:Creating environment hook '/home/sunrise/ros2_ws/install/microxrcedds_agent/share/microxrcedds_agent/hook/cmake_prefix_path.sh'
[5.043s] Level 1:colcon.colcon_core.environment:checking '/home/sunrise/ros2_ws/install/microxrcedds_agent/lib'
[5.044s] Level 1:colcon.colcon_core.shell:create_environment_hook('microxrcedds_agent', 'ld_library_path_lib')
[5.046s] INFO:colcon.colcon_core.shell:Creating environment hook '/home/sunrise/ros2_ws/install/microxrcedds_agent/share/microxrcedds_agent/hook/ld_library_path_lib.ps1'
[5.051s] INFO:colcon.colcon_core.shell:Creating environment descriptor '/home/sunrise/ros2_ws/install/microxrcedds_agent/share/microxrcedds_agent/hook/ld_library_path_lib.dsv'
[5.056s] INFO:colcon.colcon_core.shell:Creating environment hook '/home/sunrise/ros2_ws/install/microxrcedds_agent/share/microxrcedds_agent/hook/ld_library_path_lib.sh'
[5.061s] Level 1:colcon.colcon_core.environment:checking '/home/sunrise/ros2_ws/install/microxrcedds_agent/bin'
[5.062s] Level 1:colcon.colcon_core.shell:create_environment_hook('microxrcedds_agent', 'path')
[5.064s] INFO:colcon.colcon_core.shell:Creating environment hook '/home/sunrise/ros2_ws/install/microxrcedds_agent/share/microxrcedds_agent/hook/path.ps1'
[5.069s] INFO:colcon.colcon_core.shell:Creating environment descriptor '/home/sunrise/ros2_ws/install/microxrcedds_agent/share/microxrcedds_agent/hook/path.dsv'
[5.073s] INFO:colcon.colcon_core.shell:Creating environment hook '/home/sunrise/ros2_ws/install/microxrcedds_agent/share/microxrcedds_agent/hook/path.sh'
[5.078s] Level 1:colcon.colcon_core.environment:checking '/home/sunrise/ros2_ws/install/microxrcedds_agent/lib/pkgconfig/microxrcedds_agent.pc'
[5.080s] Level 1:colcon.colcon_core.environment:checking '/home/sunrise/ros2_ws/install/microxrcedds_agent/lib/python3.10/site-packages'
[5.082s] Level 1:colcon.colcon_core.environment:checking '/home/sunrise/ros2_ws/install/microxrcedds_agent/bin'
[5.084s] Level 1:colcon.colcon_core.shell:create_environment_hook('microxrcedds_agent', 'pythonscriptspath')
[5.086s] INFO:colcon.colcon_core.shell:Creating environment hook '/home/sunrise/ros2_ws/install/microxrcedds_agent/share/microxrcedds_agent/hook/pythonscriptspath.ps1'
[5.090s] INFO:colcon.colcon_core.shell:Creating environment descriptor '/home/sunrise/ros2_ws/install/microxrcedds_agent/share/microxrcedds_agent/hook/pythonscriptspath.dsv'
[5.095s] INFO:colcon.colcon_core.shell:Creating environment hook '/home/sunrise/ros2_ws/install/microxrcedds_agent/share/microxrcedds_agent/hook/pythonscriptspath.sh'
[5.117s] INFO:colcon.colcon_core.shell:Creating package script '/home/sunrise/ros2_ws/install/microxrcedds_agent/share/microxrcedds_agent/package.ps1'
[5.123s] INFO:colcon.colcon_core.shell:Creating package descriptor '/home/sunrise/ros2_ws/install/microxrcedds_agent/share/microxrcedds_agent/package.dsv'
[5.130s] INFO:colcon.colcon_core.shell:Creating package script '/home/sunrise/ros2_ws/install/microxrcedds_agent/share/microxrcedds_agent/package.sh'
[5.135s] INFO:colcon.colcon_core.shell:Creating package script '/home/sunrise/ros2_ws/install/microxrcedds_agent/share/microxrcedds_agent/package.bash'
[5.140s] INFO:colcon.colcon_core.shell:Creating package script '/home/sunrise/ros2_ws/install/microxrcedds_agent/share/microxrcedds_agent/package.zsh'
[5.144s] Level 1:colcon.colcon_core.environment:create_file_with_runtime_dependencies(/home/sunrise/ros2_ws/install/microxrcedds_agent/share/colcon-core/packages/microxrcedds_agent)
[5.228s] DEBUG:colcon.colcon_core.event_handler.log_command:Invoked command in '/home/sunrise/ros2_ws/build/microxrcedds_agent' returned '0': /usr/bin/cmake --install /home/sunrise/ros2_ws/build/microxrcedds_agent
[5.285s] Level 1:colcon.colcon_core.environment:create_environment_scripts_only(micro_ros_msgs)
[5.287s] Level 1:colcon.colcon_core.environment:checking '/home/sunrise/ros2_ws/install/micro_ros_msgs' for CMake module files
[5.302s] Level 1:colcon.colcon_core.environment:checking '/home/sunrise/ros2_ws/install/micro_ros_msgs' for CMake config files
[5.304s] DEBUG:colcon.colcon_core.event_handler.log_command:Invoked command in '/home/sunrise/ros2_ws/build/micro_ros_msgs' returned '0': CMAKE_PREFIX_PATH=${CMAKE_PREFIX_PATH}:/opt/ros/humble:/home/sunrise/ros2_ws/install/fishbot_description /usr/bin/cmake --install /home/sunrise/ros2_ws/build/micro_ros_msgs
[5.308s] Level 1:colcon.colcon_core.shell:create_environment_hook('micro_ros_msgs', 'cmake_prefix_path')
[5.310s] INFO:colcon.colcon_core.shell:Creating environment hook '/home/sunrise/ros2_ws/install/micro_ros_msgs/share/micro_ros_msgs/hook/cmake_prefix_path.ps1'
[5.313s] INFO:colcon.colcon_core.shell:Creating environment descriptor '/home/sunrise/ros2_ws/install/micro_ros_msgs/share/micro_ros_msgs/hook/cmake_prefix_path.dsv'
[5.315s] INFO:colcon.colcon_core.shell:Creating environment hook '/home/sunrise/ros2_ws/install/micro_ros_msgs/share/micro_ros_msgs/hook/cmake_prefix_path.sh'
[5.319s] Level 1:colcon.colcon_core.environment:checking '/home/sunrise/ros2_ws/install/micro_ros_msgs/lib'
[5.320s] Level 1:colcon.colcon_core.shell:create_environment_hook('micro_ros_msgs', 'ld_library_path_lib')
[5.321s] INFO:colcon.colcon_core.shell:Creating environment hook '/home/sunrise/ros2_ws/install/micro_ros_msgs/share/micro_ros_msgs/hook/ld_library_path_lib.ps1'
[5.324s] INFO:colcon.colcon_core.shell:Creating environment descriptor '/home/sunrise/ros2_ws/install/micro_ros_msgs/share/micro_ros_msgs/hook/ld_library_path_lib.dsv'
[5.327s] INFO:colcon.colcon_core.shell:Creating environment hook '/home/sunrise/ros2_ws/install/micro_ros_msgs/share/micro_ros_msgs/hook/ld_library_path_lib.sh'
[5.330s] Level 1:colcon.colcon_core.environment:checking '/home/sunrise/ros2_ws/install/micro_ros_msgs/bin'
[5.330s] Level 1:colcon.colcon_core.environment:checking '/home/sunrise/ros2_ws/install/micro_ros_msgs/lib/pkgconfig/micro_ros_msgs.pc'
[5.332s] Level 1:colcon.colcon_core.environment:checking '/home/sunrise/ros2_ws/install/micro_ros_msgs/lib/python3.10/site-packages'
[5.333s] Level 1:colcon.colcon_core.environment:checking '/home/sunrise/ros2_ws/install/micro_ros_msgs/bin'
[5.336s] INFO:colcon.colcon_core.shell:Creating package script '/home/sunrise/ros2_ws/install/micro_ros_msgs/share/micro_ros_msgs/package.ps1'
[5.340s] INFO:colcon.colcon_core.shell:Creating package descriptor '/home/sunrise/ros2_ws/install/micro_ros_msgs/share/micro_ros_msgs/package.dsv'
[5.344s] INFO:colcon.colcon_core.shell:Creating package script '/home/sunrise/ros2_ws/install/micro_ros_msgs/share/micro_ros_msgs/package.sh'
[5.347s] INFO:colcon.colcon_core.shell:Creating package script '/home/sunrise/ros2_ws/install/micro_ros_msgs/share/micro_ros_msgs/package.bash'
[5.350s] INFO:colcon.colcon_core.shell:Creating package script '/home/sunrise/ros2_ws/install/micro_ros_msgs/share/micro_ros_msgs/package.zsh'
[5.353s] Level 1:colcon.colcon_core.environment:create_file_with_runtime_dependencies(/home/sunrise/ros2_ws/install/micro_ros_msgs/share/colcon-core/packages/micro_ros_msgs)
[5.357s] Level 1:colcon.colcon_core.environment:create_environment_scripts_only(micro_ros_msgs)
[5.359s] Level 1:colcon.colcon_core.environment:checking '/home/sunrise/ros2_ws/install/micro_ros_msgs' for CMake module files
[5.364s] Level 1:colcon.colcon_core.environment:checking '/home/sunrise/ros2_ws/install/micro_ros_msgs' for CMake config files
[5.367s] Level 1:colcon.colcon_core.shell:create_environment_hook('micro_ros_msgs', 'cmake_prefix_path')
[5.369s] INFO:colcon.colcon_core.shell:Creating environment hook '/home/sunrise/ros2_ws/install/micro_ros_msgs/share/micro_ros_msgs/hook/cmake_prefix_path.ps1'
[5.372s] INFO:colcon.colcon_core.shell:Creating environment descriptor '/home/sunrise/ros2_ws/install/micro_ros_msgs/share/micro_ros_msgs/hook/cmake_prefix_path.dsv'
[5.374s] INFO:colcon.colcon_core.shell:Creating environment hook '/home/sunrise/ros2_ws/install/micro_ros_msgs/share/micro_ros_msgs/hook/cmake_prefix_path.sh'
[5.378s] Level 1:colcon.colcon_core.environment:checking '/home/sunrise/ros2_ws/install/micro_ros_msgs/lib'
[5.378s] Level 1:colcon.colcon_core.shell:create_environment_hook('micro_ros_msgs', 'ld_library_path_lib')
[5.380s] INFO:colcon.colcon_core.shell:Creating environment hook '/home/sunrise/ros2_ws/install/micro_ros_msgs/share/micro_ros_msgs/hook/ld_library_path_lib.ps1'
[5.383s] INFO:colcon.colcon_core.shell:Creating environment descriptor '/home/sunrise/ros2_ws/install/micro_ros_msgs/share/micro_ros_msgs/hook/ld_library_path_lib.dsv'
[5.385s] INFO:colcon.colcon_core.shell:Creating environment hook '/home/sunrise/ros2_ws/install/micro_ros_msgs/share/micro_ros_msgs/hook/ld_library_path_lib.sh'
[5.388s] Level 1:colcon.colcon_core.environment:checking '/home/sunrise/ros2_ws/install/micro_ros_msgs/bin'
[5.389s] Level 1:colcon.colcon_core.environment:checking '/home/sunrise/ros2_ws/install/micro_ros_msgs/lib/pkgconfig/micro_ros_msgs.pc'
[5.390s] Level 1:colcon.colcon_core.environment:checking '/home/sunrise/ros2_ws/install/micro_ros_msgs/lib/python3.10/site-packages'
[5.391s] Level 1:colcon.colcon_core.environment:checking '/home/sunrise/ros2_ws/install/micro_ros_msgs/bin'
[5.394s] INFO:colcon.colcon_core.shell:Creating package script '/home/sunrise/ros2_ws/install/micro_ros_msgs/share/micro_ros_msgs/package.ps1'
[5.398s] INFO:colcon.colcon_core.shell:Creating package descriptor '/home/sunrise/ros2_ws/install/micro_ros_msgs/share/micro_ros_msgs/package.dsv'
[5.402s] INFO:colcon.colcon_core.shell:Creating package script '/home/sunrise/ros2_ws/install/micro_ros_msgs/share/micro_ros_msgs/package.sh'
[5.405s] INFO:colcon.colcon_core.shell:Creating package script '/home/sunrise/ros2_ws/install/micro_ros_msgs/share/micro_ros_msgs/package.bash'
[5.408s] INFO:colcon.colcon_core.shell:Creating package script '/home/sunrise/ros2_ws/install/micro_ros_msgs/share/micro_ros_msgs/package.zsh'
[5.411s] Level 1:colcon.colcon_core.environment:create_file_with_runtime_dependencies(/home/sunrise/ros2_ws/install/micro_ros_msgs/share/colcon-core/packages/micro_ros_msgs)
[5.413s] INFO:colcon.colcon_ros.task.ament_cmake.build:Building ROS package in '/home/sunrise/ros2_ws/src/micro-ROS-Agent/micro_ros_agent' with build type 'ament_cmake'
[5.414s] INFO:colcon.colcon_cmake.task.cmake.build:Building CMake package in '/home/sunrise/ros2_ws/src/micro-ROS-Agent/micro_ros_agent'
[5.416s] INFO:colcon.colcon_core.shell:Skip shell extension 'powershell' for command environment: Not usable outside of PowerShell
[5.416s] DEBUG:colcon.colcon_core.shell:Skip shell extension 'dsv' for command environment
[5.465s] DEBUG:colcon.colcon_core.event_handler.log_command:Invoking command in '/home/sunrise/ros2_ws/build/micro_ros_agent': CMAKE_PREFIX_PATH=/home/sunrise/ros2_ws/install/micro_ros_msgs:/home/sunrise/ros2_ws/install/ydlidar:/home/sunrise/ros2_ws/install/microxrcedds_agent:/home/sunrise/ros2_ws/install/micro_ros_agent:/opt/ros/humble:/home/sunrise/ros2_ws/install/fishbot_description LD_LIBRARY_PATH=/home/sunrise/ros2_ws/install/micro_ros_msgs/lib:/opt/ros/humble/opt/rviz_ogre_vendor/lib:/opt/ros/humble/lib/aarch64-linux-gnu:/opt/ros/humble/lib:/home/sunrise/ros2_ws/install/microxrcedds_agent/lib:/home/sunrise/ros2_ws/install/micro_ros_agent/lib:/usr/hobot/lib:/app/lib:/app/pub/lib:/middleware/lib:/middleware/pub/lib:/usr/hobot/lib/sensor:/system/lib:/system/usr/lib:/lib /usr/bin/cmake --build /home/sunrise/ros2_ws/build/micro_ros_agent -- -j8 -l8
[5.774s] DEBUG:colcon.colcon_core.event_handler.log_command:Invoked command in '/home/sunrise/ros2_ws/build/micro_ros_agent' returned '0': CMAKE_PREFIX_PATH=/home/sunrise/ros2_ws/install/micro_ros_msgs:/home/sunrise/ros2_ws/install/ydlidar:/home/sunrise/ros2_ws/install/microxrcedds_agent:/home/sunrise/ros2_ws/install/micro_ros_agent:/opt/ros/humble:/home/sunrise/ros2_ws/install/fishbot_description LD_LIBRARY_PATH=/home/sunrise/ros2_ws/install/micro_ros_msgs/lib:/opt/ros/humble/opt/rviz_ogre_vendor/lib:/opt/ros/humble/lib/aarch64-linux-gnu:/opt/ros/humble/lib:/home/sunrise/ros2_ws/install/microxrcedds_agent/lib:/home/sunrise/ros2_ws/install/micro_ros_agent/lib:/usr/hobot/lib:/app/lib:/app/pub/lib:/middleware/lib:/middleware/pub/lib:/usr/hobot/lib/sensor:/system/lib:/system/usr/lib:/lib /usr/bin/cmake --build /home/sunrise/ros2_ws/build/micro_ros_agent -- -j8 -l8
[5.781s] DEBUG:colcon.colcon_core.event_handler.log_command:Invoking command in '/home/sunrise/ros2_ws/build/micro_ros_agent': CMAKE_PREFIX_PATH=/home/sunrise/ros2_ws/install/micro_ros_msgs:/home/sunrise/ros2_ws/install/ydlidar:/home/sunrise/ros2_ws/install/microxrcedds_agent:/home/sunrise/ros2_ws/install/micro_ros_agent:/opt/ros/humble:/home/sunrise/ros2_ws/install/fishbot_description LD_LIBRARY_PATH=/home/sunrise/ros2_ws/install/micro_ros_msgs/lib:/opt/ros/humble/opt/rviz_ogre_vendor/lib:/opt/ros/humble/lib/aarch64-linux-gnu:/opt/ros/humble/lib:/home/sunrise/ros2_ws/install/microxrcedds_agent/lib:/home/sunrise/ros2_ws/install/micro_ros_agent/lib:/usr/hobot/lib:/app/lib:/app/pub/lib:/middleware/lib:/middleware/pub/lib:/usr/hobot/lib/sensor:/system/lib:/system/usr/lib:/lib /usr/bin/cmake --install /home/sunrise/ros2_ws/build/micro_ros_agent
[5.826s] Level 1:colcon.colcon_core.environment:create_environment_scripts_only(micro_ros_agent)
[5.829s] Level 1:colcon.colcon_core.environment:checking '/home/sunrise/ros2_ws/install/micro_ros_agent' for CMake module files
[5.831s] DEBUG:colcon.colcon_core.event_handler.log_command:Invoked command in '/home/sunrise/ros2_ws/build/micro_ros_agent' returned '0': CMAKE_PREFIX_PATH=/home/sunrise/ros2_ws/install/micro_ros_msgs:/home/sunrise/ros2_ws/install/ydlidar:/home/sunrise/ros2_ws/install/microxrcedds_agent:/home/sunrise/ros2_ws/install/micro_ros_agent:/opt/ros/humble:/home/sunrise/ros2_ws/install/fishbot_description LD_LIBRARY_PATH=/home/sunrise/ros2_ws/install/micro_ros_msgs/lib:/opt/ros/humble/opt/rviz_ogre_vendor/lib:/opt/ros/humble/lib/aarch64-linux-gnu:/opt/ros/humble/lib:/home/sunrise/ros2_ws/install/microxrcedds_agent/lib:/home/sunrise/ros2_ws/install/micro_ros_agent/lib:/usr/hobot/lib:/app/lib:/app/pub/lib:/middleware/lib:/middleware/pub/lib:/usr/hobot/lib/sensor:/system/lib:/system/usr/lib:/lib /usr/bin/cmake --install /home/sunrise/ros2_ws/build/micro_ros_agent
[5.834s] Level 1:colcon.colcon_core.environment:checking '/home/sunrise/ros2_ws/install/micro_ros_agent' for CMake config files
[5.839s] Level 1:colcon.colcon_core.shell:create_environment_hook('micro_ros_agent', 'cmake_prefix_path')
[5.841s] INFO:colcon.colcon_core.shell:Creating environment hook '/home/sunrise/ros2_ws/install/micro_ros_agent/share/micro_ros_agent/hook/cmake_prefix_path.ps1'
[5.845s] INFO:colcon.colcon_core.shell:Creating environment descriptor '/home/sunrise/ros2_ws/install/micro_ros_agent/share/micro_ros_agent/hook/cmake_prefix_path.dsv'
[5.848s] INFO:colcon.colcon_core.shell:Creating environment hook '/home/sunrise/ros2_ws/install/micro_ros_agent/share/micro_ros_agent/hook/cmake_prefix_path.sh'
[5.851s] Level 1:colcon.colcon_core.environment:checking '/home/sunrise/ros2_ws/install/micro_ros_agent/lib'
[5.852s] Level 1:colcon.colcon_core.shell:create_environment_hook('micro_ros_agent', 'ld_library_path_lib')
[5.854s] INFO:colcon.colcon_core.shell:Creating environment hook '/home/sunrise/ros2_ws/install/micro_ros_agent/share/micro_ros_agent/hook/ld_library_path_lib.ps1'
[5.857s] INFO:colcon.colcon_core.shell:Creating environment descriptor '/home/sunrise/ros2_ws/install/micro_ros_agent/share/micro_ros_agent/hook/ld_library_path_lib.dsv'
[5.860s] INFO:colcon.colcon_core.shell:Creating environment hook '/home/sunrise/ros2_ws/install/micro_ros_agent/share/micro_ros_agent/hook/ld_library_path_lib.sh'
[5.863s] Level 1:colcon.colcon_core.environment:checking '/home/sunrise/ros2_ws/install/micro_ros_agent/bin'
[5.863s] Level 1:colcon.colcon_core.environment:checking '/home/sunrise/ros2_ws/install/micro_ros_agent/lib/pkgconfig/micro_ros_agent.pc'
[5.865s] Level 1:colcon.colcon_core.environment:checking '/home/sunrise/ros2_ws/install/micro_ros_agent/lib/python3.10/site-packages'
[5.866s] Level 1:colcon.colcon_core.environment:checking '/home/sunrise/ros2_ws/install/micro_ros_agent/bin'
[5.869s] INFO:colcon.colcon_core.shell:Creating package script '/home/sunrise/ros2_ws/install/micro_ros_agent/share/micro_ros_agent/package.ps1'
[5.872s] INFO:colcon.colcon_core.shell:Creating package descriptor '/home/sunrise/ros2_ws/install/micro_ros_agent/share/micro_ros_agent/package.dsv'
[5.875s] INFO:colcon.colcon_core.shell:Creating package script '/home/sunrise/ros2_ws/install/micro_ros_agent/share/micro_ros_agent/package.sh'
[5.879s] INFO:colcon.colcon_core.shell:Creating package script '/home/sunrise/ros2_ws/install/micro_ros_agent/share/micro_ros_agent/package.bash'
[5.881s] INFO:colcon.colcon_core.shell:Creating package script '/home/sunrise/ros2_ws/install/micro_ros_agent/share/micro_ros_agent/package.zsh'
[5.884s] Level 1:colcon.colcon_core.environment:create_file_with_runtime_dependencies(/home/sunrise/ros2_ws/install/micro_ros_agent/share/colcon-core/packages/micro_ros_agent)
[5.888s] Level 1:colcon.colcon_core.environment:create_environment_scripts_only(micro_ros_agent)
[5.889s] Level 1:colcon.colcon_core.environment:checking '/home/sunrise/ros2_ws/install/micro_ros_agent' for CMake module files
[5.893s] Level 1:colcon.colcon_core.environment:checking '/home/sunrise/ros2_ws/install/micro_ros_agent' for CMake config files
[5.898s] Level 1:colcon.colcon_core.shell:create_environment_hook('micro_ros_agent', 'cmake_prefix_path')
[5.900s] INFO:colcon.colcon_core.shell:Creating environment hook '/home/sunrise/ros2_ws/install/micro_ros_agent/share/micro_ros_agent/hook/cmake_prefix_path.ps1'
[5.903s] INFO:colcon.colcon_core.shell:Creating environment descriptor '/home/sunrise/ros2_ws/install/micro_ros_agent/share/micro_ros_agent/hook/cmake_prefix_path.dsv'
[5.905s] INFO:colcon.colcon_core.shell:Creating environment hook '/home/sunrise/ros2_ws/install/micro_ros_agent/share/micro_ros_agent/hook/cmake_prefix_path.sh'
[5.908s] Level 1:colcon.colcon_core.environment:checking '/home/sunrise/ros2_ws/install/micro_ros_agent/lib'
[5.909s] Level 1:colcon.colcon_core.shell:create_environment_hook('micro_ros_agent', 'ld_library_path_lib')
[5.911s] INFO:colcon.colcon_core.shell:Creating environment hook '/home/sunrise/ros2_ws/install/micro_ros_agent/share/micro_ros_agent/hook/ld_library_path_lib.ps1'
[5.914s] INFO:colcon.colcon_core.shell:Creating environment descriptor '/home/sunrise/ros2_ws/install/micro_ros_agent/share/micro_ros_agent/hook/ld_library_path_lib.dsv'
[5.918s] INFO:colcon.colcon_core.shell:Creating environment hook '/home/sunrise/ros2_ws/install/micro_ros_agent/share/micro_ros_agent/hook/ld_library_path_lib.sh'
[5.921s] Level 1:colcon.colcon_core.environment:checking '/home/sunrise/ros2_ws/install/micro_ros_agent/bin'
[5.921s] Level 1:colcon.colcon_core.environment:checking '/home/sunrise/ros2_ws/install/micro_ros_agent/lib/pkgconfig/micro_ros_agent.pc'
[5.923s] Level 1:colcon.colcon_core.environment:checking '/home/sunrise/ros2_ws/install/micro_ros_agent/lib/python3.10/site-packages'
[5.925s] Level 1:colcon.colcon_core.environment:checking '/home/sunrise/ros2_ws/install/micro_ros_agent/bin'
[5.927s] INFO:colcon.colcon_core.shell:Creating package script '/home/sunrise/ros2_ws/install/micro_ros_agent/share/micro_ros_agent/package.ps1'
[5.931s] INFO:colcon.colcon_core.shell:Creating package descriptor '/home/sunrise/ros2_ws/install/micro_ros_agent/share/micro_ros_agent/package.dsv'
[5.935s] INFO:colcon.colcon_core.shell:Creating package script '/home/sunrise/ros2_ws/install/micro_ros_agent/share/micro_ros_agent/package.sh'
[5.939s] INFO:colcon.colcon_core.shell:Creating package script '/home/sunrise/ros2_ws/install/micro_ros_agent/share/micro_ros_agent/package.bash'
[5.942s] INFO:colcon.colcon_core.shell:Creating package script '/home/sunrise/ros2_ws/install/micro_ros_agent/share/micro_ros_agent/package.zsh'
[5.946s] Level 1:colcon.colcon_core.environment:create_file_with_runtime_dependencies(/home/sunrise/ros2_ws/install/micro_ros_agent/share/colcon-core/packages/micro_ros_agent)
[6.752s] DEBUG:colcon.colcon_core.event_handler.log_command:Invoking command in '/home/sunrise/ros2_ws/src/fishbot_description': PYTHONPATH=/home/sunrise/ros2_ws/build/fishbot_description/prefix_override:/usr/lib/python3/dist-packages/colcon_core/task/python/colcon_distutils_commands:/home/sunrise/ros2_ws/install/fishbot_description/lib/python3.10/site-packages:${PYTHONPATH} /usr/bin/python3 -W ignore:setup.py install is deprecated -W ignore:easy_install command is deprecated setup.py egg_info --egg-base ../../build/fishbot_description build --build-base /home/sunrise/ros2_ws/build/fishbot_description/build install --record /home/sunrise/ros2_ws/build/fishbot_description/install.log --single-version-externally-managed install_data
[8.702s] Level 1:colcon.colcon_core.environment:checking '/home/sunrise/ros2_ws/install/fishbot_description' for CMake module files
[8.705s] DEBUG:colcon.colcon_core.event_handler.log_command:Invoked command in '/home/sunrise/ros2_ws/src/fishbot_description' returned '0': PYTHONPATH=/home/sunrise/ros2_ws/build/fishbot_description/prefix_override:/usr/lib/python3/dist-packages/colcon_core/task/python/colcon_distutils_commands:/home/sunrise/ros2_ws/install/fishbot_description/lib/python3.10/site-packages:${PYTHONPATH} /usr/bin/python3 -W ignore:setup.py install is deprecated -W ignore:easy_install command is deprecated setup.py egg_info --egg-base ../../build/fishbot_description build --build-base /home/sunrise/ros2_ws/build/fishbot_description/build install --record /home/sunrise/ros2_ws/build/fishbot_description/install.log --single-version-externally-managed install_data
[8.706s] Level 1:colcon.colcon_core.environment:checking '/home/sunrise/ros2_ws/install/fishbot_description' for CMake config files
[8.709s] Level 1:colcon.colcon_core.environment:checking '/home/sunrise/ros2_ws/install/fishbot_description/lib'
[8.710s] Level 1:colcon.colcon_core.environment:checking '/home/sunrise/ros2_ws/install/fishbot_description/bin'
[8.710s] Level 1:colcon.colcon_core.environment:checking '/home/sunrise/ros2_ws/install/fishbot_description/lib/pkgconfig/fishbot_description.pc'
[8.711s] Level 1:colcon.colcon_core.environment:checking '/home/sunrise/ros2_ws/install/fishbot_description/lib/python3.10/site-packages'
[8.712s] Level 1:colcon.colcon_core.shell:create_environment_hook('fishbot_description', 'pythonpath')
[8.713s] INFO:colcon.colcon_core.shell:Creating environment hook '/home/sunrise/ros2_ws/install/fishbot_description/share/fishbot_description/hook/pythonpath.ps1'
[8.716s] INFO:colcon.colcon_core.shell:Creating environment descriptor '/home/sunrise/ros2_ws/install/fishbot_description/share/fishbot_description/hook/pythonpath.dsv'
[8.717s] INFO:colcon.colcon_core.shell:Creating environment hook '/home/sunrise/ros2_ws/install/fishbot_description/share/fishbot_description/hook/pythonpath.sh'
[8.721s] Level 1:colcon.colcon_core.environment:checking '/home/sunrise/ros2_ws/install/fishbot_description/bin'
[8.721s] Level 1:colcon.colcon_core.environment:create_environment_scripts_only(fishbot_description)
[8.723s] INFO:colcon.colcon_core.shell:Creating package script '/home/sunrise/ros2_ws/install/fishbot_description/share/fishbot_description/package.ps1'
[8.727s] INFO:colcon.colcon_core.shell:Creating package descriptor '/home/sunrise/ros2_ws/install/fishbot_description/share/fishbot_description/package.dsv'
[8.730s] INFO:colcon.colcon_core.shell:Creating package script '/home/sunrise/ros2_ws/install/fishbot_description/share/fishbot_description/package.sh'
[8.733s] INFO:colcon.colcon_core.shell:Creating package script '/home/sunrise/ros2_ws/install/fishbot_description/share/fishbot_description/package.bash'
[8.735s] INFO:colcon.colcon_core.shell:Creating package script '/home/sunrise/ros2_ws/install/fishbot_description/share/fishbot_description/package.zsh'
[8.737s] Level 1:colcon.colcon_core.environment:create_file_with_runtime_dependencies(/home/sunrise/ros2_ws/install/fishbot_description/share/colcon-core/packages/fishbot_description)
[36.942s] DEBUG:colcon.colcon_parallel_executor.executor.parallel:run_until_complete was interrupted
[36.942s] DEBUG:colcon.colcon_parallel_executor.executor.parallel:run_until_complete again
[37.236s] DEBUG:colcon.colcon_core.event_handler.log_command:Invoked command in '/home/sunrise/ros2_ws/build/fishbot_bringup' returned '-2': CMAKE_PREFIX_PATH=${CMAKE_PREFIX_PATH}:/opt/ros/humble:/home/sunrise/ros2_ws/install/fishbot_description /usr/bin/cmake --build /home/sunrise/ros2_ws/build/fishbot_bringup -- -j8 -l8
[37.239s] Level 1:colcon.colcon_core.environment:create_environment_scripts_only(fishbot_bringup)
[37.240s] Level 1:colcon.colcon_core.environment:checking '/home/sunrise/ros2_ws/install/fishbot_bringup' for CMake module files
[37.242s] Level 1:colcon.colcon_core.environment:checking '/home/sunrise/ros2_ws/install/fishbot_bringup' for CMake config files
[37.244s] Level 1:colcon.colcon_core.environment:checking '/home/sunrise/ros2_ws/install/fishbot_bringup/bin'
[37.244s] Level 1:colcon.colcon_core.environment:checking '/home/sunrise/ros2_ws/install/fishbot_bringup/lib/pkgconfig/fishbot_bringup.pc'
[37.245s] Level 1:colcon.colcon_core.environment:checking '/home/sunrise/ros2_ws/install/fishbot_bringup/lib/python3.10/site-packages'
[37.246s] Level 1:colcon.colcon_core.environment:checking '/home/sunrise/ros2_ws/install/fishbot_bringup/bin'
[37.248s] INFO:colcon.colcon_core.shell:Creating package script '/home/sunrise/ros2_ws/install/fishbot_bringup/share/fishbot_bringup/package.ps1'
[37.251s] INFO:colcon.colcon_core.shell:Creating package descriptor '/home/sunrise/ros2_ws/install/fishbot_bringup/share/fishbot_bringup/package.dsv'
[37.253s] INFO:colcon.colcon_core.shell:Creating package script '/home/sunrise/ros2_ws/install/fishbot_bringup/share/fishbot_bringup/package.sh'
[37.255s] INFO:colcon.colcon_core.shell:Creating package script '/home/sunrise/ros2_ws/install/fishbot_bringup/share/fishbot_bringup/package.bash'
[37.257s] INFO:colcon.colcon_core.shell:Creating package script '/home/sunrise/ros2_ws/install/fishbot_bringup/share/fishbot_bringup/package.zsh'
[37.260s] Level 1:colcon.colcon_core.environment:create_file_with_runtime_dependencies(/home/sunrise/ros2_ws/install/fishbot_bringup/share/colcon-core/packages/fishbot_bringup)
[37.271s] DEBUG:colcon.colcon_parallel_executor.executor.parallel:run_until_complete finished
[37.271s] DEBUG:colcon.colcon_parallel_executor.executor.parallel:closing loop
[37.272s] DEBUG:colcon.colcon_parallel_executor.executor.parallel:loop closed
[37.272s] DEBUG:colcon.colcon_core.event_reactor:joining thread
[37.298s] INFO:colcon.colcon_core.plugin_system:Skipping extension 'colcon_notification.desktop_notification.notify_send': Could not find 'notify-send'
[37.298s] INFO:colcon.colcon_core.plugin_system:Skipping extension 'colcon_notification.desktop_notification.terminal_notifier': Not used on non-Darwin systems
[37.299s] INFO:colcon.colcon_core.plugin_system:Skipping extension 'colcon_notification.desktop_notification.win32': Not used on non-Windows systems
[37.299s] INFO:colcon.colcon_notification.desktop_notification:Sending desktop notification using 'notify2'
[37.324s] DEBUG:colcon.colcon_core.event_reactor:joined thread
[37.326s] INFO:colcon.colcon_core.shell:Creating prefix script '/home/sunrise/ros2_ws/install/local_setup.ps1'
[37.332s] INFO:colcon.colcon_core.shell:Creating prefix util module '/home/sunrise/ros2_ws/install/_local_setup_util_ps1.py'
[37.342s] INFO:colcon.colcon_core.shell:Creating prefix chain script '/home/sunrise/ros2_ws/install/setup.ps1'
[37.349s] INFO:colcon.colcon_core.shell:Creating prefix script '/home/sunrise/ros2_ws/install/local_setup.sh'
[37.352s] INFO:colcon.colcon_core.shell:Creating prefix util module '/home/sunrise/ros2_ws/install/_local_setup_util_sh.py'
[37.355s] INFO:colcon.colcon_core.shell:Creating prefix chain script '/home/sunrise/ros2_ws/install/setup.sh'
[37.362s] INFO:colcon.colcon_core.shell:Creating prefix script '/home/sunrise/ros2_ws/install/local_setup.bash'
[37.365s] INFO:colcon.colcon_core.shell:Creating prefix chain script '/home/sunrise/ros2_ws/install/setup.bash'
[37.371s] INFO:colcon.colcon_core.shell:Creating prefix script '/home/sunrise/ros2_ws/install/local_setup.zsh'
[37.373s] INFO:colcon.colcon_core.shell:Creating prefix chain script '/home/sunrise/ros2_ws/install/setup.zsh'
