[0.039s] Invoking command in '/home/sunrise/ros2_ws/build/dwb_msgs': AMENT_PREFIX_PATH=/home/sunrise/ros2_ws/install/nav_2d_msgs:${AMENT_PREFIX_PATH} CMAKE_PREFIX_PATH=/home/sunrise/ros2_ws/install/nav_2d_msgs:/opt/ros/humble LD_LIBRARY_PATH=/home/sunrise/ros2_ws/install/nav_2d_msgs/lib:/opt/ros/humble/opt/rviz_ogre_vendor/lib:/opt/ros/humble/lib/aarch64-linux-gnu:/opt/ros/humble/lib:/usr/hobot/lib:/app/lib:/app/pub/lib:/middleware/lib:/middleware/pub/lib:/usr/hobot/lib/sensor:/system/lib:/system/usr/lib:/lib PYTHONPATH=/home/sunrise/ros2_ws/install/nav_2d_msgs/local/lib/python3.10/dist-packages:${PYTHONPATH} /usr/bin/cmake /home/sunrise/ros2_ws/src/navigation2/nav2_dwb_controller/dwb_msgs -DCMAKE_INSTALL_PREFIX=/home/sunrise/ros2_ws/install/dwb_msgs
[0.337s] -- The C compiler identification is GNU 11.2.0
[0.667s] -- The CXX compiler identification is GNU 11.2.0
[0.697s] -- Detecting C compiler ABI info
[1.055s] -- Detecting C compiler ABI info - done
[1.102s] -- Check for working C compiler: /usr/bin/cc - skipped
[1.103s] -- Detecting C compile features
[1.105s] -- Detecting C compile features - done
[1.120s] -- Detecting CXX compiler ABI info
[1.528s] -- Detecting CXX compiler ABI info - done
[1.576s] -- Check for working CXX compiler: /usr/bin/c++ - skipped
[1.577s] -- Detecting CXX compile features
[1.580s] -- Detecting CXX compile features - done
[1.589s] -- Found builtin_interfaces: 1.2.1 (/opt/ros/humble/share/builtin_interfaces/cmake)
[2.558s] -- Found Python3: /usr/bin/python3 (found version "3.10.12") found components: Interpreter 
[3.260s] -- Found rosidl_generator_c: 3.1.6 (/opt/ros/humble/share/rosidl_generator_c/cmake)
[3.286s] -- Found rosidl_adapter: 3.1.6 (/opt/ros/humble/share/rosidl_adapter/cmake)
[3.331s] -- Found rosidl_generator_cpp: 3.1.6 (/opt/ros/humble/share/rosidl_generator_cpp/cmake)
[3.400s] -- Using all available rosidl_typesupport_c: rosidl_typesupport_fastrtps_c;rosidl_typesupport_introspection_c
[3.493s] -- Using all available rosidl_typesupport_cpp: rosidl_typesupport_fastrtps_cpp;rosidl_typesupport_introspection_cpp
[3.579s] -- Found geometry_msgs: 4.8.0 (/opt/ros/humble/share/geometry_msgs/cmake)
[3.743s] -- Found nav_2d_msgs: 1.1.0 (/home/sunrise/ros2_ws/install/nav_2d_msgs/share/nav_2d_msgs/cmake)
[3.839s] -- Found nav_msgs: 4.8.0 (/opt/ros/humble/share/nav_msgs/cmake)
[3.946s] -- Found rosidl_default_generators: 1.2.0 (/opt/ros/humble/share/rosidl_default_generators/cmake)
[6.504s] -- Found ament_cmake_ros: 0.10.0 (/opt/ros/humble/share/ament_cmake_ros/cmake)
[9.516s] -- Using all available rosidl_typesupport_c: rosidl_typesupport_fastrtps_c;rosidl_typesupport_introspection_c
[10.709s] -- Using all available rosidl_typesupport_cpp: rosidl_typesupport_fastrtps_cpp;rosidl_typesupport_introspection_cpp
[10.850s] -- Found PythonInterp: /usr/bin/python3 (found suitable version "3.10.12", minimum required is "3.6") 
[10.856s] -- Found python_cmake_module: 0.10.0 (/opt/ros/humble/share/python_cmake_module/cmake)
[11.021s] -- Found PythonLibs: /usr/lib/aarch64-linux-gnu/libpython3.10.so (found suitable version "3.10.12", minimum required is "3.5") 
[11.022s] -- Using PYTHON_EXECUTABLE: /usr/bin/python3
[11.022s] -- Using PYTHON_INCLUDE_DIRS: /usr/include/python3.10
[11.023s] -- Using PYTHON_LIBRARIES: /usr/lib/aarch64-linux-gnu/libpython3.10.so
[11.163s] -- Found PythonExtra: .so  
[11.665s] -- Configuring done
[11.959s] -- Generating done
[12.046s] -- Build files have been written to: /home/sunrise/ros2_ws/build/dwb_msgs
[12.123s] Invoked command in '/home/sunrise/ros2_ws/build/dwb_msgs' returned '0': AMENT_PREFIX_PATH=/home/sunrise/ros2_ws/install/nav_2d_msgs:${AMENT_PREFIX_PATH} CMAKE_PREFIX_PATH=/home/sunrise/ros2_ws/install/nav_2d_msgs:/opt/ros/humble LD_LIBRARY_PATH=/home/sunrise/ros2_ws/install/nav_2d_msgs/lib:/opt/ros/humble/opt/rviz_ogre_vendor/lib:/opt/ros/humble/lib/aarch64-linux-gnu:/opt/ros/humble/lib:/usr/hobot/lib:/app/lib:/app/pub/lib:/middleware/lib:/middleware/pub/lib:/usr/hobot/lib/sensor:/system/lib:/system/usr/lib:/lib PYTHONPATH=/home/sunrise/ros2_ws/install/nav_2d_msgs/local/lib/python3.10/dist-packages:${PYTHONPATH} /usr/bin/cmake /home/sunrise/ros2_ws/src/navigation2/nav2_dwb_controller/dwb_msgs -DCMAKE_INSTALL_PREFIX=/home/sunrise/ros2_ws/install/dwb_msgs
[12.130s] Invoking command in '/home/sunrise/ros2_ws/build/dwb_msgs': AMENT_PREFIX_PATH=/home/sunrise/ros2_ws/install/nav_2d_msgs:${AMENT_PREFIX_PATH} CMAKE_PREFIX_PATH=/home/sunrise/ros2_ws/install/nav_2d_msgs:/opt/ros/humble LD_LIBRARY_PATH=/home/sunrise/ros2_ws/install/nav_2d_msgs/lib:/opt/ros/humble/opt/rviz_ogre_vendor/lib:/opt/ros/humble/lib/aarch64-linux-gnu:/opt/ros/humble/lib:/usr/hobot/lib:/app/lib:/app/pub/lib:/middleware/lib:/middleware/pub/lib:/usr/hobot/lib/sensor:/system/lib:/system/usr/lib:/lib PYTHONPATH=/home/sunrise/ros2_ws/install/nav_2d_msgs/local/lib/python3.10/dist-packages:${PYTHONPATH} /usr/bin/cmake --build /home/sunrise/ros2_ws/build/dwb_msgs -- -j8 -l8
[12.315s] [  1%] [34m[1mGenerating C code for ROS interfaces[0m
[12.363s] [  2%] [34m[1mGenerating C++ code for ROS interfaces[0m
[12.394s] [  2%] Built target ament_cmake_python_copy_dwb_msgs
[14.133s] running egg_info
[14.137s] creating dwb_msgs.egg-info
[14.138s] writing dwb_msgs.egg-info/PKG-INFO
[14.139s] writing dependency_links to dwb_msgs.egg-info/dependency_links.txt
[14.141s] writing top-level names to dwb_msgs.egg-info/top_level.txt
[14.143s] writing manifest file 'dwb_msgs.egg-info/SOURCES.txt'
[14.155s] reading manifest file 'dwb_msgs.egg-info/SOURCES.txt'
[14.158s] writing manifest file 'dwb_msgs.egg-info/SOURCES.txt'
[14.383s] [  2%] Built target ament_cmake_python_build_dwb_msgs_egg
[19.887s] [  3%] [32mBuilding C object CMakeFiles/dwb_msgs__rosidl_generator_c.dir/rosidl_generator_c/dwb_msgs/msg/detail/critic_score__functions.c.o[0m
[19.898s] [  4%] [32mBuilding C object CMakeFiles/dwb_msgs__rosidl_generator_c.dir/rosidl_generator_c/dwb_msgs/msg/detail/trajectory2_d__functions.c.o[0m
[19.901s] [  5%] [32mBuilding C object CMakeFiles/dwb_msgs__rosidl_generator_c.dir/rosidl_generator_c/dwb_msgs/srv/detail/debug_local_plan__functions.c.o[0m
[19.902s] [  6%] [32mBuilding C object CMakeFiles/dwb_msgs__rosidl_generator_c.dir/rosidl_generator_c/dwb_msgs/msg/detail/local_plan_evaluation__functions.c.o[0m
[19.907s] [  7%] [32mBuilding C object CMakeFiles/dwb_msgs__rosidl_generator_c.dir/rosidl_generator_c/dwb_msgs/msg/detail/trajectory_score__functions.c.o[0m
[19.909s] [  8%] [32mBuilding C object CMakeFiles/dwb_msgs__rosidl_generator_c.dir/rosidl_generator_c/dwb_msgs/srv/detail/generate_trajectory__functions.c.o[0m
[19.938s] [  9%] [32mBuilding C object CMakeFiles/dwb_msgs__rosidl_generator_c.dir/rosidl_generator_c/dwb_msgs/srv/detail/generate_twists__functions.c.o[0m
[19.944s] [  9%] Built target dwb_msgs__cpp
[20.074s] [ 10%] [34m[1mGenerating C++ type support dispatch for ROS interfaces[0m
[20.283s] [ 11%] [34m[1mGenerating C++ type support for eProsima Fast-RTPS[0m
[20.321s] [ 12%] [32mBuilding C object CMakeFiles/dwb_msgs__rosidl_generator_c.dir/rosidl_generator_c/dwb_msgs/srv/detail/get_critic_score__functions.c.o[0m
[20.393s] [ 13%] [32mBuilding C object CMakeFiles/dwb_msgs__rosidl_generator_c.dir/rosidl_generator_c/dwb_msgs/srv/detail/score_trajectory__functions.c.o[0m
[20.410s] [ 14%] [34m[1mGenerating C++ introspection for ROS interfaces[0m
[20.826s] [ 15%] [32m[1mLinking C shared library libdwb_msgs__rosidl_generator_c.so[0m
[21.083s] [ 15%] Built target dwb_msgs__rosidl_generator_c
[21.132s] [ 16%] [34m[1mGenerating C type support for eProsima Fast-RTPS[0m
[21.166s] [ 17%] [34m[1mGenerating C introspection for ROS interfaces[0m
[21.217s] [ 18%] [34m[1mGenerating C type support dispatch for ROS interfaces[0m
[28.384s] [ 20%] [32mBuilding CXX object CMakeFiles/dwb_msgs__rosidl_typesupport_cpp.dir/rosidl_typesupport_cpp/dwb_msgs/msg/critic_score__type_support.cpp.o[0m
[28.424s] [ 21%] [32mBuilding CXX object CMakeFiles/dwb_msgs__rosidl_typesupport_cpp.dir/rosidl_typesupport_cpp/dwb_msgs/msg/local_plan_evaluation__type_support.cpp.o[0m
[28.432s] [ 22%] [32mBuilding CXX object CMakeFiles/dwb_msgs__rosidl_typesupport_cpp.dir/rosidl_typesupport_cpp/dwb_msgs/msg/trajectory2_d__type_support.cpp.o[0m
[29.438s] [ 23%] [32mBuilding CXX object CMakeFiles/dwb_msgs__rosidl_typesupport_c.dir/rosidl_typesupport_c/dwb_msgs/msg/critic_score__type_support.cpp.o[0m
[29.859s] [ 24%] [32mBuilding CXX object CMakeFiles/dwb_msgs__rosidl_typesupport_c.dir/rosidl_typesupport_c/dwb_msgs/msg/local_plan_evaluation__type_support.cpp.o[0m
[30.250s] [ 25%] [32mBuilding CXX object CMakeFiles/dwb_msgs__rosidl_typesupport_c.dir/rosidl_typesupport_c/dwb_msgs/msg/trajectory2_d__type_support.cpp.o[0m
[30.431s] [ 26%] [32mBuilding CXX object CMakeFiles/dwb_msgs__rosidl_typesupport_c.dir/rosidl_typesupport_c/dwb_msgs/msg/trajectory_score__type_support.cpp.o[0m
[30.632s] [ 27%] [32mBuilding CXX object CMakeFiles/dwb_msgs__rosidl_typesupport_c.dir/rosidl_typesupport_c/dwb_msgs/srv/debug_local_plan__type_support.cpp.o[0m
[31.043s] [ 28%] [32mBuilding CXX object CMakeFiles/dwb_msgs__rosidl_typesupport_c.dir/rosidl_typesupport_c/dwb_msgs/srv/generate_trajectory__type_support.cpp.o[0m
[31.206s] [ 29%] [32mBuilding CXX object CMakeFiles/dwb_msgs__rosidl_typesupport_introspection_cpp.dir/rosidl_typesupport_introspection_cpp/dwb_msgs/msg/detail/critic_score__type_support.cpp.o[0m
[31.485s] [ 30%] [32mBuilding CXX object CMakeFiles/dwb_msgs__rosidl_typesupport_c.dir/rosidl_typesupport_c/dwb_msgs/srv/generate_twists__type_support.cpp.o[0m
[31.940s] [ 31%] [32mBuilding CXX object CMakeFiles/dwb_msgs__rosidl_typesupport_c.dir/rosidl_typesupport_c/dwb_msgs/srv/get_critic_score__type_support.cpp.o[0m
[32.425s] [ 32%] [32mBuilding CXX object CMakeFiles/dwb_msgs__rosidl_typesupport_cpp.dir/rosidl_typesupport_cpp/dwb_msgs/msg/trajectory_score__type_support.cpp.o[0m
[32.476s] [ 33%] [32mBuilding CXX object CMakeFiles/dwb_msgs__rosidl_typesupport_c.dir/rosidl_typesupport_c/dwb_msgs/srv/score_trajectory__type_support.cpp.o[0m
[32.895s] [ 34%] [32mBuilding CXX object CMakeFiles/dwb_msgs__rosidl_typesupport_cpp.dir/rosidl_typesupport_cpp/dwb_msgs/srv/debug_local_plan__type_support.cpp.o[0m
[32.919s] [ 35%] [32m[1mLinking CXX shared library libdwb_msgs__rosidl_typesupport_c.so[0m
[33.038s] [ 36%] [32mBuilding CXX object CMakeFiles/dwb_msgs__rosidl_typesupport_introspection_cpp.dir/rosidl_typesupport_introspection_cpp/dwb_msgs/msg/detail/local_plan_evaluation__type_support.cpp.o[0m
[33.401s] [ 36%] Built target dwb_msgs__rosidl_typesupport_c
[33.516s] [ 37%] [32mBuilding CXX object CMakeFiles/dwb_msgs__rosidl_typesupport_introspection_cpp.dir/rosidl_typesupport_introspection_cpp/dwb_msgs/msg/detail/trajectory2_d__type_support.cpp.o[0m
[33.549s] [ 38%] [32mBuilding CXX object CMakeFiles/dwb_msgs__rosidl_typesupport_fastrtps_cpp.dir/rosidl_typesupport_fastrtps_cpp/dwb_msgs/msg/detail/dds_fastrtps/critic_score__type_support.cpp.o[0m
[34.995s] [ 40%] [32mBuilding C object CMakeFiles/dwb_msgs__rosidl_typesupport_introspection_c.dir/rosidl_typesupport_introspection_c/dwb_msgs/msg/detail/critic_score__type_support.c.o[0m
[35.456s] [ 41%] [32mBuilding C object CMakeFiles/dwb_msgs__rosidl_typesupport_introspection_c.dir/rosidl_typesupport_introspection_c/dwb_msgs/msg/detail/local_plan_evaluation__type_support.c.o[0m
[35.999s] [ 42%] [32mBuilding C object CMakeFiles/dwb_msgs__rosidl_typesupport_introspection_c.dir/rosidl_typesupport_introspection_c/dwb_msgs/msg/detail/trajectory2_d__type_support.c.o[0m
[36.046s] [ 43%] [32mBuilding CXX object CMakeFiles/dwb_msgs__rosidl_typesupport_fastrtps_c.dir/rosidl_typesupport_fastrtps_c/dwb_msgs/msg/detail/critic_score__type_support_c.cpp.o[0m
[36.215s] [ 44%] [32mBuilding C object CMakeFiles/dwb_msgs__rosidl_typesupport_introspection_c.dir/rosidl_typesupport_introspection_c/dwb_msgs/msg/detail/trajectory_score__type_support.c.o[0m
[36.397s] [ 45%] [32mBuilding CXX object CMakeFiles/dwb_msgs__rosidl_typesupport_cpp.dir/rosidl_typesupport_cpp/dwb_msgs/srv/generate_trajectory__type_support.cpp.o[0m
[36.436s] [ 46%] [32mBuilding CXX object CMakeFiles/dwb_msgs__rosidl_typesupport_cpp.dir/rosidl_typesupport_cpp/dwb_msgs/srv/generate_twists__type_support.cpp.o[0m
[36.713s] [ 47%] [32mBuilding C object CMakeFiles/dwb_msgs__rosidl_typesupport_introspection_c.dir/rosidl_typesupport_introspection_c/dwb_msgs/srv/detail/debug_local_plan__type_support.c.o[0m
[36.747s] [ 48%] [32mBuilding CXX object CMakeFiles/dwb_msgs__rosidl_typesupport_fastrtps_cpp.dir/rosidl_typesupport_fastrtps_cpp/dwb_msgs/msg/detail/dds_fastrtps/local_plan_evaluation__type_support.cpp.o[0m
[37.225s] [ 49%] [32mBuilding C object CMakeFiles/dwb_msgs__rosidl_typesupport_introspection_c.dir/rosidl_typesupport_introspection_c/dwb_msgs/srv/detail/generate_trajectory__type_support.c.o[0m
[37.719s] [ 50%] [32mBuilding C object CMakeFiles/dwb_msgs__rosidl_typesupport_introspection_c.dir/rosidl_typesupport_introspection_c/dwb_msgs/srv/detail/generate_twists__type_support.c.o[0m
[38.324s] [ 51%] [32mBuilding C object CMakeFiles/dwb_msgs__rosidl_typesupport_introspection_c.dir/rosidl_typesupport_introspection_c/dwb_msgs/srv/detail/get_critic_score__type_support.c.o[0m
[38.874s] [ 52%] [32mBuilding C object CMakeFiles/dwb_msgs__rosidl_typesupport_introspection_c.dir/rosidl_typesupport_introspection_c/dwb_msgs/srv/detail/score_trajectory__type_support.c.o[0m
[39.409s] [ 53%] [32m[1mLinking C shared library libdwb_msgs__rosidl_typesupport_introspection_c.so[0m
[39.892s] [ 53%] Built target dwb_msgs__rosidl_typesupport_introspection_c
[39.948s] [ 54%] [32mBuilding CXX object CMakeFiles/dwb_msgs__rosidl_typesupport_cpp.dir/rosidl_typesupport_cpp/dwb_msgs/srv/get_critic_score__type_support.cpp.o[0m
[40.282s] [ 55%] [32mBuilding CXX object CMakeFiles/dwb_msgs__rosidl_typesupport_fastrtps_c.dir/rosidl_typesupport_fastrtps_c/dwb_msgs/msg/detail/local_plan_evaluation__type_support_c.cpp.o[0m
[41.405s] [ 56%] [32mBuilding CXX object CMakeFiles/dwb_msgs__rosidl_typesupport_introspection_cpp.dir/rosidl_typesupport_introspection_cpp/dwb_msgs/msg/detail/trajectory_score__type_support.cpp.o[0m
[42.273s] [ 57%] [32mBuilding CXX object CMakeFiles/dwb_msgs__rosidl_typesupport_cpp.dir/rosidl_typesupport_cpp/dwb_msgs/srv/score_trajectory__type_support.cpp.o[0m
[42.459s] [ 58%] [32mBuilding CXX object CMakeFiles/dwb_msgs__rosidl_typesupport_fastrtps_cpp.dir/rosidl_typesupport_fastrtps_cpp/dwb_msgs/srv/detail/dds_fastrtps/generate_trajectory__type_support.cpp.o[0m
[42.832s] [ 60%] [32mBuilding CXX object CMakeFiles/dwb_msgs__rosidl_typesupport_fastrtps_c.dir/rosidl_typesupport_fastrtps_c/dwb_msgs/msg/detail/trajectory2_d__type_support_c.cpp.o[0m
[44.543s] [ 61%] [32m[1mLinking CXX shared library libdwb_msgs__rosidl_typesupport_cpp.so[0m
[44.813s] [ 61%] Built target dwb_msgs__rosidl_typesupport_cpp
[44.932s] [ 62%] [32mBuilding CXX object CMakeFiles/dwb_msgs__rosidl_typesupport_introspection_cpp.dir/rosidl_typesupport_introspection_cpp/dwb_msgs/srv/detail/debug_local_plan__type_support.cpp.o[0m
[45.410s] [ 63%] [32mBuilding CXX object CMakeFiles/dwb_msgs__rosidl_typesupport_fastrtps_c.dir/rosidl_typesupport_fastrtps_c/dwb_msgs/srv/detail/debug_local_plan__type_support_c.cpp.o[0m
[45.579s] [ 64%] [32mBuilding CXX object CMakeFiles/dwb_msgs__rosidl_typesupport_fastrtps_cpp.dir/rosidl_typesupport_fastrtps_cpp/dwb_msgs/srv/detail/dds_fastrtps/debug_local_plan__type_support.cpp.o[0m
[47.670s] [ 65%] [32mBuilding CXX object CMakeFiles/dwb_msgs__rosidl_typesupport_fastrtps_c.dir/rosidl_typesupport_fastrtps_c/dwb_msgs/srv/detail/generate_trajectory__type_support_c.cpp.o[0m
[47.970s] [ 66%] [32mBuilding CXX object CMakeFiles/dwb_msgs__rosidl_typesupport_introspection_cpp.dir/rosidl_typesupport_introspection_cpp/dwb_msgs/srv/detail/generate_trajectory__type_support.cpp.o[0m
[48.291s] [ 67%] [32mBuilding CXX object CMakeFiles/dwb_msgs__rosidl_typesupport_fastrtps_cpp.dir/rosidl_typesupport_fastrtps_cpp/dwb_msgs/srv/detail/dds_fastrtps/generate_twists__type_support.cpp.o[0m
[49.920s] [ 68%] [32mBuilding CXX object CMakeFiles/dwb_msgs__rosidl_typesupport_fastrtps_c.dir/rosidl_typesupport_fastrtps_c/dwb_msgs/srv/detail/generate_twists__type_support_c.cpp.o[0m
[50.633s] [ 69%] [32mBuilding CXX object CMakeFiles/dwb_msgs__rosidl_typesupport_introspection_cpp.dir/rosidl_typesupport_introspection_cpp/dwb_msgs/srv/detail/generate_twists__type_support.cpp.o[0m
[51.276s] [ 70%] [32mBuilding CXX object CMakeFiles/dwb_msgs__rosidl_typesupport_fastrtps_cpp.dir/rosidl_typesupport_fastrtps_cpp/dwb_msgs/srv/detail/dds_fastrtps/get_critic_score__type_support.cpp.o[0m
[52.294s] [ 71%] [32mBuilding CXX object CMakeFiles/dwb_msgs__rosidl_typesupport_fastrtps_c.dir/rosidl_typesupport_fastrtps_c/dwb_msgs/srv/detail/get_critic_score__type_support_c.cpp.o[0m
[53.418s] [ 72%] [32mBuilding CXX object CMakeFiles/dwb_msgs__rosidl_typesupport_introspection_cpp.dir/rosidl_typesupport_introspection_cpp/dwb_msgs/srv/detail/score_trajectory__type_support.cpp.o[0m
[54.046s] [ 73%] [32mBuilding CXX object CMakeFiles/dwb_msgs__rosidl_typesupport_fastrtps_cpp.dir/rosidl_typesupport_fastrtps_cpp/dwb_msgs/msg/detail/dds_fastrtps/trajectory_score__type_support.cpp.o[0m
[54.634s] [ 74%] [32mBuilding CXX object CMakeFiles/dwb_msgs__rosidl_typesupport_fastrtps_c.dir/rosidl_typesupport_fastrtps_c/dwb_msgs/srv/detail/score_trajectory__type_support_c.cpp.o[0m
[56.334s] [ 75%] [32mBuilding CXX object CMakeFiles/dwb_msgs__rosidl_typesupport_introspection_cpp.dir/rosidl_typesupport_introspection_cpp/dwb_msgs/srv/detail/get_critic_score__type_support.cpp.o[0m
[56.978s] [ 76%] [32mBuilding CXX object CMakeFiles/dwb_msgs__rosidl_typesupport_fastrtps_c.dir/rosidl_typesupport_fastrtps_c/dwb_msgs/msg/detail/trajectory_score__type_support_c.cpp.o[0m
[57.085s] [ 77%] [32mBuilding CXX object CMakeFiles/dwb_msgs__rosidl_typesupport_fastrtps_cpp.dir/rosidl_typesupport_fastrtps_cpp/dwb_msgs/srv/detail/dds_fastrtps/score_trajectory__type_support.cpp.o[0m
[59.148s] [ 78%] [32m[1mLinking CXX shared library libdwb_msgs__rosidl_typesupport_introspection_cpp.so[0m
[59.224s] [ 80%] [32m[1mLinking CXX shared library libdwb_msgs__rosidl_typesupport_fastrtps_c.so[0m
[59.756s] [ 80%] Built target dwb_msgs__rosidl_typesupport_fastrtps_c
[59.775s] [ 80%] Built target dwb_msgs__rosidl_typesupport_introspection_cpp
[59.911s] [ 81%] [32mBuilding CXX object CMakeFiles/dwb_msgs__rosidl_typesupport_fastrtps_cpp.dir/rosidl_typesupport_fastrtps_cpp/dwb_msgs/msg/detail/dds_fastrtps/trajectory2_d__type_support.cpp.o[0m
[62.996s] [ 82%] [32m[1mLinking CXX shared library libdwb_msgs__rosidl_typesupport_fastrtps_cpp.so[0m
[63.555s] [ 82%] Built target dwb_msgs__rosidl_typesupport_fastrtps_cpp
[63.648s] [ 82%] Built target dwb_msgs
[63.743s] [ 83%] [34m[1mGenerating Python code for ROS interfaces[0m
[77.373s] [ 83%] Built target dwb_msgs__py
[77.472s] [ 84%] [32mBuilding C object CMakeFiles/dwb_msgs__rosidl_generator_py.dir/rosidl_generator_py/dwb_msgs/msg/_critic_score_s.c.o[0m
[77.479s] [ 85%] [32mBuilding C object CMakeFiles/dwb_msgs__rosidl_generator_py.dir/rosidl_generator_py/dwb_msgs/msg/_local_plan_evaluation_s.c.o[0m
[77.515s] [ 86%] [32mBuilding C object CMakeFiles/dwb_msgs__rosidl_generator_py.dir/rosidl_generator_py/dwb_msgs/msg/_trajectory2_d_s.c.o[0m
[77.584s] [ 87%] [32mBuilding C object CMakeFiles/dwb_msgs__rosidl_generator_py.dir/rosidl_generator_py/dwb_msgs/srv/_get_critic_score_s.c.o[0m
[78.682s] [ 88%] [32mBuilding C object CMakeFiles/dwb_msgs__rosidl_generator_py.dir/rosidl_generator_py/dwb_msgs/srv/_score_trajectory_s.c.o[0m
[79.410s] [ 89%] [32mBuilding C object CMakeFiles/dwb_msgs__rosidl_generator_py.dir/rosidl_generator_py/dwb_msgs/srv/_generate_twists_s.c.o[0m
[80.147s] [ 90%] [32mBuilding C object CMakeFiles/dwb_msgs__rosidl_generator_py.dir/rosidl_generator_py/dwb_msgs/srv/_generate_trajectory_s.c.o[0m
[80.869s] [ 91%] [32mBuilding C object CMakeFiles/dwb_msgs__rosidl_generator_py.dir/rosidl_generator_py/dwb_msgs/srv/_debug_local_plan_s.c.o[0m
[81.594s] [ 92%] [32mBuilding C object CMakeFiles/dwb_msgs__rosidl_generator_py.dir/rosidl_generator_py/dwb_msgs/msg/_trajectory_score_s.c.o[0m
[82.303s] [ 93%] [32m[1mLinking C shared library rosidl_generator_py/dwb_msgs/libdwb_msgs__rosidl_generator_py.so[0m
[82.644s] [ 93%] Built target dwb_msgs__rosidl_generator_py
[82.746s] [ 94%] [32mBuilding C object CMakeFiles/dwb_msgs__rosidl_typesupport_fastrtps_c__pyext.dir/rosidl_generator_py/dwb_msgs/_dwb_msgs_s.ep.rosidl_typesupport_fastrtps_c.c.o[0m
[82.748s] [ 95%] [32mBuilding C object CMakeFiles/dwb_msgs__rosidl_typesupport_introspection_c__pyext.dir/rosidl_generator_py/dwb_msgs/_dwb_msgs_s.ep.rosidl_typesupport_introspection_c.c.o[0m
[83.715s] [ 96%] [32m[1mLinking C shared library rosidl_generator_py/dwb_msgs/dwb_msgs_s__rosidl_typesupport_fastrtps_c.cpython-310-aarch64-linux-gnu.so[0m
[83.744s] [ 97%] [32m[1mLinking C shared library rosidl_generator_py/dwb_msgs/dwb_msgs_s__rosidl_typesupport_introspection_c.cpython-310-aarch64-linux-gnu.so[0m
[84.091s] [ 97%] Built target dwb_msgs__rosidl_typesupport_fastrtps_c__pyext
[84.130s] [ 97%] Built target dwb_msgs__rosidl_typesupport_introspection_c__pyext
[84.192s] [ 98%] [32mBuilding C object CMakeFiles/dwb_msgs__rosidl_typesupport_c__pyext.dir/rosidl_generator_py/dwb_msgs/_dwb_msgs_s.ep.rosidl_typesupport_c.c.o[0m
[85.170s] [100%] [32m[1mLinking C shared library rosidl_generator_py/dwb_msgs/dwb_msgs_s__rosidl_typesupport_c.cpython-310-aarch64-linux-gnu.so[0m
[85.503s] [100%] Built target dwb_msgs__rosidl_typesupport_c__pyext
[85.570s] Invoked command in '/home/sunrise/ros2_ws/build/dwb_msgs' returned '0': AMENT_PREFIX_PATH=/home/sunrise/ros2_ws/install/nav_2d_msgs:${AMENT_PREFIX_PATH} CMAKE_PREFIX_PATH=/home/sunrise/ros2_ws/install/nav_2d_msgs:/opt/ros/humble LD_LIBRARY_PATH=/home/sunrise/ros2_ws/install/nav_2d_msgs/lib:/opt/ros/humble/opt/rviz_ogre_vendor/lib:/opt/ros/humble/lib/aarch64-linux-gnu:/opt/ros/humble/lib:/usr/hobot/lib:/app/lib:/app/pub/lib:/middleware/lib:/middleware/pub/lib:/usr/hobot/lib/sensor:/system/lib:/system/usr/lib:/lib PYTHONPATH=/home/sunrise/ros2_ws/install/nav_2d_msgs/local/lib/python3.10/dist-packages:${PYTHONPATH} /usr/bin/cmake --build /home/sunrise/ros2_ws/build/dwb_msgs -- -j8 -l8
[85.573s] Invoking command in '/home/sunrise/ros2_ws/build/dwb_msgs': AMENT_PREFIX_PATH=/home/sunrise/ros2_ws/install/nav_2d_msgs:${AMENT_PREFIX_PATH} CMAKE_PREFIX_PATH=/home/sunrise/ros2_ws/install/nav_2d_msgs:/opt/ros/humble LD_LIBRARY_PATH=/home/sunrise/ros2_ws/install/nav_2d_msgs/lib:/opt/ros/humble/opt/rviz_ogre_vendor/lib:/opt/ros/humble/lib/aarch64-linux-gnu:/opt/ros/humble/lib:/usr/hobot/lib:/app/lib:/app/pub/lib:/middleware/lib:/middleware/pub/lib:/usr/hobot/lib/sensor:/system/lib:/system/usr/lib:/lib PYTHONPATH=/home/sunrise/ros2_ws/install/nav_2d_msgs/local/lib/python3.10/dist-packages:${PYTHONPATH} /usr/bin/cmake --install /home/sunrise/ros2_ws/build/dwb_msgs
[85.616s] -- Install configuration: ""
[85.618s] -- Installing: /home/sunrise/ros2_ws/install/dwb_msgs/share/ament_index/resource_index/rosidl_interfaces/dwb_msgs
[85.619s] -- Installing: /home/sunrise/ros2_ws/install/dwb_msgs/include/dwb_msgs/dwb_msgs
[85.620s] -- Installing: /home/sunrise/ros2_ws/install/dwb_msgs/include/dwb_msgs/dwb_msgs/srv
[85.621s] -- Installing: /home/sunrise/ros2_ws/install/dwb_msgs/include/dwb_msgs/dwb_msgs/srv/debug_local_plan.h
[85.622s] -- Installing: /home/sunrise/ros2_ws/install/dwb_msgs/include/dwb_msgs/dwb_msgs/srv/get_critic_score.h
[85.623s] -- Installing: /home/sunrise/ros2_ws/install/dwb_msgs/include/dwb_msgs/dwb_msgs/srv/detail
[85.624s] -- Installing: /home/sunrise/ros2_ws/install/dwb_msgs/include/dwb_msgs/dwb_msgs/srv/detail/debug_local_plan__struct.h
[85.626s] -- Installing: /home/sunrise/ros2_ws/install/dwb_msgs/include/dwb_msgs/dwb_msgs/srv/detail/generate_trajectory__struct.h
[85.627s] -- Installing: /home/sunrise/ros2_ws/install/dwb_msgs/include/dwb_msgs/dwb_msgs/srv/detail/generate_twists__functions.h
[85.628s] -- Installing: /home/sunrise/ros2_ws/install/dwb_msgs/include/dwb_msgs/dwb_msgs/srv/detail/score_trajectory__functions.h
[85.629s] -- Installing: /home/sunrise/ros2_ws/install/dwb_msgs/include/dwb_msgs/dwb_msgs/srv/detail/get_critic_score__type_support.h
[85.630s] -- Installing: /home/sunrise/ros2_ws/install/dwb_msgs/include/dwb_msgs/dwb_msgs/srv/detail/generate_twists__functions.c
[85.632s] -- Installing: /home/sunrise/ros2_ws/install/dwb_msgs/include/dwb_msgs/dwb_msgs/srv/detail/get_critic_score__functions.h
[85.633s] -- Installing: /home/sunrise/ros2_ws/install/dwb_msgs/include/dwb_msgs/dwb_msgs/srv/detail/debug_local_plan__type_support.h
[85.634s] -- Installing: /home/sunrise/ros2_ws/install/dwb_msgs/include/dwb_msgs/dwb_msgs/srv/detail/generate_trajectory__functions.h
[85.635s] -- Installing: /home/sunrise/ros2_ws/install/dwb_msgs/include/dwb_msgs/dwb_msgs/srv/detail/generate_twists__struct.h
[85.637s] -- Installing: /home/sunrise/ros2_ws/install/dwb_msgs/include/dwb_msgs/dwb_msgs/srv/detail/generate_twists__type_support.h
[85.638s] -- Installing: /home/sunrise/ros2_ws/install/dwb_msgs/include/dwb_msgs/dwb_msgs/srv/detail/generate_trajectory__functions.c
[85.639s] -- Installing: /home/sunrise/ros2_ws/install/dwb_msgs/include/dwb_msgs/dwb_msgs/srv/detail/get_critic_score__struct.h
[85.641s] -- Installing: /home/sunrise/ros2_ws/install/dwb_msgs/include/dwb_msgs/dwb_msgs/srv/detail/debug_local_plan__functions.h
[85.642s] -- Installing: /home/sunrise/ros2_ws/install/dwb_msgs/include/dwb_msgs/dwb_msgs/srv/detail/get_critic_score__functions.c
[85.643s] -- Installing: /home/sunrise/ros2_ws/install/dwb_msgs/include/dwb_msgs/dwb_msgs/srv/detail/score_trajectory__type_support.h
[85.645s] -- Installing: /home/sunrise/ros2_ws/install/dwb_msgs/include/dwb_msgs/dwb_msgs/srv/detail/generate_trajectory__type_support.h
[85.646s] -- Installing: /home/sunrise/ros2_ws/install/dwb_msgs/include/dwb_msgs/dwb_msgs/srv/detail/score_trajectory__functions.c
[85.647s] -- Installing: /home/sunrise/ros2_ws/install/dwb_msgs/include/dwb_msgs/dwb_msgs/srv/detail/score_trajectory__struct.h
[85.648s] -- Installing: /home/sunrise/ros2_ws/install/dwb_msgs/include/dwb_msgs/dwb_msgs/srv/detail/debug_local_plan__functions.c
[85.649s] -- Installing: /home/sunrise/ros2_ws/install/dwb_msgs/include/dwb_msgs/dwb_msgs/srv/generate_twists.h
[85.651s] -- Installing: /home/sunrise/ros2_ws/install/dwb_msgs/include/dwb_msgs/dwb_msgs/srv/score_trajectory.h
[85.652s] -- Installing: /home/sunrise/ros2_ws/install/dwb_msgs/include/dwb_msgs/dwb_msgs/srv/generate_trajectory.h
[85.653s] -- Installing: /home/sunrise/ros2_ws/install/dwb_msgs/include/dwb_msgs/dwb_msgs/msg
[85.655s] -- Installing: /home/sunrise/ros2_ws/install/dwb_msgs/include/dwb_msgs/dwb_msgs/msg/detail
[85.657s] -- Installing: /home/sunrise/ros2_ws/install/dwb_msgs/include/dwb_msgs/dwb_msgs/msg/detail/trajectory2_d__functions.h
[85.658s] -- Installing: /home/sunrise/ros2_ws/install/dwb_msgs/include/dwb_msgs/dwb_msgs/msg/detail/critic_score__struct.h
[85.659s] -- Installing: /home/sunrise/ros2_ws/install/dwb_msgs/include/dwb_msgs/dwb_msgs/msg/detail/trajectory2_d__struct.h
[85.660s] -- Installing: /home/sunrise/ros2_ws/install/dwb_msgs/include/dwb_msgs/dwb_msgs/msg/detail/local_plan_evaluation__functions.c
[85.661s] -- Installing: /home/sunrise/ros2_ws/install/dwb_msgs/include/dwb_msgs/dwb_msgs/msg/detail/critic_score__type_support.h
[85.662s] -- Installing: /home/sunrise/ros2_ws/install/dwb_msgs/include/dwb_msgs/dwb_msgs/msg/detail/critic_score__functions.h
[85.664s] -- Installing: /home/sunrise/ros2_ws/install/dwb_msgs/include/dwb_msgs/dwb_msgs/msg/detail/critic_score__functions.c
[85.665s] -- Installing: /home/sunrise/ros2_ws/install/dwb_msgs/include/dwb_msgs/dwb_msgs/msg/detail/trajectory_score__struct.h
[85.666s] -- Installing: /home/sunrise/ros2_ws/install/dwb_msgs/include/dwb_msgs/dwb_msgs/msg/detail/trajectory_score__functions.c
[85.667s] -- Installing: /home/sunrise/ros2_ws/install/dwb_msgs/include/dwb_msgs/dwb_msgs/msg/detail/trajectory2_d__functions.c
[85.669s] -- Installing: /home/sunrise/ros2_ws/install/dwb_msgs/include/dwb_msgs/dwb_msgs/msg/detail/local_plan_evaluation__functions.h
[85.670s] -- Installing: /home/sunrise/ros2_ws/install/dwb_msgs/include/dwb_msgs/dwb_msgs/msg/detail/trajectory_score__functions.h
[85.671s] -- Installing: /home/sunrise/ros2_ws/install/dwb_msgs/include/dwb_msgs/dwb_msgs/msg/detail/trajectory_score__type_support.h
[85.672s] -- Installing: /home/sunrise/ros2_ws/install/dwb_msgs/include/dwb_msgs/dwb_msgs/msg/detail/local_plan_evaluation__type_support.h
[85.673s] -- Installing: /home/sunrise/ros2_ws/install/dwb_msgs/include/dwb_msgs/dwb_msgs/msg/detail/local_plan_evaluation__struct.h
[85.675s] -- Installing: /home/sunrise/ros2_ws/install/dwb_msgs/include/dwb_msgs/dwb_msgs/msg/detail/trajectory2_d__type_support.h
[85.676s] -- Installing: /home/sunrise/ros2_ws/install/dwb_msgs/include/dwb_msgs/dwb_msgs/msg/trajectory2_d.h
[85.677s] -- Installing: /home/sunrise/ros2_ws/install/dwb_msgs/include/dwb_msgs/dwb_msgs/msg/trajectory_score.h
[85.679s] -- Installing: /home/sunrise/ros2_ws/install/dwb_msgs/include/dwb_msgs/dwb_msgs/msg/critic_score.h
[85.680s] -- Installing: /home/sunrise/ros2_ws/install/dwb_msgs/include/dwb_msgs/dwb_msgs/msg/rosidl_generator_c__visibility_control.h
[85.681s] -- Installing: /home/sunrise/ros2_ws/install/dwb_msgs/include/dwb_msgs/dwb_msgs/msg/local_plan_evaluation.h
[85.682s] -- Installing: /home/sunrise/ros2_ws/install/dwb_msgs/share/dwb_msgs/environment/library_path.sh
[85.684s] -- Installing: /home/sunrise/ros2_ws/install/dwb_msgs/share/dwb_msgs/environment/library_path.dsv
[85.685s] -- Installing: /home/sunrise/ros2_ws/install/dwb_msgs/lib/libdwb_msgs__rosidl_generator_c.so
[85.686s] -- Set runtime path of "/home/sunrise/ros2_ws/install/dwb_msgs/lib/libdwb_msgs__rosidl_generator_c.so" to ""
[85.687s] -- Up-to-date: /home/sunrise/ros2_ws/install/dwb_msgs/include/dwb_msgs/dwb_msgs
[85.689s] -- Up-to-date: /home/sunrise/ros2_ws/install/dwb_msgs/include/dwb_msgs/dwb_msgs/srv
[85.690s] -- Up-to-date: /home/sunrise/ros2_ws/install/dwb_msgs/include/dwb_msgs/dwb_msgs/srv/detail
[85.691s] -- Installing: /home/sunrise/ros2_ws/install/dwb_msgs/include/dwb_msgs/dwb_msgs/srv/detail/generate_twists__rosidl_typesupport_fastrtps_c.h
[85.693s] -- Installing: /home/sunrise/ros2_ws/install/dwb_msgs/include/dwb_msgs/dwb_msgs/srv/detail/debug_local_plan__rosidl_typesupport_fastrtps_c.h
[85.694s] -- Installing: /home/sunrise/ros2_ws/install/dwb_msgs/include/dwb_msgs/dwb_msgs/srv/detail/get_critic_score__rosidl_typesupport_fastrtps_c.h
[85.696s] -- Installing: /home/sunrise/ros2_ws/install/dwb_msgs/include/dwb_msgs/dwb_msgs/srv/detail/generate_trajectory__rosidl_typesupport_fastrtps_c.h
[85.697s] -- Installing: /home/sunrise/ros2_ws/install/dwb_msgs/include/dwb_msgs/dwb_msgs/srv/detail/score_trajectory__rosidl_typesupport_fastrtps_c.h
[85.699s] -- Up-to-date: /home/sunrise/ros2_ws/install/dwb_msgs/include/dwb_msgs/dwb_msgs/msg
[85.700s] -- Up-to-date: /home/sunrise/ros2_ws/install/dwb_msgs/include/dwb_msgs/dwb_msgs/msg/detail
[85.701s] -- Installing: /home/sunrise/ros2_ws/install/dwb_msgs/include/dwb_msgs/dwb_msgs/msg/detail/critic_score__rosidl_typesupport_fastrtps_c.h
[85.702s] -- Installing: /home/sunrise/ros2_ws/install/dwb_msgs/include/dwb_msgs/dwb_msgs/msg/detail/trajectory_score__rosidl_typesupport_fastrtps_c.h
[85.704s] -- Installing: /home/sunrise/ros2_ws/install/dwb_msgs/include/dwb_msgs/dwb_msgs/msg/detail/trajectory2_d__rosidl_typesupport_fastrtps_c.h
[85.705s] -- Installing: /home/sunrise/ros2_ws/install/dwb_msgs/include/dwb_msgs/dwb_msgs/msg/detail/local_plan_evaluation__rosidl_typesupport_fastrtps_c.h
[85.706s] -- Installing: /home/sunrise/ros2_ws/install/dwb_msgs/include/dwb_msgs/dwb_msgs/msg/rosidl_typesupport_fastrtps_c__visibility_control.h
[85.707s] -- Installing: /home/sunrise/ros2_ws/install/dwb_msgs/lib/libdwb_msgs__rosidl_typesupport_fastrtps_c.so
[85.709s] -- Set runtime path of "/home/sunrise/ros2_ws/install/dwb_msgs/lib/libdwb_msgs__rosidl_typesupport_fastrtps_c.so" to ""
[85.710s] -- Up-to-date: /home/sunrise/ros2_ws/install/dwb_msgs/include/dwb_msgs/dwb_msgs
[85.711s] -- Up-to-date: /home/sunrise/ros2_ws/install/dwb_msgs/include/dwb_msgs/dwb_msgs/srv
[85.713s] -- Up-to-date: /home/sunrise/ros2_ws/install/dwb_msgs/include/dwb_msgs/dwb_msgs/srv/detail
[85.714s] -- Installing: /home/sunrise/ros2_ws/install/dwb_msgs/include/dwb_msgs/dwb_msgs/srv/detail/score_trajectory__builder.hpp
[85.715s] -- Installing: /home/sunrise/ros2_ws/install/dwb_msgs/include/dwb_msgs/dwb_msgs/srv/detail/get_critic_score__type_support.hpp
[85.716s] -- Installing: /home/sunrise/ros2_ws/install/dwb_msgs/include/dwb_msgs/dwb_msgs/srv/detail/debug_local_plan__traits.hpp
[85.717s] -- Installing: /home/sunrise/ros2_ws/install/dwb_msgs/include/dwb_msgs/dwb_msgs/srv/detail/score_trajectory__traits.hpp
[85.719s] -- Installing: /home/sunrise/ros2_ws/install/dwb_msgs/include/dwb_msgs/dwb_msgs/srv/detail/get_critic_score__builder.hpp
[85.720s] -- Installing: /home/sunrise/ros2_ws/install/dwb_msgs/include/dwb_msgs/dwb_msgs/srv/detail/score_trajectory__type_support.hpp
[85.722s] -- Installing: /home/sunrise/ros2_ws/install/dwb_msgs/include/dwb_msgs/dwb_msgs/srv/detail/score_trajectory__struct.hpp
[85.723s] -- Installing: /home/sunrise/ros2_ws/install/dwb_msgs/include/dwb_msgs/dwb_msgs/srv/detail/generate_trajectory__traits.hpp
[85.723s] -- Installing: /home/sunrise/ros2_ws/install/dwb_msgs/include/dwb_msgs/dwb_msgs/srv/detail/generate_trajectory__builder.hpp
[85.724s] -- Installing: /home/sunrise/ros2_ws/install/dwb_msgs/include/dwb_msgs/dwb_msgs/srv/detail/generate_twists__struct.hpp
[85.725s] -- Installing: /home/sunrise/ros2_ws/install/dwb_msgs/include/dwb_msgs/dwb_msgs/srv/detail/debug_local_plan__type_support.hpp
[85.726s] -- Installing: /home/sunrise/ros2_ws/install/dwb_msgs/include/dwb_msgs/dwb_msgs/srv/detail/generate_twists__type_support.hpp
[85.727s] -- Installing: /home/sunrise/ros2_ws/install/dwb_msgs/include/dwb_msgs/dwb_msgs/srv/detail/get_critic_score__traits.hpp
[85.728s] -- Installing: /home/sunrise/ros2_ws/install/dwb_msgs/include/dwb_msgs/dwb_msgs/srv/detail/get_critic_score__struct.hpp
[85.729s] -- Installing: /home/sunrise/ros2_ws/install/dwb_msgs/include/dwb_msgs/dwb_msgs/srv/detail/generate_twists__traits.hpp
[85.731s] -- Installing: /home/sunrise/ros2_ws/install/dwb_msgs/include/dwb_msgs/dwb_msgs/srv/detail/generate_trajectory__type_support.hpp
[85.732s] -- Installing: /home/sunrise/ros2_ws/install/dwb_msgs/include/dwb_msgs/dwb_msgs/srv/detail/generate_twists__builder.hpp
[85.733s] -- Installing: /home/sunrise/ros2_ws/install/dwb_msgs/include/dwb_msgs/dwb_msgs/srv/detail/debug_local_plan__struct.hpp
[85.734s] -- Installing: /home/sunrise/ros2_ws/install/dwb_msgs/include/dwb_msgs/dwb_msgs/srv/detail/generate_trajectory__struct.hpp
[85.736s] -- Installing: /home/sunrise/ros2_ws/install/dwb_msgs/include/dwb_msgs/dwb_msgs/srv/detail/debug_local_plan__builder.hpp
[85.740s] -- Installing: /home/sunrise/ros2_ws/install/dwb_msgs/include/dwb_msgs/dwb_msgs/srv/generate_twists.hpp
[85.741s] -- Installing: /home/sunrise/ros2_ws/install/dwb_msgs/include/dwb_msgs/dwb_msgs/srv/generate_trajectory.hpp
[85.742s] -- Installing: /home/sunrise/ros2_ws/install/dwb_msgs/include/dwb_msgs/dwb_msgs/srv/debug_local_plan.hpp
[85.744s] -- Installing: /home/sunrise/ros2_ws/install/dwb_msgs/include/dwb_msgs/dwb_msgs/srv/get_critic_score.hpp
[85.745s] -- Installing: /home/sunrise/ros2_ws/install/dwb_msgs/include/dwb_msgs/dwb_msgs/srv/score_trajectory.hpp
[85.745s] -- Up-to-date: /home/sunrise/ros2_ws/install/dwb_msgs/include/dwb_msgs/dwb_msgs/msg
[85.746s] -- Installing: /home/sunrise/ros2_ws/install/dwb_msgs/include/dwb_msgs/dwb_msgs/msg/local_plan_evaluation.hpp
[85.748s] -- Up-to-date: /home/sunrise/ros2_ws/install/dwb_msgs/include/dwb_msgs/dwb_msgs/msg/detail
[85.749s] -- Installing: /home/sunrise/ros2_ws/install/dwb_msgs/include/dwb_msgs/dwb_msgs/msg/detail/trajectory_score__struct.hpp
[85.750s] -- Installing: /home/sunrise/ros2_ws/install/dwb_msgs/include/dwb_msgs/dwb_msgs/msg/detail/local_plan_evaluation__struct.hpp
[85.752s] -- Installing: /home/sunrise/ros2_ws/install/dwb_msgs/include/dwb_msgs/dwb_msgs/msg/detail/trajectory2_d__builder.hpp
[85.753s] -- Installing: /home/sunrise/ros2_ws/install/dwb_msgs/include/dwb_msgs/dwb_msgs/msg/detail/local_plan_evaluation__type_support.hpp
[85.754s] -- Installing: /home/sunrise/ros2_ws/install/dwb_msgs/include/dwb_msgs/dwb_msgs/msg/detail/local_plan_evaluation__builder.hpp
[85.757s] -- Installing: /home/sunrise/ros2_ws/install/dwb_msgs/include/dwb_msgs/dwb_msgs/msg/detail/trajectory2_d__struct.hpp
[85.758s] -- Installing: /home/sunrise/ros2_ws/install/dwb_msgs/include/dwb_msgs/dwb_msgs/msg/detail/trajectory_score__traits.hpp
[85.760s] -- Installing: /home/sunrise/ros2_ws/install/dwb_msgs/include/dwb_msgs/dwb_msgs/msg/detail/critic_score__struct.hpp
[85.761s] -- Installing: /home/sunrise/ros2_ws/install/dwb_msgs/include/dwb_msgs/dwb_msgs/msg/detail/trajectory2_d__traits.hpp
[85.762s] -- Installing: /home/sunrise/ros2_ws/install/dwb_msgs/include/dwb_msgs/dwb_msgs/msg/detail/local_plan_evaluation__traits.hpp
[85.764s] -- Installing: /home/sunrise/ros2_ws/install/dwb_msgs/include/dwb_msgs/dwb_msgs/msg/detail/critic_score__builder.hpp
[85.765s] -- Installing: /home/sunrise/ros2_ws/install/dwb_msgs/include/dwb_msgs/dwb_msgs/msg/detail/trajectory2_d__type_support.hpp
[85.766s] -- Installing: /home/sunrise/ros2_ws/install/dwb_msgs/include/dwb_msgs/dwb_msgs/msg/detail/trajectory_score__builder.hpp
[85.767s] -- Installing: /home/sunrise/ros2_ws/install/dwb_msgs/include/dwb_msgs/dwb_msgs/msg/detail/critic_score__type_support.hpp
[85.768s] -- Installing: /home/sunrise/ros2_ws/install/dwb_msgs/include/dwb_msgs/dwb_msgs/msg/detail/trajectory_score__type_support.hpp
[85.769s] -- Installing: /home/sunrise/ros2_ws/install/dwb_msgs/include/dwb_msgs/dwb_msgs/msg/detail/critic_score__traits.hpp
[85.770s] -- Installing: /home/sunrise/ros2_ws/install/dwb_msgs/include/dwb_msgs/dwb_msgs/msg/trajectory_score.hpp
[85.771s] -- Installing: /home/sunrise/ros2_ws/install/dwb_msgs/include/dwb_msgs/dwb_msgs/msg/rosidl_generator_cpp__visibility_control.hpp
[85.772s] -- Installing: /home/sunrise/ros2_ws/install/dwb_msgs/include/dwb_msgs/dwb_msgs/msg/trajectory2_d.hpp
[85.773s] -- Installing: /home/sunrise/ros2_ws/install/dwb_msgs/include/dwb_msgs/dwb_msgs/msg/critic_score.hpp
[85.774s] -- Up-to-date: /home/sunrise/ros2_ws/install/dwb_msgs/include/dwb_msgs/dwb_msgs
[85.775s] -- Up-to-date: /home/sunrise/ros2_ws/install/dwb_msgs/include/dwb_msgs/dwb_msgs/srv
[85.776s] -- Up-to-date: /home/sunrise/ros2_ws/install/dwb_msgs/include/dwb_msgs/dwb_msgs/srv/detail
[85.777s] -- Installing: /home/sunrise/ros2_ws/install/dwb_msgs/include/dwb_msgs/dwb_msgs/srv/detail/generate_twists__rosidl_typesupport_fastrtps_cpp.hpp
[85.779s] -- Installing: /home/sunrise/ros2_ws/install/dwb_msgs/include/dwb_msgs/dwb_msgs/srv/detail/score_trajectory__rosidl_typesupport_fastrtps_cpp.hpp
[85.780s] -- Installing: /home/sunrise/ros2_ws/install/dwb_msgs/include/dwb_msgs/dwb_msgs/srv/detail/generate_trajectory__rosidl_typesupport_fastrtps_cpp.hpp
[85.782s] -- Installing: /home/sunrise/ros2_ws/install/dwb_msgs/include/dwb_msgs/dwb_msgs/srv/detail/get_critic_score__rosidl_typesupport_fastrtps_cpp.hpp
[85.782s] -- Installing: /home/sunrise/ros2_ws/install/dwb_msgs/include/dwb_msgs/dwb_msgs/srv/detail/dds_fastrtps
[85.784s] -- Installing: /home/sunrise/ros2_ws/install/dwb_msgs/include/dwb_msgs/dwb_msgs/srv/detail/debug_local_plan__rosidl_typesupport_fastrtps_cpp.hpp
[85.785s] -- Up-to-date: /home/sunrise/ros2_ws/install/dwb_msgs/include/dwb_msgs/dwb_msgs/msg
[85.786s] -- Installing: /home/sunrise/ros2_ws/install/dwb_msgs/include/dwb_msgs/dwb_msgs/msg/rosidl_typesupport_fastrtps_cpp__visibility_control.h
[85.787s] -- Up-to-date: /home/sunrise/ros2_ws/install/dwb_msgs/include/dwb_msgs/dwb_msgs/msg/detail
[85.788s] -- Installing: /home/sunrise/ros2_ws/install/dwb_msgs/include/dwb_msgs/dwb_msgs/msg/detail/local_plan_evaluation__rosidl_typesupport_fastrtps_cpp.hpp
[85.790s] -- Installing: /home/sunrise/ros2_ws/install/dwb_msgs/include/dwb_msgs/dwb_msgs/msg/detail/critic_score__rosidl_typesupport_fastrtps_cpp.hpp
[85.791s] -- Installing: /home/sunrise/ros2_ws/install/dwb_msgs/include/dwb_msgs/dwb_msgs/msg/detail/dds_fastrtps
[85.792s] -- Installing: /home/sunrise/ros2_ws/install/dwb_msgs/include/dwb_msgs/dwb_msgs/msg/detail/trajectory_score__rosidl_typesupport_fastrtps_cpp.hpp
[85.793s] -- Installing: /home/sunrise/ros2_ws/install/dwb_msgs/include/dwb_msgs/dwb_msgs/msg/detail/trajectory2_d__rosidl_typesupport_fastrtps_cpp.hpp
[85.794s] -- Installing: /home/sunrise/ros2_ws/install/dwb_msgs/lib/libdwb_msgs__rosidl_typesupport_fastrtps_cpp.so
[85.796s] -- Set runtime path of "/home/sunrise/ros2_ws/install/dwb_msgs/lib/libdwb_msgs__rosidl_typesupport_fastrtps_cpp.so" to ""
[85.797s] -- Up-to-date: /home/sunrise/ros2_ws/install/dwb_msgs/include/dwb_msgs/dwb_msgs
[85.798s] -- Up-to-date: /home/sunrise/ros2_ws/install/dwb_msgs/include/dwb_msgs/dwb_msgs/srv
[85.799s] -- Up-to-date: /home/sunrise/ros2_ws/install/dwb_msgs/include/dwb_msgs/dwb_msgs/srv/detail
[85.800s] -- Installing: /home/sunrise/ros2_ws/install/dwb_msgs/include/dwb_msgs/dwb_msgs/srv/detail/get_critic_score__rosidl_typesupport_introspection_c.h
[85.801s] -- Installing: /home/sunrise/ros2_ws/install/dwb_msgs/include/dwb_msgs/dwb_msgs/srv/detail/generate_twists__type_support.c
[85.802s] -- Installing: /home/sunrise/ros2_ws/install/dwb_msgs/include/dwb_msgs/dwb_msgs/srv/detail/score_trajectory__rosidl_typesupport_introspection_c.h
[85.803s] -- Installing: /home/sunrise/ros2_ws/install/dwb_msgs/include/dwb_msgs/dwb_msgs/srv/detail/generate_trajectory__type_support.c
[85.804s] -- Installing: /home/sunrise/ros2_ws/install/dwb_msgs/include/dwb_msgs/dwb_msgs/srv/detail/debug_local_plan__rosidl_typesupport_introspection_c.h
[85.806s] -- Installing: /home/sunrise/ros2_ws/install/dwb_msgs/include/dwb_msgs/dwb_msgs/srv/detail/get_critic_score__type_support.c
[85.807s] -- Installing: /home/sunrise/ros2_ws/install/dwb_msgs/include/dwb_msgs/dwb_msgs/srv/detail/generate_twists__rosidl_typesupport_introspection_c.h
[85.808s] -- Installing: /home/sunrise/ros2_ws/install/dwb_msgs/include/dwb_msgs/dwb_msgs/srv/detail/score_trajectory__type_support.c
[85.833s] -- Installing: /home/sunrise/ros2_ws/install/dwb_msgs/include/dwb_msgs/dwb_msgs/srv/detail/generate_trajectory__rosidl_typesupport_introspection_c.h
[85.834s] -- Installing: /home/sunrise/ros2_ws/install/dwb_msgs/include/dwb_msgs/dwb_msgs/srv/detail/debug_local_plan__type_support.c
[85.835s] -- Up-to-date: /home/sunrise/ros2_ws/install/dwb_msgs/include/dwb_msgs/dwb_msgs/msg
[85.836s] -- Up-to-date: /home/sunrise/ros2_ws/install/dwb_msgs/include/dwb_msgs/dwb_msgs/msg/detail
[85.836s] -- Installing: /home/sunrise/ros2_ws/install/dwb_msgs/include/dwb_msgs/dwb_msgs/msg/detail/local_plan_evaluation__rosidl_typesupport_introspection_c.h
[85.838s] -- Installing: /home/sunrise/ros2_ws/install/dwb_msgs/include/dwb_msgs/dwb_msgs/msg/detail/critic_score__rosidl_typesupport_introspection_c.h
[85.840s] -- Installing: /home/sunrise/ros2_ws/install/dwb_msgs/include/dwb_msgs/dwb_msgs/msg/detail/trajectory_score__rosidl_typesupport_introspection_c.h
[85.840s] -- Installing: /home/sunrise/ros2_ws/install/dwb_msgs/include/dwb_msgs/dwb_msgs/msg/detail/local_plan_evaluation__type_support.c
[85.841s] -- Installing: /home/sunrise/ros2_ws/install/dwb_msgs/include/dwb_msgs/dwb_msgs/msg/detail/trajectory_score__type_support.c
[85.842s] -- Installing: /home/sunrise/ros2_ws/install/dwb_msgs/include/dwb_msgs/dwb_msgs/msg/detail/critic_score__type_support.c
[85.842s] -- Installing: /home/sunrise/ros2_ws/install/dwb_msgs/include/dwb_msgs/dwb_msgs/msg/detail/trajectory2_d__type_support.c
[85.843s] -- Installing: /home/sunrise/ros2_ws/install/dwb_msgs/include/dwb_msgs/dwb_msgs/msg/detail/trajectory2_d__rosidl_typesupport_introspection_c.h
[85.844s] -- Installing: /home/sunrise/ros2_ws/install/dwb_msgs/include/dwb_msgs/dwb_msgs/msg/rosidl_typesupport_introspection_c__visibility_control.h
[85.845s] -- Installing: /home/sunrise/ros2_ws/install/dwb_msgs/lib/libdwb_msgs__rosidl_typesupport_introspection_c.so
[85.845s] -- Set runtime path of "/home/sunrise/ros2_ws/install/dwb_msgs/lib/libdwb_msgs__rosidl_typesupport_introspection_c.so" to ""
[85.846s] -- Installing: /home/sunrise/ros2_ws/install/dwb_msgs/lib/libdwb_msgs__rosidl_typesupport_c.so
[85.847s] -- Set runtime path of "/home/sunrise/ros2_ws/install/dwb_msgs/lib/libdwb_msgs__rosidl_typesupport_c.so" to ""
[85.847s] -- Up-to-date: /home/sunrise/ros2_ws/install/dwb_msgs/include/dwb_msgs/dwb_msgs
[85.848s] -- Up-to-date: /home/sunrise/ros2_ws/install/dwb_msgs/include/dwb_msgs/dwb_msgs/srv
[85.849s] -- Up-to-date: /home/sunrise/ros2_ws/install/dwb_msgs/include/dwb_msgs/dwb_msgs/srv/detail
[85.850s] -- Installing: /home/sunrise/ros2_ws/install/dwb_msgs/include/dwb_msgs/dwb_msgs/srv/detail/debug_local_plan__type_support.cpp
[85.850s] -- Installing: /home/sunrise/ros2_ws/install/dwb_msgs/include/dwb_msgs/dwb_msgs/srv/detail/generate_trajectory__type_support.cpp
[85.851s] -- Installing: /home/sunrise/ros2_ws/install/dwb_msgs/include/dwb_msgs/dwb_msgs/srv/detail/score_trajectory__rosidl_typesupport_introspection_cpp.hpp
[85.852s] -- Installing: /home/sunrise/ros2_ws/install/dwb_msgs/include/dwb_msgs/dwb_msgs/srv/detail/get_critic_score__rosidl_typesupport_introspection_cpp.hpp
[85.853s] -- Installing: /home/sunrise/ros2_ws/install/dwb_msgs/include/dwb_msgs/dwb_msgs/srv/detail/generate_twists__type_support.cpp
[85.853s] -- Installing: /home/sunrise/ros2_ws/install/dwb_msgs/include/dwb_msgs/dwb_msgs/srv/detail/generate_twists__rosidl_typesupport_introspection_cpp.hpp
[85.854s] -- Installing: /home/sunrise/ros2_ws/install/dwb_msgs/include/dwb_msgs/dwb_msgs/srv/detail/score_trajectory__type_support.cpp
[85.855s] -- Installing: /home/sunrise/ros2_ws/install/dwb_msgs/include/dwb_msgs/dwb_msgs/srv/detail/generate_trajectory__rosidl_typesupport_introspection_cpp.hpp
[85.856s] -- Installing: /home/sunrise/ros2_ws/install/dwb_msgs/include/dwb_msgs/dwb_msgs/srv/detail/get_critic_score__type_support.cpp
[85.857s] -- Installing: /home/sunrise/ros2_ws/install/dwb_msgs/include/dwb_msgs/dwb_msgs/srv/detail/debug_local_plan__rosidl_typesupport_introspection_cpp.hpp
[85.858s] -- Up-to-date: /home/sunrise/ros2_ws/install/dwb_msgs/include/dwb_msgs/dwb_msgs/msg
[85.859s] -- Up-to-date: /home/sunrise/ros2_ws/install/dwb_msgs/include/dwb_msgs/dwb_msgs/msg/detail
[85.860s] -- Installing: /home/sunrise/ros2_ws/install/dwb_msgs/include/dwb_msgs/dwb_msgs/msg/detail/trajectory2_d__rosidl_typesupport_introspection_cpp.hpp
[85.861s] -- Installing: /home/sunrise/ros2_ws/install/dwb_msgs/include/dwb_msgs/dwb_msgs/msg/detail/trajectory_score__type_support.cpp
[85.861s] -- Installing: /home/sunrise/ros2_ws/install/dwb_msgs/include/dwb_msgs/dwb_msgs/msg/detail/local_plan_evaluation__type_support.cpp
[85.862s] -- Installing: /home/sunrise/ros2_ws/install/dwb_msgs/include/dwb_msgs/dwb_msgs/msg/detail/trajectory_score__rosidl_typesupport_introspection_cpp.hpp
[85.863s] -- Installing: /home/sunrise/ros2_ws/install/dwb_msgs/include/dwb_msgs/dwb_msgs/msg/detail/critic_score__type_support.cpp
[85.863s] -- Installing: /home/sunrise/ros2_ws/install/dwb_msgs/include/dwb_msgs/dwb_msgs/msg/detail/trajectory2_d__type_support.cpp
[85.864s] -- Installing: /home/sunrise/ros2_ws/install/dwb_msgs/include/dwb_msgs/dwb_msgs/msg/detail/critic_score__rosidl_typesupport_introspection_cpp.hpp
[85.865s] -- Installing: /home/sunrise/ros2_ws/install/dwb_msgs/include/dwb_msgs/dwb_msgs/msg/detail/local_plan_evaluation__rosidl_typesupport_introspection_cpp.hpp
[85.866s] -- Installing: /home/sunrise/ros2_ws/install/dwb_msgs/lib/libdwb_msgs__rosidl_typesupport_introspection_cpp.so
[85.866s] -- Set runtime path of "/home/sunrise/ros2_ws/install/dwb_msgs/lib/libdwb_msgs__rosidl_typesupport_introspection_cpp.so" to ""
[85.867s] -- Installing: /home/sunrise/ros2_ws/install/dwb_msgs/lib/libdwb_msgs__rosidl_typesupport_cpp.so
[85.868s] -- Set runtime path of "/home/sunrise/ros2_ws/install/dwb_msgs/lib/libdwb_msgs__rosidl_typesupport_cpp.so" to ""
[85.869s] -- Installing: /home/sunrise/ros2_ws/install/dwb_msgs/share/dwb_msgs/environment/pythonpath.sh
[85.869s] -- Installing: /home/sunrise/ros2_ws/install/dwb_msgs/share/dwb_msgs/environment/pythonpath.dsv
[85.870s] -- Installing: /home/sunrise/ros2_ws/install/dwb_msgs/local/lib/python3.10/dist-packages/dwb_msgs-1.1.0-py3.10.egg-info
[85.871s] -- Installing: /home/sunrise/ros2_ws/install/dwb_msgs/local/lib/python3.10/dist-packages/dwb_msgs-1.1.0-py3.10.egg-info/PKG-INFO
[85.871s] -- Installing: /home/sunrise/ros2_ws/install/dwb_msgs/local/lib/python3.10/dist-packages/dwb_msgs-1.1.0-py3.10.egg-info/SOURCES.txt
[85.872s] -- Installing: /home/sunrise/ros2_ws/install/dwb_msgs/local/lib/python3.10/dist-packages/dwb_msgs-1.1.0-py3.10.egg-info/top_level.txt
[85.873s] -- Installing: /home/sunrise/ros2_ws/install/dwb_msgs/local/lib/python3.10/dist-packages/dwb_msgs-1.1.0-py3.10.egg-info/dependency_links.txt
[85.874s] -- Installing: /home/sunrise/ros2_ws/install/dwb_msgs/local/lib/python3.10/dist-packages/dwb_msgs
[85.874s] -- Installing: /home/sunrise/ros2_ws/install/dwb_msgs/local/lib/python3.10/dist-packages/dwb_msgs/_dwb_msgs_s.ep.rosidl_typesupport_c.c
[85.875s] -- Installing: /home/sunrise/ros2_ws/install/dwb_msgs/local/lib/python3.10/dist-packages/dwb_msgs/libdwb_msgs__rosidl_generator_py.so
[85.876s] -- Installing: /home/sunrise/ros2_ws/install/dwb_msgs/local/lib/python3.10/dist-packages/dwb_msgs/dwb_msgs_s__rosidl_typesupport_introspection_c.cpython-310-aarch64-linux-gnu.so
[85.876s] -- Installing: /home/sunrise/ros2_ws/install/dwb_msgs/local/lib/python3.10/dist-packages/dwb_msgs/srv
[85.877s] -- Installing: /home/sunrise/ros2_ws/install/dwb_msgs/local/lib/python3.10/dist-packages/dwb_msgs/srv/_get_critic_score_s.c
[85.878s] -- Installing: /home/sunrise/ros2_ws/install/dwb_msgs/local/lib/python3.10/dist-packages/dwb_msgs/srv/_generate_twists.py
[85.879s] -- Installing: /home/sunrise/ros2_ws/install/dwb_msgs/local/lib/python3.10/dist-packages/dwb_msgs/srv/_debug_local_plan.py
[85.879s] -- Installing: /home/sunrise/ros2_ws/install/dwb_msgs/local/lib/python3.10/dist-packages/dwb_msgs/srv/_debug_local_plan_s.c
[85.880s] -- Installing: /home/sunrise/ros2_ws/install/dwb_msgs/local/lib/python3.10/dist-packages/dwb_msgs/srv/_score_trajectory.py
[85.881s] -- Installing: /home/sunrise/ros2_ws/install/dwb_msgs/local/lib/python3.10/dist-packages/dwb_msgs/srv/_generate_trajectory_s.c
[85.881s] -- Installing: /home/sunrise/ros2_ws/install/dwb_msgs/local/lib/python3.10/dist-packages/dwb_msgs/srv/__init__.py
[85.882s] -- Installing: /home/sunrise/ros2_ws/install/dwb_msgs/local/lib/python3.10/dist-packages/dwb_msgs/srv/_score_trajectory_s.c
[85.883s] -- Installing: /home/sunrise/ros2_ws/install/dwb_msgs/local/lib/python3.10/dist-packages/dwb_msgs/srv/_generate_twists_s.c
[85.884s] -- Installing: /home/sunrise/ros2_ws/install/dwb_msgs/local/lib/python3.10/dist-packages/dwb_msgs/srv/_generate_trajectory.py
[85.884s] -- Installing: /home/sunrise/ros2_ws/install/dwb_msgs/local/lib/python3.10/dist-packages/dwb_msgs/srv/_get_critic_score.py
[85.885s] -- Installing: /home/sunrise/ros2_ws/install/dwb_msgs/local/lib/python3.10/dist-packages/dwb_msgs/dwb_msgs_s__rosidl_typesupport_c.cpython-310-aarch64-linux-gnu.so
[85.886s] -- Installing: /home/sunrise/ros2_ws/install/dwb_msgs/local/lib/python3.10/dist-packages/dwb_msgs/dwb_msgs_s__rosidl_typesupport_fastrtps_c.cpython-310-aarch64-linux-gnu.so
[85.886s] -- Installing: /home/sunrise/ros2_ws/install/dwb_msgs/local/lib/python3.10/dist-packages/dwb_msgs/__init__.py
[85.887s] -- Installing: /home/sunrise/ros2_ws/install/dwb_msgs/local/lib/python3.10/dist-packages/dwb_msgs/_dwb_msgs_s.ep.rosidl_typesupport_fastrtps_c.c
[85.888s] -- Installing: /home/sunrise/ros2_ws/install/dwb_msgs/local/lib/python3.10/dist-packages/dwb_msgs/_dwb_msgs_s.ep.rosidl_typesupport_introspection_c.c
[85.889s] -- Installing: /home/sunrise/ros2_ws/install/dwb_msgs/local/lib/python3.10/dist-packages/dwb_msgs/msg
[85.890s] -- Installing: /home/sunrise/ros2_ws/install/dwb_msgs/local/lib/python3.10/dist-packages/dwb_msgs/msg/_local_plan_evaluation_s.c
[85.890s] -- Installing: /home/sunrise/ros2_ws/install/dwb_msgs/local/lib/python3.10/dist-packages/dwb_msgs/msg/_trajectory_score_s.c
[85.891s] -- Installing: /home/sunrise/ros2_ws/install/dwb_msgs/local/lib/python3.10/dist-packages/dwb_msgs/msg/_trajectory2_d.py
[85.892s] -- Installing: /home/sunrise/ros2_ws/install/dwb_msgs/local/lib/python3.10/dist-packages/dwb_msgs/msg/__init__.py
[85.893s] -- Installing: /home/sunrise/ros2_ws/install/dwb_msgs/local/lib/python3.10/dist-packages/dwb_msgs/msg/_trajectory2_d_s.c
[85.893s] -- Installing: /home/sunrise/ros2_ws/install/dwb_msgs/local/lib/python3.10/dist-packages/dwb_msgs/msg/_critic_score.py
[85.894s] -- Installing: /home/sunrise/ros2_ws/install/dwb_msgs/local/lib/python3.10/dist-packages/dwb_msgs/msg/_critic_score_s.c
[85.895s] -- Installing: /home/sunrise/ros2_ws/install/dwb_msgs/local/lib/python3.10/dist-packages/dwb_msgs/msg/_local_plan_evaluation.py
[85.896s] -- Installing: /home/sunrise/ros2_ws/install/dwb_msgs/local/lib/python3.10/dist-packages/dwb_msgs/msg/_trajectory_score.py
[86.171s] Listing '/home/sunrise/ros2_ws/install/dwb_msgs/local/lib/python3.10/dist-packages/dwb_msgs'...
[86.172s] Compiling '/home/sunrise/ros2_ws/install/dwb_msgs/local/lib/python3.10/dist-packages/dwb_msgs/__init__.py'...
[86.173s] Listing '/home/sunrise/ros2_ws/install/dwb_msgs/local/lib/python3.10/dist-packages/dwb_msgs/msg'...
[86.174s] Compiling '/home/sunrise/ros2_ws/install/dwb_msgs/local/lib/python3.10/dist-packages/dwb_msgs/msg/__init__.py'...
[86.175s] Compiling '/home/sunrise/ros2_ws/install/dwb_msgs/local/lib/python3.10/dist-packages/dwb_msgs/msg/_critic_score.py'...
[86.175s] Compiling '/home/sunrise/ros2_ws/install/dwb_msgs/local/lib/python3.10/dist-packages/dwb_msgs/msg/_local_plan_evaluation.py'...
[86.176s] Compiling '/home/sunrise/ros2_ws/install/dwb_msgs/local/lib/python3.10/dist-packages/dwb_msgs/msg/_trajectory2_d.py'...
[86.177s] Compiling '/home/sunrise/ros2_ws/install/dwb_msgs/local/lib/python3.10/dist-packages/dwb_msgs/msg/_trajectory_score.py'...
[86.178s] Listing '/home/sunrise/ros2_ws/install/dwb_msgs/local/lib/python3.10/dist-packages/dwb_msgs/srv'...
[86.179s] Compiling '/home/sunrise/ros2_ws/install/dwb_msgs/local/lib/python3.10/dist-packages/dwb_msgs/srv/__init__.py'...
[86.179s] Compiling '/home/sunrise/ros2_ws/install/dwb_msgs/local/lib/python3.10/dist-packages/dwb_msgs/srv/_debug_local_plan.py'...
[86.180s] Compiling '/home/sunrise/ros2_ws/install/dwb_msgs/local/lib/python3.10/dist-packages/dwb_msgs/srv/_generate_trajectory.py'...
[86.181s] Compiling '/home/sunrise/ros2_ws/install/dwb_msgs/local/lib/python3.10/dist-packages/dwb_msgs/srv/_generate_twists.py'...
[86.181s] Compiling '/home/sunrise/ros2_ws/install/dwb_msgs/local/lib/python3.10/dist-packages/dwb_msgs/srv/_get_critic_score.py'...
[86.182s] Compiling '/home/sunrise/ros2_ws/install/dwb_msgs/local/lib/python3.10/dist-packages/dwb_msgs/srv/_score_trajectory.py'...
[86.240s] -- Installing: /home/sunrise/ros2_ws/install/dwb_msgs/local/lib/python3.10/dist-packages/dwb_msgs/dwb_msgs_s__rosidl_typesupport_fastrtps_c.cpython-310-aarch64-linux-gnu.so
[86.240s] -- Set runtime path of "/home/sunrise/ros2_ws/install/dwb_msgs/local/lib/python3.10/dist-packages/dwb_msgs/dwb_msgs_s__rosidl_typesupport_fastrtps_c.cpython-310-aarch64-linux-gnu.so" to ""
[86.241s] -- Installing: /home/sunrise/ros2_ws/install/dwb_msgs/local/lib/python3.10/dist-packages/dwb_msgs/dwb_msgs_s__rosidl_typesupport_introspection_c.cpython-310-aarch64-linux-gnu.so
[86.242s] -- Set runtime path of "/home/sunrise/ros2_ws/install/dwb_msgs/local/lib/python3.10/dist-packages/dwb_msgs/dwb_msgs_s__rosidl_typesupport_introspection_c.cpython-310-aarch64-linux-gnu.so" to ""
[86.243s] -- Installing: /home/sunrise/ros2_ws/install/dwb_msgs/local/lib/python3.10/dist-packages/dwb_msgs/dwb_msgs_s__rosidl_typesupport_c.cpython-310-aarch64-linux-gnu.so
[86.244s] -- Set runtime path of "/home/sunrise/ros2_ws/install/dwb_msgs/local/lib/python3.10/dist-packages/dwb_msgs/dwb_msgs_s__rosidl_typesupport_c.cpython-310-aarch64-linux-gnu.so" to ""
[86.246s] -- Installing: /home/sunrise/ros2_ws/install/dwb_msgs/lib/libdwb_msgs__rosidl_generator_py.so
[86.247s] -- Set runtime path of "/home/sunrise/ros2_ws/install/dwb_msgs/lib/libdwb_msgs__rosidl_generator_py.so" to ""
[86.248s] -- Installing: /home/sunrise/ros2_ws/install/dwb_msgs/share/dwb_msgs/msg/CriticScore.idl
[86.249s] -- Installing: /home/sunrise/ros2_ws/install/dwb_msgs/share/dwb_msgs/msg/LocalPlanEvaluation.idl
[86.250s] -- Installing: /home/sunrise/ros2_ws/install/dwb_msgs/share/dwb_msgs/msg/Trajectory2D.idl
[86.251s] -- Installing: /home/sunrise/ros2_ws/install/dwb_msgs/share/dwb_msgs/msg/TrajectoryScore.idl
[86.253s] -- Installing: /home/sunrise/ros2_ws/install/dwb_msgs/share/dwb_msgs/srv/DebugLocalPlan.idl
[86.254s] -- Installing: /home/sunrise/ros2_ws/install/dwb_msgs/share/dwb_msgs/srv/GenerateTrajectory.idl
[86.255s] -- Installing: /home/sunrise/ros2_ws/install/dwb_msgs/share/dwb_msgs/srv/GenerateTwists.idl
[86.256s] -- Installing: /home/sunrise/ros2_ws/install/dwb_msgs/share/dwb_msgs/srv/GetCriticScore.idl
[86.257s] -- Installing: /home/sunrise/ros2_ws/install/dwb_msgs/share/dwb_msgs/srv/ScoreTrajectory.idl
[86.258s] -- Installing: /home/sunrise/ros2_ws/install/dwb_msgs/share/dwb_msgs/msg/CriticScore.msg
[86.259s] -- Installing: /home/sunrise/ros2_ws/install/dwb_msgs/share/dwb_msgs/msg/LocalPlanEvaluation.msg
[86.261s] -- Installing: /home/sunrise/ros2_ws/install/dwb_msgs/share/dwb_msgs/msg/Trajectory2D.msg
[86.262s] -- Installing: /home/sunrise/ros2_ws/install/dwb_msgs/share/dwb_msgs/msg/TrajectoryScore.msg
[86.264s] -- Installing: /home/sunrise/ros2_ws/install/dwb_msgs/share/dwb_msgs/srv/DebugLocalPlan.srv
[86.265s] -- Installing: /home/sunrise/ros2_ws/install/dwb_msgs/share/dwb_msgs/srv/DebugLocalPlan_Request.msg
[86.266s] -- Installing: /home/sunrise/ros2_ws/install/dwb_msgs/share/dwb_msgs/srv/DebugLocalPlan_Response.msg
[86.267s] -- Installing: /home/sunrise/ros2_ws/install/dwb_msgs/share/dwb_msgs/srv/GenerateTrajectory.srv
[86.268s] -- Installing: /home/sunrise/ros2_ws/install/dwb_msgs/share/dwb_msgs/srv/GenerateTrajectory_Request.msg
[86.269s] -- Installing: /home/sunrise/ros2_ws/install/dwb_msgs/share/dwb_msgs/srv/GenerateTrajectory_Response.msg
[86.270s] -- Installing: /home/sunrise/ros2_ws/install/dwb_msgs/share/dwb_msgs/srv/GenerateTwists.srv
[86.272s] -- Installing: /home/sunrise/ros2_ws/install/dwb_msgs/share/dwb_msgs/srv/GenerateTwists_Request.msg
[86.273s] -- Installing: /home/sunrise/ros2_ws/install/dwb_msgs/share/dwb_msgs/srv/GenerateTwists_Response.msg
[86.274s] -- Installing: /home/sunrise/ros2_ws/install/dwb_msgs/share/dwb_msgs/srv/GetCriticScore.srv
[86.275s] -- Installing: /home/sunrise/ros2_ws/install/dwb_msgs/share/dwb_msgs/srv/GetCriticScore_Request.msg
[86.276s] -- Installing: /home/sunrise/ros2_ws/install/dwb_msgs/share/dwb_msgs/srv/GetCriticScore_Response.msg
[86.277s] -- Installing: /home/sunrise/ros2_ws/install/dwb_msgs/share/dwb_msgs/srv/ScoreTrajectory.srv
[86.278s] -- Installing: /home/sunrise/ros2_ws/install/dwb_msgs/share/dwb_msgs/srv/ScoreTrajectory_Request.msg
[86.279s] -- Installing: /home/sunrise/ros2_ws/install/dwb_msgs/share/dwb_msgs/srv/ScoreTrajectory_Response.msg
[86.280s] -- Installing: /home/sunrise/ros2_ws/install/dwb_msgs/share/ament_index/resource_index/package_run_dependencies/dwb_msgs
[86.281s] -- Installing: /home/sunrise/ros2_ws/install/dwb_msgs/share/ament_index/resource_index/parent_prefix_path/dwb_msgs
[86.282s] -- Installing: /home/sunrise/ros2_ws/install/dwb_msgs/share/dwb_msgs/environment/ament_prefix_path.sh
[86.283s] -- Installing: /home/sunrise/ros2_ws/install/dwb_msgs/share/dwb_msgs/environment/ament_prefix_path.dsv
[86.284s] -- Installing: /home/sunrise/ros2_ws/install/dwb_msgs/share/dwb_msgs/environment/path.sh
[86.285s] -- Installing: /home/sunrise/ros2_ws/install/dwb_msgs/share/dwb_msgs/environment/path.dsv
[86.286s] -- Installing: /home/sunrise/ros2_ws/install/dwb_msgs/share/dwb_msgs/local_setup.bash
[86.287s] -- Installing: /home/sunrise/ros2_ws/install/dwb_msgs/share/dwb_msgs/local_setup.sh
[86.288s] -- Installing: /home/sunrise/ros2_ws/install/dwb_msgs/share/dwb_msgs/local_setup.zsh
[86.289s] -- Installing: /home/sunrise/ros2_ws/install/dwb_msgs/share/dwb_msgs/local_setup.dsv
[86.290s] -- Installing: /home/sunrise/ros2_ws/install/dwb_msgs/share/dwb_msgs/package.dsv
[86.291s] -- Installing: /home/sunrise/ros2_ws/install/dwb_msgs/share/ament_index/resource_index/packages/dwb_msgs
[86.292s] -- Installing: /home/sunrise/ros2_ws/install/dwb_msgs/share/dwb_msgs/cmake/export_dwb_msgs__rosidl_generator_cExport.cmake
[86.293s] -- Installing: /home/sunrise/ros2_ws/install/dwb_msgs/share/dwb_msgs/cmake/export_dwb_msgs__rosidl_generator_cExport-noconfig.cmake
[86.294s] -- Installing: /home/sunrise/ros2_ws/install/dwb_msgs/share/dwb_msgs/cmake/export_dwb_msgs__rosidl_typesupport_fastrtps_cExport.cmake
[86.295s] -- Installing: /home/sunrise/ros2_ws/install/dwb_msgs/share/dwb_msgs/cmake/export_dwb_msgs__rosidl_typesupport_fastrtps_cExport-noconfig.cmake
[86.296s] -- Installing: /home/sunrise/ros2_ws/install/dwb_msgs/share/dwb_msgs/cmake/export_dwb_msgs__rosidl_generator_cppExport.cmake
[86.298s] -- Installing: /home/sunrise/ros2_ws/install/dwb_msgs/share/dwb_msgs/cmake/export_dwb_msgs__rosidl_typesupport_fastrtps_cppExport.cmake
[86.299s] -- Installing: /home/sunrise/ros2_ws/install/dwb_msgs/share/dwb_msgs/cmake/export_dwb_msgs__rosidl_typesupport_fastrtps_cppExport-noconfig.cmake
[86.300s] -- Installing: /home/sunrise/ros2_ws/install/dwb_msgs/share/dwb_msgs/cmake/dwb_msgs__rosidl_typesupport_introspection_cExport.cmake
[86.301s] -- Installing: /home/sunrise/ros2_ws/install/dwb_msgs/share/dwb_msgs/cmake/dwb_msgs__rosidl_typesupport_introspection_cExport-noconfig.cmake
[86.302s] -- Installing: /home/sunrise/ros2_ws/install/dwb_msgs/share/dwb_msgs/cmake/dwb_msgs__rosidl_typesupport_cExport.cmake
[86.303s] -- Installing: /home/sunrise/ros2_ws/install/dwb_msgs/share/dwb_msgs/cmake/dwb_msgs__rosidl_typesupport_cExport-noconfig.cmake
[86.304s] -- Installing: /home/sunrise/ros2_ws/install/dwb_msgs/share/dwb_msgs/cmake/dwb_msgs__rosidl_typesupport_introspection_cppExport.cmake
[86.305s] -- Installing: /home/sunrise/ros2_ws/install/dwb_msgs/share/dwb_msgs/cmake/dwb_msgs__rosidl_typesupport_introspection_cppExport-noconfig.cmake
[86.306s] -- Installing: /home/sunrise/ros2_ws/install/dwb_msgs/share/dwb_msgs/cmake/dwb_msgs__rosidl_typesupport_cppExport.cmake
[86.307s] -- Installing: /home/sunrise/ros2_ws/install/dwb_msgs/share/dwb_msgs/cmake/dwb_msgs__rosidl_typesupport_cppExport-noconfig.cmake
[86.309s] -- Installing: /home/sunrise/ros2_ws/install/dwb_msgs/share/dwb_msgs/cmake/export_dwb_msgs__rosidl_generator_pyExport.cmake
[86.310s] -- Installing: /home/sunrise/ros2_ws/install/dwb_msgs/share/dwb_msgs/cmake/export_dwb_msgs__rosidl_generator_pyExport-noconfig.cmake
[86.311s] -- Installing: /home/sunrise/ros2_ws/install/dwb_msgs/share/dwb_msgs/cmake/rosidl_cmake-extras.cmake
[86.312s] -- Installing: /home/sunrise/ros2_ws/install/dwb_msgs/share/dwb_msgs/cmake/ament_cmake_export_dependencies-extras.cmake
[86.313s] -- Installing: /home/sunrise/ros2_ws/install/dwb_msgs/share/dwb_msgs/cmake/ament_cmake_export_include_directories-extras.cmake
[86.314s] -- Installing: /home/sunrise/ros2_ws/install/dwb_msgs/share/dwb_msgs/cmake/ament_cmake_export_libraries-extras.cmake
[86.315s] -- Installing: /home/sunrise/ros2_ws/install/dwb_msgs/share/dwb_msgs/cmake/ament_cmake_export_targets-extras.cmake
[86.316s] -- Installing: /home/sunrise/ros2_ws/install/dwb_msgs/share/dwb_msgs/cmake/rosidl_cmake_export_typesupport_targets-extras.cmake
[86.317s] -- Installing: /home/sunrise/ros2_ws/install/dwb_msgs/share/dwb_msgs/cmake/rosidl_cmake_export_typesupport_libraries-extras.cmake
[86.317s] -- Installing: /home/sunrise/ros2_ws/install/dwb_msgs/share/dwb_msgs/cmake/dwb_msgsConfig.cmake
[86.318s] -- Installing: /home/sunrise/ros2_ws/install/dwb_msgs/share/dwb_msgs/cmake/dwb_msgsConfig-version.cmake
[86.319s] -- Installing: /home/sunrise/ros2_ws/install/dwb_msgs/share/dwb_msgs/package.xml
[86.331s] Invoked command in '/home/sunrise/ros2_ws/build/dwb_msgs' returned '0': AMENT_PREFIX_PATH=/home/sunrise/ros2_ws/install/nav_2d_msgs:${AMENT_PREFIX_PATH} CMAKE_PREFIX_PATH=/home/sunrise/ros2_ws/install/nav_2d_msgs:/opt/ros/humble LD_LIBRARY_PATH=/home/sunrise/ros2_ws/install/nav_2d_msgs/lib:/opt/ros/humble/opt/rviz_ogre_vendor/lib:/opt/ros/humble/lib/aarch64-linux-gnu:/opt/ros/humble/lib:/usr/hobot/lib:/app/lib:/app/pub/lib:/middleware/lib:/middleware/pub/lib:/usr/hobot/lib/sensor:/system/lib:/system/usr/lib:/lib PYTHONPATH=/home/sunrise/ros2_ws/install/nav_2d_msgs/local/lib/python3.10/dist-packages:${PYTHONPATH} /usr/bin/cmake --install /home/sunrise/ros2_ws/build/dwb_msgs
