[0.205s] Invoking command in '/home/sunrise/ros2_ws/build/dwb_msgs': CMAKE_PREFIX_PATH=/home/sunrise/ros2_ws/install/nav_2d_msgs:/home/sunrise/ros2_ws/install/ydlidar:/home/sunrise/ros2_ws/install/dwb_msgs:/home/sunrise/ros2_ws/install/nav2_voxel_grid:/home/sunrise/ros2_ws/install/nav2_msgs:/home/sunrise/ros2_ws/install/nav2_common:/home/sunrise/ros2_ws/install/microxrcedds_agent:/home/sunrise/ros2_ws/install/micro_ros_agent:/home/sunrise/ros2_ws/install/micro_ros_msgs:/home/sunrise/ros2_ws/install/fishbot_bringup:/home/sunrise/ros2_ws/install/nav2_simple_commander:/home/sunrise/ros2_ws/install/fishbot_description:/opt/ros/humble LD_LIBRARY_PATH=/home/sunrise/ros2_ws/install/nav_2d_msgs/lib:/home/sunrise/ros2_ws/install/dwb_msgs/lib:/home/sunrise/ros2_ws/install/nav2_voxel_grid/lib:/home/sunrise/ros2_ws/install/nav2_msgs/lib:/home/sunrise/ros2_ws/install/microxrcedds_agent/lib:/home/sunrise/ros2_ws/install/micro_ros_agent/lib:/home/sunrise/ros2_ws/install/micro_ros_msgs/lib:/usr/hobot/lib:/app/lib:/app/pub/lib:/middleware/lib:/middleware/pub/lib:/usr/hobot/lib/sensor:/system/lib:/system/usr/lib:/lib:/opt/ros/humble/opt/rviz_ogre_vendor/lib:/opt/ros/humble/lib/aarch64-linux-gnu:/opt/ros/humble/lib:/usr/hobot/lib:/app/lib:/app/pub/lib:/middleware/lib:/middleware/pub/lib:/usr/hobot/lib/sensor:/system/lib:/system/usr/lib:/lib /usr/bin/cmake --build /home/sunrise/ros2_ws/build/dwb_msgs -- -j8 -l8
[0.438s] [35m[1mConsolidate compiler generated dependencies of target dwb_msgs__rosidl_generator_c[0m
[0.460s] [  1%] Built target dwb_msgs__cpp
[0.547s] [35m[1mConsolidate compiler generated dependencies of target dwb_msgs__rosidl_typesupport_cpp[0m
[0.567s] [ 12%] Built target dwb_msgs__rosidl_generator_c
[0.613s] [35m[1mConsolidate compiler generated dependencies of target dwb_msgs__rosidl_typesupport_fastrtps_cpp[0m
[0.614s] [ 12%] Built target ament_cmake_python_copy_dwb_msgs
[0.656s] [35m[1mConsolidate compiler generated dependencies of target dwb_msgs__rosidl_typesupport_introspection_cpp[0m
[0.679s] [35m[1mConsolidate compiler generated dependencies of target dwb_msgs__rosidl_typesupport_fastrtps_c[0m
[0.698s] [35m[1mConsolidate compiler generated dependencies of target dwb_msgs__rosidl_typesupport_c[0m
[0.736s] [ 24%] Built target dwb_msgs__rosidl_typesupport_cpp
[0.744s] [35m[1mConsolidate compiler generated dependencies of target dwb_msgs__rosidl_typesupport_introspection_c[0m
[0.770s] [ 35%] Built target dwb_msgs__rosidl_typesupport_fastrtps_cpp
[0.847s] [ 47%] Built target dwb_msgs__rosidl_typesupport_c
[0.938s] [ 58%] Built target dwb_msgs__rosidl_typesupport_introspection_c
[0.961s] [ 70%] Built target dwb_msgs__rosidl_typesupport_fastrtps_c
[0.965s] [ 82%] Built target dwb_msgs__rosidl_typesupport_introspection_cpp
[1.136s] [ 82%] Built target dwb_msgs
[1.239s] [ 83%] Built target dwb_msgs__py
[1.300s] [35m[1mConsolidate compiler generated dependencies of target dwb_msgs__rosidl_generator_py[0m
[1.399s] [ 93%] Built target dwb_msgs__rosidl_generator_py
[1.449s] [35m[1mConsolidate compiler generated dependencies of target dwb_msgs__rosidl_typesupport_introspection_c__pyext[0m
[1.450s] [35m[1mConsolidate compiler generated dependencies of target dwb_msgs__rosidl_typesupport_c__pyext[0m
[1.450s] [35m[1mConsolidate compiler generated dependencies of target dwb_msgs__rosidl_typesupport_fastrtps_c__pyext[0m
[1.513s] [ 98%] Built target dwb_msgs__rosidl_typesupport_introspection_c__pyext
[1.514s] [ 98%] Built target dwb_msgs__rosidl_typesupport_fastrtps_c__pyext
[1.514s] [100%] Built target dwb_msgs__rosidl_typesupport_c__pyext
[2.680s] running egg_info
[2.686s] writing dwb_msgs.egg-info/PKG-INFO
[2.687s] writing dependency_links to dwb_msgs.egg-info/dependency_links.txt
[2.688s] writing top-level names to dwb_msgs.egg-info/top_level.txt
[2.704s] reading manifest file 'dwb_msgs.egg-info/SOURCES.txt'
[2.708s] writing manifest file 'dwb_msgs.egg-info/SOURCES.txt'
[2.931s] [100%] Built target ament_cmake_python_build_dwb_msgs_egg
[2.988s] Invoked command in '/home/sunrise/ros2_ws/build/dwb_msgs' returned '0': CMAKE_PREFIX_PATH=/home/sunrise/ros2_ws/install/nav_2d_msgs:/home/sunrise/ros2_ws/install/ydlidar:/home/sunrise/ros2_ws/install/dwb_msgs:/home/sunrise/ros2_ws/install/nav2_voxel_grid:/home/sunrise/ros2_ws/install/nav2_msgs:/home/sunrise/ros2_ws/install/nav2_common:/home/sunrise/ros2_ws/install/microxrcedds_agent:/home/sunrise/ros2_ws/install/micro_ros_agent:/home/sunrise/ros2_ws/install/micro_ros_msgs:/home/sunrise/ros2_ws/install/fishbot_bringup:/home/sunrise/ros2_ws/install/nav2_simple_commander:/home/sunrise/ros2_ws/install/fishbot_description:/opt/ros/humble LD_LIBRARY_PATH=/home/sunrise/ros2_ws/install/nav_2d_msgs/lib:/home/sunrise/ros2_ws/install/dwb_msgs/lib:/home/sunrise/ros2_ws/install/nav2_voxel_grid/lib:/home/sunrise/ros2_ws/install/nav2_msgs/lib:/home/sunrise/ros2_ws/install/microxrcedds_agent/lib:/home/sunrise/ros2_ws/install/micro_ros_agent/lib:/home/sunrise/ros2_ws/install/micro_ros_msgs/lib:/usr/hobot/lib:/app/lib:/app/pub/lib:/middleware/lib:/middleware/pub/lib:/usr/hobot/lib/sensor:/system/lib:/system/usr/lib:/lib:/opt/ros/humble/opt/rviz_ogre_vendor/lib:/opt/ros/humble/lib/aarch64-linux-gnu:/opt/ros/humble/lib:/usr/hobot/lib:/app/lib:/app/pub/lib:/middleware/lib:/middleware/pub/lib:/usr/hobot/lib/sensor:/system/lib:/system/usr/lib:/lib /usr/bin/cmake --build /home/sunrise/ros2_ws/build/dwb_msgs -- -j8 -l8
[2.994s] Invoking command in '/home/sunrise/ros2_ws/build/dwb_msgs': CMAKE_PREFIX_PATH=/home/sunrise/ros2_ws/install/nav_2d_msgs:/home/sunrise/ros2_ws/install/ydlidar:/home/sunrise/ros2_ws/install/dwb_msgs:/home/sunrise/ros2_ws/install/nav2_voxel_grid:/home/sunrise/ros2_ws/install/nav2_msgs:/home/sunrise/ros2_ws/install/nav2_common:/home/sunrise/ros2_ws/install/microxrcedds_agent:/home/sunrise/ros2_ws/install/micro_ros_agent:/home/sunrise/ros2_ws/install/micro_ros_msgs:/home/sunrise/ros2_ws/install/fishbot_bringup:/home/sunrise/ros2_ws/install/nav2_simple_commander:/home/sunrise/ros2_ws/install/fishbot_description:/opt/ros/humble LD_LIBRARY_PATH=/home/sunrise/ros2_ws/install/nav_2d_msgs/lib:/home/sunrise/ros2_ws/install/dwb_msgs/lib:/home/sunrise/ros2_ws/install/nav2_voxel_grid/lib:/home/sunrise/ros2_ws/install/nav2_msgs/lib:/home/sunrise/ros2_ws/install/microxrcedds_agent/lib:/home/sunrise/ros2_ws/install/micro_ros_agent/lib:/home/sunrise/ros2_ws/install/micro_ros_msgs/lib:/usr/hobot/lib:/app/lib:/app/pub/lib:/middleware/lib:/middleware/pub/lib:/usr/hobot/lib/sensor:/system/lib:/system/usr/lib:/lib:/opt/ros/humble/opt/rviz_ogre_vendor/lib:/opt/ros/humble/lib/aarch64-linux-gnu:/opt/ros/humble/lib:/usr/hobot/lib:/app/lib:/app/pub/lib:/middleware/lib:/middleware/pub/lib:/usr/hobot/lib/sensor:/system/lib:/system/usr/lib:/lib /usr/bin/cmake --install /home/sunrise/ros2_ws/build/dwb_msgs
[3.211s] -- Install configuration: ""
[3.212s] -- Up-to-date: /home/sunrise/ros2_ws/install/dwb_msgs/share/ament_index/resource_index/rosidl_interfaces/dwb_msgs
[3.213s] -- Up-to-date: /home/sunrise/ros2_ws/install/dwb_msgs/include/dwb_msgs/dwb_msgs
[3.213s] -- Up-to-date: /home/sunrise/ros2_ws/install/dwb_msgs/include/dwb_msgs/dwb_msgs/srv
[3.214s] -- Up-to-date: /home/sunrise/ros2_ws/install/dwb_msgs/include/dwb_msgs/dwb_msgs/srv/debug_local_plan.h
[3.215s] -- Up-to-date: /home/sunrise/ros2_ws/install/dwb_msgs/include/dwb_msgs/dwb_msgs/srv/get_critic_score.h
[3.215s] -- Up-to-date: /home/sunrise/ros2_ws/install/dwb_msgs/include/dwb_msgs/dwb_msgs/srv/detail
[3.216s] -- Up-to-date: /home/sunrise/ros2_ws/install/dwb_msgs/include/dwb_msgs/dwb_msgs/srv/detail/debug_local_plan__struct.h
[3.217s] -- Up-to-date: /home/sunrise/ros2_ws/install/dwb_msgs/include/dwb_msgs/dwb_msgs/srv/detail/generate_trajectory__struct.h
[3.217s] -- Up-to-date: /home/sunrise/ros2_ws/install/dwb_msgs/include/dwb_msgs/dwb_msgs/srv/detail/generate_twists__functions.h
[3.221s] -- Up-to-date: /home/sunrise/ros2_ws/install/dwb_msgs/include/dwb_msgs/dwb_msgs/srv/detail/score_trajectory__functions.h
[3.221s] -- Up-to-date: /home/sunrise/ros2_ws/install/dwb_msgs/include/dwb_msgs/dwb_msgs/srv/detail/get_critic_score__type_support.h
[3.222s] -- Up-to-date: /home/sunrise/ros2_ws/install/dwb_msgs/include/dwb_msgs/dwb_msgs/srv/detail/generate_twists__functions.c
[3.224s] -- Up-to-date: /home/sunrise/ros2_ws/install/dwb_msgs/include/dwb_msgs/dwb_msgs/srv/detail/get_critic_score__functions.h
[3.225s] -- Up-to-date: /home/sunrise/ros2_ws/install/dwb_msgs/include/dwb_msgs/dwb_msgs/srv/detail/debug_local_plan__type_support.h
[3.225s] -- Up-to-date: /home/sunrise/ros2_ws/install/dwb_msgs/include/dwb_msgs/dwb_msgs/srv/detail/generate_trajectory__functions.h
[3.226s] -- Up-to-date: /home/sunrise/ros2_ws/install/dwb_msgs/include/dwb_msgs/dwb_msgs/srv/detail/generate_twists__struct.h
[3.226s] -- Up-to-date: /home/sunrise/ros2_ws/install/dwb_msgs/include/dwb_msgs/dwb_msgs/srv/detail/generate_twists__type_support.h
[3.226s] -- Up-to-date: /home/sunrise/ros2_ws/install/dwb_msgs/include/dwb_msgs/dwb_msgs/srv/detail/generate_trajectory__functions.c
[3.227s] -- Up-to-date: /home/sunrise/ros2_ws/install/dwb_msgs/include/dwb_msgs/dwb_msgs/srv/detail/get_critic_score__struct.h
[3.227s] -- Up-to-date: /home/sunrise/ros2_ws/install/dwb_msgs/include/dwb_msgs/dwb_msgs/srv/detail/debug_local_plan__functions.h
[3.228s] -- Up-to-date: /home/sunrise/ros2_ws/install/dwb_msgs/include/dwb_msgs/dwb_msgs/srv/detail/get_critic_score__functions.c
[3.229s] -- Up-to-date: /home/sunrise/ros2_ws/install/dwb_msgs/include/dwb_msgs/dwb_msgs/srv/detail/score_trajectory__type_support.h
[3.229s] -- Up-to-date: /home/sunrise/ros2_ws/install/dwb_msgs/include/dwb_msgs/dwb_msgs/srv/detail/generate_trajectory__type_support.h
[3.231s] -- Up-to-date: /home/sunrise/ros2_ws/install/dwb_msgs/include/dwb_msgs/dwb_msgs/srv/detail/score_trajectory__functions.c
[3.232s] -- Up-to-date: /home/sunrise/ros2_ws/install/dwb_msgs/include/dwb_msgs/dwb_msgs/srv/detail/score_trajectory__struct.h
[3.232s] -- Up-to-date: /home/sunrise/ros2_ws/install/dwb_msgs/include/dwb_msgs/dwb_msgs/srv/detail/debug_local_plan__functions.c
[3.233s] -- Up-to-date: /home/sunrise/ros2_ws/install/dwb_msgs/include/dwb_msgs/dwb_msgs/srv/generate_twists.h
[3.233s] -- Up-to-date: /home/sunrise/ros2_ws/install/dwb_msgs/include/dwb_msgs/dwb_msgs/srv/score_trajectory.h
[3.234s] -- Up-to-date: /home/sunrise/ros2_ws/install/dwb_msgs/include/dwb_msgs/dwb_msgs/srv/generate_trajectory.h
[3.234s] -- Up-to-date: /home/sunrise/ros2_ws/install/dwb_msgs/include/dwb_msgs/dwb_msgs/msg
[3.236s] -- Up-to-date: /home/sunrise/ros2_ws/install/dwb_msgs/include/dwb_msgs/dwb_msgs/msg/detail
[3.236s] -- Up-to-date: /home/sunrise/ros2_ws/install/dwb_msgs/include/dwb_msgs/dwb_msgs/msg/detail/trajectory2_d__functions.h
[3.237s] -- Up-to-date: /home/sunrise/ros2_ws/install/dwb_msgs/include/dwb_msgs/dwb_msgs/msg/detail/critic_score__struct.h
[3.238s] -- Up-to-date: /home/sunrise/ros2_ws/install/dwb_msgs/include/dwb_msgs/dwb_msgs/msg/detail/trajectory2_d__struct.h
[3.240s] -- Up-to-date: /home/sunrise/ros2_ws/install/dwb_msgs/include/dwb_msgs/dwb_msgs/msg/detail/local_plan_evaluation__functions.c
[3.240s] -- Up-to-date: /home/sunrise/ros2_ws/install/dwb_msgs/include/dwb_msgs/dwb_msgs/msg/detail/critic_score__type_support.h
[3.240s] -- Up-to-date: /home/sunrise/ros2_ws/install/dwb_msgs/include/dwb_msgs/dwb_msgs/msg/detail/critic_score__functions.h
[3.241s] -- Up-to-date: /home/sunrise/ros2_ws/install/dwb_msgs/include/dwb_msgs/dwb_msgs/msg/detail/critic_score__functions.c
[3.242s] -- Up-to-date: /home/sunrise/ros2_ws/install/dwb_msgs/include/dwb_msgs/dwb_msgs/msg/detail/trajectory_score__struct.h
[3.242s] -- Up-to-date: /home/sunrise/ros2_ws/install/dwb_msgs/include/dwb_msgs/dwb_msgs/msg/detail/trajectory_score__functions.c
[3.243s] -- Up-to-date: /home/sunrise/ros2_ws/install/dwb_msgs/include/dwb_msgs/dwb_msgs/msg/detail/trajectory2_d__functions.c
[3.245s] -- Up-to-date: /home/sunrise/ros2_ws/install/dwb_msgs/include/dwb_msgs/dwb_msgs/msg/detail/local_plan_evaluation__functions.h
[3.246s] -- Up-to-date: /home/sunrise/ros2_ws/install/dwb_msgs/include/dwb_msgs/dwb_msgs/msg/detail/trajectory_score__functions.h
[3.246s] -- Up-to-date: /home/sunrise/ros2_ws/install/dwb_msgs/include/dwb_msgs/dwb_msgs/msg/detail/trajectory_score__type_support.h
[3.249s] -- Up-to-date: /home/sunrise/ros2_ws/install/dwb_msgs/include/dwb_msgs/dwb_msgs/msg/detail/local_plan_evaluation__type_support.h
[3.249s] -- Up-to-date: /home/sunrise/ros2_ws/install/dwb_msgs/include/dwb_msgs/dwb_msgs/msg/detail/local_plan_evaluation__struct.h
[3.250s] -- Up-to-date: /home/sunrise/ros2_ws/install/dwb_msgs/include/dwb_msgs/dwb_msgs/msg/detail/trajectory2_d__type_support.h
[3.250s] -- Up-to-date: /home/sunrise/ros2_ws/install/dwb_msgs/include/dwb_msgs/dwb_msgs/msg/trajectory2_d.h
[3.251s] -- Up-to-date: /home/sunrise/ros2_ws/install/dwb_msgs/include/dwb_msgs/dwb_msgs/msg/trajectory_score.h
[3.251s] -- Up-to-date: /home/sunrise/ros2_ws/install/dwb_msgs/include/dwb_msgs/dwb_msgs/msg/critic_score.h
[3.252s] -- Up-to-date: /home/sunrise/ros2_ws/install/dwb_msgs/include/dwb_msgs/dwb_msgs/msg/rosidl_generator_c__visibility_control.h
[3.252s] -- Up-to-date: /home/sunrise/ros2_ws/install/dwb_msgs/include/dwb_msgs/dwb_msgs/msg/local_plan_evaluation.h
[3.256s] -- Up-to-date: /home/sunrise/ros2_ws/install/dwb_msgs/share/dwb_msgs/environment/library_path.sh
[3.256s] -- Up-to-date: /home/sunrise/ros2_ws/install/dwb_msgs/share/dwb_msgs/environment/library_path.dsv
[3.257s] -- Up-to-date: /home/sunrise/ros2_ws/install/dwb_msgs/lib/libdwb_msgs__rosidl_generator_c.so
[3.258s] -- Up-to-date: /home/sunrise/ros2_ws/install/dwb_msgs/include/dwb_msgs/dwb_msgs
[3.260s] -- Up-to-date: /home/sunrise/ros2_ws/install/dwb_msgs/include/dwb_msgs/dwb_msgs/srv
[3.260s] -- Up-to-date: /home/sunrise/ros2_ws/install/dwb_msgs/include/dwb_msgs/dwb_msgs/srv/detail
[3.261s] -- Up-to-date: /home/sunrise/ros2_ws/install/dwb_msgs/include/dwb_msgs/dwb_msgs/srv/detail/generate_twists__rosidl_typesupport_fastrtps_c.h
[3.261s] -- Up-to-date: /home/sunrise/ros2_ws/install/dwb_msgs/include/dwb_msgs/dwb_msgs/srv/detail/debug_local_plan__rosidl_typesupport_fastrtps_c.h
[3.262s] -- Up-to-date: /home/sunrise/ros2_ws/install/dwb_msgs/include/dwb_msgs/dwb_msgs/srv/detail/get_critic_score__rosidl_typesupport_fastrtps_c.h
[3.263s] -- Up-to-date: /home/sunrise/ros2_ws/install/dwb_msgs/include/dwb_msgs/dwb_msgs/srv/detail/generate_trajectory__rosidl_typesupport_fastrtps_c.h
[3.263s] -- Up-to-date: /home/sunrise/ros2_ws/install/dwb_msgs/include/dwb_msgs/dwb_msgs/srv/detail/score_trajectory__rosidl_typesupport_fastrtps_c.h
[3.263s] -- Up-to-date: /home/sunrise/ros2_ws/install/dwb_msgs/include/dwb_msgs/dwb_msgs/msg
[3.265s] -- Up-to-date: /home/sunrise/ros2_ws/install/dwb_msgs/include/dwb_msgs/dwb_msgs/msg/detail
[3.267s] -- Up-to-date: /home/sunrise/ros2_ws/install/dwb_msgs/include/dwb_msgs/dwb_msgs/msg/detail/critic_score__rosidl_typesupport_fastrtps_c.h
[3.268s] -- Up-to-date: /home/sunrise/ros2_ws/install/dwb_msgs/include/dwb_msgs/dwb_msgs/msg/detail/trajectory_score__rosidl_typesupport_fastrtps_c.h
[3.268s] -- Up-to-date: /home/sunrise/ros2_ws/install/dwb_msgs/include/dwb_msgs/dwb_msgs/msg/detail/trajectory2_d__rosidl_typesupport_fastrtps_c.h
[3.270s] -- Up-to-date: /home/sunrise/ros2_ws/install/dwb_msgs/include/dwb_msgs/dwb_msgs/msg/detail/local_plan_evaluation__rosidl_typesupport_fastrtps_c.h
[3.271s] -- Up-to-date: /home/sunrise/ros2_ws/install/dwb_msgs/include/dwb_msgs/dwb_msgs/msg/rosidl_typesupport_fastrtps_c__visibility_control.h
[3.275s] -- Up-to-date: /home/sunrise/ros2_ws/install/dwb_msgs/lib/libdwb_msgs__rosidl_typesupport_fastrtps_c.so
[3.279s] -- Up-to-date: /home/sunrise/ros2_ws/install/dwb_msgs/include/dwb_msgs/dwb_msgs
[3.280s] -- Up-to-date: /home/sunrise/ros2_ws/install/dwb_msgs/include/dwb_msgs/dwb_msgs/srv
[3.282s] -- Up-to-date: /home/sunrise/ros2_ws/install/dwb_msgs/include/dwb_msgs/dwb_msgs/srv/detail
[3.282s] -- Up-to-date: /home/sunrise/ros2_ws/install/dwb_msgs/include/dwb_msgs/dwb_msgs/srv/detail/score_trajectory__builder.hpp
[3.284s] -- Up-to-date: /home/sunrise/ros2_ws/install/dwb_msgs/include/dwb_msgs/dwb_msgs/srv/detail/get_critic_score__type_support.hpp
[3.286s] -- Up-to-date: /home/sunrise/ros2_ws/install/dwb_msgs/include/dwb_msgs/dwb_msgs/srv/detail/debug_local_plan__traits.hpp
[3.287s] -- Up-to-date: /home/sunrise/ros2_ws/install/dwb_msgs/include/dwb_msgs/dwb_msgs/srv/detail/score_trajectory__traits.hpp
[3.287s] -- Up-to-date: /home/sunrise/ros2_ws/install/dwb_msgs/include/dwb_msgs/dwb_msgs/srv/detail/get_critic_score__builder.hpp
[3.288s] -- Up-to-date: /home/sunrise/ros2_ws/install/dwb_msgs/include/dwb_msgs/dwb_msgs/srv/detail/score_trajectory__type_support.hpp
[3.290s] -- Up-to-date: /home/sunrise/ros2_ws/install/dwb_msgs/include/dwb_msgs/dwb_msgs/srv/detail/score_trajectory__struct.hpp
[3.291s] -- Up-to-date: /home/sunrise/ros2_ws/install/dwb_msgs/include/dwb_msgs/dwb_msgs/srv/detail/generate_trajectory__traits.hpp
[3.291s] -- Up-to-date: /home/sunrise/ros2_ws/install/dwb_msgs/include/dwb_msgs/dwb_msgs/srv/detail/generate_trajectory__builder.hpp
[3.292s] -- Up-to-date: /home/sunrise/ros2_ws/install/dwb_msgs/include/dwb_msgs/dwb_msgs/srv/detail/generate_twists__struct.hpp
[3.292s] -- Up-to-date: /home/sunrise/ros2_ws/install/dwb_msgs/include/dwb_msgs/dwb_msgs/srv/detail/debug_local_plan__type_support.hpp
[3.294s] -- Up-to-date: /home/sunrise/ros2_ws/install/dwb_msgs/include/dwb_msgs/dwb_msgs/srv/detail/generate_twists__type_support.hpp
[3.294s] -- Up-to-date: /home/sunrise/ros2_ws/install/dwb_msgs/include/dwb_msgs/dwb_msgs/srv/detail/get_critic_score__traits.hpp
[3.295s] -- Up-to-date: /home/sunrise/ros2_ws/install/dwb_msgs/include/dwb_msgs/dwb_msgs/srv/detail/get_critic_score__struct.hpp
[3.295s] -- Up-to-date: /home/sunrise/ros2_ws/install/dwb_msgs/include/dwb_msgs/dwb_msgs/srv/detail/generate_twists__traits.hpp
[3.296s] -- Up-to-date: /home/sunrise/ros2_ws/install/dwb_msgs/include/dwb_msgs/dwb_msgs/srv/detail/generate_trajectory__type_support.hpp
[3.296s] -- Up-to-date: /home/sunrise/ros2_ws/install/dwb_msgs/include/dwb_msgs/dwb_msgs/srv/detail/generate_twists__builder.hpp
[3.297s] -- Up-to-date: /home/sunrise/ros2_ws/install/dwb_msgs/include/dwb_msgs/dwb_msgs/srv/detail/debug_local_plan__struct.hpp
[3.298s] -- Up-to-date: /home/sunrise/ros2_ws/install/dwb_msgs/include/dwb_msgs/dwb_msgs/srv/detail/generate_trajectory__struct.hpp
[3.298s] -- Up-to-date: /home/sunrise/ros2_ws/install/dwb_msgs/include/dwb_msgs/dwb_msgs/srv/detail/debug_local_plan__builder.hpp
[3.298s] -- Up-to-date: /home/sunrise/ros2_ws/install/dwb_msgs/include/dwb_msgs/dwb_msgs/srv/generate_twists.hpp
[3.299s] -- Up-to-date: /home/sunrise/ros2_ws/install/dwb_msgs/include/dwb_msgs/dwb_msgs/srv/generate_trajectory.hpp
[3.299s] -- Up-to-date: /home/sunrise/ros2_ws/install/dwb_msgs/include/dwb_msgs/dwb_msgs/srv/debug_local_plan.hpp
[3.300s] -- Up-to-date: /home/sunrise/ros2_ws/install/dwb_msgs/include/dwb_msgs/dwb_msgs/srv/get_critic_score.hpp
[3.300s] -- Up-to-date: /home/sunrise/ros2_ws/install/dwb_msgs/include/dwb_msgs/dwb_msgs/srv/score_trajectory.hpp
[3.301s] -- Up-to-date: /home/sunrise/ros2_ws/install/dwb_msgs/include/dwb_msgs/dwb_msgs/msg
[3.301s] -- Up-to-date: /home/sunrise/ros2_ws/install/dwb_msgs/include/dwb_msgs/dwb_msgs/msg/local_plan_evaluation.hpp
[3.302s] -- Up-to-date: /home/sunrise/ros2_ws/install/dwb_msgs/include/dwb_msgs/dwb_msgs/msg/detail
[3.309s] -- Up-to-date: /home/sunrise/ros2_ws/install/dwb_msgs/include/dwb_msgs/dwb_msgs/msg/detail/trajectory_score__struct.hpp
[3.309s] -- Up-to-date: /home/sunrise/ros2_ws/install/dwb_msgs/include/dwb_msgs/dwb_msgs/msg/detail/local_plan_evaluation__struct.hpp
[3.310s] -- Up-to-date: /home/sunrise/ros2_ws/install/dwb_msgs/include/dwb_msgs/dwb_msgs/msg/detail/trajectory2_d__builder.hpp
[3.310s] -- Up-to-date: /home/sunrise/ros2_ws/install/dwb_msgs/include/dwb_msgs/dwb_msgs/msg/detail/local_plan_evaluation__type_support.hpp
[3.314s] -- Up-to-date: /home/sunrise/ros2_ws/install/dwb_msgs/include/dwb_msgs/dwb_msgs/msg/detail/local_plan_evaluation__builder.hpp
[3.315s] -- Up-to-date: /home/sunrise/ros2_ws/install/dwb_msgs/include/dwb_msgs/dwb_msgs/msg/detail/trajectory2_d__struct.hpp
[3.315s] -- Up-to-date: /home/sunrise/ros2_ws/install/dwb_msgs/include/dwb_msgs/dwb_msgs/msg/detail/trajectory_score__traits.hpp
[3.315s] -- Up-to-date: /home/sunrise/ros2_ws/install/dwb_msgs/include/dwb_msgs/dwb_msgs/msg/detail/critic_score__struct.hpp
[3.316s] -- Up-to-date: /home/sunrise/ros2_ws/install/dwb_msgs/include/dwb_msgs/dwb_msgs/msg/detail/trajectory2_d__traits.hpp
[3.317s] -- Up-to-date: /home/sunrise/ros2_ws/install/dwb_msgs/include/dwb_msgs/dwb_msgs/msg/detail/local_plan_evaluation__traits.hpp
[3.317s] -- Up-to-date: /home/sunrise/ros2_ws/install/dwb_msgs/include/dwb_msgs/dwb_msgs/msg/detail/critic_score__builder.hpp
[3.318s] -- Up-to-date: /home/sunrise/ros2_ws/install/dwb_msgs/include/dwb_msgs/dwb_msgs/msg/detail/trajectory2_d__type_support.hpp
[3.318s] -- Up-to-date: /home/sunrise/ros2_ws/install/dwb_msgs/include/dwb_msgs/dwb_msgs/msg/detail/trajectory_score__builder.hpp
[3.319s] -- Up-to-date: /home/sunrise/ros2_ws/install/dwb_msgs/include/dwb_msgs/dwb_msgs/msg/detail/critic_score__type_support.hpp
[3.320s] -- Up-to-date: /home/sunrise/ros2_ws/install/dwb_msgs/include/dwb_msgs/dwb_msgs/msg/detail/trajectory_score__type_support.hpp
[3.320s] -- Up-to-date: /home/sunrise/ros2_ws/install/dwb_msgs/include/dwb_msgs/dwb_msgs/msg/detail/critic_score__traits.hpp
[3.321s] -- Up-to-date: /home/sunrise/ros2_ws/install/dwb_msgs/include/dwb_msgs/dwb_msgs/msg/trajectory_score.hpp
[3.321s] -- Up-to-date: /home/sunrise/ros2_ws/install/dwb_msgs/include/dwb_msgs/dwb_msgs/msg/rosidl_generator_cpp__visibility_control.hpp
[3.322s] -- Up-to-date: /home/sunrise/ros2_ws/install/dwb_msgs/include/dwb_msgs/dwb_msgs/msg/trajectory2_d.hpp
[3.322s] -- Up-to-date: /home/sunrise/ros2_ws/install/dwb_msgs/include/dwb_msgs/dwb_msgs/msg/critic_score.hpp
[3.323s] -- Up-to-date: /home/sunrise/ros2_ws/install/dwb_msgs/include/dwb_msgs/dwb_msgs
[3.323s] -- Up-to-date: /home/sunrise/ros2_ws/install/dwb_msgs/include/dwb_msgs/dwb_msgs/srv
[3.324s] -- Up-to-date: /home/sunrise/ros2_ws/install/dwb_msgs/include/dwb_msgs/dwb_msgs/srv/detail
[3.325s] -- Up-to-date: /home/sunrise/ros2_ws/install/dwb_msgs/include/dwb_msgs/dwb_msgs/srv/detail/generate_twists__rosidl_typesupport_fastrtps_cpp.hpp
[3.325s] -- Up-to-date: /home/sunrise/ros2_ws/install/dwb_msgs/include/dwb_msgs/dwb_msgs/srv/detail/score_trajectory__rosidl_typesupport_fastrtps_cpp.hpp
[3.326s] -- Up-to-date: /home/sunrise/ros2_ws/install/dwb_msgs/include/dwb_msgs/dwb_msgs/srv/detail/generate_trajectory__rosidl_typesupport_fastrtps_cpp.hpp
[3.327s] -- Up-to-date: /home/sunrise/ros2_ws/install/dwb_msgs/include/dwb_msgs/dwb_msgs/srv/detail/get_critic_score__rosidl_typesupport_fastrtps_cpp.hpp
[3.327s] -- Up-to-date: /home/sunrise/ros2_ws/install/dwb_msgs/include/dwb_msgs/dwb_msgs/srv/detail/dds_fastrtps
[3.329s] -- Up-to-date: /home/sunrise/ros2_ws/install/dwb_msgs/include/dwb_msgs/dwb_msgs/srv/detail/debug_local_plan__rosidl_typesupport_fastrtps_cpp.hpp
[3.331s] -- Up-to-date: /home/sunrise/ros2_ws/install/dwb_msgs/include/dwb_msgs/dwb_msgs/msg
[3.331s] -- Up-to-date: /home/sunrise/ros2_ws/install/dwb_msgs/include/dwb_msgs/dwb_msgs/msg/rosidl_typesupport_fastrtps_cpp__visibility_control.h
[3.332s] -- Up-to-date: /home/sunrise/ros2_ws/install/dwb_msgs/include/dwb_msgs/dwb_msgs/msg/detail
[3.332s] -- Up-to-date: /home/sunrise/ros2_ws/install/dwb_msgs/include/dwb_msgs/dwb_msgs/msg/detail/local_plan_evaluation__rosidl_typesupport_fastrtps_cpp.hpp
[3.333s] -- Up-to-date: /home/sunrise/ros2_ws/install/dwb_msgs/include/dwb_msgs/dwb_msgs/msg/detail/critic_score__rosidl_typesupport_fastrtps_cpp.hpp
[3.333s] -- Up-to-date: /home/sunrise/ros2_ws/install/dwb_msgs/include/dwb_msgs/dwb_msgs/msg/detail/dds_fastrtps
[3.334s] -- Up-to-date: /home/sunrise/ros2_ws/install/dwb_msgs/include/dwb_msgs/dwb_msgs/msg/detail/trajectory_score__rosidl_typesupport_fastrtps_cpp.hpp
[3.335s] -- Up-to-date: /home/sunrise/ros2_ws/install/dwb_msgs/include/dwb_msgs/dwb_msgs/msg/detail/trajectory2_d__rosidl_typesupport_fastrtps_cpp.hpp
[3.342s] -- Up-to-date: /home/sunrise/ros2_ws/install/dwb_msgs/lib/libdwb_msgs__rosidl_typesupport_fastrtps_cpp.so
[3.344s] -- Up-to-date: /home/sunrise/ros2_ws/install/dwb_msgs/include/dwb_msgs/dwb_msgs
[3.345s] -- Up-to-date: /home/sunrise/ros2_ws/install/dwb_msgs/include/dwb_msgs/dwb_msgs/srv
[3.347s] -- Up-to-date: /home/sunrise/ros2_ws/install/dwb_msgs/include/dwb_msgs/dwb_msgs/srv/detail
[3.349s] -- Up-to-date: /home/sunrise/ros2_ws/install/dwb_msgs/include/dwb_msgs/dwb_msgs/srv/detail/get_critic_score__rosidl_typesupport_introspection_c.h
[3.349s] -- Up-to-date: /home/sunrise/ros2_ws/install/dwb_msgs/include/dwb_msgs/dwb_msgs/srv/detail/generate_twists__type_support.c
[3.350s] -- Up-to-date: /home/sunrise/ros2_ws/install/dwb_msgs/include/dwb_msgs/dwb_msgs/srv/detail/score_trajectory__rosidl_typesupport_introspection_c.h
[3.350s] -- Up-to-date: /home/sunrise/ros2_ws/install/dwb_msgs/include/dwb_msgs/dwb_msgs/srv/detail/generate_trajectory__type_support.c
[3.353s] -- Up-to-date: /home/sunrise/ros2_ws/install/dwb_msgs/include/dwb_msgs/dwb_msgs/srv/detail/debug_local_plan__rosidl_typesupport_introspection_c.h
[3.353s] -- Up-to-date: /home/sunrise/ros2_ws/install/dwb_msgs/include/dwb_msgs/dwb_msgs/srv/detail/get_critic_score__type_support.c
[3.354s] -- Up-to-date: /home/sunrise/ros2_ws/install/dwb_msgs/include/dwb_msgs/dwb_msgs/srv/detail/generate_twists__rosidl_typesupport_introspection_c.h
[3.357s] -- Up-to-date: /home/sunrise/ros2_ws/install/dwb_msgs/include/dwb_msgs/dwb_msgs/srv/detail/score_trajectory__type_support.c
[3.358s] -- Up-to-date: /home/sunrise/ros2_ws/install/dwb_msgs/include/dwb_msgs/dwb_msgs/srv/detail/generate_trajectory__rosidl_typesupport_introspection_c.h
[3.358s] -- Up-to-date: /home/sunrise/ros2_ws/install/dwb_msgs/include/dwb_msgs/dwb_msgs/srv/detail/debug_local_plan__type_support.c
[3.359s] -- Up-to-date: /home/sunrise/ros2_ws/install/dwb_msgs/include/dwb_msgs/dwb_msgs/msg
[3.365s] -- Up-to-date: /home/sunrise/ros2_ws/install/dwb_msgs/include/dwb_msgs/dwb_msgs/msg/detail
[3.366s] -- Up-to-date: /home/sunrise/ros2_ws/install/dwb_msgs/include/dwb_msgs/dwb_msgs/msg/detail/local_plan_evaluation__rosidl_typesupport_introspection_c.h
[3.367s] -- Up-to-date: /home/sunrise/ros2_ws/install/dwb_msgs/include/dwb_msgs/dwb_msgs/msg/detail/critic_score__rosidl_typesupport_introspection_c.h
[3.368s] -- Up-to-date: /home/sunrise/ros2_ws/install/dwb_msgs/include/dwb_msgs/dwb_msgs/msg/detail/trajectory_score__rosidl_typesupport_introspection_c.h
[3.369s] -- Up-to-date: /home/sunrise/ros2_ws/install/dwb_msgs/include/dwb_msgs/dwb_msgs/msg/detail/local_plan_evaluation__type_support.c
[3.374s] -- Up-to-date: /home/sunrise/ros2_ws/install/dwb_msgs/include/dwb_msgs/dwb_msgs/msg/detail/trajectory_score__type_support.c
[3.375s] -- Up-to-date: /home/sunrise/ros2_ws/install/dwb_msgs/include/dwb_msgs/dwb_msgs/msg/detail/critic_score__type_support.c
[3.376s] -- Up-to-date: /home/sunrise/ros2_ws/install/dwb_msgs/include/dwb_msgs/dwb_msgs/msg/detail/trajectory2_d__type_support.c
[3.377s] -- Up-to-date: /home/sunrise/ros2_ws/install/dwb_msgs/include/dwb_msgs/dwb_msgs/msg/detail/trajectory2_d__rosidl_typesupport_introspection_c.h
[3.378s] -- Up-to-date: /home/sunrise/ros2_ws/install/dwb_msgs/include/dwb_msgs/dwb_msgs/msg/rosidl_typesupport_introspection_c__visibility_control.h
[3.399s] -- Up-to-date: /home/sunrise/ros2_ws/install/dwb_msgs/lib/libdwb_msgs__rosidl_typesupport_introspection_c.so
[3.410s] -- Up-to-date: /home/sunrise/ros2_ws/install/dwb_msgs/lib/libdwb_msgs__rosidl_typesupport_c.so
[3.411s] -- Up-to-date: /home/sunrise/ros2_ws/install/dwb_msgs/include/dwb_msgs/dwb_msgs
[3.411s] -- Up-to-date: /home/sunrise/ros2_ws/install/dwb_msgs/include/dwb_msgs/dwb_msgs/srv
[3.412s] -- Up-to-date: /home/sunrise/ros2_ws/install/dwb_msgs/include/dwb_msgs/dwb_msgs/srv/detail
[3.413s] -- Up-to-date: /home/sunrise/ros2_ws/install/dwb_msgs/include/dwb_msgs/dwb_msgs/srv/detail/debug_local_plan__type_support.cpp
[3.414s] -- Up-to-date: /home/sunrise/ros2_ws/install/dwb_msgs/include/dwb_msgs/dwb_msgs/srv/detail/generate_trajectory__type_support.cpp
[3.414s] -- Up-to-date: /home/sunrise/ros2_ws/install/dwb_msgs/include/dwb_msgs/dwb_msgs/srv/detail/score_trajectory__rosidl_typesupport_introspection_cpp.hpp
[3.415s] -- Up-to-date: /home/sunrise/ros2_ws/install/dwb_msgs/include/dwb_msgs/dwb_msgs/srv/detail/get_critic_score__rosidl_typesupport_introspection_cpp.hpp
[3.416s] -- Up-to-date: /home/sunrise/ros2_ws/install/dwb_msgs/include/dwb_msgs/dwb_msgs/srv/detail/generate_twists__type_support.cpp
[3.416s] -- Up-to-date: /home/sunrise/ros2_ws/install/dwb_msgs/include/dwb_msgs/dwb_msgs/srv/detail/generate_twists__rosidl_typesupport_introspection_cpp.hpp
[3.417s] -- Up-to-date: /home/sunrise/ros2_ws/install/dwb_msgs/include/dwb_msgs/dwb_msgs/srv/detail/score_trajectory__type_support.cpp
[3.418s] -- Up-to-date: /home/sunrise/ros2_ws/install/dwb_msgs/include/dwb_msgs/dwb_msgs/srv/detail/generate_trajectory__rosidl_typesupport_introspection_cpp.hpp
[3.418s] -- Up-to-date: /home/sunrise/ros2_ws/install/dwb_msgs/include/dwb_msgs/dwb_msgs/srv/detail/get_critic_score__type_support.cpp
[3.419s] -- Up-to-date: /home/sunrise/ros2_ws/install/dwb_msgs/include/dwb_msgs/dwb_msgs/srv/detail/debug_local_plan__rosidl_typesupport_introspection_cpp.hpp
[3.419s] -- Up-to-date: /home/sunrise/ros2_ws/install/dwb_msgs/include/dwb_msgs/dwb_msgs/msg
[3.420s] -- Up-to-date: /home/sunrise/ros2_ws/install/dwb_msgs/include/dwb_msgs/dwb_msgs/msg/detail
[3.421s] -- Up-to-date: /home/sunrise/ros2_ws/install/dwb_msgs/include/dwb_msgs/dwb_msgs/msg/detail/trajectory2_d__rosidl_typesupport_introspection_cpp.hpp
[3.421s] -- Up-to-date: /home/sunrise/ros2_ws/install/dwb_msgs/include/dwb_msgs/dwb_msgs/msg/detail/trajectory_score__type_support.cpp
[3.422s] -- Up-to-date: /home/sunrise/ros2_ws/install/dwb_msgs/include/dwb_msgs/dwb_msgs/msg/detail/local_plan_evaluation__type_support.cpp
[3.422s] -- Up-to-date: /home/sunrise/ros2_ws/install/dwb_msgs/include/dwb_msgs/dwb_msgs/msg/detail/trajectory_score__rosidl_typesupport_introspection_cpp.hpp
[3.423s] -- Up-to-date: /home/sunrise/ros2_ws/install/dwb_msgs/include/dwb_msgs/dwb_msgs/msg/detail/critic_score__type_support.cpp
[3.424s] -- Up-to-date: /home/sunrise/ros2_ws/install/dwb_msgs/include/dwb_msgs/dwb_msgs/msg/detail/trajectory2_d__type_support.cpp
[3.424s] -- Up-to-date: /home/sunrise/ros2_ws/install/dwb_msgs/include/dwb_msgs/dwb_msgs/msg/detail/critic_score__rosidl_typesupport_introspection_cpp.hpp
[3.425s] -- Up-to-date: /home/sunrise/ros2_ws/install/dwb_msgs/include/dwb_msgs/dwb_msgs/msg/detail/local_plan_evaluation__rosidl_typesupport_introspection_cpp.hpp
[3.431s] -- Up-to-date: /home/sunrise/ros2_ws/install/dwb_msgs/lib/libdwb_msgs__rosidl_typesupport_introspection_cpp.so
[3.434s] -- Up-to-date: /home/sunrise/ros2_ws/install/dwb_msgs/lib/libdwb_msgs__rosidl_typesupport_cpp.so
[3.437s] -- Up-to-date: /home/sunrise/ros2_ws/install/dwb_msgs/share/dwb_msgs/environment/pythonpath.sh
[3.438s] -- Up-to-date: /home/sunrise/ros2_ws/install/dwb_msgs/share/dwb_msgs/environment/pythonpath.dsv
[3.440s] -- Up-to-date: /home/sunrise/ros2_ws/install/dwb_msgs/local/lib/python3.10/dist-packages/dwb_msgs-1.1.0-py3.10.egg-info
[3.440s] -- Installing: /home/sunrise/ros2_ws/install/dwb_msgs/local/lib/python3.10/dist-packages/dwb_msgs-1.1.0-py3.10.egg-info/PKG-INFO
[3.446s] -- Installing: /home/sunrise/ros2_ws/install/dwb_msgs/local/lib/python3.10/dist-packages/dwb_msgs-1.1.0-py3.10.egg-info/SOURCES.txt
[3.455s] -- Installing: /home/sunrise/ros2_ws/install/dwb_msgs/local/lib/python3.10/dist-packages/dwb_msgs-1.1.0-py3.10.egg-info/top_level.txt
[3.465s] -- Installing: /home/sunrise/ros2_ws/install/dwb_msgs/local/lib/python3.10/dist-packages/dwb_msgs-1.1.0-py3.10.egg-info/dependency_links.txt
[3.474s] -- Up-to-date: /home/sunrise/ros2_ws/install/dwb_msgs/local/lib/python3.10/dist-packages/dwb_msgs
[3.482s] -- Up-to-date: /home/sunrise/ros2_ws/install/dwb_msgs/local/lib/python3.10/dist-packages/dwb_msgs/_dwb_msgs_s.ep.rosidl_typesupport_c.c
[3.483s] -- Up-to-date: /home/sunrise/ros2_ws/install/dwb_msgs/local/lib/python3.10/dist-packages/dwb_msgs/libdwb_msgs__rosidl_generator_py.so
[3.485s] -- Up-to-date: /home/sunrise/ros2_ws/install/dwb_msgs/local/lib/python3.10/dist-packages/dwb_msgs/dwb_msgs_s__rosidl_typesupport_introspection_c.cpython-310-aarch64-linux-gnu.so
[3.486s] -- Up-to-date: /home/sunrise/ros2_ws/install/dwb_msgs/local/lib/python3.10/dist-packages/dwb_msgs/srv
[3.492s] -- Up-to-date: /home/sunrise/ros2_ws/install/dwb_msgs/local/lib/python3.10/dist-packages/dwb_msgs/srv/_get_critic_score_s.c
[3.493s] -- Up-to-date: /home/sunrise/ros2_ws/install/dwb_msgs/local/lib/python3.10/dist-packages/dwb_msgs/srv/_generate_twists.py
[3.494s] -- Up-to-date: /home/sunrise/ros2_ws/install/dwb_msgs/local/lib/python3.10/dist-packages/dwb_msgs/srv/_debug_local_plan.py
[3.500s] -- Up-to-date: /home/sunrise/ros2_ws/install/dwb_msgs/local/lib/python3.10/dist-packages/dwb_msgs/srv/_debug_local_plan_s.c
[3.503s] -- Up-to-date: /home/sunrise/ros2_ws/install/dwb_msgs/local/lib/python3.10/dist-packages/dwb_msgs/srv/_score_trajectory.py
[3.504s] -- Up-to-date: /home/sunrise/ros2_ws/install/dwb_msgs/local/lib/python3.10/dist-packages/dwb_msgs/srv/_generate_trajectory_s.c
[3.505s] -- Up-to-date: /home/sunrise/ros2_ws/install/dwb_msgs/local/lib/python3.10/dist-packages/dwb_msgs/srv/__init__.py
[3.505s] -- Up-to-date: /home/sunrise/ros2_ws/install/dwb_msgs/local/lib/python3.10/dist-packages/dwb_msgs/srv/_score_trajectory_s.c
[3.506s] -- Up-to-date: /home/sunrise/ros2_ws/install/dwb_msgs/local/lib/python3.10/dist-packages/dwb_msgs/srv/_generate_twists_s.c
[3.506s] -- Up-to-date: /home/sunrise/ros2_ws/install/dwb_msgs/local/lib/python3.10/dist-packages/dwb_msgs/srv/_generate_trajectory.py
[3.507s] -- Up-to-date: /home/sunrise/ros2_ws/install/dwb_msgs/local/lib/python3.10/dist-packages/dwb_msgs/srv/_get_critic_score.py
[3.510s] -- Up-to-date: /home/sunrise/ros2_ws/install/dwb_msgs/local/lib/python3.10/dist-packages/dwb_msgs/dwb_msgs_s__rosidl_typesupport_c.cpython-310-aarch64-linux-gnu.so
[3.511s] -- Up-to-date: /home/sunrise/ros2_ws/install/dwb_msgs/local/lib/python3.10/dist-packages/dwb_msgs/dwb_msgs_s__rosidl_typesupport_fastrtps_c.cpython-310-aarch64-linux-gnu.so
[3.511s] -- Up-to-date: /home/sunrise/ros2_ws/install/dwb_msgs/local/lib/python3.10/dist-packages/dwb_msgs/__init__.py
[3.514s] -- Up-to-date: /home/sunrise/ros2_ws/install/dwb_msgs/local/lib/python3.10/dist-packages/dwb_msgs/_dwb_msgs_s.ep.rosidl_typesupport_fastrtps_c.c
[3.515s] -- Up-to-date: /home/sunrise/ros2_ws/install/dwb_msgs/local/lib/python3.10/dist-packages/dwb_msgs/_dwb_msgs_s.ep.rosidl_typesupport_introspection_c.c
[3.515s] -- Up-to-date: /home/sunrise/ros2_ws/install/dwb_msgs/local/lib/python3.10/dist-packages/dwb_msgs/msg
[3.518s] -- Up-to-date: /home/sunrise/ros2_ws/install/dwb_msgs/local/lib/python3.10/dist-packages/dwb_msgs/msg/_local_plan_evaluation_s.c
[3.519s] -- Up-to-date: /home/sunrise/ros2_ws/install/dwb_msgs/local/lib/python3.10/dist-packages/dwb_msgs/msg/_trajectory_score_s.c
[3.519s] -- Up-to-date: /home/sunrise/ros2_ws/install/dwb_msgs/local/lib/python3.10/dist-packages/dwb_msgs/msg/_trajectory2_d.py
[3.526s] -- Up-to-date: /home/sunrise/ros2_ws/install/dwb_msgs/local/lib/python3.10/dist-packages/dwb_msgs/msg/__init__.py
[3.527s] -- Up-to-date: /home/sunrise/ros2_ws/install/dwb_msgs/local/lib/python3.10/dist-packages/dwb_msgs/msg/_trajectory2_d_s.c
[3.529s] -- Up-to-date: /home/sunrise/ros2_ws/install/dwb_msgs/local/lib/python3.10/dist-packages/dwb_msgs/msg/_critic_score.py
[3.530s] -- Up-to-date: /home/sunrise/ros2_ws/install/dwb_msgs/local/lib/python3.10/dist-packages/dwb_msgs/msg/_critic_score_s.c
[3.530s] -- Up-to-date: /home/sunrise/ros2_ws/install/dwb_msgs/local/lib/python3.10/dist-packages/dwb_msgs/msg/_local_plan_evaluation.py
[3.532s] -- Up-to-date: /home/sunrise/ros2_ws/install/dwb_msgs/local/lib/python3.10/dist-packages/dwb_msgs/msg/_trajectory_score.py
[3.569s] Listing '/home/sunrise/ros2_ws/install/dwb_msgs/local/lib/python3.10/dist-packages/dwb_msgs'...
[3.572s] Listing '/home/sunrise/ros2_ws/install/dwb_msgs/local/lib/python3.10/dist-packages/dwb_msgs/msg'...
[3.573s] Listing '/home/sunrise/ros2_ws/install/dwb_msgs/local/lib/python3.10/dist-packages/dwb_msgs/srv'...
[3.580s] -- Up-to-date: /home/sunrise/ros2_ws/install/dwb_msgs/local/lib/python3.10/dist-packages/dwb_msgs/dwb_msgs_s__rosidl_typesupport_fastrtps_c.cpython-310-aarch64-linux-gnu.so
[3.581s] -- Up-to-date: /home/sunrise/ros2_ws/install/dwb_msgs/local/lib/python3.10/dist-packages/dwb_msgs/dwb_msgs_s__rosidl_typesupport_introspection_c.cpython-310-aarch64-linux-gnu.so
[3.582s] -- Up-to-date: /home/sunrise/ros2_ws/install/dwb_msgs/local/lib/python3.10/dist-packages/dwb_msgs/dwb_msgs_s__rosidl_typesupport_c.cpython-310-aarch64-linux-gnu.so
[3.583s] -- Up-to-date: /home/sunrise/ros2_ws/install/dwb_msgs/lib/libdwb_msgs__rosidl_generator_py.so
[3.584s] -- Up-to-date: /home/sunrise/ros2_ws/install/dwb_msgs/share/dwb_msgs/msg/CriticScore.idl
[3.586s] -- Up-to-date: /home/sunrise/ros2_ws/install/dwb_msgs/share/dwb_msgs/msg/LocalPlanEvaluation.idl
[3.591s] -- Up-to-date: /home/sunrise/ros2_ws/install/dwb_msgs/share/dwb_msgs/msg/Trajectory2D.idl
[3.592s] -- Up-to-date: /home/sunrise/ros2_ws/install/dwb_msgs/share/dwb_msgs/msg/TrajectoryScore.idl
[3.593s] -- Up-to-date: /home/sunrise/ros2_ws/install/dwb_msgs/share/dwb_msgs/srv/DebugLocalPlan.idl
[3.593s] -- Up-to-date: /home/sunrise/ros2_ws/install/dwb_msgs/share/dwb_msgs/srv/GenerateTrajectory.idl
[3.594s] -- Up-to-date: /home/sunrise/ros2_ws/install/dwb_msgs/share/dwb_msgs/srv/GenerateTwists.idl
[3.595s] -- Up-to-date: /home/sunrise/ros2_ws/install/dwb_msgs/share/dwb_msgs/srv/GetCriticScore.idl
[3.596s] -- Up-to-date: /home/sunrise/ros2_ws/install/dwb_msgs/share/dwb_msgs/srv/ScoreTrajectory.idl
[3.597s] -- Up-to-date: /home/sunrise/ros2_ws/install/dwb_msgs/share/dwb_msgs/msg/CriticScore.msg
[3.598s] -- Up-to-date: /home/sunrise/ros2_ws/install/dwb_msgs/share/dwb_msgs/msg/LocalPlanEvaluation.msg
[3.598s] -- Up-to-date: /home/sunrise/ros2_ws/install/dwb_msgs/share/dwb_msgs/msg/Trajectory2D.msg
[3.599s] -- Up-to-date: /home/sunrise/ros2_ws/install/dwb_msgs/share/dwb_msgs/msg/TrajectoryScore.msg
[3.600s] -- Up-to-date: /home/sunrise/ros2_ws/install/dwb_msgs/share/dwb_msgs/srv/DebugLocalPlan.srv
[3.601s] -- Up-to-date: /home/sunrise/ros2_ws/install/dwb_msgs/share/dwb_msgs/srv/DebugLocalPlan_Request.msg
[3.602s] -- Up-to-date: /home/sunrise/ros2_ws/install/dwb_msgs/share/dwb_msgs/srv/DebugLocalPlan_Response.msg
[3.603s] -- Up-to-date: /home/sunrise/ros2_ws/install/dwb_msgs/share/dwb_msgs/srv/GenerateTrajectory.srv
[3.603s] -- Up-to-date: /home/sunrise/ros2_ws/install/dwb_msgs/share/dwb_msgs/srv/GenerateTrajectory_Request.msg
[3.604s] -- Up-to-date: /home/sunrise/ros2_ws/install/dwb_msgs/share/dwb_msgs/srv/GenerateTrajectory_Response.msg
[3.604s] -- Up-to-date: /home/sunrise/ros2_ws/install/dwb_msgs/share/dwb_msgs/srv/GenerateTwists.srv
[3.605s] -- Up-to-date: /home/sunrise/ros2_ws/install/dwb_msgs/share/dwb_msgs/srv/GenerateTwists_Request.msg
[3.606s] -- Up-to-date: /home/sunrise/ros2_ws/install/dwb_msgs/share/dwb_msgs/srv/GenerateTwists_Response.msg
[3.607s] -- Up-to-date: /home/sunrise/ros2_ws/install/dwb_msgs/share/dwb_msgs/srv/GetCriticScore.srv
[3.607s] -- Up-to-date: /home/sunrise/ros2_ws/install/dwb_msgs/share/dwb_msgs/srv/GetCriticScore_Request.msg
[3.608s] -- Up-to-date: /home/sunrise/ros2_ws/install/dwb_msgs/share/dwb_msgs/srv/GetCriticScore_Response.msg
[3.609s] -- Up-to-date: /home/sunrise/ros2_ws/install/dwb_msgs/share/dwb_msgs/srv/ScoreTrajectory.srv
[3.609s] -- Up-to-date: /home/sunrise/ros2_ws/install/dwb_msgs/share/dwb_msgs/srv/ScoreTrajectory_Request.msg
[3.610s] -- Up-to-date: /home/sunrise/ros2_ws/install/dwb_msgs/share/dwb_msgs/srv/ScoreTrajectory_Response.msg
[3.611s] -- Up-to-date: /home/sunrise/ros2_ws/install/dwb_msgs/share/ament_index/resource_index/package_run_dependencies/dwb_msgs
[3.612s] -- Up-to-date: /home/sunrise/ros2_ws/install/dwb_msgs/share/ament_index/resource_index/parent_prefix_path/dwb_msgs
[3.612s] -- Up-to-date: /home/sunrise/ros2_ws/install/dwb_msgs/share/dwb_msgs/environment/ament_prefix_path.sh
[3.613s] -- Up-to-date: /home/sunrise/ros2_ws/install/dwb_msgs/share/dwb_msgs/environment/ament_prefix_path.dsv
[3.614s] -- Up-to-date: /home/sunrise/ros2_ws/install/dwb_msgs/share/dwb_msgs/environment/path.sh
[3.615s] -- Up-to-date: /home/sunrise/ros2_ws/install/dwb_msgs/share/dwb_msgs/environment/path.dsv
[3.616s] -- Up-to-date: /home/sunrise/ros2_ws/install/dwb_msgs/share/dwb_msgs/local_setup.bash
[3.617s] -- Up-to-date: /home/sunrise/ros2_ws/install/dwb_msgs/share/dwb_msgs/local_setup.sh
[3.617s] -- Up-to-date: /home/sunrise/ros2_ws/install/dwb_msgs/share/dwb_msgs/local_setup.zsh
[3.618s] -- Up-to-date: /home/sunrise/ros2_ws/install/dwb_msgs/share/dwb_msgs/local_setup.dsv
[3.620s] -- Installing: /home/sunrise/ros2_ws/install/dwb_msgs/share/dwb_msgs/package.dsv
[3.622s] -- Up-to-date: /home/sunrise/ros2_ws/install/dwb_msgs/share/ament_index/resource_index/packages/dwb_msgs
[3.623s] -- Up-to-date: /home/sunrise/ros2_ws/install/dwb_msgs/share/dwb_msgs/cmake/export_dwb_msgs__rosidl_generator_cExport.cmake
[3.624s] -- Up-to-date: /home/sunrise/ros2_ws/install/dwb_msgs/share/dwb_msgs/cmake/export_dwb_msgs__rosidl_generator_cExport-noconfig.cmake
[3.625s] -- Up-to-date: /home/sunrise/ros2_ws/install/dwb_msgs/share/dwb_msgs/cmake/export_dwb_msgs__rosidl_typesupport_fastrtps_cExport.cmake
[3.626s] -- Up-to-date: /home/sunrise/ros2_ws/install/dwb_msgs/share/dwb_msgs/cmake/export_dwb_msgs__rosidl_typesupport_fastrtps_cExport-noconfig.cmake
[3.628s] -- Up-to-date: /home/sunrise/ros2_ws/install/dwb_msgs/share/dwb_msgs/cmake/export_dwb_msgs__rosidl_generator_cppExport.cmake
[3.633s] -- Up-to-date: /home/sunrise/ros2_ws/install/dwb_msgs/share/dwb_msgs/cmake/export_dwb_msgs__rosidl_typesupport_fastrtps_cppExport.cmake
[3.634s] -- Up-to-date: /home/sunrise/ros2_ws/install/dwb_msgs/share/dwb_msgs/cmake/export_dwb_msgs__rosidl_typesupport_fastrtps_cppExport-noconfig.cmake
[3.637s] -- Up-to-date: /home/sunrise/ros2_ws/install/dwb_msgs/share/dwb_msgs/cmake/dwb_msgs__rosidl_typesupport_introspection_cExport.cmake
[3.640s] -- Up-to-date: /home/sunrise/ros2_ws/install/dwb_msgs/share/dwb_msgs/cmake/dwb_msgs__rosidl_typesupport_introspection_cExport-noconfig.cmake
[3.642s] -- Up-to-date: /home/sunrise/ros2_ws/install/dwb_msgs/share/dwb_msgs/cmake/dwb_msgs__rosidl_typesupport_cExport.cmake
[3.645s] -- Up-to-date: /home/sunrise/ros2_ws/install/dwb_msgs/share/dwb_msgs/cmake/dwb_msgs__rosidl_typesupport_cExport-noconfig.cmake
[3.649s] -- Up-to-date: /home/sunrise/ros2_ws/install/dwb_msgs/share/dwb_msgs/cmake/dwb_msgs__rosidl_typesupport_introspection_cppExport.cmake
[3.652s] -- Up-to-date: /home/sunrise/ros2_ws/install/dwb_msgs/share/dwb_msgs/cmake/dwb_msgs__rosidl_typesupport_introspection_cppExport-noconfig.cmake
[3.654s] -- Up-to-date: /home/sunrise/ros2_ws/install/dwb_msgs/share/dwb_msgs/cmake/dwb_msgs__rosidl_typesupport_cppExport.cmake
[3.655s] -- Up-to-date: /home/sunrise/ros2_ws/install/dwb_msgs/share/dwb_msgs/cmake/dwb_msgs__rosidl_typesupport_cppExport-noconfig.cmake
[3.658s] -- Up-to-date: /home/sunrise/ros2_ws/install/dwb_msgs/share/dwb_msgs/cmake/export_dwb_msgs__rosidl_generator_pyExport.cmake
[3.663s] -- Up-to-date: /home/sunrise/ros2_ws/install/dwb_msgs/share/dwb_msgs/cmake/export_dwb_msgs__rosidl_generator_pyExport-noconfig.cmake
[3.666s] -- Up-to-date: /home/sunrise/ros2_ws/install/dwb_msgs/share/dwb_msgs/cmake/rosidl_cmake-extras.cmake
[3.668s] -- Up-to-date: /home/sunrise/ros2_ws/install/dwb_msgs/share/dwb_msgs/cmake/ament_cmake_export_dependencies-extras.cmake
[3.673s] -- Up-to-date: /home/sunrise/ros2_ws/install/dwb_msgs/share/dwb_msgs/cmake/ament_cmake_export_include_directories-extras.cmake
[3.674s] -- Up-to-date: /home/sunrise/ros2_ws/install/dwb_msgs/share/dwb_msgs/cmake/ament_cmake_export_libraries-extras.cmake
[3.675s] -- Up-to-date: /home/sunrise/ros2_ws/install/dwb_msgs/share/dwb_msgs/cmake/ament_cmake_export_targets-extras.cmake
[3.678s] -- Up-to-date: /home/sunrise/ros2_ws/install/dwb_msgs/share/dwb_msgs/cmake/rosidl_cmake_export_typesupport_targets-extras.cmake
[3.679s] -- Up-to-date: /home/sunrise/ros2_ws/install/dwb_msgs/share/dwb_msgs/cmake/rosidl_cmake_export_typesupport_libraries-extras.cmake
[3.682s] -- Up-to-date: /home/sunrise/ros2_ws/install/dwb_msgs/share/dwb_msgs/cmake/dwb_msgsConfig.cmake
[3.684s] -- Up-to-date: /home/sunrise/ros2_ws/install/dwb_msgs/share/dwb_msgs/cmake/dwb_msgsConfig-version.cmake
[3.686s] -- Up-to-date: /home/sunrise/ros2_ws/install/dwb_msgs/share/dwb_msgs/package.xml
[3.716s] Invoked command in '/home/sunrise/ros2_ws/build/dwb_msgs' returned '0': CMAKE_PREFIX_PATH=/home/sunrise/ros2_ws/install/nav_2d_msgs:/home/sunrise/ros2_ws/install/ydlidar:/home/sunrise/ros2_ws/install/dwb_msgs:/home/sunrise/ros2_ws/install/nav2_voxel_grid:/home/sunrise/ros2_ws/install/nav2_msgs:/home/sunrise/ros2_ws/install/nav2_common:/home/sunrise/ros2_ws/install/microxrcedds_agent:/home/sunrise/ros2_ws/install/micro_ros_agent:/home/sunrise/ros2_ws/install/micro_ros_msgs:/home/sunrise/ros2_ws/install/fishbot_bringup:/home/sunrise/ros2_ws/install/nav2_simple_commander:/home/sunrise/ros2_ws/install/fishbot_description:/opt/ros/humble LD_LIBRARY_PATH=/home/sunrise/ros2_ws/install/nav_2d_msgs/lib:/home/sunrise/ros2_ws/install/dwb_msgs/lib:/home/sunrise/ros2_ws/install/nav2_voxel_grid/lib:/home/sunrise/ros2_ws/install/nav2_msgs/lib:/home/sunrise/ros2_ws/install/microxrcedds_agent/lib:/home/sunrise/ros2_ws/install/micro_ros_agent/lib:/home/sunrise/ros2_ws/install/micro_ros_msgs/lib:/usr/hobot/lib:/app/lib:/app/pub/lib:/middleware/lib:/middleware/pub/lib:/usr/hobot/lib/sensor:/system/lib:/system/usr/lib:/lib:/opt/ros/humble/opt/rviz_ogre_vendor/lib:/opt/ros/humble/lib/aarch64-linux-gnu:/opt/ros/humble/lib:/usr/hobot/lib:/app/lib:/app/pub/lib:/middleware/lib:/middleware/pub/lib:/usr/hobot/lib/sensor:/system/lib:/system/usr/lib:/lib /usr/bin/cmake --install /home/sunrise/ros2_ws/build/dwb_msgs
