[0.047s] Invoking command in '/home/sunrise/ros2_ws/build/nav2_voxel_grid': AMENT_PREFIX_PATH=/home/sunrise/ros2_ws/install/nav2_common:${AMENT_PREFIX_PATH} CMAKE_PREFIX_PATH=/home/sunrise/ros2_ws/install/nav2_common:/opt/ros/humble PYTHONPATH=/home/sunrise/ros2_ws/install/nav2_common/local/lib/python3.10/dist-packages:${PYTHONPATH} /usr/bin/cmake /home/sunrise/ros2_ws/src/navigation2/nav2_voxel_grid -DCMAKE_INSTALL_PREFIX=/home/sunrise/ros2_ws/install/nav2_voxel_grid
[0.354s] -- The C compiler identification is GNU 11.2.0
[0.679s] -- The CXX compiler identification is GNU 11.2.0
[0.710s] -- Detecting C compiler ABI info
[1.089s] -- Detecting C compiler ABI info - done
[1.137s] -- Check for working C compiler: /usr/bin/cc - skipped
[1.138s] -- Detecting C compile features
[1.140s] -- Detecting C compile features - done
[1.157s] -- Detecting CXX compiler ABI info
[1.563s] -- Detecting CXX compiler ABI info - done
[1.616s] -- Check for working CXX compiler: /usr/bin/c++ - skipped
[1.616s] -- Detecting CXX compile features
[1.619s] -- Detecting CXX compile features - done
[1.628s] -- Found ament_cmake: 1.3.11 (/opt/ros/humble/share/ament_cmake/cmake)
[2.596s] -- Found Python3: /usr/bin/python3 (found version "3.10.12") found components: Interpreter 
[3.121s] -- Found nav2_common: 1.1.0 (/home/sunrise/ros2_ws/install/nav2_common/share/nav2_common/cmake)
[3.135s] -- Found rclcpp: 16.0.12 (/opt/ros/humble/share/rclcpp/cmake)
[3.336s] -- Found rosidl_generator_c: 3.1.6 (/opt/ros/humble/share/rosidl_generator_c/cmake)
[3.361s] -- Found rosidl_adapter: 3.1.6 (/opt/ros/humble/share/rosidl_adapter/cmake)
[3.403s] -- Found rosidl_generator_cpp: 3.1.6 (/opt/ros/humble/share/rosidl_generator_cpp/cmake)
[3.467s] -- Using all available rosidl_typesupport_c: rosidl_typesupport_fastrtps_c;rosidl_typesupport_introspection_c
[3.551s] -- Using all available rosidl_typesupport_cpp: rosidl_typesupport_fastrtps_cpp;rosidl_typesupport_introspection_cpp
[3.827s] -- Found rmw_implementation_cmake: 6.1.2 (/opt/ros/humble/share/rmw_implementation_cmake/cmake)
[3.843s] -- Found rmw_fastrtps_cpp: 6.2.7 (/opt/ros/humble/share/rmw_fastrtps_cpp/cmake)
[4.282s] -- Found OpenSSL: /usr/lib/aarch64-linux-gnu/libcrypto.so (found version "3.0.2")  
[4.417s] -- Found FastRTPS: /opt/ros/humble/include  
[4.606s] -- Using RMW implementation 'rmw_fastrtps_cpp' as default
[4.665s] -- Looking for pthread.h
[5.069s] -- Looking for pthread.h - found
[5.070s] -- Performing Test CMAKE_HAVE_LIBC_PTHREAD
[5.458s] -- Performing Test CMAKE_HAVE_LIBC_PTHREAD - Success
[5.462s] -- Found Threads: TRUE  
[5.798s] -- Setting build type to Release as none was specified.
[5.812s] -- Found ament_lint_auto: 0.12.12 (/opt/ros/humble/share/ament_lint_auto/cmake)
[6.330s] -- Found gtest sources under '/opt/ros/humble/src/gtest_vendor': C++ tests using 'Google Test' will be built
[6.386s] -- Added test 'cppcheck' to perform static code analysis on C / C++ code
[6.388s] -- Configured cppcheck include dirs: /home/sunrise/ros2_ws/src/navigation2/nav2_voxel_grid/include
[6.388s] -- Configured cppcheck exclude dirs and/or files: 
[6.393s] -- Added test 'cpplint' to check C / C++ code against the Google style
[6.394s] -- Configured cpplint exclude dirs and/or files: 
[6.398s] -- Added test 'lint_cmake' to check CMake code style
[6.406s] -- Added test 'uncrustify' to check C / C++ code style
[6.406s] -- Configured uncrustify additional arguments: 
[6.409s] -- Added test 'xmllint' to check XML markup files
[6.425s] -- Configuring done
[6.524s] -- Generating done
[6.567s] -- Build files have been written to: /home/sunrise/ros2_ws/build/nav2_voxel_grid
[6.655s] Invoked command in '/home/sunrise/ros2_ws/build/nav2_voxel_grid' returned '0': AMENT_PREFIX_PATH=/home/sunrise/ros2_ws/install/nav2_common:${AMENT_PREFIX_PATH} CMAKE_PREFIX_PATH=/home/sunrise/ros2_ws/install/nav2_common:/opt/ros/humble PYTHONPATH=/home/sunrise/ros2_ws/install/nav2_common/local/lib/python3.10/dist-packages:${PYTHONPATH} /usr/bin/cmake /home/sunrise/ros2_ws/src/navigation2/nav2_voxel_grid -DCMAKE_INSTALL_PREFIX=/home/sunrise/ros2_ws/install/nav2_voxel_grid
[6.662s] Invoking command in '/home/sunrise/ros2_ws/build/nav2_voxel_grid': AMENT_PREFIX_PATH=/home/sunrise/ros2_ws/install/nav2_common:${AMENT_PREFIX_PATH} CMAKE_PREFIX_PATH=/home/sunrise/ros2_ws/install/nav2_common:/opt/ros/humble PYTHONPATH=/home/sunrise/ros2_ws/install/nav2_common/local/lib/python3.10/dist-packages:${PYTHONPATH} /usr/bin/cmake --build /home/sunrise/ros2_ws/build/nav2_voxel_grid -- -j8 -l8
[6.892s] [ 10%] [32mBuilding CXX object gtest/CMakeFiles/gtest.dir/src/gtest-all.cc.o[0m
[6.894s] [ 20%] [32mBuilding CXX object CMakeFiles/voxel_grid.dir/src/voxel_grid.cpp.o[0m
[6.896s] [ 30%] [32mBuilding CXX object gtest/CMakeFiles/gtest_main.dir/src/gtest_main.cc.o[0m
[24.324s] [ 40%] [32m[1mLinking CXX static library libgtest_main.a[0m
[24.800s] [ 40%] Built target gtest_main
[33.341s] [ 50%] [32m[1mLinking CXX shared library libvoxel_grid.so[0m
[34.126s] [ 50%] Built target voxel_grid
[85.851s] [ 60%] [32m[1mLinking CXX static library libgtest.a[0m
[86.054s] [ 60%] Built target gtest
[86.157s] [ 70%] [32mBuilding CXX object test/CMakeFiles/voxel_grid_tests.dir/voxel_grid_tests.cpp.o[0m
[117.367s] [ 80%] [32m[1mLinking CXX executable voxel_grid_tests[0m
[118.138s] [ 80%] Built target voxel_grid_tests
[118.234s] [ 90%] [32mBuilding CXX object test/CMakeFiles/voxel_grid_bresenham_3d.dir/voxel_grid_bresenham_3d.cpp.o[0m
[149.529s] [100%] [32m[1mLinking CXX executable voxel_grid_bresenham_3d[0m
[150.304s] [100%] Built target voxel_grid_bresenham_3d
[150.367s] Invoked command in '/home/sunrise/ros2_ws/build/nav2_voxel_grid' returned '0': AMENT_PREFIX_PATH=/home/sunrise/ros2_ws/install/nav2_common:${AMENT_PREFIX_PATH} CMAKE_PREFIX_PATH=/home/sunrise/ros2_ws/install/nav2_common:/opt/ros/humble PYTHONPATH=/home/sunrise/ros2_ws/install/nav2_common/local/lib/python3.10/dist-packages:${PYTHONPATH} /usr/bin/cmake --build /home/sunrise/ros2_ws/build/nav2_voxel_grid -- -j8 -l8
[150.371s] Invoking command in '/home/sunrise/ros2_ws/build/nav2_voxel_grid': AMENT_PREFIX_PATH=/home/sunrise/ros2_ws/install/nav2_common:${AMENT_PREFIX_PATH} CMAKE_PREFIX_PATH=/home/sunrise/ros2_ws/install/nav2_common:/opt/ros/humble PYTHONPATH=/home/sunrise/ros2_ws/install/nav2_common/local/lib/python3.10/dist-packages:${PYTHONPATH} /usr/bin/cmake --install /home/sunrise/ros2_ws/build/nav2_voxel_grid
[150.406s] -- Install configuration: "Release"
[150.407s] -- Installing: /home/sunrise/ros2_ws/install/nav2_voxel_grid/lib/libvoxel_grid.so
[150.409s] -- Set runtime path of "/home/sunrise/ros2_ws/install/nav2_voxel_grid/lib/libvoxel_grid.so" to ""
[150.410s] -- Installing: /home/sunrise/ros2_ws/install/nav2_voxel_grid/include
[150.411s] -- Installing: /home/sunrise/ros2_ws/install/nav2_voxel_grid/include/nav2_voxel_grid
[150.412s] -- Installing: /home/sunrise/ros2_ws/install/nav2_voxel_grid/include/nav2_voxel_grid/voxel_grid.hpp
[150.413s] -- Installing: /home/sunrise/ros2_ws/install/nav2_voxel_grid/share/nav2_voxel_grid/environment/library_path.sh
[150.414s] -- Installing: /home/sunrise/ros2_ws/install/nav2_voxel_grid/share/nav2_voxel_grid/environment/library_path.dsv
[150.415s] -- Installing: /home/sunrise/ros2_ws/install/nav2_voxel_grid/share/ament_index/resource_index/package_run_dependencies/nav2_voxel_grid
[150.416s] -- Installing: /home/sunrise/ros2_ws/install/nav2_voxel_grid/share/ament_index/resource_index/parent_prefix_path/nav2_voxel_grid
[150.416s] -- Installing: /home/sunrise/ros2_ws/install/nav2_voxel_grid/share/nav2_voxel_grid/environment/ament_prefix_path.sh
[150.417s] -- Installing: /home/sunrise/ros2_ws/install/nav2_voxel_grid/share/nav2_voxel_grid/environment/ament_prefix_path.dsv
[150.428s] -- Installing: /home/sunrise/ros2_ws/install/nav2_voxel_grid/share/nav2_voxel_grid/environment/path.sh
[150.429s] -- Installing: /home/sunrise/ros2_ws/install/nav2_voxel_grid/share/nav2_voxel_grid/environment/path.dsv
[150.430s] -- Installing: /home/sunrise/ros2_ws/install/nav2_voxel_grid/share/nav2_voxel_grid/local_setup.bash
[150.430s] -- Installing: /home/sunrise/ros2_ws/install/nav2_voxel_grid/share/nav2_voxel_grid/local_setup.sh
[150.431s] -- Installing: /home/sunrise/ros2_ws/install/nav2_voxel_grid/share/nav2_voxel_grid/local_setup.zsh
[150.432s] -- Installing: /home/sunrise/ros2_ws/install/nav2_voxel_grid/share/nav2_voxel_grid/local_setup.dsv
[150.432s] -- Installing: /home/sunrise/ros2_ws/install/nav2_voxel_grid/share/nav2_voxel_grid/package.dsv
[150.433s] -- Installing: /home/sunrise/ros2_ws/install/nav2_voxel_grid/share/ament_index/resource_index/packages/nav2_voxel_grid
[150.434s] -- Installing: /home/sunrise/ros2_ws/install/nav2_voxel_grid/share/nav2_voxel_grid/cmake/ament_cmake_export_dependencies-extras.cmake
[150.434s] -- Installing: /home/sunrise/ros2_ws/install/nav2_voxel_grid/share/nav2_voxel_grid/cmake/ament_cmake_export_include_directories-extras.cmake
[150.435s] -- Installing: /home/sunrise/ros2_ws/install/nav2_voxel_grid/share/nav2_voxel_grid/cmake/ament_cmake_export_libraries-extras.cmake
[150.436s] -- Installing: /home/sunrise/ros2_ws/install/nav2_voxel_grid/share/nav2_voxel_grid/cmake/nav2_voxel_gridConfig.cmake
[150.436s] -- Installing: /home/sunrise/ros2_ws/install/nav2_voxel_grid/share/nav2_voxel_grid/cmake/nav2_voxel_gridConfig-version.cmake
[150.459s] -- Installing: /home/sunrise/ros2_ws/install/nav2_voxel_grid/share/nav2_voxel_grid/package.xml
[150.460s] Invoked command in '/home/sunrise/ros2_ws/build/nav2_voxel_grid' returned '0': AMENT_PREFIX_PATH=/home/sunrise/ros2_ws/install/nav2_common:${AMENT_PREFIX_PATH} CMAKE_PREFIX_PATH=/home/sunrise/ros2_ws/install/nav2_common:/opt/ros/humble PYTHONPATH=/home/sunrise/ros2_ws/install/nav2_common/local/lib/python3.10/dist-packages:${PYTHONPATH} /usr/bin/cmake --install /home/sunrise/ros2_ws/build/nav2_voxel_grid
