[0.172s] Invoking command in '/home/sunrise/ros2_ws/build/fishbot_bringup': CMAKE_PREFIX_PATH=${CMAKE_PREFIX_PATH}:/home/sunrise/ros2_ws/install/nav2_simple_commander:/home/sunrise/ros2_ws/install/fishbot_description:/opt/ros/humble /usr/bin/cmake --build /home/sunrise/ros2_ws/build/fishbot_bringup -- -j8 -l8
[2.142s] [100%] Built target fishbot_bringup
[2.150s] Invoked command in '/home/sunrise/ros2_ws/build/fishbot_bringup' returned '0': CMAKE_PREFIX_PATH=${CMAKE_PREFIX_PATH}:/home/sunrise/ros2_ws/install/nav2_simple_commander:/home/sunrise/ros2_ws/install/fishbot_description:/opt/ros/humble /usr/bin/cmake --build /home/sunrise/ros2_ws/build/fishbot_bringup -- -j8 -l8
[2.191s] Invoking command in '/home/sunrise/ros2_ws/build/fishbot_bringup': CMAKE_PREFIX_PATH=${CMAKE_PREFIX_PATH}:/home/sunrise/ros2_ws/install/nav2_simple_commander:/home/sunrise/ros2_ws/install/fishbot_description:/opt/ros/humble /usr/bin/cmake --install /home/sunrise/ros2_ws/build/fishbot_bringup
[2.229s] -- Install configuration: ""
[2.230s] -- Up-to-date: /home/sunrise/ros2_ws/install/fishbot_bringup/lib/fishbot_bringup/fishbot_bringup
[2.231s] -- Up-to-date: /home/sunrise/ros2_ws/install/fishbot_bringup/share/fishbot_bringup/launch
[2.232s] -- Up-to-date: /home/sunrise/ros2_ws/install/fishbot_bringup/share/fishbot_bringup/launch/fishbot_bringup.launch.py
[2.233s] -- Up-to-date: /home/sunrise/ros2_ws/install/fishbot_bringup/share/ament_index/resource_index/package_run_dependencies/fishbot_bringup
[2.234s] -- Up-to-date: /home/sunrise/ros2_ws/install/fishbot_bringup/share/ament_index/resource_index/parent_prefix_path/fishbot_bringup
[2.235s] -- Up-to-date: /home/sunrise/ros2_ws/install/fishbot_bringup/share/fishbot_bringup/environment/ament_prefix_path.sh
[2.236s] -- Up-to-date: /home/sunrise/ros2_ws/install/fishbot_bringup/share/fishbot_bringup/environment/ament_prefix_path.dsv
[2.237s] -- Up-to-date: /home/sunrise/ros2_ws/install/fishbot_bringup/share/fishbot_bringup/environment/path.sh
[2.238s] -- Up-to-date: /home/sunrise/ros2_ws/install/fishbot_bringup/share/fishbot_bringup/environment/path.dsv
[2.239s] -- Up-to-date: /home/sunrise/ros2_ws/install/fishbot_bringup/share/fishbot_bringup/local_setup.bash
[2.240s] -- Up-to-date: /home/sunrise/ros2_ws/install/fishbot_bringup/share/fishbot_bringup/local_setup.sh
[2.241s] -- Up-to-date: /home/sunrise/ros2_ws/install/fishbot_bringup/share/fishbot_bringup/local_setup.zsh
[2.242s] -- Up-to-date: /home/sunrise/ros2_ws/install/fishbot_bringup/share/fishbot_bringup/local_setup.dsv
[2.242s] -- Installing: /home/sunrise/ros2_ws/install/fishbot_bringup/share/fishbot_bringup/package.dsv
[2.243s] -- Up-to-date: /home/sunrise/ros2_ws/install/fishbot_bringup/share/ament_index/resource_index/packages/fishbot_bringup
[2.244s] -- Up-to-date: /home/sunrise/ros2_ws/install/fishbot_bringup/share/fishbot_bringup/cmake/fishbot_bringupConfig.cmake
[2.244s] -- Up-to-date: /home/sunrise/ros2_ws/install/fishbot_bringup/share/fishbot_bringup/cmake/fishbot_bringupConfig-version.cmake
[2.245s] -- Up-to-date: /home/sunrise/ros2_ws/install/fishbot_bringup/share/fishbot_bringup/package.xml
[2.250s] Invoked command in '/home/sunrise/ros2_ws/build/fishbot_bringup' returned '0': CMAKE_PREFIX_PATH=${CMAKE_PREFIX_PATH}:/home/sunrise/ros2_ws/install/nav2_simple_commander:/home/sunrise/ros2_ws/install/fishbot_description:/opt/ros/humble /usr/bin/cmake --install /home/sunrise/ros2_ws/build/fishbot_bringup
