[0.159s] Invoking command in '/home/sunrise/ros2_ws/build/micro_ros_msgs': CMAKE_PREFIX_PATH=/opt/ros/humble /usr/bin/cmake --build /home/sunrise/ros2_ws/build/micro_ros_msgs -- -j8 -l8
[2.227s] [  2%] Built target micro_ros_msgs__cpp
[2.227s] [ 12%] Built target micro_ros_msgs__rosidl_generator_c
[2.228s] [ 12%] Built target ament_cmake_python_copy_micro_ros_msgs
[2.229s] [ 23%] Built target micro_ros_msgs__rosidl_typesupport_introspection_cpp
[2.229s] [ 34%] Built target micro_ros_msgs__rosidl_typesupport_fastrtps_cpp
[2.230s] [ 44%] Built target micro_ros_msgs__rosidl_typesupport_cpp
[2.231s] [ 55%] Built target micro_ros_msgs__rosidl_typesupport_c
[2.231s] [ 65%] Built target micro_ros_msgs__rosidl_typesupport_introspection_c
[2.232s] [ 76%] Built target micro_ros_msgs__rosidl_typesupport_fastrtps_c
[2.233s] [ 76%] Built target micro_ros_msgs
[2.234s] [ 78%] Built target micro_ros_msgs__py
[2.234s] [ 87%] Built target micro_ros_msgs__rosidl_generator_py
[2.235s] [100%] Built target micro_ros_msgs__rosidl_typesupport_c__pyext
[2.236s] [100%] Built target micro_ros_msgs__rosidl_typesupport_fastrtps_c__pyext
[2.236s] [100%] Built target micro_ros_msgs__rosidl_typesupport_introspection_c__pyext
[2.491s] running egg_info
[2.495s] writing micro_ros_msgs.egg-info/PKG-INFO
[2.496s] writing dependency_links to micro_ros_msgs.egg-info/dependency_links.txt
[2.499s] writing top-level names to micro_ros_msgs.egg-info/top_level.txt
[2.517s] reading manifest file 'micro_ros_msgs.egg-info/SOURCES.txt'
[2.523s] writing manifest file 'micro_ros_msgs.egg-info/SOURCES.txt'
[2.788s] [100%] Built target ament_cmake_python_build_micro_ros_msgs_egg
[2.843s] Invoked command in '/home/sunrise/ros2_ws/build/micro_ros_msgs' returned '0': CMAKE_PREFIX_PATH=/opt/ros/humble /usr/bin/cmake --build /home/sunrise/ros2_ws/build/micro_ros_msgs -- -j8 -l8
[2.857s] Invoking command in '/home/sunrise/ros2_ws/build/micro_ros_msgs': CMAKE_PREFIX_PATH=/opt/ros/humble /usr/bin/cmake --install /home/sunrise/ros2_ws/build/micro_ros_msgs
[2.902s] -- Install configuration: ""
[2.903s] -- Up-to-date: /home/sunrise/ros2_ws/install/micro_ros_msgs/share/ament_index/resource_index/rosidl_interfaces/micro_ros_msgs
[2.904s] -- Up-to-date: /home/sunrise/ros2_ws/install/micro_ros_msgs/include/micro_ros_msgs/micro_ros_msgs
[2.905s] -- Up-to-date: /home/sunrise/ros2_ws/install/micro_ros_msgs/include/micro_ros_msgs/micro_ros_msgs/msg
[2.906s] -- Up-to-date: /home/sunrise/ros2_ws/install/micro_ros_msgs/include/micro_ros_msgs/micro_ros_msgs/msg/detail
[2.906s] -- Up-to-date: /home/sunrise/ros2_ws/install/micro_ros_msgs/include/micro_ros_msgs/micro_ros_msgs/msg/detail/node__struct.h
[2.907s] -- Up-to-date: /home/sunrise/ros2_ws/install/micro_ros_msgs/include/micro_ros_msgs/micro_ros_msgs/msg/detail/entity__type_support.h
[2.907s] -- Up-to-date: /home/sunrise/ros2_ws/install/micro_ros_msgs/include/micro_ros_msgs/micro_ros_msgs/msg/detail/entity__struct.h
[2.908s] -- Up-to-date: /home/sunrise/ros2_ws/install/micro_ros_msgs/include/micro_ros_msgs/micro_ros_msgs/msg/detail/graph__type_support.h
[2.909s] -- Up-to-date: /home/sunrise/ros2_ws/install/micro_ros_msgs/include/micro_ros_msgs/micro_ros_msgs/msg/detail/entity__functions.h
[2.909s] -- Up-to-date: /home/sunrise/ros2_ws/install/micro_ros_msgs/include/micro_ros_msgs/micro_ros_msgs/msg/detail/node__functions.c
[2.910s] -- Up-to-date: /home/sunrise/ros2_ws/install/micro_ros_msgs/include/micro_ros_msgs/micro_ros_msgs/msg/detail/node__functions.h
[2.911s] -- Up-to-date: /home/sunrise/ros2_ws/install/micro_ros_msgs/include/micro_ros_msgs/micro_ros_msgs/msg/detail/graph__functions.h
[2.912s] -- Up-to-date: /home/sunrise/ros2_ws/install/micro_ros_msgs/include/micro_ros_msgs/micro_ros_msgs/msg/detail/node__type_support.h
[2.912s] -- Up-to-date: /home/sunrise/ros2_ws/install/micro_ros_msgs/include/micro_ros_msgs/micro_ros_msgs/msg/detail/graph__struct.h
[2.913s] -- Up-to-date: /home/sunrise/ros2_ws/install/micro_ros_msgs/include/micro_ros_msgs/micro_ros_msgs/msg/detail/entity__functions.c
[2.914s] -- Up-to-date: /home/sunrise/ros2_ws/install/micro_ros_msgs/include/micro_ros_msgs/micro_ros_msgs/msg/detail/graph__functions.c
[2.915s] -- Up-to-date: /home/sunrise/ros2_ws/install/micro_ros_msgs/include/micro_ros_msgs/micro_ros_msgs/msg/graph.h
[2.916s] -- Up-to-date: /home/sunrise/ros2_ws/install/micro_ros_msgs/include/micro_ros_msgs/micro_ros_msgs/msg/node.h
[2.916s] -- Up-to-date: /home/sunrise/ros2_ws/install/micro_ros_msgs/include/micro_ros_msgs/micro_ros_msgs/msg/entity.h
[2.917s] -- Up-to-date: /home/sunrise/ros2_ws/install/micro_ros_msgs/include/micro_ros_msgs/micro_ros_msgs/msg/rosidl_generator_c__visibility_control.h
[2.917s] -- Up-to-date: /home/sunrise/ros2_ws/install/micro_ros_msgs/share/micro_ros_msgs/environment/library_path.sh
[2.918s] -- Up-to-date: /home/sunrise/ros2_ws/install/micro_ros_msgs/share/micro_ros_msgs/environment/library_path.dsv
[2.919s] -- Up-to-date: /home/sunrise/ros2_ws/install/micro_ros_msgs/lib/libmicro_ros_msgs__rosidl_generator_c.so
[2.920s] -- Up-to-date: /home/sunrise/ros2_ws/install/micro_ros_msgs/include/micro_ros_msgs/micro_ros_msgs
[2.922s] -- Up-to-date: /home/sunrise/ros2_ws/install/micro_ros_msgs/include/micro_ros_msgs/micro_ros_msgs/msg
[2.924s] -- Up-to-date: /home/sunrise/ros2_ws/install/micro_ros_msgs/include/micro_ros_msgs/micro_ros_msgs/msg/detail
[2.925s] -- Up-to-date: /home/sunrise/ros2_ws/install/micro_ros_msgs/include/micro_ros_msgs/micro_ros_msgs/msg/detail/node__rosidl_typesupport_fastrtps_c.h
[2.926s] -- Up-to-date: /home/sunrise/ros2_ws/install/micro_ros_msgs/include/micro_ros_msgs/micro_ros_msgs/msg/detail/entity__rosidl_typesupport_fastrtps_c.h
[2.928s] -- Up-to-date: /home/sunrise/ros2_ws/install/micro_ros_msgs/include/micro_ros_msgs/micro_ros_msgs/msg/detail/graph__rosidl_typesupport_fastrtps_c.h
[2.929s] -- Up-to-date: /home/sunrise/ros2_ws/install/micro_ros_msgs/include/micro_ros_msgs/micro_ros_msgs/msg/rosidl_typesupport_fastrtps_c__visibility_control.h
[2.930s] -- Up-to-date: /home/sunrise/ros2_ws/install/micro_ros_msgs/lib/libmicro_ros_msgs__rosidl_typesupport_fastrtps_c.so
[2.932s] -- Up-to-date: /home/sunrise/ros2_ws/install/micro_ros_msgs/include/micro_ros_msgs/micro_ros_msgs
[2.933s] -- Up-to-date: /home/sunrise/ros2_ws/install/micro_ros_msgs/include/micro_ros_msgs/micro_ros_msgs/msg
[2.934s] -- Up-to-date: /home/sunrise/ros2_ws/install/micro_ros_msgs/include/micro_ros_msgs/micro_ros_msgs/msg/detail
[2.936s] -- Up-to-date: /home/sunrise/ros2_ws/install/micro_ros_msgs/include/micro_ros_msgs/micro_ros_msgs/msg/detail/entity__rosidl_typesupport_introspection_c.h
[2.937s] -- Up-to-date: /home/sunrise/ros2_ws/install/micro_ros_msgs/include/micro_ros_msgs/micro_ros_msgs/msg/detail/graph__rosidl_typesupport_introspection_c.h
[2.938s] -- Up-to-date: /home/sunrise/ros2_ws/install/micro_ros_msgs/include/micro_ros_msgs/micro_ros_msgs/msg/detail/node__rosidl_typesupport_introspection_c.h
[2.939s] -- Up-to-date: /home/sunrise/ros2_ws/install/micro_ros_msgs/include/micro_ros_msgs/micro_ros_msgs/msg/detail/entity__type_support.c
[2.940s] -- Up-to-date: /home/sunrise/ros2_ws/install/micro_ros_msgs/include/micro_ros_msgs/micro_ros_msgs/msg/detail/graph__type_support.c
[2.942s] -- Up-to-date: /home/sunrise/ros2_ws/install/micro_ros_msgs/include/micro_ros_msgs/micro_ros_msgs/msg/detail/node__type_support.c
[2.943s] -- Up-to-date: /home/sunrise/ros2_ws/install/micro_ros_msgs/include/micro_ros_msgs/micro_ros_msgs/msg/rosidl_typesupport_introspection_c__visibility_control.h
[2.945s] -- Up-to-date: /home/sunrise/ros2_ws/install/micro_ros_msgs/lib/libmicro_ros_msgs__rosidl_typesupport_introspection_c.so
[2.952s] -- Up-to-date: /home/sunrise/ros2_ws/install/micro_ros_msgs/lib/libmicro_ros_msgs__rosidl_typesupport_c.so
[2.956s] -- Up-to-date: /home/sunrise/ros2_ws/install/micro_ros_msgs/include/micro_ros_msgs/micro_ros_msgs
[2.956s] -- Up-to-date: /home/sunrise/ros2_ws/install/micro_ros_msgs/include/micro_ros_msgs/micro_ros_msgs/msg
[2.967s] -- Up-to-date: /home/sunrise/ros2_ws/install/micro_ros_msgs/include/micro_ros_msgs/micro_ros_msgs/msg/entity.hpp
[2.968s] -- Up-to-date: /home/sunrise/ros2_ws/install/micro_ros_msgs/include/micro_ros_msgs/micro_ros_msgs/msg/detail
[2.969s] -- Up-to-date: /home/sunrise/ros2_ws/install/micro_ros_msgs/include/micro_ros_msgs/micro_ros_msgs/msg/detail/entity__traits.hpp
[2.970s] -- Up-to-date: /home/sunrise/ros2_ws/install/micro_ros_msgs/include/micro_ros_msgs/micro_ros_msgs/msg/detail/node__type_support.hpp
[2.971s] -- Up-to-date: /home/sunrise/ros2_ws/install/micro_ros_msgs/include/micro_ros_msgs/micro_ros_msgs/msg/detail/node__builder.hpp
[2.978s] -- Up-to-date: /home/sunrise/ros2_ws/install/micro_ros_msgs/include/micro_ros_msgs/micro_ros_msgs/msg/detail/graph__traits.hpp
[2.978s] -- Up-to-date: /home/sunrise/ros2_ws/install/micro_ros_msgs/include/micro_ros_msgs/micro_ros_msgs/msg/detail/entity__struct.hpp
[2.979s] -- Up-to-date: /home/sunrise/ros2_ws/install/micro_ros_msgs/include/micro_ros_msgs/micro_ros_msgs/msg/detail/graph__struct.hpp
[2.980s] -- Up-to-date: /home/sunrise/ros2_ws/install/micro_ros_msgs/include/micro_ros_msgs/micro_ros_msgs/msg/detail/entity__type_support.hpp
[2.981s] -- Up-to-date: /home/sunrise/ros2_ws/install/micro_ros_msgs/include/micro_ros_msgs/micro_ros_msgs/msg/detail/entity__builder.hpp
[2.982s] -- Up-to-date: /home/sunrise/ros2_ws/install/micro_ros_msgs/include/micro_ros_msgs/micro_ros_msgs/msg/detail/graph__builder.hpp
[2.982s] -- Up-to-date: /home/sunrise/ros2_ws/install/micro_ros_msgs/include/micro_ros_msgs/micro_ros_msgs/msg/detail/node__struct.hpp
[2.983s] -- Up-to-date: /home/sunrise/ros2_ws/install/micro_ros_msgs/include/micro_ros_msgs/micro_ros_msgs/msg/detail/graph__type_support.hpp
[2.985s] -- Up-to-date: /home/sunrise/ros2_ws/install/micro_ros_msgs/include/micro_ros_msgs/micro_ros_msgs/msg/detail/node__traits.hpp
[2.989s] -- Up-to-date: /home/sunrise/ros2_ws/install/micro_ros_msgs/include/micro_ros_msgs/micro_ros_msgs/msg/graph.hpp
[2.992s] -- Up-to-date: /home/sunrise/ros2_ws/install/micro_ros_msgs/include/micro_ros_msgs/micro_ros_msgs/msg/rosidl_generator_cpp__visibility_control.hpp
[2.993s] -- Up-to-date: /home/sunrise/ros2_ws/install/micro_ros_msgs/include/micro_ros_msgs/micro_ros_msgs/msg/node.hpp
[2.993s] -- Up-to-date: /home/sunrise/ros2_ws/install/micro_ros_msgs/include/micro_ros_msgs/micro_ros_msgs
[2.994s] -- Up-to-date: /home/sunrise/ros2_ws/install/micro_ros_msgs/include/micro_ros_msgs/micro_ros_msgs/msg
[2.995s] -- Up-to-date: /home/sunrise/ros2_ws/install/micro_ros_msgs/include/micro_ros_msgs/micro_ros_msgs/msg/rosidl_typesupport_fastrtps_cpp__visibility_control.h
[2.996s] -- Up-to-date: /home/sunrise/ros2_ws/install/micro_ros_msgs/include/micro_ros_msgs/micro_ros_msgs/msg/detail
[3.005s] -- Up-to-date: /home/sunrise/ros2_ws/install/micro_ros_msgs/include/micro_ros_msgs/micro_ros_msgs/msg/detail/node__rosidl_typesupport_fastrtps_cpp.hpp
[3.006s] -- Up-to-date: /home/sunrise/ros2_ws/install/micro_ros_msgs/include/micro_ros_msgs/micro_ros_msgs/msg/detail/dds_fastrtps
[3.006s] -- Up-to-date: /home/sunrise/ros2_ws/install/micro_ros_msgs/include/micro_ros_msgs/micro_ros_msgs/msg/detail/entity__rosidl_typesupport_fastrtps_cpp.hpp
[3.007s] -- Up-to-date: /home/sunrise/ros2_ws/install/micro_ros_msgs/include/micro_ros_msgs/micro_ros_msgs/msg/detail/graph__rosidl_typesupport_fastrtps_cpp.hpp
[3.021s] -- Up-to-date: /home/sunrise/ros2_ws/install/micro_ros_msgs/lib/libmicro_ros_msgs__rosidl_typesupport_fastrtps_cpp.so
[3.036s] -- Up-to-date: /home/sunrise/ros2_ws/install/micro_ros_msgs/include/micro_ros_msgs/micro_ros_msgs
[3.044s] -- Up-to-date: /home/sunrise/ros2_ws/install/micro_ros_msgs/include/micro_ros_msgs/micro_ros_msgs/msg
[3.045s] -- Up-to-date: /home/sunrise/ros2_ws/install/micro_ros_msgs/include/micro_ros_msgs/micro_ros_msgs/msg/detail
[3.047s] -- Up-to-date: /home/sunrise/ros2_ws/install/micro_ros_msgs/include/micro_ros_msgs/micro_ros_msgs/msg/detail/entity__type_support.cpp
[3.047s] -- Up-to-date: /home/sunrise/ros2_ws/install/micro_ros_msgs/include/micro_ros_msgs/micro_ros_msgs/msg/detail/entity__rosidl_typesupport_introspection_cpp.hpp
[3.051s] -- Up-to-date: /home/sunrise/ros2_ws/install/micro_ros_msgs/include/micro_ros_msgs/micro_ros_msgs/msg/detail/node__rosidl_typesupport_introspection_cpp.hpp
[3.058s] -- Up-to-date: /home/sunrise/ros2_ws/install/micro_ros_msgs/include/micro_ros_msgs/micro_ros_msgs/msg/detail/node__type_support.cpp
[3.059s] -- Up-to-date: /home/sunrise/ros2_ws/install/micro_ros_msgs/include/micro_ros_msgs/micro_ros_msgs/msg/detail/graph__rosidl_typesupport_introspection_cpp.hpp
[3.060s] -- Up-to-date: /home/sunrise/ros2_ws/install/micro_ros_msgs/include/micro_ros_msgs/micro_ros_msgs/msg/detail/graph__type_support.cpp
[3.106s] -- Up-to-date: /home/sunrise/ros2_ws/install/micro_ros_msgs/lib/libmicro_ros_msgs__rosidl_typesupport_introspection_cpp.so
[3.136s] -- Up-to-date: /home/sunrise/ros2_ws/install/micro_ros_msgs/lib/libmicro_ros_msgs__rosidl_typesupport_cpp.so
[3.146s] -- Up-to-date: /home/sunrise/ros2_ws/install/micro_ros_msgs/share/micro_ros_msgs/environment/pythonpath.sh
[3.146s] -- Up-to-date: /home/sunrise/ros2_ws/install/micro_ros_msgs/share/micro_ros_msgs/environment/pythonpath.dsv
[3.147s] -- Up-to-date: /home/sunrise/ros2_ws/install/micro_ros_msgs/local/lib/python3.10/dist-packages/micro_ros_msgs-3.0.1-py3.10.egg-info
[3.147s] -- Installing: /home/sunrise/ros2_ws/install/micro_ros_msgs/local/lib/python3.10/dist-packages/micro_ros_msgs-3.0.1-py3.10.egg-info/PKG-INFO
[3.151s] -- Installing: /home/sunrise/ros2_ws/install/micro_ros_msgs/local/lib/python3.10/dist-packages/micro_ros_msgs-3.0.1-py3.10.egg-info/SOURCES.txt
[3.151s] -- Installing: /home/sunrise/ros2_ws/install/micro_ros_msgs/local/lib/python3.10/dist-packages/micro_ros_msgs-3.0.1-py3.10.egg-info/top_level.txt
[3.152s] -- Installing: /home/sunrise/ros2_ws/install/micro_ros_msgs/local/lib/python3.10/dist-packages/micro_ros_msgs-3.0.1-py3.10.egg-info/dependency_links.txt
[3.153s] -- Up-to-date: /home/sunrise/ros2_ws/install/micro_ros_msgs/local/lib/python3.10/dist-packages/micro_ros_msgs
[3.154s] -- Up-to-date: /home/sunrise/ros2_ws/install/micro_ros_msgs/local/lib/python3.10/dist-packages/micro_ros_msgs/micro_ros_msgs_s__rosidl_typesupport_fastrtps_c.cpython-310-aarch64-linux-gnu.so
[3.154s] -- Up-to-date: /home/sunrise/ros2_ws/install/micro_ros_msgs/local/lib/python3.10/dist-packages/micro_ros_msgs/micro_ros_msgs_s__rosidl_typesupport_introspection_c.cpython-310-aarch64-linux-gnu.so
[3.155s] -- Up-to-date: /home/sunrise/ros2_ws/install/micro_ros_msgs/local/lib/python3.10/dist-packages/micro_ros_msgs/_micro_ros_msgs_s.ep.rosidl_typesupport_c.c
[3.156s] -- Up-to-date: /home/sunrise/ros2_ws/install/micro_ros_msgs/local/lib/python3.10/dist-packages/micro_ros_msgs/libmicro_ros_msgs__rosidl_generator_py.so
[3.156s] -- Up-to-date: /home/sunrise/ros2_ws/install/micro_ros_msgs/local/lib/python3.10/dist-packages/micro_ros_msgs/micro_ros_msgs_s__rosidl_typesupport_c.cpython-310-aarch64-linux-gnu.so
[3.158s] -- Up-to-date: /home/sunrise/ros2_ws/install/micro_ros_msgs/local/lib/python3.10/dist-packages/micro_ros_msgs/__init__.py
[3.158s] -- Up-to-date: /home/sunrise/ros2_ws/install/micro_ros_msgs/local/lib/python3.10/dist-packages/micro_ros_msgs/_micro_ros_msgs_s.ep.rosidl_typesupport_fastrtps_c.c
[3.159s] -- Up-to-date: /home/sunrise/ros2_ws/install/micro_ros_msgs/local/lib/python3.10/dist-packages/micro_ros_msgs/_micro_ros_msgs_s.ep.rosidl_typesupport_introspection_c.c
[3.159s] -- Up-to-date: /home/sunrise/ros2_ws/install/micro_ros_msgs/local/lib/python3.10/dist-packages/micro_ros_msgs/msg
[3.160s] -- Up-to-date: /home/sunrise/ros2_ws/install/micro_ros_msgs/local/lib/python3.10/dist-packages/micro_ros_msgs/msg/_node_s.c
[3.160s] -- Up-to-date: /home/sunrise/ros2_ws/install/micro_ros_msgs/local/lib/python3.10/dist-packages/micro_ros_msgs/msg/_node.py
[3.161s] -- Up-to-date: /home/sunrise/ros2_ws/install/micro_ros_msgs/local/lib/python3.10/dist-packages/micro_ros_msgs/msg/__init__.py
[3.161s] -- Up-to-date: /home/sunrise/ros2_ws/install/micro_ros_msgs/local/lib/python3.10/dist-packages/micro_ros_msgs/msg/_entity_s.c
[3.162s] -- Up-to-date: /home/sunrise/ros2_ws/install/micro_ros_msgs/local/lib/python3.10/dist-packages/micro_ros_msgs/msg/_graph.py
[3.164s] -- Up-to-date: /home/sunrise/ros2_ws/install/micro_ros_msgs/local/lib/python3.10/dist-packages/micro_ros_msgs/msg/_entity.py
[3.165s] -- Up-to-date: /home/sunrise/ros2_ws/install/micro_ros_msgs/local/lib/python3.10/dist-packages/micro_ros_msgs/msg/_graph_s.c
[3.230s] Listing '/home/sunrise/ros2_ws/install/micro_ros_msgs/local/lib/python3.10/dist-packages/micro_ros_msgs'...
[3.230s] Listing '/home/sunrise/ros2_ws/install/micro_ros_msgs/local/lib/python3.10/dist-packages/micro_ros_msgs/msg'...
[3.231s] -- Up-to-date: /home/sunrise/ros2_ws/install/micro_ros_msgs/local/lib/python3.10/dist-packages/micro_ros_msgs/micro_ros_msgs_s__rosidl_typesupport_fastrtps_c.cpython-310-aarch64-linux-gnu.so
[3.232s] -- Up-to-date: /home/sunrise/ros2_ws/install/micro_ros_msgs/local/lib/python3.10/dist-packages/micro_ros_msgs/micro_ros_msgs_s__rosidl_typesupport_introspection_c.cpython-310-aarch64-linux-gnu.so
[3.232s] -- Up-to-date: /home/sunrise/ros2_ws/install/micro_ros_msgs/local/lib/python3.10/dist-packages/micro_ros_msgs/micro_ros_msgs_s__rosidl_typesupport_c.cpython-310-aarch64-linux-gnu.so
[3.233s] -- Up-to-date: /home/sunrise/ros2_ws/install/micro_ros_msgs/lib/libmicro_ros_msgs__rosidl_generator_py.so
[3.234s] -- Up-to-date: /home/sunrise/ros2_ws/install/micro_ros_msgs/share/micro_ros_msgs/msg/Graph.idl
[3.235s] -- Up-to-date: /home/sunrise/ros2_ws/install/micro_ros_msgs/share/micro_ros_msgs/msg/Node.idl
[3.236s] -- Up-to-date: /home/sunrise/ros2_ws/install/micro_ros_msgs/share/micro_ros_msgs/msg/Entity.idl
[3.237s] -- Up-to-date: /home/sunrise/ros2_ws/install/micro_ros_msgs/share/micro_ros_msgs/msg/Graph.msg
[3.238s] -- Up-to-date: /home/sunrise/ros2_ws/install/micro_ros_msgs/share/micro_ros_msgs/msg/Node.msg
[3.238s] -- Up-to-date: /home/sunrise/ros2_ws/install/micro_ros_msgs/share/micro_ros_msgs/msg/Entity.msg
[3.239s] -- Up-to-date: /home/sunrise/ros2_ws/install/micro_ros_msgs/share/ament_index/resource_index/package_run_dependencies/micro_ros_msgs
[3.240s] -- Up-to-date: /home/sunrise/ros2_ws/install/micro_ros_msgs/share/ament_index/resource_index/parent_prefix_path/micro_ros_msgs
[3.241s] -- Up-to-date: /home/sunrise/ros2_ws/install/micro_ros_msgs/share/micro_ros_msgs/environment/ament_prefix_path.sh
[3.242s] -- Up-to-date: /home/sunrise/ros2_ws/install/micro_ros_msgs/share/micro_ros_msgs/environment/ament_prefix_path.dsv
[3.243s] -- Up-to-date: /home/sunrise/ros2_ws/install/micro_ros_msgs/share/micro_ros_msgs/environment/path.sh
[3.244s] -- Up-to-date: /home/sunrise/ros2_ws/install/micro_ros_msgs/share/micro_ros_msgs/environment/path.dsv
[3.245s] -- Up-to-date: /home/sunrise/ros2_ws/install/micro_ros_msgs/share/micro_ros_msgs/local_setup.bash
[3.245s] -- Up-to-date: /home/sunrise/ros2_ws/install/micro_ros_msgs/share/micro_ros_msgs/local_setup.sh
[3.246s] -- Up-to-date: /home/sunrise/ros2_ws/install/micro_ros_msgs/share/micro_ros_msgs/local_setup.zsh
[3.247s] -- Up-to-date: /home/sunrise/ros2_ws/install/micro_ros_msgs/share/micro_ros_msgs/local_setup.dsv
[3.247s] -- Installing: /home/sunrise/ros2_ws/install/micro_ros_msgs/share/micro_ros_msgs/package.dsv
[3.248s] -- Up-to-date: /home/sunrise/ros2_ws/install/micro_ros_msgs/share/ament_index/resource_index/packages/micro_ros_msgs
[3.249s] -- Up-to-date: /home/sunrise/ros2_ws/install/micro_ros_msgs/share/micro_ros_msgs/cmake/export_micro_ros_msgs__rosidl_generator_cExport.cmake
[3.249s] -- Up-to-date: /home/sunrise/ros2_ws/install/micro_ros_msgs/share/micro_ros_msgs/cmake/export_micro_ros_msgs__rosidl_generator_cExport-noconfig.cmake
[3.250s] -- Up-to-date: /home/sunrise/ros2_ws/install/micro_ros_msgs/share/micro_ros_msgs/cmake/export_micro_ros_msgs__rosidl_typesupport_fastrtps_cExport.cmake
[3.251s] -- Up-to-date: /home/sunrise/ros2_ws/install/micro_ros_msgs/share/micro_ros_msgs/cmake/export_micro_ros_msgs__rosidl_typesupport_fastrtps_cExport-noconfig.cmake
[3.252s] -- Up-to-date: /home/sunrise/ros2_ws/install/micro_ros_msgs/share/micro_ros_msgs/cmake/micro_ros_msgs__rosidl_typesupport_introspection_cExport.cmake
[3.254s] -- Up-to-date: /home/sunrise/ros2_ws/install/micro_ros_msgs/share/micro_ros_msgs/cmake/micro_ros_msgs__rosidl_typesupport_introspection_cExport-noconfig.cmake
[3.256s] -- Up-to-date: /home/sunrise/ros2_ws/install/micro_ros_msgs/share/micro_ros_msgs/cmake/micro_ros_msgs__rosidl_typesupport_cExport.cmake
[3.260s] -- Up-to-date: /home/sunrise/ros2_ws/install/micro_ros_msgs/share/micro_ros_msgs/cmake/micro_ros_msgs__rosidl_typesupport_cExport-noconfig.cmake
[3.261s] -- Up-to-date: /home/sunrise/ros2_ws/install/micro_ros_msgs/share/micro_ros_msgs/cmake/export_micro_ros_msgs__rosidl_generator_cppExport.cmake
[3.262s] -- Up-to-date: /home/sunrise/ros2_ws/install/micro_ros_msgs/share/micro_ros_msgs/cmake/export_micro_ros_msgs__rosidl_typesupport_fastrtps_cppExport.cmake
[3.263s] -- Up-to-date: /home/sunrise/ros2_ws/install/micro_ros_msgs/share/micro_ros_msgs/cmake/export_micro_ros_msgs__rosidl_typesupport_fastrtps_cppExport-noconfig.cmake
[3.264s] -- Up-to-date: /home/sunrise/ros2_ws/install/micro_ros_msgs/share/micro_ros_msgs/cmake/micro_ros_msgs__rosidl_typesupport_introspection_cppExport.cmake
[3.266s] -- Up-to-date: /home/sunrise/ros2_ws/install/micro_ros_msgs/share/micro_ros_msgs/cmake/micro_ros_msgs__rosidl_typesupport_introspection_cppExport-noconfig.cmake
[3.267s] -- Up-to-date: /home/sunrise/ros2_ws/install/micro_ros_msgs/share/micro_ros_msgs/cmake/micro_ros_msgs__rosidl_typesupport_cppExport.cmake
[3.268s] -- Up-to-date: /home/sunrise/ros2_ws/install/micro_ros_msgs/share/micro_ros_msgs/cmake/micro_ros_msgs__rosidl_typesupport_cppExport-noconfig.cmake
[3.268s] -- Up-to-date: /home/sunrise/ros2_ws/install/micro_ros_msgs/share/micro_ros_msgs/cmake/export_micro_ros_msgs__rosidl_generator_pyExport.cmake
[3.269s] -- Up-to-date: /home/sunrise/ros2_ws/install/micro_ros_msgs/share/micro_ros_msgs/cmake/export_micro_ros_msgs__rosidl_generator_pyExport-noconfig.cmake
[3.270s] -- Up-to-date: /home/sunrise/ros2_ws/install/micro_ros_msgs/share/micro_ros_msgs/cmake/rosidl_cmake-extras.cmake
[3.271s] -- Up-to-date: /home/sunrise/ros2_ws/install/micro_ros_msgs/share/micro_ros_msgs/cmake/ament_cmake_export_include_directories-extras.cmake
[3.272s] -- Up-to-date: /home/sunrise/ros2_ws/install/micro_ros_msgs/share/micro_ros_msgs/cmake/ament_cmake_export_libraries-extras.cmake
[3.272s] -- Up-to-date: /home/sunrise/ros2_ws/install/micro_ros_msgs/share/micro_ros_msgs/cmake/ament_cmake_export_targets-extras.cmake
[3.273s] -- Up-to-date: /home/sunrise/ros2_ws/install/micro_ros_msgs/share/micro_ros_msgs/cmake/rosidl_cmake_export_typesupport_targets-extras.cmake
[3.274s] -- Up-to-date: /home/sunrise/ros2_ws/install/micro_ros_msgs/share/micro_ros_msgs/cmake/ament_cmake_export_dependencies-extras.cmake
[3.275s] -- Up-to-date: /home/sunrise/ros2_ws/install/micro_ros_msgs/share/micro_ros_msgs/cmake/rosidl_cmake_export_typesupport_libraries-extras.cmake
[3.275s] -- Up-to-date: /home/sunrise/ros2_ws/install/micro_ros_msgs/share/micro_ros_msgs/cmake/micro_ros_msgsConfig.cmake
[3.276s] -- Up-to-date: /home/sunrise/ros2_ws/install/micro_ros_msgs/share/micro_ros_msgs/cmake/micro_ros_msgsConfig-version.cmake
[3.277s] -- Up-to-date: /home/sunrise/ros2_ws/install/micro_ros_msgs/share/micro_ros_msgs/package.xml
[3.278s] Invoked command in '/home/sunrise/ros2_ws/build/micro_ros_msgs' returned '0': CMAKE_PREFIX_PATH=/opt/ros/humble /usr/bin/cmake --install /home/sunrise/ros2_ws/build/micro_ros_msgs
