[2.109s] Invoking command in '/home/sunrise/ros2_ws/build/ydlidar': CMAKE_PREFIX_PATH=/opt/ros/humble /usr/bin/cmake --build /home/sunrise/ros2_ws/build/ydlidar -- -j8 -l8
[2.432s] [ 27%] Built target ydlidar_client
[2.433s] [100%] Built target ydlidar_node
[2.491s] Invoked command in '/home/sunrise/ros2_ws/build/ydlidar' returned '0': CMAKE_PREFIX_PATH=/opt/ros/humble /usr/bin/cmake --build /home/sunrise/ros2_ws/build/ydlidar -- -j8 -l8
[2.506s] Invoking command in '/home/sunrise/ros2_ws/build/ydlidar': CMAKE_PREFIX_PATH=/opt/ros/humble /usr/bin/cmake --install /home/sunrise/ros2_ws/build/ydlidar
[2.548s] -- Install configuration: ""
[2.551s] -- Up-to-date: /home/sunrise/ros2_ws/install/ydlidar/lib/ydlidar/ydlidar_node
[2.555s] -- Up-to-date: /home/sunrise/ros2_ws/install/ydlidar/lib/ydlidar/ydlidar_client
[2.556s] -- Up-to-date: /home/sunrise/ros2_ws/install/ydlidar/share/ydlidar/launch
[2.557s] -- Up-to-date: /home/sunrise/ros2_ws/install/ydlidar/share/ydlidar/launch/ydlidar_launch.py
[2.558s] -- Up-to-date: /home/sunrise/ros2_ws/install/ydlidar/share/ydlidar/launch/ydlidar.py
[2.559s] -- Up-to-date: /home/sunrise/ros2_ws/install/ydlidar/share/ydlidar/params
[2.561s] -- Up-to-date: /home/sunrise/ros2_ws/install/ydlidar/share/ydlidar/params/ydlidar.yaml
[2.561s] -- Up-to-date: /home/sunrise/ros2_ws/install/ydlidar/share/ydlidar/startup
[2.562s] -- Up-to-date: /home/sunrise/ros2_ws/install/ydlidar/share/ydlidar/startup/initenv.sh
[2.563s] -- Up-to-date: /home/sunrise/ros2_ws/install/ydlidar/share/ament_index/resource_index/package_run_dependencies/ydlidar
[2.564s] -- Up-to-date: /home/sunrise/ros2_ws/install/ydlidar/share/ament_index/resource_index/parent_prefix_path/ydlidar
[2.564s] -- Up-to-date: /home/sunrise/ros2_ws/install/ydlidar/share/ydlidar/environment/ament_prefix_path.sh
[2.567s] -- Up-to-date: /home/sunrise/ros2_ws/install/ydlidar/share/ydlidar/environment/ament_prefix_path.dsv
[2.570s] -- Up-to-date: /home/sunrise/ros2_ws/install/ydlidar/share/ydlidar/environment/path.sh
[2.585s] -- Up-to-date: /home/sunrise/ros2_ws/install/ydlidar/share/ydlidar/environment/path.dsv
[2.586s] -- Up-to-date: /home/sunrise/ros2_ws/install/ydlidar/share/ydlidar/local_setup.bash
[2.587s] -- Up-to-date: /home/sunrise/ros2_ws/install/ydlidar/share/ydlidar/local_setup.sh
[2.588s] -- Up-to-date: /home/sunrise/ros2_ws/install/ydlidar/share/ydlidar/local_setup.zsh
[2.588s] -- Up-to-date: /home/sunrise/ros2_ws/install/ydlidar/share/ydlidar/local_setup.dsv
[2.589s] -- Installing: /home/sunrise/ros2_ws/install/ydlidar/share/ydlidar/package.dsv
[2.590s] -- Up-to-date: /home/sunrise/ros2_ws/install/ydlidar/share/ament_index/resource_index/packages/ydlidar
[2.590s] -- Up-to-date: /home/sunrise/ros2_ws/install/ydlidar/share/ydlidar/cmake/ydlidarConfig.cmake
[2.591s] -- Up-to-date: /home/sunrise/ros2_ws/install/ydlidar/share/ydlidar/cmake/ydlidarConfig-version.cmake
[2.592s] -- Up-to-date: /home/sunrise/ros2_ws/install/ydlidar/share/ydlidar/package.xml
[2.593s] Invoked command in '/home/sunrise/ros2_ws/build/ydlidar' returned '0': CMAKE_PREFIX_PATH=/opt/ros/humble /usr/bin/cmake --install /home/sunrise/ros2_ws/build/ydlidar
