[0.083s] Invoking command in '/home/sunrise/ros2_ws/build/micro_ros_msgs': CMAKE_PREFIX_PATH=${CMAKE_PREFIX_PATH}:/opt/ros/humble /usr/bin/cmake --build /home/sunrise/ros2_ws/build/micro_ros_msgs -- -j8 -l8
[0.305s] [  2%] Built target micro_ros_msgs__cpp
[0.312s] [ 12%] Built target micro_ros_msgs__rosidl_generator_c
[0.349s] [ 12%] Built target ament_cmake_python_copy_micro_ros_msgs
[0.416s] [ 23%] Built target micro_ros_msgs__rosidl_typesupport_cpp
[0.435s] [ 44%] Built target micro_ros_msgs__rosidl_typesupport_introspection_c
[0.436s] [ 44%] Built target micro_ros_msgs__rosidl_typesupport_introspection_cpp
[0.438s] [ 57%] Built target micro_ros_msgs__rosidl_typesupport_fastrtps_c
[0.440s] [ 65%] Built target micro_ros_msgs__rosidl_typesupport_fastrtps_cpp
[0.460s] [ 76%] Built target micro_ros_msgs__rosidl_typesupport_c
[0.549s] [ 76%] Built target micro_ros_msgs
[0.639s] [ 78%] Built target micro_ros_msgs__py
[0.744s] [ 87%] Built target micro_ros_msgs__rosidl_generator_py
[0.840s] [100%] Built target micro_ros_msgs__rosidl_typesupport_introspection_c__pyext
[0.841s] [100%] Built target micro_ros_msgs__rosidl_typesupport_c__pyext
[0.841s] [100%] Built target micro_ros_msgs__rosidl_typesupport_fastrtps_c__pyext
[1.852s] running egg_info
[1.856s] writing micro_ros_msgs.egg-info/PKG-INFO
[1.857s] writing dependency_links to micro_ros_msgs.egg-info/dependency_links.txt
[1.858s] writing top-level names to micro_ros_msgs.egg-info/top_level.txt
[1.871s] reading manifest file 'micro_ros_msgs.egg-info/SOURCES.txt'
[1.874s] writing manifest file 'micro_ros_msgs.egg-info/SOURCES.txt'
[2.082s] [100%] Built target ament_cmake_python_build_micro_ros_msgs_egg
