[2.110s] Invoking command in '/home/sunrise/ros2_ws/build/ydlidar': CMAKE_PREFIX_PATH=${CMAKE_PREFIX_PATH}:/home/sunrise/ros2_ws/install/nav2_simple_commander:/home/sunrise/ros2_ws/install/fishbot_description:/opt/ros/humble /usr/bin/cmake --build /home/sunrise/ros2_ws/build/ydlidar -- -j8 -l8
[2.375s] [ 18%] Built target ydlidar_client
[2.393s] [100%] Built target ydlidar_node
[2.450s] Invoked command in '/home/sunrise/ros2_ws/build/ydlidar' returned '0': CMAKE_PREFIX_PATH=${CMAKE_PREFIX_PATH}:/home/sunrise/ros2_ws/install/nav2_simple_commander:/home/sunrise/ros2_ws/install/fishbot_description:/opt/ros/humble /usr/bin/cmake --build /home/sunrise/ros2_ws/build/ydlidar -- -j8 -l8
[2.458s] Invoking command in '/home/sunrise/ros2_ws/build/ydlidar': CMAKE_PREFIX_PATH=${CMAKE_PREFIX_PATH}:/home/sunrise/ros2_ws/install/nav2_simple_commander:/home/sunrise/ros2_ws/install/fishbot_description:/opt/ros/humble /usr/bin/cmake --install /home/sunrise/ros2_ws/build/ydlidar
[2.597s] -- Install configuration: ""
[2.601s] -- Up-to-date: /home/sunrise/ros2_ws/install/ydlidar/lib/ydlidar/ydlidar_node
[2.602s] -- Up-to-date: /home/sunrise/ros2_ws/install/ydlidar/lib/ydlidar/ydlidar_client
[2.603s] -- Up-to-date: /home/sunrise/ros2_ws/install/ydlidar/share/ydlidar/launch
[2.604s] -- Up-to-date: /home/sunrise/ros2_ws/install/ydlidar/share/ydlidar/launch/ydlidar_launch.py
[2.605s] -- Up-to-date: /home/sunrise/ros2_ws/install/ydlidar/share/ydlidar/launch/ydlidar.py
[2.606s] -- Up-to-date: /home/sunrise/ros2_ws/install/ydlidar/share/ydlidar/params
[2.607s] -- Up-to-date: /home/sunrise/ros2_ws/install/ydlidar/share/ydlidar/params/ydlidar.yaml
[2.608s] -- Up-to-date: /home/sunrise/ros2_ws/install/ydlidar/share/ydlidar/startup
[2.609s] -- Up-to-date: /home/sunrise/ros2_ws/install/ydlidar/share/ydlidar/startup/initenv.sh
[2.610s] -- Up-to-date: /home/sunrise/ros2_ws/install/ydlidar/share/ament_index/resource_index/package_run_dependencies/ydlidar
[2.611s] -- Up-to-date: /home/sunrise/ros2_ws/install/ydlidar/share/ament_index/resource_index/parent_prefix_path/ydlidar
[2.611s] -- Up-to-date: /home/sunrise/ros2_ws/install/ydlidar/share/ydlidar/environment/ament_prefix_path.sh
[2.612s] -- Up-to-date: /home/sunrise/ros2_ws/install/ydlidar/share/ydlidar/environment/ament_prefix_path.dsv
[2.613s] -- Up-to-date: /home/sunrise/ros2_ws/install/ydlidar/share/ydlidar/environment/path.sh
[2.614s] -- Up-to-date: /home/sunrise/ros2_ws/install/ydlidar/share/ydlidar/environment/path.dsv
[2.614s] -- Up-to-date: /home/sunrise/ros2_ws/install/ydlidar/share/ydlidar/local_setup.bash
[2.615s] -- Up-to-date: /home/sunrise/ros2_ws/install/ydlidar/share/ydlidar/local_setup.sh
[2.616s] -- Up-to-date: /home/sunrise/ros2_ws/install/ydlidar/share/ydlidar/local_setup.zsh
[2.619s] -- Up-to-date: /home/sunrise/ros2_ws/install/ydlidar/share/ydlidar/local_setup.dsv
[2.622s] -- Installing: /home/sunrise/ros2_ws/install/ydlidar/share/ydlidar/package.dsv
[2.623s] -- Up-to-date: /home/sunrise/ros2_ws/install/ydlidar/share/ament_index/resource_index/packages/ydlidar
[2.624s] -- Up-to-date: /home/sunrise/ros2_ws/install/ydlidar/share/ydlidar/cmake/ydlidarConfig.cmake
[2.626s] -- Up-to-date: /home/sunrise/ros2_ws/install/ydlidar/share/ydlidar/cmake/ydlidarConfig-version.cmake
[2.627s] -- Up-to-date: /home/sunrise/ros2_ws/install/ydlidar/share/ydlidar/package.xml
[2.629s] Invoked command in '/home/sunrise/ros2_ws/build/ydlidar' returned '0': CMAKE_PREFIX_PATH=${CMAKE_PREFIX_PATH}:/home/sunrise/ros2_ws/install/nav2_simple_commander:/home/sunrise/ros2_ws/install/fishbot_description:/opt/ros/humble /usr/bin/cmake --install /home/sunrise/ros2_ws/build/ydlidar
