[0.591s] DEBUG:colcon:Command line arguments: ['/usr/bin/colcon', 'build']
[0.591s] DEBUG:colcon:Parsed command line arguments: Namespace(log_base=None, log_level=None, verb_name='build', build_base='build', install_base='install', merge_install=False, symlink_install=False, test_result_base=None, continue_on_error=False, executor='parallel', parallel_workers=8, event_handlers=None, ignore_user_meta=False, metas=['./colcon.meta'], base_paths=['.'], packages_ignore=None, packages_ignore_regex=None, paths=None, packages_up_to=None, packages_up_to_regex=None, packages_above=None, packages_above_and_dependencies=None, packages_above_depth=None, packages_select_by_dep=None, packages_skip_by_dep=None, packages_skip_up_to=None, packages_select_build_failed=False, packages_skip_build_finished=False, packages_select_test_failures=False, packages_skip_test_passed=False, packages_select=None, packages_skip=None, packages_select_regex=None, packages_skip_regex=None, packages_start=None, packages_end=None, allow_overriding=[], cmake_args=None, cmake_target=None, cmake_target_skip_unavailable=False, cmake_clean_cache=False, cmake_clean_first=False, cmake_force_configure=False, ament_cmake_args=None, catkin_cmake_args=None, catkin_skip_building_tests=False, verb_parser=<colcon_defaults.argument_parser.defaults.DefaultArgumentsDecorator object at 0xffffa039bd90>, verb_extension=<colcon_core.verb.build.BuildVerb object at 0xffffa039b850>, main=<bound method BuildVerb.main of <colcon_core.verb.build.BuildVerb object at 0xffffa039b850>>)
[1.623s] Level 1:colcon.colcon_core.package_discovery:discover_packages(colcon_meta) check parameters
[1.624s] Level 1:colcon.colcon_core.package_discovery:discover_packages(recursive) check parameters
[1.624s] Level 1:colcon.colcon_core.package_discovery:discover_packages(ignore) check parameters
[1.625s] Level 1:colcon.colcon_core.package_discovery:discover_packages(path) check parameters
[1.625s] Level 1:colcon.colcon_core.package_discovery:discover_packages(colcon_meta) discover
[1.625s] Level 1:colcon.colcon_core.package_discovery:discover_packages(recursive) discover
[1.625s] INFO:colcon.colcon_core.package_discovery:Crawling recursively for packages in '/home/sunrise/ros2_ws'
[1.626s] Level 1:colcon.colcon_core.package_identification:_identify(.) by extensions ['ignore', 'ignore_ament_install']
[1.626s] Level 1:colcon.colcon_core.package_identification:_identify(.) by extension 'ignore'
[1.627s] Level 1:colcon.colcon_core.package_identification:_identify(.) by extension 'ignore_ament_install'
[1.627s] Level 1:colcon.colcon_core.package_identification:_identify(.) by extensions ['colcon_pkg']
[1.627s] Level 1:colcon.colcon_core.package_identification:_identify(.) by extension 'colcon_pkg'
[1.627s] Level 1:colcon.colcon_core.package_identification:_identify(.) by extensions ['colcon_meta']
[1.628s] Level 1:colcon.colcon_core.package_identification:_identify(.) by extension 'colcon_meta'
[1.628s] Level 1:colcon.colcon_core.package_identification:_identify(.) by extensions ['ros']
[1.628s] Level 1:colcon.colcon_core.package_identification:_identify(.) by extension 'ros'
[1.696s] Level 1:colcon.colcon_core.package_identification:_identify(.) by extensions ['cmake', 'python']
[1.697s] Level 1:colcon.colcon_core.package_identification:_identify(.) by extension 'cmake'
[1.697s] Level 1:colcon.colcon_core.package_identification:_identify(.) by extension 'python'
[1.697s] Level 1:colcon.colcon_core.package_identification:_identify(.) by extensions ['python_setup_py']
[1.698s] Level 1:colcon.colcon_core.package_identification:_identify(.) by extension 'python_setup_py'
[1.698s] Level 1:colcon.colcon_core.package_identification:_identify(build) by extensions ['ignore', 'ignore_ament_install']
[1.699s] Level 1:colcon.colcon_core.package_identification:_identify(build) by extension 'ignore'
[1.699s] Level 1:colcon.colcon_core.package_identification:_identify(build) ignored
[1.700s] Level 1:colcon.colcon_core.package_identification:_identify(install) by extensions ['ignore', 'ignore_ament_install']
[1.700s] Level 1:colcon.colcon_core.package_identification:_identify(install) by extension 'ignore'
[1.700s] Level 1:colcon.colcon_core.package_identification:_identify(install) ignored
[1.701s] Level 1:colcon.colcon_core.package_identification:_identify(log) by extensions ['ignore', 'ignore_ament_install']
[1.701s] Level 1:colcon.colcon_core.package_identification:_identify(log) by extension 'ignore'
[1.702s] Level 1:colcon.colcon_core.package_identification:_identify(log) ignored
[1.702s] Level 1:colcon.colcon_core.package_identification:_identify(src) by extensions ['ignore', 'ignore_ament_install']
[1.702s] Level 1:colcon.colcon_core.package_identification:_identify(src) by extension 'ignore'
[1.703s] Level 1:colcon.colcon_core.package_identification:_identify(src) by extension 'ignore_ament_install'
[1.703s] Level 1:colcon.colcon_core.package_identification:_identify(src) by extensions ['colcon_pkg']
[1.703s] Level 1:colcon.colcon_core.package_identification:_identify(src) by extension 'colcon_pkg'
[1.703s] Level 1:colcon.colcon_core.package_identification:_identify(src) by extensions ['colcon_meta']
[1.704s] Level 1:colcon.colcon_core.package_identification:_identify(src) by extension 'colcon_meta'
[1.704s] Level 1:colcon.colcon_core.package_identification:_identify(src) by extensions ['ros']
[1.704s] Level 1:colcon.colcon_core.package_identification:_identify(src) by extension 'ros'
[1.704s] Level 1:colcon.colcon_core.package_identification:_identify(src) by extensions ['cmake', 'python']
[1.705s] Level 1:colcon.colcon_core.package_identification:_identify(src) by extension 'cmake'
[1.705s] Level 1:colcon.colcon_core.package_identification:_identify(src) by extension 'python'
[1.705s] Level 1:colcon.colcon_core.package_identification:_identify(src) by extensions ['python_setup_py']
[1.705s] Level 1:colcon.colcon_core.package_identification:_identify(src) by extension 'python_setup_py'
[1.706s] Level 1:colcon.colcon_core.package_identification:_identify(src/Micro-XRCE-DDS-Agent) by extensions ['ignore', 'ignore_ament_install']
[1.706s] Level 1:colcon.colcon_core.package_identification:_identify(src/Micro-XRCE-DDS-Agent) by extension 'ignore'
[1.707s] Level 1:colcon.colcon_core.package_identification:_identify(src/Micro-XRCE-DDS-Agent) by extension 'ignore_ament_install'
[1.707s] Level 1:colcon.colcon_core.package_identification:_identify(src/Micro-XRCE-DDS-Agent) by extensions ['colcon_pkg']
[1.707s] Level 1:colcon.colcon_core.package_identification:_identify(src/Micro-XRCE-DDS-Agent) by extension 'colcon_pkg'
[1.713s] INFO:colcon.colcon_metadata.metadata.colcon_pkg:Setting type 'cmake' of package 'src/Micro-XRCE-DDS-Agent' from colcon.pkg
[1.713s] INFO:colcon.colcon_metadata.metadata.colcon_pkg:Setting name 'microxrcedds_agent' of package 'src/Micro-XRCE-DDS-Agent' from colcon.pkg
[1.714s] DEBUG:colcon.colcon_core.package_identification:Package 'src/Micro-XRCE-DDS-Agent' with type 'cmake' and name 'microxrcedds_agent'
[1.714s] Level 1:colcon.colcon_core.package_identification:_identify(src/fishbot_bringup) by extensions ['ignore', 'ignore_ament_install']
[1.714s] Level 1:colcon.colcon_core.package_identification:_identify(src/fishbot_bringup) by extension 'ignore'
[1.715s] Level 1:colcon.colcon_core.package_identification:_identify(src/fishbot_bringup) by extension 'ignore_ament_install'
[1.715s] Level 1:colcon.colcon_core.package_identification:_identify(src/fishbot_bringup) by extensions ['colcon_pkg']
[1.715s] Level 1:colcon.colcon_core.package_identification:_identify(src/fishbot_bringup) by extension 'colcon_pkg'
[1.715s] Level 1:colcon.colcon_core.package_identification:_identify(src/fishbot_bringup) by extensions ['colcon_meta']
[1.716s] Level 1:colcon.colcon_core.package_identification:_identify(src/fishbot_bringup) by extension 'colcon_meta'
[1.716s] Level 1:colcon.colcon_core.package_identification:_identify(src/fishbot_bringup) by extensions ['ros']
[1.716s] Level 1:colcon.colcon_core.package_identification:_identify(src/fishbot_bringup) by extension 'ros'
[1.729s] DEBUG:colcon.colcon_core.package_identification:Package 'src/fishbot_bringup' with type 'ros.ament_cmake' and name 'fishbot_bringup'
[1.729s] Level 1:colcon.colcon_core.package_identification:_identify(src/fishbot_description) by extensions ['ignore', 'ignore_ament_install']
[1.730s] Level 1:colcon.colcon_core.package_identification:_identify(src/fishbot_description) by extension 'ignore'
[1.730s] Level 1:colcon.colcon_core.package_identification:_identify(src/fishbot_description) by extension 'ignore_ament_install'
[1.731s] Level 1:colcon.colcon_core.package_identification:_identify(src/fishbot_description) by extensions ['colcon_pkg']
[1.731s] Level 1:colcon.colcon_core.package_identification:_identify(src/fishbot_description) by extension 'colcon_pkg'
[1.731s] Level 1:colcon.colcon_core.package_identification:_identify(src/fishbot_description) by extensions ['colcon_meta']
[1.732s] Level 1:colcon.colcon_core.package_identification:_identify(src/fishbot_description) by extension 'colcon_meta'
[1.732s] Level 1:colcon.colcon_core.package_identification:_identify(src/fishbot_description) by extensions ['ros']
[1.732s] Level 1:colcon.colcon_core.package_identification:_identify(src/fishbot_description) by extension 'ros'
[1.738s] DEBUG:colcon.colcon_core.package_identification:Package 'src/fishbot_description' with type 'ros.ament_python' and name 'fishbot_description'
[1.738s] Level 1:colcon.colcon_core.package_identification:_identify(src/micro-ROS-Agent) by extensions ['ignore', 'ignore_ament_install']
[1.739s] Level 1:colcon.colcon_core.package_identification:_identify(src/micro-ROS-Agent) by extension 'ignore'
[1.739s] Level 1:colcon.colcon_core.package_identification:_identify(src/micro-ROS-Agent) by extension 'ignore_ament_install'
[1.739s] Level 1:colcon.colcon_core.package_identification:_identify(src/micro-ROS-Agent) by extensions ['colcon_pkg']
[1.740s] Level 1:colcon.colcon_core.package_identification:_identify(src/micro-ROS-Agent) by extension 'colcon_pkg'
[1.740s] Level 1:colcon.colcon_core.package_identification:_identify(src/micro-ROS-Agent) by extensions ['colcon_meta']
[1.740s] Level 1:colcon.colcon_core.package_identification:_identify(src/micro-ROS-Agent) by extension 'colcon_meta'
[1.740s] Level 1:colcon.colcon_core.package_identification:_identify(src/micro-ROS-Agent) by extensions ['ros']
[1.741s] Level 1:colcon.colcon_core.package_identification:_identify(src/micro-ROS-Agent) by extension 'ros'
[1.741s] Level 1:colcon.colcon_core.package_identification:_identify(src/micro-ROS-Agent) by extensions ['cmake', 'python']
[1.741s] Level 1:colcon.colcon_core.package_identification:_identify(src/micro-ROS-Agent) by extension 'cmake'
[1.741s] Level 1:colcon.colcon_core.package_identification:_identify(src/micro-ROS-Agent) by extension 'python'
[1.742s] Level 1:colcon.colcon_core.package_identification:_identify(src/micro-ROS-Agent) by extensions ['python_setup_py']
[1.742s] Level 1:colcon.colcon_core.package_identification:_identify(src/micro-ROS-Agent) by extension 'python_setup_py'
[1.742s] Level 1:colcon.colcon_core.package_identification:_identify(src/micro-ROS-Agent/micro_ros_agent) by extensions ['ignore', 'ignore_ament_install']
[1.743s] Level 1:colcon.colcon_core.package_identification:_identify(src/micro-ROS-Agent/micro_ros_agent) by extension 'ignore'
[1.743s] Level 1:colcon.colcon_core.package_identification:_identify(src/micro-ROS-Agent/micro_ros_agent) by extension 'ignore_ament_install'
[1.743s] Level 1:colcon.colcon_core.package_identification:_identify(src/micro-ROS-Agent/micro_ros_agent) by extensions ['colcon_pkg']
[1.744s] Level 1:colcon.colcon_core.package_identification:_identify(src/micro-ROS-Agent/micro_ros_agent) by extension 'colcon_pkg'
[1.744s] Level 1:colcon.colcon_core.package_identification:_identify(src/micro-ROS-Agent/micro_ros_agent) by extensions ['colcon_meta']
[1.744s] Level 1:colcon.colcon_core.package_identification:_identify(src/micro-ROS-Agent/micro_ros_agent) by extension 'colcon_meta'
[1.744s] Level 1:colcon.colcon_core.package_identification:_identify(src/micro-ROS-Agent/micro_ros_agent) by extensions ['ros']
[1.745s] Level 1:colcon.colcon_core.package_identification:_identify(src/micro-ROS-Agent/micro_ros_agent) by extension 'ros'
[1.750s] DEBUG:colcon.colcon_core.package_identification:Package 'src/micro-ROS-Agent/micro_ros_agent' with type 'ros.ament_cmake' and name 'micro_ros_agent'
[1.751s] Level 1:colcon.colcon_core.package_identification:_identify(src/micro-ROS-Agent/snap) by extensions ['ignore', 'ignore_ament_install']
[1.751s] Level 1:colcon.colcon_core.package_identification:_identify(src/micro-ROS-Agent/snap) by extension 'ignore'
[1.751s] Level 1:colcon.colcon_core.package_identification:_identify(src/micro-ROS-Agent/snap) by extension 'ignore_ament_install'
[1.752s] Level 1:colcon.colcon_core.package_identification:_identify(src/micro-ROS-Agent/snap) by extensions ['colcon_pkg']
[1.752s] Level 1:colcon.colcon_core.package_identification:_identify(src/micro-ROS-Agent/snap) by extension 'colcon_pkg'
[1.752s] Level 1:colcon.colcon_core.package_identification:_identify(src/micro-ROS-Agent/snap) by extensions ['colcon_meta']
[1.752s] Level 1:colcon.colcon_core.package_identification:_identify(src/micro-ROS-Agent/snap) by extension 'colcon_meta'
[1.753s] Level 1:colcon.colcon_core.package_identification:_identify(src/micro-ROS-Agent/snap) by extensions ['ros']
[1.753s] Level 1:colcon.colcon_core.package_identification:_identify(src/micro-ROS-Agent/snap) by extension 'ros'
[1.753s] Level 1:colcon.colcon_core.package_identification:_identify(src/micro-ROS-Agent/snap) by extensions ['cmake', 'python']
[1.753s] Level 1:colcon.colcon_core.package_identification:_identify(src/micro-ROS-Agent/snap) by extension 'cmake'
[1.754s] Level 1:colcon.colcon_core.package_identification:_identify(src/micro-ROS-Agent/snap) by extension 'python'
[1.754s] Level 1:colcon.colcon_core.package_identification:_identify(src/micro-ROS-Agent/snap) by extensions ['python_setup_py']
[1.754s] Level 1:colcon.colcon_core.package_identification:_identify(src/micro-ROS-Agent/snap) by extension 'python_setup_py'
[1.755s] Level 1:colcon.colcon_core.package_identification:_identify(src/micro-ROS-Agent/snap/hooks) by extensions ['ignore', 'ignore_ament_install']
[1.756s] Level 1:colcon.colcon_core.package_identification:_identify(src/micro-ROS-Agent/snap/hooks) by extension 'ignore'
[1.756s] Level 1:colcon.colcon_core.package_identification:_identify(src/micro-ROS-Agent/snap/hooks) by extension 'ignore_ament_install'
[1.756s] Level 1:colcon.colcon_core.package_identification:_identify(src/micro-ROS-Agent/snap/hooks) by extensions ['colcon_pkg']
[1.756s] Level 1:colcon.colcon_core.package_identification:_identify(src/micro-ROS-Agent/snap/hooks) by extension 'colcon_pkg'
[1.757s] Level 1:colcon.colcon_core.package_identification:_identify(src/micro-ROS-Agent/snap/hooks) by extensions ['colcon_meta']
[1.757s] Level 1:colcon.colcon_core.package_identification:_identify(src/micro-ROS-Agent/snap/hooks) by extension 'colcon_meta'
[1.757s] Level 1:colcon.colcon_core.package_identification:_identify(src/micro-ROS-Agent/snap/hooks) by extensions ['ros']
[1.757s] Level 1:colcon.colcon_core.package_identification:_identify(src/micro-ROS-Agent/snap/hooks) by extension 'ros'
[1.758s] Level 1:colcon.colcon_core.package_identification:_identify(src/micro-ROS-Agent/snap/hooks) by extensions ['cmake', 'python']
[1.758s] Level 1:colcon.colcon_core.package_identification:_identify(src/micro-ROS-Agent/snap/hooks) by extension 'cmake'
[1.758s] Level 1:colcon.colcon_core.package_identification:_identify(src/micro-ROS-Agent/snap/hooks) by extension 'python'
[1.758s] Level 1:colcon.colcon_core.package_identification:_identify(src/micro-ROS-Agent/snap/hooks) by extensions ['python_setup_py']
[1.759s] Level 1:colcon.colcon_core.package_identification:_identify(src/micro-ROS-Agent/snap/hooks) by extension 'python_setup_py'
[1.759s] Level 1:colcon.colcon_core.package_identification:_identify(src/micro-ROS-Agent/snap/local) by extensions ['ignore', 'ignore_ament_install']
[1.760s] Level 1:colcon.colcon_core.package_identification:_identify(src/micro-ROS-Agent/snap/local) by extension 'ignore'
[1.760s] Level 1:colcon.colcon_core.package_identification:_identify(src/micro-ROS-Agent/snap/local) by extension 'ignore_ament_install'
[1.760s] Level 1:colcon.colcon_core.package_identification:_identify(src/micro-ROS-Agent/snap/local) by extensions ['colcon_pkg']
[1.760s] Level 1:colcon.colcon_core.package_identification:_identify(src/micro-ROS-Agent/snap/local) by extension 'colcon_pkg'
[1.761s] Level 1:colcon.colcon_core.package_identification:_identify(src/micro-ROS-Agent/snap/local) by extensions ['colcon_meta']
[1.761s] Level 1:colcon.colcon_core.package_identification:_identify(src/micro-ROS-Agent/snap/local) by extension 'colcon_meta'
[1.761s] Level 1:colcon.colcon_core.package_identification:_identify(src/micro-ROS-Agent/snap/local) by extensions ['ros']
[1.761s] Level 1:colcon.colcon_core.package_identification:_identify(src/micro-ROS-Agent/snap/local) by extension 'ros'
[1.762s] Level 1:colcon.colcon_core.package_identification:_identify(src/micro-ROS-Agent/snap/local) by extensions ['cmake', 'python']
[1.762s] Level 1:colcon.colcon_core.package_identification:_identify(src/micro-ROS-Agent/snap/local) by extension 'cmake'
[1.762s] Level 1:colcon.colcon_core.package_identification:_identify(src/micro-ROS-Agent/snap/local) by extension 'python'
[1.762s] Level 1:colcon.colcon_core.package_identification:_identify(src/micro-ROS-Agent/snap/local) by extensions ['python_setup_py']
[1.763s] Level 1:colcon.colcon_core.package_identification:_identify(src/micro-ROS-Agent/snap/local) by extension 'python_setup_py'
[1.763s] Level 1:colcon.colcon_core.package_identification:_identify(src/micro_ros_msgs) by extensions ['ignore', 'ignore_ament_install']
[1.763s] Level 1:colcon.colcon_core.package_identification:_identify(src/micro_ros_msgs) by extension 'ignore'
[1.764s] Level 1:colcon.colcon_core.package_identification:_identify(src/micro_ros_msgs) by extension 'ignore_ament_install'
[1.764s] Level 1:colcon.colcon_core.package_identification:_identify(src/micro_ros_msgs) by extensions ['colcon_pkg']
[1.764s] Level 1:colcon.colcon_core.package_identification:_identify(src/micro_ros_msgs) by extension 'colcon_pkg'
[1.764s] Level 1:colcon.colcon_core.package_identification:_identify(src/micro_ros_msgs) by extensions ['colcon_meta']
[1.765s] Level 1:colcon.colcon_core.package_identification:_identify(src/micro_ros_msgs) by extension 'colcon_meta'
[1.765s] Level 1:colcon.colcon_core.package_identification:_identify(src/micro_ros_msgs) by extensions ['ros']
[1.765s] Level 1:colcon.colcon_core.package_identification:_identify(src/micro_ros_msgs) by extension 'ros'
[1.768s] DEBUG:colcon.colcon_core.package_identification:Package 'src/micro_ros_msgs' with type 'ros.ament_cmake' and name 'micro_ros_msgs'
[1.769s] Level 1:colcon.colcon_core.package_identification:_identify(src/ydlidar_ros2-1.0.0-fishbot) by extensions ['ignore', 'ignore_ament_install']
[1.769s] Level 1:colcon.colcon_core.package_identification:_identify(src/ydlidar_ros2-1.0.0-fishbot) by extension 'ignore'
[1.769s] Level 1:colcon.colcon_core.package_identification:_identify(src/ydlidar_ros2-1.0.0-fishbot) by extension 'ignore_ament_install'
[1.770s] Level 1:colcon.colcon_core.package_identification:_identify(src/ydlidar_ros2-1.0.0-fishbot) by extensions ['colcon_pkg']
[1.770s] Level 1:colcon.colcon_core.package_identification:_identify(src/ydlidar_ros2-1.0.0-fishbot) by extension 'colcon_pkg'
[1.770s] Level 1:colcon.colcon_core.package_identification:_identify(src/ydlidar_ros2-1.0.0-fishbot) by extensions ['colcon_meta']
[1.770s] Level 1:colcon.colcon_core.package_identification:_identify(src/ydlidar_ros2-1.0.0-fishbot) by extension 'colcon_meta'
[1.771s] Level 1:colcon.colcon_core.package_identification:_identify(src/ydlidar_ros2-1.0.0-fishbot) by extensions ['ros']
[1.771s] Level 1:colcon.colcon_core.package_identification:_identify(src/ydlidar_ros2-1.0.0-fishbot) by extension 'ros'
[1.774s] DEBUG:colcon.colcon_core.package_identification:Package 'src/ydlidar_ros2-1.0.0-fishbot' with type 'ros.ament_cmake' and name 'ydlidar'
[1.774s] Level 1:colcon.colcon_core.package_discovery:discover_packages(recursive) using defaults
[1.775s] Level 1:colcon.colcon_core.package_discovery:discover_packages(ignore) discover
[1.775s] Level 1:colcon.colcon_core.package_discovery:discover_packages(ignore) using defaults
[1.775s] Level 1:colcon.colcon_core.package_discovery:discover_packages(path) discover
[1.775s] Level 1:colcon.colcon_core.package_discovery:discover_packages(path) using defaults
[1.882s] INFO:colcon.colcon_metadata.metadata.colcon_pkg:Updating descriptor of package 'src/Micro-XRCE-DDS-Agent' from colcon.pkg: {'name': 'microxrcedds_agent', 'type': 'cmake', 'dependencies': ['fastcdr', 'fastrtps'], 'cmake-args': ['-DUAGENT_ISOLATED_INSTALL=OFF', '-DUAGENT_USE_SYSTEM_FASTCDR=ON', '-DUAGENT_USE_SYSTEM_FASTDDS=ON']}
[1.892s] Level 1:colcon.colcon_core.package_discovery:discover_packages(prefix_path) check parameters
[1.892s] Level 1:colcon.colcon_core.package_discovery:discover_packages(prefix_path) discover
[1.902s] DEBUG:colcon.colcon_installed_package_information.package_discovery:Found 6 installed packages in /home/sunrise/ros2_ws/install
[1.909s] DEBUG:colcon.colcon_installed_package_information.package_discovery:Found 271 installed packages in /opt/ros/humble
[2.006s] Level 1:colcon.colcon_core.package_discovery:discover_packages(prefix_path) using defaults
[2.264s] Level 5:colcon.colcon_core.verb:set package 'fishbot_bringup' build argument 'cmake_args' from command line to 'None'
[2.265s] Level 5:colcon.colcon_core.verb:set package 'fishbot_bringup' build argument 'cmake_target' from command line to 'None'
[2.265s] Level 5:colcon.colcon_core.verb:set package 'fishbot_bringup' build argument 'cmake_target_skip_unavailable' from command line to 'False'
[2.265s] Level 5:colcon.colcon_core.verb:set package 'fishbot_bringup' build argument 'cmake_clean_cache' from command line to 'False'
[2.265s] Level 5:colcon.colcon_core.verb:set package 'fishbot_bringup' build argument 'cmake_clean_first' from command line to 'False'
[2.266s] Level 5:colcon.colcon_core.verb:set package 'fishbot_bringup' build argument 'cmake_force_configure' from command line to 'False'
[2.266s] Level 5:colcon.colcon_core.verb:set package 'fishbot_bringup' build argument 'ament_cmake_args' from command line to 'None'
[2.266s] Level 5:colcon.colcon_core.verb:set package 'fishbot_bringup' build argument 'catkin_cmake_args' from command line to 'None'
[2.266s] Level 5:colcon.colcon_core.verb:set package 'fishbot_bringup' build argument 'catkin_skip_building_tests' from command line to 'False'
[2.266s] DEBUG:colcon.colcon_core.verb:Building package 'fishbot_bringup' with the following arguments: {'ament_cmake_args': None, 'build_base': '/home/sunrise/ros2_ws/build/fishbot_bringup', 'catkin_cmake_args': None, 'catkin_skip_building_tests': False, 'cmake_args': None, 'cmake_clean_cache': False, 'cmake_clean_first': False, 'cmake_force_configure': False, 'cmake_target': None, 'cmake_target_skip_unavailable': False, 'install_base': '/home/sunrise/ros2_ws/install/fishbot_bringup', 'merge_install': False, 'path': '/home/sunrise/ros2_ws/src/fishbot_bringup', 'symlink_install': False, 'test_result_base': None}
[2.269s] Level 5:colcon.colcon_core.verb:set package 'fishbot_description' build argument 'cmake_args' from command line to 'None'
[2.269s] Level 5:colcon.colcon_core.verb:set package 'fishbot_description' build argument 'cmake_target' from command line to 'None'
[2.269s] Level 5:colcon.colcon_core.verb:set package 'fishbot_description' build argument 'cmake_target_skip_unavailable' from command line to 'False'
[2.269s] Level 5:colcon.colcon_core.verb:set package 'fishbot_description' build argument 'cmake_clean_cache' from command line to 'False'
[2.270s] Level 5:colcon.colcon_core.verb:set package 'fishbot_description' build argument 'cmake_clean_first' from command line to 'False'
[2.270s] Level 5:colcon.colcon_core.verb:set package 'fishbot_description' build argument 'cmake_force_configure' from command line to 'False'
[2.270s] Level 5:colcon.colcon_core.verb:set package 'fishbot_description' build argument 'ament_cmake_args' from command line to 'None'
[2.270s] Level 5:colcon.colcon_core.verb:set package 'fishbot_description' build argument 'catkin_cmake_args' from command line to 'None'
[2.270s] Level 5:colcon.colcon_core.verb:set package 'fishbot_description' build argument 'catkin_skip_building_tests' from command line to 'False'
[2.271s] DEBUG:colcon.colcon_core.verb:Building package 'fishbot_description' with the following arguments: {'ament_cmake_args': None, 'build_base': '/home/sunrise/ros2_ws/build/fishbot_description', 'catkin_cmake_args': None, 'catkin_skip_building_tests': False, 'cmake_args': None, 'cmake_clean_cache': False, 'cmake_clean_first': False, 'cmake_force_configure': False, 'cmake_target': None, 'cmake_target_skip_unavailable': False, 'install_base': '/home/sunrise/ros2_ws/install/fishbot_description', 'merge_install': False, 'path': '/home/sunrise/ros2_ws/src/fishbot_description', 'symlink_install': False, 'test_result_base': None}
[2.273s] Level 5:colcon.colcon_core.verb:set package 'micro_ros_msgs' build argument 'cmake_args' from command line to 'None'
[2.273s] Level 5:colcon.colcon_core.verb:set package 'micro_ros_msgs' build argument 'cmake_target' from command line to 'None'
[2.273s] Level 5:colcon.colcon_core.verb:set package 'micro_ros_msgs' build argument 'cmake_target_skip_unavailable' from command line to 'False'
[2.273s] Level 5:colcon.colcon_core.verb:set package 'micro_ros_msgs' build argument 'cmake_clean_cache' from command line to 'False'
[2.274s] Level 5:colcon.colcon_core.verb:set package 'micro_ros_msgs' build argument 'cmake_clean_first' from command line to 'False'
[2.274s] Level 5:colcon.colcon_core.verb:set package 'micro_ros_msgs' build argument 'cmake_force_configure' from command line to 'False'
[2.274s] Level 5:colcon.colcon_core.verb:set package 'micro_ros_msgs' build argument 'ament_cmake_args' from command line to 'None'
[2.274s] Level 5:colcon.colcon_core.verb:set package 'micro_ros_msgs' build argument 'catkin_cmake_args' from command line to 'None'
[2.274s] Level 5:colcon.colcon_core.verb:set package 'micro_ros_msgs' build argument 'catkin_skip_building_tests' from command line to 'False'
[2.274s] DEBUG:colcon.colcon_core.verb:Building package 'micro_ros_msgs' with the following arguments: {'ament_cmake_args': None, 'build_base': '/home/sunrise/ros2_ws/build/micro_ros_msgs', 'catkin_cmake_args': None, 'catkin_skip_building_tests': False, 'cmake_args': None, 'cmake_clean_cache': False, 'cmake_clean_first': False, 'cmake_force_configure': False, 'cmake_target': None, 'cmake_target_skip_unavailable': False, 'install_base': '/home/sunrise/ros2_ws/install/micro_ros_msgs', 'merge_install': False, 'path': '/home/sunrise/ros2_ws/src/micro_ros_msgs', 'symlink_install': False, 'test_result_base': None}
[2.277s] Level 5:colcon.colcon_core.verb:set package 'microxrcedds_agent' build argument 'cmake_args' from command line to 'None'
[2.277s] Level 5:colcon.colcon_core.verb:overwrite package 'microxrcedds_agent' build argument 'cmake_args' from package metadata with '['-DUAGENT_ISOLATED_INSTALL=OFF', '-DUAGENT_USE_SYSTEM_FASTCDR=ON', '-DUAGENT_USE_SYSTEM_FASTDDS=ON']' (before: 'None')
[2.277s] Level 5:colcon.colcon_core.verb:set package 'microxrcedds_agent' build argument 'cmake_target' from command line to 'None'
[2.277s] Level 5:colcon.colcon_core.verb:set package 'microxrcedds_agent' build argument 'cmake_target_skip_unavailable' from command line to 'False'
[2.277s] Level 5:colcon.colcon_core.verb:set package 'microxrcedds_agent' build argument 'cmake_clean_cache' from command line to 'False'
[2.278s] Level 5:colcon.colcon_core.verb:set package 'microxrcedds_agent' build argument 'cmake_clean_first' from command line to 'False'
[2.278s] Level 5:colcon.colcon_core.verb:set package 'microxrcedds_agent' build argument 'cmake_force_configure' from command line to 'False'
[2.278s] Level 5:colcon.colcon_core.verb:set package 'microxrcedds_agent' build argument 'ament_cmake_args' from command line to 'None'
[2.278s] Level 5:colcon.colcon_core.verb:set package 'microxrcedds_agent' build argument 'catkin_cmake_args' from command line to 'None'
[2.278s] Level 5:colcon.colcon_core.verb:set package 'microxrcedds_agent' build argument 'catkin_skip_building_tests' from command line to 'False'
[2.278s] DEBUG:colcon.colcon_core.verb:Building package 'microxrcedds_agent' with the following arguments: {'ament_cmake_args': None, 'build_base': '/home/sunrise/ros2_ws/build/microxrcedds_agent', 'catkin_cmake_args': None, 'catkin_skip_building_tests': False, 'cmake_args': ['-DUAGENT_ISOLATED_INSTALL=OFF', '-DUAGENT_USE_SYSTEM_FASTCDR=ON', '-DUAGENT_USE_SYSTEM_FASTDDS=ON'], 'cmake_clean_cache': False, 'cmake_clean_first': False, 'cmake_force_configure': False, 'cmake_target': None, 'cmake_target_skip_unavailable': False, 'install_base': '/home/sunrise/ros2_ws/install/microxrcedds_agent', 'merge_install': False, 'path': '/home/sunrise/ros2_ws/src/Micro-XRCE-DDS-Agent', 'symlink_install': False, 'test_result_base': None}
[2.281s] Level 5:colcon.colcon_core.verb:set package 'ydlidar' build argument 'cmake_args' from command line to 'None'
[2.281s] Level 5:colcon.colcon_core.verb:set package 'ydlidar' build argument 'cmake_target' from command line to 'None'
[2.281s] Level 5:colcon.colcon_core.verb:set package 'ydlidar' build argument 'cmake_target_skip_unavailable' from command line to 'False'
[2.281s] Level 5:colcon.colcon_core.verb:set package 'ydlidar' build argument 'cmake_clean_cache' from command line to 'False'
[2.281s] Level 5:colcon.colcon_core.verb:set package 'ydlidar' build argument 'cmake_clean_first' from command line to 'False'
[2.282s] Level 5:colcon.colcon_core.verb:set package 'ydlidar' build argument 'cmake_force_configure' from command line to 'False'
[2.282s] Level 5:colcon.colcon_core.verb:set package 'ydlidar' build argument 'ament_cmake_args' from command line to 'None'
[2.282s] Level 5:colcon.colcon_core.verb:set package 'ydlidar' build argument 'catkin_cmake_args' from command line to 'None'
[2.282s] Level 5:colcon.colcon_core.verb:set package 'ydlidar' build argument 'catkin_skip_building_tests' from command line to 'False'
[2.282s] DEBUG:colcon.colcon_core.verb:Building package 'ydlidar' with the following arguments: {'ament_cmake_args': None, 'build_base': '/home/sunrise/ros2_ws/build/ydlidar', 'catkin_cmake_args': None, 'catkin_skip_building_tests': False, 'cmake_args': None, 'cmake_clean_cache': False, 'cmake_clean_first': False, 'cmake_force_configure': False, 'cmake_target': None, 'cmake_target_skip_unavailable': False, 'install_base': '/home/sunrise/ros2_ws/install/ydlidar', 'merge_install': False, 'path': '/home/sunrise/ros2_ws/src/ydlidar_ros2-1.0.0-fishbot', 'symlink_install': False, 'test_result_base': None}
[2.285s] Level 5:colcon.colcon_core.verb:set package 'micro_ros_agent' build argument 'cmake_args' from command line to 'None'
[2.285s] Level 5:colcon.colcon_core.verb:set package 'micro_ros_agent' build argument 'cmake_target' from command line to 'None'
[2.285s] Level 5:colcon.colcon_core.verb:set package 'micro_ros_agent' build argument 'cmake_target_skip_unavailable' from command line to 'False'
[2.285s] Level 5:colcon.colcon_core.verb:set package 'micro_ros_agent' build argument 'cmake_clean_cache' from command line to 'False'
[2.285s] Level 5:colcon.colcon_core.verb:set package 'micro_ros_agent' build argument 'cmake_clean_first' from command line to 'False'
[2.285s] Level 5:colcon.colcon_core.verb:set package 'micro_ros_agent' build argument 'cmake_force_configure' from command line to 'False'
[2.286s] Level 5:colcon.colcon_core.verb:set package 'micro_ros_agent' build argument 'ament_cmake_args' from command line to 'None'
[2.286s] Level 5:colcon.colcon_core.verb:set package 'micro_ros_agent' build argument 'catkin_cmake_args' from command line to 'None'
[2.286s] Level 5:colcon.colcon_core.verb:set package 'micro_ros_agent' build argument 'catkin_skip_building_tests' from command line to 'False'
[2.286s] DEBUG:colcon.colcon_core.verb:Building package 'micro_ros_agent' with the following arguments: {'ament_cmake_args': None, 'build_base': '/home/sunrise/ros2_ws/build/micro_ros_agent', 'catkin_cmake_args': None, 'catkin_skip_building_tests': False, 'cmake_args': None, 'cmake_clean_cache': False, 'cmake_clean_first': False, 'cmake_force_configure': False, 'cmake_target': None, 'cmake_target_skip_unavailable': False, 'install_base': '/home/sunrise/ros2_ws/install/micro_ros_agent', 'merge_install': False, 'path': '/home/sunrise/ros2_ws/src/micro-ROS-Agent/micro_ros_agent', 'symlink_install': False, 'test_result_base': None}
[2.287s] INFO:colcon.colcon_core.executor:Executing jobs using 'parallel' executor
[2.292s] DEBUG:colcon.colcon_parallel_executor.executor.parallel:run_until_complete
[2.293s] INFO:colcon.colcon_ros.task.ament_cmake.build:Building ROS package in '/home/sunrise/ros2_ws/src/micro_ros_msgs' with build type 'ament_cmake'
[2.294s] INFO:colcon.colcon_cmake.task.cmake.build:Building CMake package in '/home/sunrise/ros2_ws/src/micro_ros_msgs'
[2.305s] INFO:colcon.colcon_core.plugin_system:Skipping extension 'colcon_core.shell.bat': Not used on non-Windows systems
[2.307s] INFO:colcon.colcon_core.shell:Skip shell extension 'powershell' for command environment: Not usable outside of PowerShell
[2.307s] DEBUG:colcon.colcon_core.shell:Skip shell extension 'dsv' for command environment
[2.325s] INFO:colcon.colcon_ros.task.ament_cmake.build:Building ROS package in '/home/sunrise/ros2_ws/src/fishbot_bringup' with build type 'ament_cmake'
[2.326s] INFO:colcon.colcon_cmake.task.cmake.build:Building CMake package in '/home/sunrise/ros2_ws/src/fishbot_bringup'
[2.328s] INFO:colcon.colcon_core.shell:Skip shell extension 'powershell' for command environment: Not usable outside of PowerShell
[2.328s] DEBUG:colcon.colcon_core.shell:Skip shell extension 'dsv' for command environment
[2.346s] INFO:colcon.colcon_ros.task.ament_python.build:Building ROS package in '/home/sunrise/ros2_ws/src/fishbot_description' with build type 'ament_python'
[2.346s] Level 1:colcon.colcon_core.shell:create_environment_hook('fishbot_description', 'ament_prefix_path')
[2.348s] INFO:colcon.colcon_core.shell:Creating environment hook '/home/sunrise/ros2_ws/install/fishbot_description/share/fishbot_description/hook/ament_prefix_path.ps1'
[2.352s] INFO:colcon.colcon_core.shell:Creating environment descriptor '/home/sunrise/ros2_ws/install/fishbot_description/share/fishbot_description/hook/ament_prefix_path.dsv'
[2.355s] INFO:colcon.colcon_core.shell:Creating environment hook '/home/sunrise/ros2_ws/install/fishbot_description/share/fishbot_description/hook/ament_prefix_path.sh'
[2.360s] INFO:colcon.colcon_core.shell:Skip shell extension 'powershell' for command environment: Not usable outside of PowerShell
[2.360s] DEBUG:colcon.colcon_core.shell:Skip shell extension 'dsv' for command environment
[2.376s] INFO:colcon.colcon_cmake.task.cmake.build:Building CMake package in '/home/sunrise/ros2_ws/src/Micro-XRCE-DDS-Agent'
[2.378s] INFO:colcon.colcon_core.shell:Skip shell extension 'powershell' for command environment: Not usable outside of PowerShell
[2.379s] DEBUG:colcon.colcon_core.shell:Skip shell extension 'dsv' for command environment
[2.397s] INFO:colcon.colcon_ros.task.ament_cmake.build:Building ROS package in '/home/sunrise/ros2_ws/src/ydlidar_ros2-1.0.0-fishbot' with build type 'ament_cmake'
[2.398s] INFO:colcon.colcon_cmake.task.cmake.build:Building CMake package in '/home/sunrise/ros2_ws/src/ydlidar_ros2-1.0.0-fishbot'
[2.400s] INFO:colcon.colcon_core.shell:Skip shell extension 'powershell' for command environment: Not usable outside of PowerShell
[2.400s] DEBUG:colcon.colcon_core.shell:Skip shell extension 'dsv' for command environment
[2.439s] DEBUG:colcon.colcon_core.event_handler.log_command:Invoking command in '/home/sunrise/ros2_ws/build/micro_ros_msgs': CMAKE_PREFIX_PATH=${CMAKE_PREFIX_PATH}:/opt/ros/humble:/home/sunrise/ros2_ws/install/fishbot_description /usr/bin/cmake --build /home/sunrise/ros2_ws/build/micro_ros_msgs -- -j8 -l8
[2.458s] DEBUG:colcon.colcon_core.event_handler.log_command:Invoking command in '/home/sunrise/ros2_ws/build/fishbot_bringup': CMAKE_PREFIX_PATH=${CMAKE_PREFIX_PATH}:/opt/ros/humble:/home/sunrise/ros2_ws/install/fishbot_description /usr/bin/cmake --build /home/sunrise/ros2_ws/build/fishbot_bringup -- -j8 -l8
[4.222s] INFO:colcon.colcon_core.task.python.build:Building Python package in '/home/sunrise/ros2_ws/src/fishbot_description'
[4.224s] INFO:colcon.colcon_core.shell:Skip shell extension 'powershell' for command environment: Not usable outside of PowerShell
[4.225s] DEBUG:colcon.colcon_core.shell:Skip shell extension 'dsv' for command environment
[4.258s] DEBUG:colcon.colcon_core.event_handler.log_command:Invoking command in '/home/sunrise/ros2_ws/build/microxrcedds_agent': /usr/bin/cmake --build /home/sunrise/ros2_ws/build/microxrcedds_agent -- -j8 -l8
[4.278s] DEBUG:colcon.colcon_core.event_handler.log_command:Invoking command in '/home/sunrise/ros2_ws/build/ydlidar': CMAKE_PREFIX_PATH=${CMAKE_PREFIX_PATH}:/opt/ros/humble:/home/sunrise/ros2_ws/install/fishbot_description /usr/bin/cmake --build /home/sunrise/ros2_ws/build/ydlidar -- -j8 -l8
[4.616s] DEBUG:colcon.colcon_core.event_handler.log_command:Invoked command in '/home/sunrise/ros2_ws/build/ydlidar' returned '0': CMAKE_PREFIX_PATH=${CMAKE_PREFIX_PATH}:/opt/ros/humble:/home/sunrise/ros2_ws/install/fishbot_description /usr/bin/cmake --build /home/sunrise/ros2_ws/build/ydlidar -- -j8 -l8
[4.667s] DEBUG:colcon.colcon_core.event_handler.log_command:Invoking command in '/home/sunrise/ros2_ws/build/ydlidar': CMAKE_PREFIX_PATH=${CMAKE_PREFIX_PATH}:/opt/ros/humble:/home/sunrise/ros2_ws/install/fishbot_description /usr/bin/cmake --install /home/sunrise/ros2_ws/build/ydlidar
[4.718s] Level 1:colcon.colcon_core.environment:create_environment_scripts_only(ydlidar)
[4.733s] DEBUG:colcon.colcon_core.event_handler.log_command:Invoked command in '/home/sunrise/ros2_ws/build/ydlidar' returned '0': CMAKE_PREFIX_PATH=${CMAKE_PREFIX_PATH}:/opt/ros/humble:/home/sunrise/ros2_ws/install/fishbot_description /usr/bin/cmake --install /home/sunrise/ros2_ws/build/ydlidar
[4.746s] Level 1:colcon.colcon_core.environment:checking '/home/sunrise/ros2_ws/install/ydlidar' for CMake module files
[4.749s] Level 1:colcon.colcon_core.environment:checking '/home/sunrise/ros2_ws/install/ydlidar' for CMake config files
[4.751s] Level 1:colcon.colcon_core.shell:create_environment_hook('ydlidar', 'cmake_prefix_path')
[4.752s] INFO:colcon.colcon_core.shell:Creating environment hook '/home/sunrise/ros2_ws/install/ydlidar/share/ydlidar/hook/cmake_prefix_path.ps1'
[4.755s] INFO:colcon.colcon_core.shell:Creating environment descriptor '/home/sunrise/ros2_ws/install/ydlidar/share/ydlidar/hook/cmake_prefix_path.dsv'
[4.758s] INFO:colcon.colcon_core.shell:Creating environment hook '/home/sunrise/ros2_ws/install/ydlidar/share/ydlidar/hook/cmake_prefix_path.sh'
[4.763s] Level 1:colcon.colcon_core.environment:checking '/home/sunrise/ros2_ws/install/ydlidar/lib'
[4.765s] Level 1:colcon.colcon_core.environment:checking '/home/sunrise/ros2_ws/install/ydlidar/bin'
[4.765s] Level 1:colcon.colcon_core.environment:checking '/home/sunrise/ros2_ws/install/ydlidar/lib/pkgconfig/ydlidar.pc'
[4.767s] Level 1:colcon.colcon_core.environment:checking '/home/sunrise/ros2_ws/install/ydlidar/lib/python3.10/site-packages'
[4.768s] Level 1:colcon.colcon_core.environment:checking '/home/sunrise/ros2_ws/install/ydlidar/bin'
[4.772s] INFO:colcon.colcon_core.shell:Creating package script '/home/sunrise/ros2_ws/install/ydlidar/share/ydlidar/package.ps1'
[4.777s] INFO:colcon.colcon_core.shell:Creating package descriptor '/home/sunrise/ros2_ws/install/ydlidar/share/ydlidar/package.dsv'
[4.781s] INFO:colcon.colcon_core.shell:Creating package script '/home/sunrise/ros2_ws/install/ydlidar/share/ydlidar/package.sh'
[4.787s] INFO:colcon.colcon_core.shell:Creating package script '/home/sunrise/ros2_ws/install/ydlidar/share/ydlidar/package.bash'
[4.794s] INFO:colcon.colcon_core.shell:Creating package script '/home/sunrise/ros2_ws/install/ydlidar/share/ydlidar/package.zsh'
[4.799s] Level 1:colcon.colcon_core.environment:create_file_with_runtime_dependencies(/home/sunrise/ros2_ws/install/ydlidar/share/colcon-core/packages/ydlidar)
[4.803s] Level 1:colcon.colcon_core.environment:create_environment_scripts_only(ydlidar)
[4.805s] Level 1:colcon.colcon_core.environment:checking '/home/sunrise/ros2_ws/install/ydlidar' for CMake module files
[4.808s] Level 1:colcon.colcon_core.environment:checking '/home/sunrise/ros2_ws/install/ydlidar' for CMake config files
[4.809s] Level 1:colcon.colcon_core.shell:create_environment_hook('ydlidar', 'cmake_prefix_path')
[4.811s] INFO:colcon.colcon_core.shell:Creating environment hook '/home/sunrise/ros2_ws/install/ydlidar/share/ydlidar/hook/cmake_prefix_path.ps1'
[4.814s] INFO:colcon.colcon_core.shell:Creating environment descriptor '/home/sunrise/ros2_ws/install/ydlidar/share/ydlidar/hook/cmake_prefix_path.dsv'
[4.817s] INFO:colcon.colcon_core.shell:Creating environment hook '/home/sunrise/ros2_ws/install/ydlidar/share/ydlidar/hook/cmake_prefix_path.sh'
[4.821s] Level 1:colcon.colcon_core.environment:checking '/home/sunrise/ros2_ws/install/ydlidar/lib'
[4.822s] Level 1:colcon.colcon_core.environment:checking '/home/sunrise/ros2_ws/install/ydlidar/bin'
[4.822s] Level 1:colcon.colcon_core.environment:checking '/home/sunrise/ros2_ws/install/ydlidar/lib/pkgconfig/ydlidar.pc'
[4.824s] Level 1:colcon.colcon_core.environment:checking '/home/sunrise/ros2_ws/install/ydlidar/lib/python3.10/site-packages'
[4.825s] Level 1:colcon.colcon_core.environment:checking '/home/sunrise/ros2_ws/install/ydlidar/bin'
[4.828s] INFO:colcon.colcon_core.shell:Creating package script '/home/sunrise/ros2_ws/install/ydlidar/share/ydlidar/package.ps1'
[4.831s] INFO:colcon.colcon_core.shell:Creating package descriptor '/home/sunrise/ros2_ws/install/ydlidar/share/ydlidar/package.dsv'
[4.835s] INFO:colcon.colcon_core.shell:Creating package script '/home/sunrise/ros2_ws/install/ydlidar/share/ydlidar/package.sh'
[4.838s] INFO:colcon.colcon_core.shell:Creating package script '/home/sunrise/ros2_ws/install/ydlidar/share/ydlidar/package.bash'
[4.842s] INFO:colcon.colcon_core.shell:Creating package script '/home/sunrise/ros2_ws/install/ydlidar/share/ydlidar/package.zsh'
[4.845s] Level 1:colcon.colcon_core.environment:create_file_with_runtime_dependencies(/home/sunrise/ros2_ws/install/ydlidar/share/colcon-core/packages/ydlidar)
[4.853s] DEBUG:colcon.colcon_core.event_handler.log_command:Invoked command in '/home/sunrise/ros2_ws/build/micro_ros_msgs' returned '0': CMAKE_PREFIX_PATH=${CMAKE_PREFIX_PATH}:/opt/ros/humble:/home/sunrise/ros2_ws/install/fishbot_description /usr/bin/cmake --build /home/sunrise/ros2_ws/build/micro_ros_msgs -- -j8 -l8
[4.860s] DEBUG:colcon.colcon_core.event_handler.log_command:Invoking command in '/home/sunrise/ros2_ws/build/micro_ros_msgs': CMAKE_PREFIX_PATH=${CMAKE_PREFIX_PATH}:/opt/ros/humble:/home/sunrise/ros2_ws/install/fishbot_description /usr/bin/cmake --install /home/sunrise/ros2_ws/build/micro_ros_msgs
[4.862s] DEBUG:colcon.colcon_core.event_handler.log_command:Invoked command in '/home/sunrise/ros2_ws/build/microxrcedds_agent' returned '0': /usr/bin/cmake --build /home/sunrise/ros2_ws/build/microxrcedds_agent -- -j8 -l8
[4.870s] DEBUG:colcon.colcon_core.event_handler.log_command:Invoking command in '/home/sunrise/ros2_ws/build/microxrcedds_agent': /usr/bin/cmake --install /home/sunrise/ros2_ws/build/microxrcedds_agent
[4.944s] Level 1:colcon.colcon_core.environment:create_environment_scripts_only(microxrcedds_agent)
[4.946s] Level 1:colcon.colcon_core.environment:checking '/home/sunrise/ros2_ws/install/microxrcedds_agent' for CMake module files
[4.954s] Level 1:colcon.colcon_core.environment:checking '/home/sunrise/ros2_ws/install/microxrcedds_agent' for CMake config files
[5.004s] Level 1:colcon.colcon_core.shell:create_environment_hook('microxrcedds_agent', 'cmake_prefix_path')
[5.006s] INFO:colcon.colcon_core.shell:Creating environment hook '/home/sunrise/ros2_ws/install/microxrcedds_agent/share/microxrcedds_agent/hook/cmake_prefix_path.ps1'
[5.011s] INFO:colcon.colcon_core.shell:Creating environment descriptor '/home/sunrise/ros2_ws/install/microxrcedds_agent/share/microxrcedds_agent/hook/cmake_prefix_path.dsv'
[5.016s] INFO:colcon.colcon_core.shell:Creating environment hook '/home/sunrise/ros2_ws/install/microxrcedds_agent/share/microxrcedds_agent/hook/cmake_prefix_path.sh'
[5.022s] Level 1:colcon.colcon_core.environment:checking '/home/sunrise/ros2_ws/install/microxrcedds_agent/lib'
[5.024s] Level 1:colcon.colcon_core.shell:create_environment_hook('microxrcedds_agent', 'ld_library_path_lib')
[5.026s] INFO:colcon.colcon_core.shell:Creating environment hook '/home/sunrise/ros2_ws/install/microxrcedds_agent/share/microxrcedds_agent/hook/ld_library_path_lib.ps1'
[5.030s] INFO:colcon.colcon_core.shell:Creating environment descriptor '/home/sunrise/ros2_ws/install/microxrcedds_agent/share/microxrcedds_agent/hook/ld_library_path_lib.dsv'
[5.035s] INFO:colcon.colcon_core.shell:Creating environment hook '/home/sunrise/ros2_ws/install/microxrcedds_agent/share/microxrcedds_agent/hook/ld_library_path_lib.sh'
[5.041s] Level 1:colcon.colcon_core.environment:checking '/home/sunrise/ros2_ws/install/microxrcedds_agent/bin'
[5.042s] Level 1:colcon.colcon_core.shell:create_environment_hook('microxrcedds_agent', 'path')
[5.044s] INFO:colcon.colcon_core.shell:Creating environment hook '/home/sunrise/ros2_ws/install/microxrcedds_agent/share/microxrcedds_agent/hook/path.ps1'
[5.049s] INFO:colcon.colcon_core.shell:Creating environment descriptor '/home/sunrise/ros2_ws/install/microxrcedds_agent/share/microxrcedds_agent/hook/path.dsv'
[5.054s] INFO:colcon.colcon_core.shell:Creating environment hook '/home/sunrise/ros2_ws/install/microxrcedds_agent/share/microxrcedds_agent/hook/path.sh'
[5.059s] Level 1:colcon.colcon_core.environment:checking '/home/sunrise/ros2_ws/install/microxrcedds_agent/lib/pkgconfig/microxrcedds_agent.pc'
[5.061s] Level 1:colcon.colcon_core.environment:checking '/home/sunrise/ros2_ws/install/microxrcedds_agent/lib/python3.10/site-packages'
[5.063s] Level 1:colcon.colcon_core.environment:checking '/home/sunrise/ros2_ws/install/microxrcedds_agent/bin'
[5.065s] Level 1:colcon.colcon_core.shell:create_environment_hook('microxrcedds_agent', 'pythonscriptspath')
[5.067s] INFO:colcon.colcon_core.shell:Creating environment hook '/home/sunrise/ros2_ws/install/microxrcedds_agent/share/microxrcedds_agent/hook/pythonscriptspath.ps1'
[5.072s] INFO:colcon.colcon_core.shell:Creating environment descriptor '/home/sunrise/ros2_ws/install/microxrcedds_agent/share/microxrcedds_agent/hook/pythonscriptspath.dsv'
[5.077s] INFO:colcon.colcon_core.shell:Creating environment hook '/home/sunrise/ros2_ws/install/microxrcedds_agent/share/microxrcedds_agent/hook/pythonscriptspath.sh'
[5.084s] INFO:colcon.colcon_core.shell:Creating package script '/home/sunrise/ros2_ws/install/microxrcedds_agent/share/microxrcedds_agent/package.ps1'
[5.090s] INFO:colcon.colcon_core.shell:Creating package descriptor '/home/sunrise/ros2_ws/install/microxrcedds_agent/share/microxrcedds_agent/package.dsv'
[5.096s] INFO:colcon.colcon_core.shell:Creating package script '/home/sunrise/ros2_ws/install/microxrcedds_agent/share/microxrcedds_agent/package.sh'
[5.121s] INFO:colcon.colcon_core.shell:Creating package script '/home/sunrise/ros2_ws/install/microxrcedds_agent/share/microxrcedds_agent/package.bash'
[5.126s] INFO:colcon.colcon_core.shell:Creating package script '/home/sunrise/ros2_ws/install/microxrcedds_agent/share/microxrcedds_agent/package.zsh'
[5.131s] Level 1:colcon.colcon_core.environment:create_file_with_runtime_dependencies(/home/sunrise/ros2_ws/install/microxrcedds_agent/share/colcon-core/packages/microxrcedds_agent)
[5.217s] DEBUG:colcon.colcon_core.event_handler.log_command:Invoked command in '/home/sunrise/ros2_ws/build/microxrcedds_agent' returned '0': /usr/bin/cmake --install /home/sunrise/ros2_ws/build/microxrcedds_agent
[5.220s] Level 1:colcon.colcon_core.environment:create_environment_scripts_only(micro_ros_msgs)
[5.222s] Level 1:colcon.colcon_core.environment:checking '/home/sunrise/ros2_ws/install/micro_ros_msgs' for CMake module files
[5.235s] Level 1:colcon.colcon_core.environment:checking '/home/sunrise/ros2_ws/install/micro_ros_msgs' for CMake config files
[5.257s] Level 1:colcon.colcon_core.shell:create_environment_hook('micro_ros_msgs', 'cmake_prefix_path')
[5.259s] INFO:colcon.colcon_core.shell:Creating environment hook '/home/sunrise/ros2_ws/install/micro_ros_msgs/share/micro_ros_msgs/hook/cmake_prefix_path.ps1'
[5.264s] INFO:colcon.colcon_core.shell:Creating environment descriptor '/home/sunrise/ros2_ws/install/micro_ros_msgs/share/micro_ros_msgs/hook/cmake_prefix_path.dsv'
[5.268s] INFO:colcon.colcon_core.shell:Creating environment hook '/home/sunrise/ros2_ws/install/micro_ros_msgs/share/micro_ros_msgs/hook/cmake_prefix_path.sh'
[5.269s] DEBUG:colcon.colcon_core.event_handler.log_command:Invoked command in '/home/sunrise/ros2_ws/build/micro_ros_msgs' returned '0': CMAKE_PREFIX_PATH=${CMAKE_PREFIX_PATH}:/opt/ros/humble:/home/sunrise/ros2_ws/install/fishbot_description /usr/bin/cmake --install /home/sunrise/ros2_ws/build/micro_ros_msgs
[5.273s] Level 1:colcon.colcon_core.environment:checking '/home/sunrise/ros2_ws/install/micro_ros_msgs/lib'
[5.274s] Level 1:colcon.colcon_core.shell:create_environment_hook('micro_ros_msgs', 'ld_library_path_lib')
[5.276s] INFO:colcon.colcon_core.shell:Creating environment hook '/home/sunrise/ros2_ws/install/micro_ros_msgs/share/micro_ros_msgs/hook/ld_library_path_lib.ps1'
[5.278s] INFO:colcon.colcon_core.shell:Creating environment descriptor '/home/sunrise/ros2_ws/install/micro_ros_msgs/share/micro_ros_msgs/hook/ld_library_path_lib.dsv'
[5.281s] INFO:colcon.colcon_core.shell:Creating environment hook '/home/sunrise/ros2_ws/install/micro_ros_msgs/share/micro_ros_msgs/hook/ld_library_path_lib.sh'
[5.284s] Level 1:colcon.colcon_core.environment:checking '/home/sunrise/ros2_ws/install/micro_ros_msgs/bin'
[5.285s] Level 1:colcon.colcon_core.environment:checking '/home/sunrise/ros2_ws/install/micro_ros_msgs/lib/pkgconfig/micro_ros_msgs.pc'
[5.286s] Level 1:colcon.colcon_core.environment:checking '/home/sunrise/ros2_ws/install/micro_ros_msgs/lib/python3.10/site-packages'
[5.288s] Level 1:colcon.colcon_core.environment:checking '/home/sunrise/ros2_ws/install/micro_ros_msgs/bin'
[5.290s] INFO:colcon.colcon_core.shell:Creating package script '/home/sunrise/ros2_ws/install/micro_ros_msgs/share/micro_ros_msgs/package.ps1'
[5.294s] INFO:colcon.colcon_core.shell:Creating package descriptor '/home/sunrise/ros2_ws/install/micro_ros_msgs/share/micro_ros_msgs/package.dsv'
[5.297s] INFO:colcon.colcon_core.shell:Creating package script '/home/sunrise/ros2_ws/install/micro_ros_msgs/share/micro_ros_msgs/package.sh'
[5.300s] INFO:colcon.colcon_core.shell:Creating package script '/home/sunrise/ros2_ws/install/micro_ros_msgs/share/micro_ros_msgs/package.bash'
[5.303s] INFO:colcon.colcon_core.shell:Creating package script '/home/sunrise/ros2_ws/install/micro_ros_msgs/share/micro_ros_msgs/package.zsh'
[5.306s] Level 1:colcon.colcon_core.environment:create_file_with_runtime_dependencies(/home/sunrise/ros2_ws/install/micro_ros_msgs/share/colcon-core/packages/micro_ros_msgs)
[5.310s] Level 1:colcon.colcon_core.environment:create_environment_scripts_only(micro_ros_msgs)
[5.311s] Level 1:colcon.colcon_core.environment:checking '/home/sunrise/ros2_ws/install/micro_ros_msgs' for CMake module files
[5.316s] Level 1:colcon.colcon_core.environment:checking '/home/sunrise/ros2_ws/install/micro_ros_msgs' for CMake config files
[5.319s] Level 1:colcon.colcon_core.shell:create_environment_hook('micro_ros_msgs', 'cmake_prefix_path')
[5.321s] INFO:colcon.colcon_core.shell:Creating environment hook '/home/sunrise/ros2_ws/install/micro_ros_msgs/share/micro_ros_msgs/hook/cmake_prefix_path.ps1'
[5.324s] INFO:colcon.colcon_core.shell:Creating environment descriptor '/home/sunrise/ros2_ws/install/micro_ros_msgs/share/micro_ros_msgs/hook/cmake_prefix_path.dsv'
[5.328s] INFO:colcon.colcon_core.shell:Creating environment hook '/home/sunrise/ros2_ws/install/micro_ros_msgs/share/micro_ros_msgs/hook/cmake_prefix_path.sh'
[5.331s] Level 1:colcon.colcon_core.environment:checking '/home/sunrise/ros2_ws/install/micro_ros_msgs/lib'
[5.332s] Level 1:colcon.colcon_core.shell:create_environment_hook('micro_ros_msgs', 'ld_library_path_lib')
[5.334s] INFO:colcon.colcon_core.shell:Creating environment hook '/home/sunrise/ros2_ws/install/micro_ros_msgs/share/micro_ros_msgs/hook/ld_library_path_lib.ps1'
[5.336s] INFO:colcon.colcon_core.shell:Creating environment descriptor '/home/sunrise/ros2_ws/install/micro_ros_msgs/share/micro_ros_msgs/hook/ld_library_path_lib.dsv'
[5.339s] INFO:colcon.colcon_core.shell:Creating environment hook '/home/sunrise/ros2_ws/install/micro_ros_msgs/share/micro_ros_msgs/hook/ld_library_path_lib.sh'
[5.342s] Level 1:colcon.colcon_core.environment:checking '/home/sunrise/ros2_ws/install/micro_ros_msgs/bin'
[5.343s] Level 1:colcon.colcon_core.environment:checking '/home/sunrise/ros2_ws/install/micro_ros_msgs/lib/pkgconfig/micro_ros_msgs.pc'
[5.344s] Level 1:colcon.colcon_core.environment:checking '/home/sunrise/ros2_ws/install/micro_ros_msgs/lib/python3.10/site-packages'
[5.346s] Level 1:colcon.colcon_core.environment:checking '/home/sunrise/ros2_ws/install/micro_ros_msgs/bin'
[5.348s] INFO:colcon.colcon_core.shell:Creating package script '/home/sunrise/ros2_ws/install/micro_ros_msgs/share/micro_ros_msgs/package.ps1'
[5.352s] INFO:colcon.colcon_core.shell:Creating package descriptor '/home/sunrise/ros2_ws/install/micro_ros_msgs/share/micro_ros_msgs/package.dsv'
[5.356s] INFO:colcon.colcon_core.shell:Creating package script '/home/sunrise/ros2_ws/install/micro_ros_msgs/share/micro_ros_msgs/package.sh'
[5.359s] INFO:colcon.colcon_core.shell:Creating package script '/home/sunrise/ros2_ws/install/micro_ros_msgs/share/micro_ros_msgs/package.bash'
[5.362s] INFO:colcon.colcon_core.shell:Creating package script '/home/sunrise/ros2_ws/install/micro_ros_msgs/share/micro_ros_msgs/package.zsh'
[5.365s] Level 1:colcon.colcon_core.environment:create_file_with_runtime_dependencies(/home/sunrise/ros2_ws/install/micro_ros_msgs/share/colcon-core/packages/micro_ros_msgs)
[5.367s] INFO:colcon.colcon_ros.task.ament_cmake.build:Building ROS package in '/home/sunrise/ros2_ws/src/micro-ROS-Agent/micro_ros_agent' with build type 'ament_cmake'
[5.368s] INFO:colcon.colcon_cmake.task.cmake.build:Building CMake package in '/home/sunrise/ros2_ws/src/micro-ROS-Agent/micro_ros_agent'
[5.370s] INFO:colcon.colcon_core.shell:Skip shell extension 'powershell' for command environment: Not usable outside of PowerShell
[5.371s] DEBUG:colcon.colcon_core.shell:Skip shell extension 'dsv' for command environment
[5.420s] DEBUG:colcon.colcon_core.event_handler.log_command:Invoking command in '/home/sunrise/ros2_ws/build/micro_ros_agent': CMAKE_PREFIX_PATH=/home/sunrise/ros2_ws/install/micro_ros_msgs:/home/sunrise/ros2_ws/install/ydlidar:/home/sunrise/ros2_ws/install/microxrcedds_agent:/home/sunrise/ros2_ws/install/micro_ros_agent:/opt/ros/humble:/home/sunrise/ros2_ws/install/fishbot_description LD_LIBRARY_PATH=/home/sunrise/ros2_ws/install/micro_ros_msgs/lib:/opt/ros/humble/opt/rviz_ogre_vendor/lib:/opt/ros/humble/lib/aarch64-linux-gnu:/opt/ros/humble/lib:/home/sunrise/ros2_ws/install/microxrcedds_agent/lib:/home/sunrise/ros2_ws/install/micro_ros_agent/lib:/usr/hobot/lib:/app/lib:/app/pub/lib:/middleware/lib:/middleware/pub/lib:/usr/hobot/lib/sensor:/system/lib:/system/usr/lib:/lib /usr/bin/cmake --build /home/sunrise/ros2_ws/build/micro_ros_agent -- -j8 -l8
[5.728s] DEBUG:colcon.colcon_core.event_handler.log_command:Invoked command in '/home/sunrise/ros2_ws/build/micro_ros_agent' returned '0': CMAKE_PREFIX_PATH=/home/sunrise/ros2_ws/install/micro_ros_msgs:/home/sunrise/ros2_ws/install/ydlidar:/home/sunrise/ros2_ws/install/microxrcedds_agent:/home/sunrise/ros2_ws/install/micro_ros_agent:/opt/ros/humble:/home/sunrise/ros2_ws/install/fishbot_description LD_LIBRARY_PATH=/home/sunrise/ros2_ws/install/micro_ros_msgs/lib:/opt/ros/humble/opt/rviz_ogre_vendor/lib:/opt/ros/humble/lib/aarch64-linux-gnu:/opt/ros/humble/lib:/home/sunrise/ros2_ws/install/microxrcedds_agent/lib:/home/sunrise/ros2_ws/install/micro_ros_agent/lib:/usr/hobot/lib:/app/lib:/app/pub/lib:/middleware/lib:/middleware/pub/lib:/usr/hobot/lib/sensor:/system/lib:/system/usr/lib:/lib /usr/bin/cmake --build /home/sunrise/ros2_ws/build/micro_ros_agent -- -j8 -l8
[5.737s] DEBUG:colcon.colcon_core.event_handler.log_command:Invoking command in '/home/sunrise/ros2_ws/build/micro_ros_agent': CMAKE_PREFIX_PATH=/home/sunrise/ros2_ws/install/micro_ros_msgs:/home/sunrise/ros2_ws/install/ydlidar:/home/sunrise/ros2_ws/install/microxrcedds_agent:/home/sunrise/ros2_ws/install/micro_ros_agent:/opt/ros/humble:/home/sunrise/ros2_ws/install/fishbot_description LD_LIBRARY_PATH=/home/sunrise/ros2_ws/install/micro_ros_msgs/lib:/opt/ros/humble/opt/rviz_ogre_vendor/lib:/opt/ros/humble/lib/aarch64-linux-gnu:/opt/ros/humble/lib:/home/sunrise/ros2_ws/install/microxrcedds_agent/lib:/home/sunrise/ros2_ws/install/micro_ros_agent/lib:/usr/hobot/lib:/app/lib:/app/pub/lib:/middleware/lib:/middleware/pub/lib:/usr/hobot/lib/sensor:/system/lib:/system/usr/lib:/lib /usr/bin/cmake --install /home/sunrise/ros2_ws/build/micro_ros_agent
[5.785s] Level 1:colcon.colcon_core.environment:create_environment_scripts_only(micro_ros_agent)
[5.787s] Level 1:colcon.colcon_core.environment:checking '/home/sunrise/ros2_ws/install/micro_ros_agent' for CMake module files
[5.789s] DEBUG:colcon.colcon_core.event_handler.log_command:Invoked command in '/home/sunrise/ros2_ws/build/micro_ros_agent' returned '0': CMAKE_PREFIX_PATH=/home/sunrise/ros2_ws/install/micro_ros_msgs:/home/sunrise/ros2_ws/install/ydlidar:/home/sunrise/ros2_ws/install/microxrcedds_agent:/home/sunrise/ros2_ws/install/micro_ros_agent:/opt/ros/humble:/home/sunrise/ros2_ws/install/fishbot_description LD_LIBRARY_PATH=/home/sunrise/ros2_ws/install/micro_ros_msgs/lib:/opt/ros/humble/opt/rviz_ogre_vendor/lib:/opt/ros/humble/lib/aarch64-linux-gnu:/opt/ros/humble/lib:/home/sunrise/ros2_ws/install/microxrcedds_agent/lib:/home/sunrise/ros2_ws/install/micro_ros_agent/lib:/usr/hobot/lib:/app/lib:/app/pub/lib:/middleware/lib:/middleware/pub/lib:/usr/hobot/lib/sensor:/system/lib:/system/usr/lib:/lib /usr/bin/cmake --install /home/sunrise/ros2_ws/build/micro_ros_agent
[5.792s] Level 1:colcon.colcon_core.environment:checking '/home/sunrise/ros2_ws/install/micro_ros_agent' for CMake config files
[5.797s] Level 1:colcon.colcon_core.shell:create_environment_hook('micro_ros_agent', 'cmake_prefix_path')
[5.799s] INFO:colcon.colcon_core.shell:Creating environment hook '/home/sunrise/ros2_ws/install/micro_ros_agent/share/micro_ros_agent/hook/cmake_prefix_path.ps1'
[5.802s] INFO:colcon.colcon_core.shell:Creating environment descriptor '/home/sunrise/ros2_ws/install/micro_ros_agent/share/micro_ros_agent/hook/cmake_prefix_path.dsv'
[5.804s] INFO:colcon.colcon_core.shell:Creating environment hook '/home/sunrise/ros2_ws/install/micro_ros_agent/share/micro_ros_agent/hook/cmake_prefix_path.sh'
[5.808s] Level 1:colcon.colcon_core.environment:checking '/home/sunrise/ros2_ws/install/micro_ros_agent/lib'
[5.808s] Level 1:colcon.colcon_core.shell:create_environment_hook('micro_ros_agent', 'ld_library_path_lib')
[5.810s] INFO:colcon.colcon_core.shell:Creating environment hook '/home/sunrise/ros2_ws/install/micro_ros_agent/share/micro_ros_agent/hook/ld_library_path_lib.ps1'
[5.813s] INFO:colcon.colcon_core.shell:Creating environment descriptor '/home/sunrise/ros2_ws/install/micro_ros_agent/share/micro_ros_agent/hook/ld_library_path_lib.dsv'
[5.815s] INFO:colcon.colcon_core.shell:Creating environment hook '/home/sunrise/ros2_ws/install/micro_ros_agent/share/micro_ros_agent/hook/ld_library_path_lib.sh'
[5.818s] Level 1:colcon.colcon_core.environment:checking '/home/sunrise/ros2_ws/install/micro_ros_agent/bin'
[5.819s] Level 1:colcon.colcon_core.environment:checking '/home/sunrise/ros2_ws/install/micro_ros_agent/lib/pkgconfig/micro_ros_agent.pc'
[5.820s] Level 1:colcon.colcon_core.environment:checking '/home/sunrise/ros2_ws/install/micro_ros_agent/lib/python3.10/site-packages'
[5.822s] Level 1:colcon.colcon_core.environment:checking '/home/sunrise/ros2_ws/install/micro_ros_agent/bin'
[5.824s] INFO:colcon.colcon_core.shell:Creating package script '/home/sunrise/ros2_ws/install/micro_ros_agent/share/micro_ros_agent/package.ps1'
[5.828s] INFO:colcon.colcon_core.shell:Creating package descriptor '/home/sunrise/ros2_ws/install/micro_ros_agent/share/micro_ros_agent/package.dsv'
[5.832s] INFO:colcon.colcon_core.shell:Creating package script '/home/sunrise/ros2_ws/install/micro_ros_agent/share/micro_ros_agent/package.sh'
[5.835s] INFO:colcon.colcon_core.shell:Creating package script '/home/sunrise/ros2_ws/install/micro_ros_agent/share/micro_ros_agent/package.bash'
[5.838s] INFO:colcon.colcon_core.shell:Creating package script '/home/sunrise/ros2_ws/install/micro_ros_agent/share/micro_ros_agent/package.zsh'
[5.841s] Level 1:colcon.colcon_core.environment:create_file_with_runtime_dependencies(/home/sunrise/ros2_ws/install/micro_ros_agent/share/colcon-core/packages/micro_ros_agent)
[5.844s] Level 1:colcon.colcon_core.environment:create_environment_scripts_only(micro_ros_agent)
[5.846s] Level 1:colcon.colcon_core.environment:checking '/home/sunrise/ros2_ws/install/micro_ros_agent' for CMake module files
[5.850s] Level 1:colcon.colcon_core.environment:checking '/home/sunrise/ros2_ws/install/micro_ros_agent' for CMake config files
[5.855s] Level 1:colcon.colcon_core.shell:create_environment_hook('micro_ros_agent', 'cmake_prefix_path')
[5.857s] INFO:colcon.colcon_core.shell:Creating environment hook '/home/sunrise/ros2_ws/install/micro_ros_agent/share/micro_ros_agent/hook/cmake_prefix_path.ps1'
[5.859s] INFO:colcon.colcon_core.shell:Creating environment descriptor '/home/sunrise/ros2_ws/install/micro_ros_agent/share/micro_ros_agent/hook/cmake_prefix_path.dsv'
[5.862s] INFO:colcon.colcon_core.shell:Creating environment hook '/home/sunrise/ros2_ws/install/micro_ros_agent/share/micro_ros_agent/hook/cmake_prefix_path.sh'
[5.865s] Level 1:colcon.colcon_core.environment:checking '/home/sunrise/ros2_ws/install/micro_ros_agent/lib'
[5.866s] Level 1:colcon.colcon_core.shell:create_environment_hook('micro_ros_agent', 'ld_library_path_lib')
[5.868s] INFO:colcon.colcon_core.shell:Creating environment hook '/home/sunrise/ros2_ws/install/micro_ros_agent/share/micro_ros_agent/hook/ld_library_path_lib.ps1'
[5.870s] INFO:colcon.colcon_core.shell:Creating environment descriptor '/home/sunrise/ros2_ws/install/micro_ros_agent/share/micro_ros_agent/hook/ld_library_path_lib.dsv'
[5.873s] INFO:colcon.colcon_core.shell:Creating environment hook '/home/sunrise/ros2_ws/install/micro_ros_agent/share/micro_ros_agent/hook/ld_library_path_lib.sh'
[5.877s] Level 1:colcon.colcon_core.environment:checking '/home/sunrise/ros2_ws/install/micro_ros_agent/bin'
[5.877s] Level 1:colcon.colcon_core.environment:checking '/home/sunrise/ros2_ws/install/micro_ros_agent/lib/pkgconfig/micro_ros_agent.pc'
[5.879s] Level 1:colcon.colcon_core.environment:checking '/home/sunrise/ros2_ws/install/micro_ros_agent/lib/python3.10/site-packages'
[5.880s] Level 1:colcon.colcon_core.environment:checking '/home/sunrise/ros2_ws/install/micro_ros_agent/bin'
[5.883s] INFO:colcon.colcon_core.shell:Creating package script '/home/sunrise/ros2_ws/install/micro_ros_agent/share/micro_ros_agent/package.ps1'
[5.886s] INFO:colcon.colcon_core.shell:Creating package descriptor '/home/sunrise/ros2_ws/install/micro_ros_agent/share/micro_ros_agent/package.dsv'
[5.890s] INFO:colcon.colcon_core.shell:Creating package script '/home/sunrise/ros2_ws/install/micro_ros_agent/share/micro_ros_agent/package.sh'
[5.894s] INFO:colcon.colcon_core.shell:Creating package script '/home/sunrise/ros2_ws/install/micro_ros_agent/share/micro_ros_agent/package.bash'
[5.897s] INFO:colcon.colcon_core.shell:Creating package script '/home/sunrise/ros2_ws/install/micro_ros_agent/share/micro_ros_agent/package.zsh'
[5.900s] Level 1:colcon.colcon_core.environment:create_file_with_runtime_dependencies(/home/sunrise/ros2_ws/install/micro_ros_agent/share/colcon-core/packages/micro_ros_agent)
[6.814s] DEBUG:colcon.colcon_core.event_handler.log_command:Invoking command in '/home/sunrise/ros2_ws/src/fishbot_description': PYTHONPATH=/home/sunrise/ros2_ws/build/fishbot_description/prefix_override:/usr/lib/python3/dist-packages/colcon_core/task/python/colcon_distutils_commands:/home/sunrise/ros2_ws/install/fishbot_description/lib/python3.10/site-packages:${PYTHONPATH} /usr/bin/python3 -W ignore:setup.py install is deprecated -W ignore:easy_install command is deprecated setup.py egg_info --egg-base ../../build/fishbot_description build --build-base /home/sunrise/ros2_ws/build/fishbot_description/build install --record /home/sunrise/ros2_ws/build/fishbot_description/install.log --single-version-externally-managed install_data
[8.740s] Level 1:colcon.colcon_core.environment:checking '/home/sunrise/ros2_ws/install/fishbot_description' for CMake module files
[8.743s] DEBUG:colcon.colcon_core.event_handler.log_command:Invoked command in '/home/sunrise/ros2_ws/src/fishbot_description' returned '0': PYTHONPATH=/home/sunrise/ros2_ws/build/fishbot_description/prefix_override:/usr/lib/python3/dist-packages/colcon_core/task/python/colcon_distutils_commands:/home/sunrise/ros2_ws/install/fishbot_description/lib/python3.10/site-packages:${PYTHONPATH} /usr/bin/python3 -W ignore:setup.py install is deprecated -W ignore:easy_install command is deprecated setup.py egg_info --egg-base ../../build/fishbot_description build --build-base /home/sunrise/ros2_ws/build/fishbot_description/build install --record /home/sunrise/ros2_ws/build/fishbot_description/install.log --single-version-externally-managed install_data
[8.745s] Level 1:colcon.colcon_core.environment:checking '/home/sunrise/ros2_ws/install/fishbot_description' for CMake config files
[8.748s] Level 1:colcon.colcon_core.environment:checking '/home/sunrise/ros2_ws/install/fishbot_description/lib'
[8.748s] Level 1:colcon.colcon_core.environment:checking '/home/sunrise/ros2_ws/install/fishbot_description/bin'
[8.749s] Level 1:colcon.colcon_core.environment:checking '/home/sunrise/ros2_ws/install/fishbot_description/lib/pkgconfig/fishbot_description.pc'
[8.750s] Level 1:colcon.colcon_core.environment:checking '/home/sunrise/ros2_ws/install/fishbot_description/lib/python3.10/site-packages'
[8.750s] Level 1:colcon.colcon_core.shell:create_environment_hook('fishbot_description', 'pythonpath')
[8.752s] INFO:colcon.colcon_core.shell:Creating environment hook '/home/sunrise/ros2_ws/install/fishbot_description/share/fishbot_description/hook/pythonpath.ps1'
[8.755s] INFO:colcon.colcon_core.shell:Creating environment descriptor '/home/sunrise/ros2_ws/install/fishbot_description/share/fishbot_description/hook/pythonpath.dsv'
[8.757s] INFO:colcon.colcon_core.shell:Creating environment hook '/home/sunrise/ros2_ws/install/fishbot_description/share/fishbot_description/hook/pythonpath.sh'
[8.761s] Level 1:colcon.colcon_core.environment:checking '/home/sunrise/ros2_ws/install/fishbot_description/bin'
[8.762s] Level 1:colcon.colcon_core.environment:create_environment_scripts_only(fishbot_description)
[8.765s] INFO:colcon.colcon_core.shell:Creating package script '/home/sunrise/ros2_ws/install/fishbot_description/share/fishbot_description/package.ps1'
[8.769s] INFO:colcon.colcon_core.shell:Creating package descriptor '/home/sunrise/ros2_ws/install/fishbot_description/share/fishbot_description/package.dsv'
[8.772s] INFO:colcon.colcon_core.shell:Creating package script '/home/sunrise/ros2_ws/install/fishbot_description/share/fishbot_description/package.sh'
[8.775s] INFO:colcon.colcon_core.shell:Creating package script '/home/sunrise/ros2_ws/install/fishbot_description/share/fishbot_description/package.bash'
[8.778s] INFO:colcon.colcon_core.shell:Creating package script '/home/sunrise/ros2_ws/install/fishbot_description/share/fishbot_description/package.zsh'
[8.780s] Level 1:colcon.colcon_core.environment:create_file_with_runtime_dependencies(/home/sunrise/ros2_ws/install/fishbot_description/share/colcon-core/packages/fishbot_description)
[55.293s] DEBUG:colcon.colcon_core.event_handler.log_command:Invoked command in '/home/sunrise/ros2_ws/build/fishbot_bringup' returned '0': CMAKE_PREFIX_PATH=${CMAKE_PREFIX_PATH}:/opt/ros/humble:/home/sunrise/ros2_ws/install/fishbot_description /usr/bin/cmake --build /home/sunrise/ros2_ws/build/fishbot_bringup -- -j8 -l8
[55.298s] DEBUG:colcon.colcon_core.event_handler.log_command:Invoking command in '/home/sunrise/ros2_ws/build/fishbot_bringup': CMAKE_PREFIX_PATH=${CMAKE_PREFIX_PATH}:/opt/ros/humble:/home/sunrise/ros2_ws/install/fishbot_description /usr/bin/cmake --install /home/sunrise/ros2_ws/build/fishbot_bringup
[55.369s] Level 1:colcon.colcon_core.environment:create_environment_scripts_only(fishbot_bringup)
[55.371s] Level 1:colcon.colcon_core.environment:checking '/home/sunrise/ros2_ws/install/fishbot_bringup' for CMake module files
[55.373s] DEBUG:colcon.colcon_core.event_handler.log_command:Invoked command in '/home/sunrise/ros2_ws/build/fishbot_bringup' returned '0': CMAKE_PREFIX_PATH=${CMAKE_PREFIX_PATH}:/opt/ros/humble:/home/sunrise/ros2_ws/install/fishbot_description /usr/bin/cmake --install /home/sunrise/ros2_ws/build/fishbot_bringup
[55.375s] Level 1:colcon.colcon_core.environment:checking '/home/sunrise/ros2_ws/install/fishbot_bringup' for CMake config files
[55.376s] Level 1:colcon.colcon_core.shell:create_environment_hook('fishbot_bringup', 'cmake_prefix_path')
[55.377s] INFO:colcon.colcon_core.shell:Creating environment hook '/home/sunrise/ros2_ws/install/fishbot_bringup/share/fishbot_bringup/hook/cmake_prefix_path.ps1'
[55.379s] INFO:colcon.colcon_core.shell:Creating environment descriptor '/home/sunrise/ros2_ws/install/fishbot_bringup/share/fishbot_bringup/hook/cmake_prefix_path.dsv'
[55.381s] INFO:colcon.colcon_core.shell:Creating environment hook '/home/sunrise/ros2_ws/install/fishbot_bringup/share/fishbot_bringup/hook/cmake_prefix_path.sh'
[55.383s] Level 1:colcon.colcon_core.environment:checking '/home/sunrise/ros2_ws/install/fishbot_bringup/lib'
[55.384s] Level 1:colcon.colcon_core.environment:checking '/home/sunrise/ros2_ws/install/fishbot_bringup/bin'
[55.384s] Level 1:colcon.colcon_core.environment:checking '/home/sunrise/ros2_ws/install/fishbot_bringup/lib/pkgconfig/fishbot_bringup.pc'
[55.385s] Level 1:colcon.colcon_core.environment:checking '/home/sunrise/ros2_ws/install/fishbot_bringup/lib/python3.10/site-packages'
[55.386s] Level 1:colcon.colcon_core.environment:checking '/home/sunrise/ros2_ws/install/fishbot_bringup/bin'
[55.388s] INFO:colcon.colcon_core.shell:Creating package script '/home/sunrise/ros2_ws/install/fishbot_bringup/share/fishbot_bringup/package.ps1'
[55.391s] INFO:colcon.colcon_core.shell:Creating package descriptor '/home/sunrise/ros2_ws/install/fishbot_bringup/share/fishbot_bringup/package.dsv'
[55.393s] INFO:colcon.colcon_core.shell:Creating package script '/home/sunrise/ros2_ws/install/fishbot_bringup/share/fishbot_bringup/package.sh'
[55.395s] INFO:colcon.colcon_core.shell:Creating package script '/home/sunrise/ros2_ws/install/fishbot_bringup/share/fishbot_bringup/package.bash'
[55.397s] INFO:colcon.colcon_core.shell:Creating package script '/home/sunrise/ros2_ws/install/fishbot_bringup/share/fishbot_bringup/package.zsh'
[55.399s] Level 1:colcon.colcon_core.environment:create_file_with_runtime_dependencies(/home/sunrise/ros2_ws/install/fishbot_bringup/share/colcon-core/packages/fishbot_bringup)
[55.402s] Level 1:colcon.colcon_core.environment:create_environment_scripts_only(fishbot_bringup)
[55.403s] Level 1:colcon.colcon_core.environment:checking '/home/sunrise/ros2_ws/install/fishbot_bringup' for CMake module files
[55.406s] Level 1:colcon.colcon_core.environment:checking '/home/sunrise/ros2_ws/install/fishbot_bringup' for CMake config files
[55.407s] Level 1:colcon.colcon_core.shell:create_environment_hook('fishbot_bringup', 'cmake_prefix_path')
[55.408s] INFO:colcon.colcon_core.shell:Creating environment hook '/home/sunrise/ros2_ws/install/fishbot_bringup/share/fishbot_bringup/hook/cmake_prefix_path.ps1'
[55.410s] INFO:colcon.colcon_core.shell:Creating environment descriptor '/home/sunrise/ros2_ws/install/fishbot_bringup/share/fishbot_bringup/hook/cmake_prefix_path.dsv'
[55.412s] INFO:colcon.colcon_core.shell:Creating environment hook '/home/sunrise/ros2_ws/install/fishbot_bringup/share/fishbot_bringup/hook/cmake_prefix_path.sh'
[55.415s] Level 1:colcon.colcon_core.environment:checking '/home/sunrise/ros2_ws/install/fishbot_bringup/lib'
[55.415s] Level 1:colcon.colcon_core.environment:checking '/home/sunrise/ros2_ws/install/fishbot_bringup/bin'
[55.415s] Level 1:colcon.colcon_core.environment:checking '/home/sunrise/ros2_ws/install/fishbot_bringup/lib/pkgconfig/fishbot_bringup.pc'
[55.417s] Level 1:colcon.colcon_core.environment:checking '/home/sunrise/ros2_ws/install/fishbot_bringup/lib/python3.10/site-packages'
[55.418s] Level 1:colcon.colcon_core.environment:checking '/home/sunrise/ros2_ws/install/fishbot_bringup/bin'
[55.420s] INFO:colcon.colcon_core.shell:Creating package script '/home/sunrise/ros2_ws/install/fishbot_bringup/share/fishbot_bringup/package.ps1'
[55.423s] INFO:colcon.colcon_core.shell:Creating package descriptor '/home/sunrise/ros2_ws/install/fishbot_bringup/share/fishbot_bringup/package.dsv'
[55.425s] INFO:colcon.colcon_core.shell:Creating package script '/home/sunrise/ros2_ws/install/fishbot_bringup/share/fishbot_bringup/package.sh'
[55.428s] INFO:colcon.colcon_core.shell:Creating package script '/home/sunrise/ros2_ws/install/fishbot_bringup/share/fishbot_bringup/package.bash'
[55.430s] INFO:colcon.colcon_core.shell:Creating package script '/home/sunrise/ros2_ws/install/fishbot_bringup/share/fishbot_bringup/package.zsh'
[55.432s] Level 1:colcon.colcon_core.environment:create_file_with_runtime_dependencies(/home/sunrise/ros2_ws/install/fishbot_bringup/share/colcon-core/packages/fishbot_bringup)
[55.433s] DEBUG:colcon.colcon_parallel_executor.executor.parallel:closing loop
[55.434s] DEBUG:colcon.colcon_parallel_executor.executor.parallel:loop closed
[55.435s] DEBUG:colcon.colcon_parallel_executor.executor.parallel:run_until_complete finished with '0'
[55.435s] DEBUG:colcon.colcon_core.event_reactor:joining thread
[55.460s] INFO:colcon.colcon_core.plugin_system:Skipping extension 'colcon_notification.desktop_notification.notify_send': Could not find 'notify-send'
[55.461s] INFO:colcon.colcon_core.plugin_system:Skipping extension 'colcon_notification.desktop_notification.terminal_notifier': Not used on non-Darwin systems
[55.461s] INFO:colcon.colcon_core.plugin_system:Skipping extension 'colcon_notification.desktop_notification.win32': Not used on non-Windows systems
[55.462s] INFO:colcon.colcon_notification.desktop_notification:Sending desktop notification using 'notify2'
[55.480s] DEBUG:colcon.colcon_core.event_reactor:joined thread
[55.482s] INFO:colcon.colcon_core.shell:Creating prefix script '/home/sunrise/ros2_ws/install/local_setup.ps1'
[55.488s] INFO:colcon.colcon_core.shell:Creating prefix util module '/home/sunrise/ros2_ws/install/_local_setup_util_ps1.py'
[55.497s] INFO:colcon.colcon_core.shell:Creating prefix chain script '/home/sunrise/ros2_ws/install/setup.ps1'
[55.504s] INFO:colcon.colcon_core.shell:Creating prefix script '/home/sunrise/ros2_ws/install/local_setup.sh'
[55.507s] INFO:colcon.colcon_core.shell:Creating prefix util module '/home/sunrise/ros2_ws/install/_local_setup_util_sh.py'
[55.511s] INFO:colcon.colcon_core.shell:Creating prefix chain script '/home/sunrise/ros2_ws/install/setup.sh'
[55.529s] INFO:colcon.colcon_core.shell:Creating prefix script '/home/sunrise/ros2_ws/install/local_setup.bash'
[55.532s] INFO:colcon.colcon_core.shell:Creating prefix chain script '/home/sunrise/ros2_ws/install/setup.bash'
[55.538s] INFO:colcon.colcon_core.shell:Creating prefix script '/home/sunrise/ros2_ws/install/local_setup.zsh'
[55.541s] INFO:colcon.colcon_core.shell:Creating prefix chain script '/home/sunrise/ros2_ws/install/setup.zsh'
