[0.034s] Invoking command in '/home/sunrise/ros2_ws/build/nav2_util': CMAKE_PREFIX_PATH=/home/sunrise/ros2_ws/install/nav2_msgs:/home/sunrise/ros2_ws/install/nav2_common:/home/sunrise/ros2_ws/install/ydlidar:/home/sunrise/ros2_ws/install/dwb_msgs:/home/sunrise/ros2_ws/install/nav_2d_msgs:/home/sunrise/ros2_ws/install/nav2_voxel_grid:/home/sunrise/ros2_ws/install/microxrcedds_agent:/home/sunrise/ros2_ws/install/micro_ros_agent:/home/sunrise/ros2_ws/install/micro_ros_msgs:/home/sunrise/ros2_ws/install/fishbot_bringup:/home/sunrise/ros2_ws/install/nav2_simple_commander:/home/sunrise/ros2_ws/install/fishbot_description:/opt/ros/humble LD_LIBRARY_PATH=/home/sunrise/ros2_ws/install/nav2_msgs/lib:/home/sunrise/ros2_ws/install/dwb_msgs/lib:/home/sunrise/ros2_ws/install/nav_2d_msgs/lib:/home/sunrise/ros2_ws/install/nav2_voxel_grid/lib:/home/sunrise/ros2_ws/install/microxrcedds_agent/lib:/home/sunrise/ros2_ws/install/micro_ros_agent/lib:/home/sunrise/ros2_ws/install/micro_ros_msgs/lib:/usr/hobot/lib:/app/lib:/app/pub/lib:/middleware/lib:/middleware/pub/lib:/usr/hobot/lib/sensor:/system/lib:/system/usr/lib:/lib:/opt/ros/humble/opt/rviz_ogre_vendor/lib:/opt/ros/humble/lib/aarch64-linux-gnu:/opt/ros/humble/lib:/usr/hobot/lib:/app/lib:/app/pub/lib:/middleware/lib:/middleware/pub/lib:/usr/hobot/lib/sensor:/system/lib:/system/usr/lib:/lib /usr/bin/cmake /home/sunrise/ros2_ws/src/navigation2/nav2_util -DCMAKE_INSTALL_PREFIX=/home/sunrise/ros2_ws/install/nav2_util
[0.089s] -- Found ament_cmake: 1.3.11 (/opt/ros/humble/share/ament_cmake/cmake)
[0.952s] -- Found nav2_common: 1.1.0 (/home/sunrise/ros2_ws/install/nav2_common/share/nav2_common/cmake)
[0.953s] -- Found nav2_msgs: 1.1.0 (/home/sunrise/ros2_ws/install/nav2_msgs/share/nav2_msgs/cmake)
[1.066s] -- Found rosidl_generator_c: 3.1.6 (/opt/ros/humble/share/rosidl_generator_c/cmake)
[1.081s] -- Found rosidl_adapter: 3.1.6 (/opt/ros/humble/share/rosidl_adapter/cmake)
[1.112s] -- Found rosidl_generator_cpp: 3.1.6 (/opt/ros/humble/share/rosidl_generator_cpp/cmake)
[1.169s] -- Using all available rosidl_typesupport_c: rosidl_typesupport_fastrtps_c;rosidl_typesupport_introspection_c
[1.240s] -- Using all available rosidl_typesupport_cpp: rosidl_typesupport_fastrtps_cpp;rosidl_typesupport_introspection_cpp
[1.822s] -- Found tf2_ros: 0.25.12 (/opt/ros/humble/share/tf2_ros/cmake)
[2.077s] -- Found rmw_implementation_cmake: 6.1.2 (/opt/ros/humble/share/rmw_implementation_cmake/cmake)
[2.087s] -- Found rmw_fastrtps_cpp: 6.2.7 (/opt/ros/humble/share/rmw_fastrtps_cpp/cmake)
[2.565s] -- Using RMW implementation 'rmw_fastrtps_cpp' as default
[3.011s] -- Found tf2_geometry_msgs: 0.25.12 (/opt/ros/humble/share/tf2_geometry_msgs/cmake)
[3.027s] -- Found eigen3_cmake_module: 0.1.1 (/opt/ros/humble/share/eigen3_cmake_module/cmake)
[3.034s] -- Ensuring Eigen3 include directory is part of orocos-kdl CMake target
[3.044s] -- Found lifecycle_msgs: 1.2.1 (/opt/ros/humble/share/lifecycle_msgs/cmake)
[3.095s] -- Found rclcpp_lifecycle: 16.0.12 (/opt/ros/humble/share/rclcpp_lifecycle/cmake)
[3.133s] -- Found bondcpp: 4.1.2 (/opt/ros/humble/share/bondcpp/cmake)
[3.309s] -- Found ament_lint_auto: 0.12.12 (/opt/ros/humble/share/ament_lint_auto/cmake)
[3.312s] -- Found ament_cmake_pytest: 1.3.11 (/opt/ros/humble/share/ament_cmake_pytest/cmake)
[3.315s] -- Found launch_testing_ament_cmake: 1.0.8 (/opt/ros/humble/share/launch_testing_ament_cmake/cmake)
[3.316s] -- Found python_cmake_module: 0.10.0 (/opt/ros/humble/share/python_cmake_module/cmake)
[3.461s] -- Using PYTHON_EXECUTABLE: /usr/bin/python3
[3.462s] -- Using PYTHON_INCLUDE_DIRS: /usr/include/python3.10
[3.462s] -- Using PYTHON_LIBRARIES: /usr/lib/aarch64-linux-gnu/libpython3.10.so
[4.125s] -- Found gtest sources under '/opt/ros/humble/src/gtest_vendor': C++ tests using 'Google Test' will be built
[4.197s] [31mCMake Error at test/CMakeLists.txt:7 (find_package):
[4.198s]   By not providing "Findtest_msgs.cmake" in CMAKE_MODULE_PATH this project
[4.199s]   has asked CMake to find a package configuration file provided by
[4.199s]   "test_msgs", but CMake did not find one.
[4.199s] 
[4.200s]   Could not find a package configuration file provided by "test_msgs" with
[4.200s]   any of the following names:
[4.201s] 
[4.203s]     test_msgsConfig.cmake
[4.204s]     test_msgs-config.cmake
[4.205s] 
[4.210s]   Add the installation prefix of "test_msgs" to CMAKE_PREFIX_PATH or set
[4.212s]   "test_msgs_DIR" to a directory containing one of the above files.  If
[4.213s]   "test_msgs" provides a separate development package or SDK, be sure it has
[4.214s]   been installed.
[4.214s] 
[4.214s] [0m
[4.215s] -- Configuring incomplete, errors occurred!
[4.215s] See also "/home/sunrise/ros2_ws/build/nav2_util/CMakeFiles/CMakeOutput.log".
[4.275s] Invoked command in '/home/sunrise/ros2_ws/build/nav2_util' returned '1': CMAKE_PREFIX_PATH=/home/sunrise/ros2_ws/install/nav2_msgs:/home/sunrise/ros2_ws/install/nav2_common:/home/sunrise/ros2_ws/install/ydlidar:/home/sunrise/ros2_ws/install/dwb_msgs:/home/sunrise/ros2_ws/install/nav_2d_msgs:/home/sunrise/ros2_ws/install/nav2_voxel_grid:/home/sunrise/ros2_ws/install/microxrcedds_agent:/home/sunrise/ros2_ws/install/micro_ros_agent:/home/sunrise/ros2_ws/install/micro_ros_msgs:/home/sunrise/ros2_ws/install/fishbot_bringup:/home/sunrise/ros2_ws/install/nav2_simple_commander:/home/sunrise/ros2_ws/install/fishbot_description:/opt/ros/humble LD_LIBRARY_PATH=/home/sunrise/ros2_ws/install/nav2_msgs/lib:/home/sunrise/ros2_ws/install/dwb_msgs/lib:/home/sunrise/ros2_ws/install/nav_2d_msgs/lib:/home/sunrise/ros2_ws/install/nav2_voxel_grid/lib:/home/sunrise/ros2_ws/install/microxrcedds_agent/lib:/home/sunrise/ros2_ws/install/micro_ros_agent/lib:/home/sunrise/ros2_ws/install/micro_ros_msgs/lib:/usr/hobot/lib:/app/lib:/app/pub/lib:/middleware/lib:/middleware/pub/lib:/usr/hobot/lib/sensor:/system/lib:/system/usr/lib:/lib:/opt/ros/humble/opt/rviz_ogre_vendor/lib:/opt/ros/humble/lib/aarch64-linux-gnu:/opt/ros/humble/lib:/usr/hobot/lib:/app/lib:/app/pub/lib:/middleware/lib:/middleware/pub/lib:/usr/hobot/lib/sensor:/system/lib:/system/usr/lib:/lib /usr/bin/cmake /home/sunrise/ros2_ws/src/navigation2/nav2_util -DCMAKE_INSTALL_PREFIX=/home/sunrise/ros2_ws/install/nav2_util
