[0.130s] Invoking command in '/home/sunrise/ros2_ws/build/fishbot_bringup': CMAKE_PREFIX_PATH=${CMAKE_PREFIX_PATH}:/opt/ros/humble:/home/sunrise/ros2_ws/install/fishbot_description /usr/bin/cmake --build /home/sunrise/ros2_ws/build/fishbot_bringup -- -j8 -l8
[1.983s] [ 50%] [32mBuilding CXX object CMakeFiles/fishbot_bringup.dir/src/fishbot_bringup.cpp.o[0m
[48.753s] [100%] [32m[1mLinking CXX executable fishbot_bringup[0m
[52.919s] [100%] Built target fishbot_bringup
[52.966s] Invoked command in '/home/sunrise/ros2_ws/build/fishbot_bringup' returned '0': CMAKE_PREFIX_PATH=${CMAKE_PREFIX_PATH}:/opt/ros/humble:/home/sunrise/ros2_ws/install/fishbot_description /usr/bin/cmake --build /home/sunrise/ros2_ws/build/fishbot_bringup -- -j8 -l8
[52.971s] Invoking command in '/home/sunrise/ros2_ws/build/fishbot_bringup': CMAKE_PREFIX_PATH=${CMAKE_PREFIX_PATH}:/opt/ros/humble:/home/sunrise/ros2_ws/install/fishbot_description /usr/bin/cmake --install /home/sunrise/ros2_ws/build/fishbot_bringup
[53.003s] -- Install configuration: ""
[53.004s] -- Installing: /home/sunrise/ros2_ws/install/fishbot_bringup/lib/fishbot_bringup/fishbot_bringup
[53.027s] -- Set runtime path of "/home/sunrise/ros2_ws/install/fishbot_bringup/lib/fishbot_bringup/fishbot_bringup" to ""
[53.028s] -- Installing: /home/sunrise/ros2_ws/install/fishbot_bringup/share/ament_index/resource_index/package_run_dependencies/fishbot_bringup
[53.029s] -- Installing: /home/sunrise/ros2_ws/install/fishbot_bringup/share/ament_index/resource_index/parent_prefix_path/fishbot_bringup
[53.029s] -- Installing: /home/sunrise/ros2_ws/install/fishbot_bringup/share/fishbot_bringup/environment/ament_prefix_path.sh
[53.030s] -- Installing: /home/sunrise/ros2_ws/install/fishbot_bringup/share/fishbot_bringup/environment/ament_prefix_path.dsv
[53.030s] -- Installing: /home/sunrise/ros2_ws/install/fishbot_bringup/share/fishbot_bringup/environment/path.sh
[53.031s] -- Installing: /home/sunrise/ros2_ws/install/fishbot_bringup/share/fishbot_bringup/environment/path.dsv
[53.031s] -- Installing: /home/sunrise/ros2_ws/install/fishbot_bringup/share/fishbot_bringup/local_setup.bash
[53.032s] -- Installing: /home/sunrise/ros2_ws/install/fishbot_bringup/share/fishbot_bringup/local_setup.sh
[53.032s] -- Installing: /home/sunrise/ros2_ws/install/fishbot_bringup/share/fishbot_bringup/local_setup.zsh
[53.033s] -- Installing: /home/sunrise/ros2_ws/install/fishbot_bringup/share/fishbot_bringup/local_setup.dsv
[53.033s] -- Installing: /home/sunrise/ros2_ws/install/fishbot_bringup/share/fishbot_bringup/package.dsv
[53.034s] -- Installing: /home/sunrise/ros2_ws/install/fishbot_bringup/share/ament_index/resource_index/packages/fishbot_bringup
[53.035s] -- Installing: /home/sunrise/ros2_ws/install/fishbot_bringup/share/fishbot_bringup/cmake/fishbot_bringupConfig.cmake
[53.035s] -- Installing: /home/sunrise/ros2_ws/install/fishbot_bringup/share/fishbot_bringup/cmake/fishbot_bringupConfig-version.cmake
[53.036s] -- Installing: /home/sunrise/ros2_ws/install/fishbot_bringup/share/fishbot_bringup/package.xml
[53.045s] Invoked command in '/home/sunrise/ros2_ws/build/fishbot_bringup' returned '0': CMAKE_PREFIX_PATH=${CMAKE_PREFIX_PATH}:/opt/ros/humble:/home/sunrise/ros2_ws/install/fishbot_description /usr/bin/cmake --install /home/sunrise/ros2_ws/build/fishbot_bringup
