[0.052s] Invoking command in '/home/sunrise/ros2_ws/build/fishbot_navigation2': CMAKE_PREFIX_PATH=${CMAKE_PREFIX_PATH}:/home/sunrise/ros2_ws/install/nav2_simple_commander:/home/sunrise/ros2_ws/install/fishbot_description:/opt/ros/humble /usr/bin/cmake --build /home/sunrise/ros2_ws/build/fishbot_navigation2 -- -j8 -l8
[0.159s] -- Found ament_cmake: 1.3.11 (/opt/ros/humble/share/ament_cmake/cmake)
[0.978s] -- Found nav2_bringup: 1.1.18 (/opt/ros/humble/share/nav2_bringup/cmake)
[0.978s] -- Found ament_lint_auto: 0.12.12 (/opt/ros/humble/share/ament_lint_auto/cmake)
[1.417s] -- Added test 'flake8' to check Python code syntax and style conventions
[1.420s] -- Added test 'lint_cmake' to check CMake code style
[1.422s] -- Added test 'pep257' to check Python code against some of the docstring style conventions in PEP 257
[1.429s] -- Added test 'xmllint' to check XML markup files
[1.434s] -- Configuring done
[1.446s] -- Generating done
[1.454s] -- Build files have been written to: /home/sunrise/ros2_ws/build/fishbot_navigation2
[1.580s] Invoked command in '/home/sunrise/ros2_ws/build/fishbot_navigation2' returned '0': CMAKE_PREFIX_PATH=${CMAKE_PREFIX_PATH}:/home/sunrise/ros2_ws/install/nav2_simple_commander:/home/sunrise/ros2_ws/install/fishbot_description:/opt/ros/humble /usr/bin/cmake --build /home/sunrise/ros2_ws/build/fishbot_navigation2 -- -j8 -l8
[1.635s] Invoking command in '/home/sunrise/ros2_ws/build/fishbot_navigation2': CMAKE_PREFIX_PATH=${CMAKE_PREFIX_PATH}:/home/sunrise/ros2_ws/install/nav2_simple_commander:/home/sunrise/ros2_ws/install/fishbot_description:/opt/ros/humble /usr/bin/cmake --install /home/sunrise/ros2_ws/build/fishbot_navigation2
[1.671s] -- Install configuration: ""
[1.671s] -- Up-to-date: /home/sunrise/ros2_ws/install/fishbot_navigation2/share/fishbot_navigation2/launch
[1.672s] -- Installing: /home/sunrise/ros2_ws/install/fishbot_navigation2/share/fishbot_navigation2/launch/navigation2.launch.py
[1.672s] -- Up-to-date: /home/sunrise/ros2_ws/install/fishbot_navigation2/share/fishbot_navigation2/param
[1.673s] -- Installing: /home/sunrise/ros2_ws/install/fishbot_navigation2/share/fishbot_navigation2/param/fishbot_nav2.yaml
[1.673s] -- Up-to-date: /home/sunrise/ros2_ws/install/fishbot_navigation2/share/fishbot_navigation2/maps
[1.674s] -- Installing: /home/sunrise/ros2_ws/install/fishbot_navigation2/share/fishbot_navigation2/maps/fishbot_map.yaml
[1.678s] -- Installing: /home/sunrise/ros2_ws/install/fishbot_navigation2/share/fishbot_navigation2/maps/fishbot_map.pgm
[1.679s] -- Up-to-date: /home/sunrise/ros2_ws/install/fishbot_navigation2/share/ament_index/resource_index/package_run_dependencies/fishbot_navigation2
[1.680s] -- Up-to-date: /home/sunrise/ros2_ws/install/fishbot_navigation2/share/ament_index/resource_index/parent_prefix_path/fishbot_navigation2
[1.680s] -- Up-to-date: /home/sunrise/ros2_ws/install/fishbot_navigation2/share/fishbot_navigation2/environment/ament_prefix_path.sh
[1.681s] -- Installing: /home/sunrise/ros2_ws/install/fishbot_navigation2/share/fishbot_navigation2/environment/ament_prefix_path.dsv
[1.682s] -- Up-to-date: /home/sunrise/ros2_ws/install/fishbot_navigation2/share/fishbot_navigation2/environment/path.sh
[1.682s] -- Installing: /home/sunrise/ros2_ws/install/fishbot_navigation2/share/fishbot_navigation2/environment/path.dsv
[1.683s] -- Up-to-date: /home/sunrise/ros2_ws/install/fishbot_navigation2/share/fishbot_navigation2/local_setup.bash
[1.683s] -- Up-to-date: /home/sunrise/ros2_ws/install/fishbot_navigation2/share/fishbot_navigation2/local_setup.sh
[1.684s] -- Up-to-date: /home/sunrise/ros2_ws/install/fishbot_navigation2/share/fishbot_navigation2/local_setup.zsh
[1.684s] -- Installing: /home/sunrise/ros2_ws/install/fishbot_navigation2/share/fishbot_navigation2/local_setup.dsv
[1.685s] -- Installing: /home/sunrise/ros2_ws/install/fishbot_navigation2/share/fishbot_navigation2/package.dsv
[1.685s] -- Up-to-date: /home/sunrise/ros2_ws/install/fishbot_navigation2/share/ament_index/resource_index/packages/fishbot_navigation2
[1.686s] -- Up-to-date: /home/sunrise/ros2_ws/install/fishbot_navigation2/share/fishbot_navigation2/cmake/fishbot_navigation2Config.cmake
[1.686s] -- Up-to-date: /home/sunrise/ros2_ws/install/fishbot_navigation2/share/fishbot_navigation2/cmake/fishbot_navigation2Config-version.cmake
[1.687s] -- Installing: /home/sunrise/ros2_ws/install/fishbot_navigation2/share/fishbot_navigation2/package.xml
[1.697s] Invoked command in '/home/sunrise/ros2_ws/build/fishbot_navigation2' returned '0': CMAKE_PREFIX_PATH=${CMAKE_PREFIX_PATH}:/home/sunrise/ros2_ws/install/nav2_simple_commander:/home/sunrise/ros2_ws/install/fishbot_description:/opt/ros/humble /usr/bin/cmake --install /home/sunrise/ros2_ws/build/fishbot_navigation2
