[4.592s] Invoking command in '/home/sunrise/ros2_ws/src/fishbot_description': PYTHONPATH=/home/sunrise/ros2_ws/build/fishbot_description/prefix_override:/usr/lib/python3/dist-packages/colcon_core/task/python/colcon_distutils_commands:/home/sunrise/ros2_ws/install/fishbot_description/lib/python3.10/site-packages:${PYTHONPATH} /usr/bin/python3 -W ignore:setup.py install is deprecated -W ignore:easy_install command is deprecated setup.py egg_info --egg-base ../../build/fishbot_description build --build-base /home/sunrise/ros2_ws/build/fishbot_description/build install --record /home/sunrise/ros2_ws/build/fishbot_description/install.log --single-version-externally-managed install_data
[6.008s] running egg_info
[6.012s] writing ../../build/fishbot_description/fishbot_description.egg-info/PKG-INFO
[6.013s] writing dependency_links to ../../build/fishbot_description/fishbot_description.egg-info/dependency_links.txt
[6.014s] writing entry points to ../../build/fishbot_description/fishbot_description.egg-info/entry_points.txt
[6.015s] writing requirements to ../../build/fishbot_description/fishbot_description.egg-info/requires.txt
[6.015s] writing top-level names to ../../build/fishbot_description/fishbot_description.egg-info/top_level.txt
[6.025s] reading manifest file '../../build/fishbot_description/fishbot_description.egg-info/SOURCES.txt'
[6.031s] writing manifest file '../../build/fishbot_description/fishbot_description.egg-info/SOURCES.txt'
[6.031s] running build
[6.032s] running build_py
[6.033s] running install
[6.034s] running install_lib
[6.040s] running install_data
[6.042s] running install_egg_info
[6.051s] removing '/home/sunrise/ros2_ws/install/fishbot_description/lib/python3.10/site-packages/fishbot_description-0.0.0-py3.10.egg-info' (and everything under it)
[6.053s] Copying ../../build/fishbot_description/fishbot_description.egg-info to /home/sunrise/ros2_ws/install/fishbot_description/lib/python3.10/site-packages/fishbot_description-0.0.0-py3.10.egg-info
[6.056s] running install_scripts
[6.168s] Installing rotate_wheel script to /home/sunrise/ros2_ws/install/fishbot_description/lib/fishbot_description
[6.170s] writing list of installed files to '/home/sunrise/ros2_ws/build/fishbot_description/install.log'
[6.369s] Invoked command in '/home/sunrise/ros2_ws/src/fishbot_description' returned '0': PYTHONPATH=/home/sunrise/ros2_ws/build/fishbot_description/prefix_override:/usr/lib/python3/dist-packages/colcon_core/task/python/colcon_distutils_commands:/home/sunrise/ros2_ws/install/fishbot_description/lib/python3.10/site-packages:${PYTHONPATH} /usr/bin/python3 -W ignore:setup.py install is deprecated -W ignore:easy_install command is deprecated setup.py egg_info --egg-base ../../build/fishbot_description build --build-base /home/sunrise/ros2_ws/build/fishbot_description/build install --record /home/sunrise/ros2_ws/build/fishbot_description/install.log --single-version-externally-managed install_data
