[0.055s] Invoking command in '/home/sunrise/ros2_ws/build/ydlidar': CMAKE_PREFIX_PATH=${CMAKE_PREFIX_PATH}:/opt/ros/humble /usr/bin/cmake --build /home/sunrise/ros2_ws/build/ydlidar -- -j8 -l8
[0.227s] [35m[1mConsolidate compiler generated dependencies of target ydlidar_client[0m
[0.236s] [35m[1mConsolidate compiler generated dependencies of target ydlidar_node[0m
[0.315s] [ 18%] Built target ydlidar_client
[0.375s] [100%] Built target ydlidar_node
[0.431s] Invoked command in '/home/sunrise/ros2_ws/build/ydlidar' returned '0': CMAKE_PREFIX_PATH=${CMAKE_PREFIX_PATH}:/opt/ros/humble /usr/bin/cmake --build /home/sunrise/ros2_ws/build/ydlidar -- -j8 -l8
[0.475s] Invoking command in '/home/sunrise/ros2_ws/build/ydlidar': CMAKE_PREFIX_PATH=${CMAKE_PREFIX_PATH}:/opt/ros/humble /usr/bin/cmake --install /home/sunrise/ros2_ws/build/ydlidar
[0.509s] -- Install configuration: ""
[0.510s] -- Installing: /home/sunrise/ros2_ws/install/ydlidar/lib/ydlidar/ydlidar_node
[0.519s] -- Set runtime path of "/home/sunrise/ros2_ws/install/ydlidar/lib/ydlidar/ydlidar_node" to ""
[0.520s] -- Installing: /home/sunrise/ros2_ws/install/ydlidar/lib/ydlidar/ydlidar_client
[0.542s] -- Set runtime path of "/home/sunrise/ros2_ws/install/ydlidar/lib/ydlidar/ydlidar_client" to ""
[0.542s] -- Installing: /home/sunrise/ros2_ws/install/ydlidar/share/ydlidar/launch
[0.544s] -- Installing: /home/sunrise/ros2_ws/install/ydlidar/share/ydlidar/launch/ydlidar_launch.py
[0.545s] -- Installing: /home/sunrise/ros2_ws/install/ydlidar/share/ydlidar/launch/ydlidar.py
[0.546s] -- Installing: /home/sunrise/ros2_ws/install/ydlidar/share/ydlidar/params
[0.546s] -- Installing: /home/sunrise/ros2_ws/install/ydlidar/share/ydlidar/params/ydlidar.yaml
[0.547s] -- Installing: /home/sunrise/ros2_ws/install/ydlidar/share/ydlidar/startup
[0.548s] -- Installing: /home/sunrise/ros2_ws/install/ydlidar/share/ydlidar/startup/initenv.sh
[0.548s] -- Installing: /home/sunrise/ros2_ws/install/ydlidar/share/ament_index/resource_index/package_run_dependencies/ydlidar
[0.549s] -- Installing: /home/sunrise/ros2_ws/install/ydlidar/share/ament_index/resource_index/parent_prefix_path/ydlidar
[0.550s] -- Installing: /home/sunrise/ros2_ws/install/ydlidar/share/ydlidar/environment/ament_prefix_path.sh
[0.550s] -- Installing: /home/sunrise/ros2_ws/install/ydlidar/share/ydlidar/environment/ament_prefix_path.dsv
[0.551s] -- Installing: /home/sunrise/ros2_ws/install/ydlidar/share/ydlidar/environment/path.sh
[0.552s] -- Installing: /home/sunrise/ros2_ws/install/ydlidar/share/ydlidar/environment/path.dsv
[0.552s] -- Installing: /home/sunrise/ros2_ws/install/ydlidar/share/ydlidar/local_setup.bash
[0.553s] -- Installing: /home/sunrise/ros2_ws/install/ydlidar/share/ydlidar/local_setup.sh
[0.554s] -- Installing: /home/sunrise/ros2_ws/install/ydlidar/share/ydlidar/local_setup.zsh
[0.555s] -- Installing: /home/sunrise/ros2_ws/install/ydlidar/share/ydlidar/local_setup.dsv
[0.555s] -- Installing: /home/sunrise/ros2_ws/install/ydlidar/share/ydlidar/package.dsv
[0.556s] -- Installing: /home/sunrise/ros2_ws/install/ydlidar/share/ament_index/resource_index/packages/ydlidar
[0.556s] -- Installing: /home/sunrise/ros2_ws/install/ydlidar/share/ydlidar/cmake/ydlidarConfig.cmake
[0.557s] -- Installing: /home/sunrise/ros2_ws/install/ydlidar/share/ydlidar/cmake/ydlidarConfig-version.cmake
[0.558s] -- Installing: /home/sunrise/ros2_ws/install/ydlidar/share/ydlidar/package.xml
[0.565s] Invoked command in '/home/sunrise/ros2_ws/build/ydlidar' returned '0': CMAKE_PREFIX_PATH=${CMAKE_PREFIX_PATH}:/opt/ros/humble /usr/bin/cmake --install /home/sunrise/ros2_ws/build/ydlidar
